Removed Pin From Net: NetName=EXT_GND Pin=C183-2
Removed Pin From Net: NetName=UIN Pin=C184-1
Removed Pin From Net: NetName=EXT_GND Pin=C184-2
Removed Pin From Net: NetName=GND Pin=C185-2
Removed Pin From Net: NetName=EXT_GND Pin=C186.4-1
Removed Pin From Net: NetName=EXT_GND Pin=C220-1
Removed Pin From Net: NetName=EXT_GND Pin=C221-1
Removed Pin From Net: NetName=EXT_GND Pin=C225-1
Removed Pin From Net: NetName=EXT_GND Pin=C228-2
Removed Pin From Net: NetName=NetC236_1 Pin=C244-1
Removed Pin From Net: NetName=NetC236_1 Pin=C245-1
Removed Pin From Net: NetName=NetC236_1 Pin=C246-1
Removed Pin From Net: NetName=EXT_GND Pin=F7-3
Removed Pin From Net: NetName=EXT_GND Pin=F8-3
Removed Pin From Net: NetName=EXT_GND Pin=F9-3
Removed Pin From Net: NetName=EXT_GND Pin=F10-3
Removed Pin From Net: NetName=EXT_GND Pin=F11-3
Removed Pin From Net: NetName=EXT_GND Pin=L6-2
Removed Pin From Net: NetName=NetC236_1 Pin=L7-2
Removed Pin From Net: NetName=EXT_GND Pin=R132-1
Removed Pin From Net: NetName=EXT_GND Pin=R133.4-2
Removed Pin From Net: NetName=EXT_GND Pin=R134.4-2
Removed Pin From Net: NetName=EXT_GND Pin=R138.3-1
Removed Pin From Net: NetName=EXT_GND Pin=R140.3-2
Removed Pin From Net: NetName=UIN Pin=U30-1
Removed Pin From Net: NetName=EXT_GND Pin=U30-2
Removed Pin From Net: NetName=EXT_GND Pin=U30-4
Removed Pin From Net: NetName=GND Pin=U31-8
Removed Pin From Net: NetName=EXT_GND Pin=U34-3
Removed Member From Class: ClassName=POWER Member=C183
Removed Member From Class: ClassName=POWER Member=C184
Removed Member From Class: ClassName=POWER Member=C185
Removed Member From Class: ClassName=POWER Member=J16
Removed Member From Class: ClassName=U_LTM4638 Member=L8
Removed Member From Class: ClassName=POWER Member=R128
Removed Member From Class: ClassName=POWER Member=R129
Removed Member From Class: ClassName=POWER Member=R130
Removed Member From Class: ClassName=POWER Member=R131
Removed Member From Class: ClassName=POWER Member=R132
Removed Member From Class: ClassName=POWER Member=U30
Removed Member From Class: ClassName=POWER Member=U31
Change Component Footprint: Designator=C246 Old Footprint=CAPC3225X270N New Footprint=CAPC3225X200M
Change Component Footprint: Designator=C239 Old Footprint=CAPC6050X50N New Footprint=CAPC3225X270N
Change Component Footprint: Designator=C240 Old Footprint=CAPC6050X50N New Footprint=CAPC3225X270N
Change Component Footprint: Designator=C241 Old Footprint=CAPC6050X50N New Footprint=CAPC3225X270N
Change Component Footprint: Designator=C243 Old Footprint=CAPMP7343X43N New Footprint=CAPC3225X270N
Change Component Footprint: Designator=C244 Old Footprint=CAPMP7343X43N New Footprint=CAPC3225X270N
Change Component Footprint: Designator=C245 Old Footprint=CAPMP7343X43N New Footprint=CAPC3225X270N
Change Component Footprint: Designator=R176 Old Footprint=RESC3216N New Footprint=RESC1608L
Change Component Footprint: Designator=R175 Old Footprint=RESC3216N New Footprint=RESC1608M
Change Component Footprint: Designator=R177 Old Footprint=RESC3216N New Footprint=RESC1608M
Change Component Footprint: Designator=L7 Old Footprint=WE-HCI-1050 New Footprint=WE-HCM-7050
Change Component Comment : Designator=R176 Old Comment=0R5 ±1% 1206 New Comment=7K68 ±0.1% 0603
Change Component Comment : Designator=R175 Old Comment=0R5 ±1% 1206 New Comment=90K9 ±0.1% 0603
Change Component Comment : Designator=R177 Old Comment=0R5 ±1% 1206 New Comment=R ±1% 0603
Change Component Comment : Designator=C246 Old Comment=4u7 50V 1210 New Comment=1u0 50V 1210
Change Component Comment : Designator=C239 Old Comment=100u 16V 2220 New Comment=47u 10V 1210
Change Component Comment : Designator=C240 Old Comment=100u 16V 2220 New Comment=47u 10V 1210
Change Component Comment : Designator=C241 Old Comment=100u 16V 2220 New Comment=47u 10V 1210
Change Component Comment : Designator=C243 Old Comment=150u 16V 7343-43 New Comment=47u 10V 1210
Change Component Comment : Designator=C244 Old Comment=330u 16V 7343-43 New Comment=47u 10V 1210
Change Component Comment : Designator=C245 Old Comment=330u 16V 7343-43 New Comment=47u 10V 1210
Change Component Comment : Designator=L7 Old Comment=744325072 New Comment=744302010
Change component parameters: Designator = "R30"; Footprint = "RESC3216N"; UniqueID = "\LSFQQERN\BOYEHSAW\IDHVNSGN"
Change component parameters. Clean all parameters for all variants
Change component parameters (AddParameter): Name = "Case-EIA"; Value = "1206"; VariantName = "[No Variations]"
Change component parameters (AddParameter): Name = "Case-Metric"; Value = "3216"; VariantName = "[No Variations]"
Change component parameters (AddParameter): Name = "Maximum working voltage"; Value = "200V"; VariantName = "[No Variations]"
Change component parameters (AddParameter): Name = "Power"; Value = "0.25W"; VariantName = "[No Variations]"
Change component parameters (AddParameter): Name = "Technology"; Value = "SMT"; VariantName = "[No Variations]"
Change component parameters (AddParameter): Name = "Temp. Coefficent"; Value = "±100 ppm/°C"; VariantName = "[No Variations]"
Change component parameters (AddParameter): Name = "Tolerance"; Value = "1"; VariantName = "[No Variations]"
Change component parameters (AddParameter): Name = "Value"; Value = "0.01"; VariantName = "[No Variations]"
Change component parameters: Designator = "R37"; Footprint = "RESC3216N"; UniqueID = "\LSFQQERN\BOYEHSAW\IGJUNQYC"
Change component parameters. Clean all parameters for all variants
Change component parameters (AddParameter): Name = "Case-EIA"; Value = "1206"; VariantName = "[No Variations]"
Change component parameters (AddParameter): Name = "Case-Metric"; Value = "3216"; VariantName = "[No Variations]"
Change component parameters (AddParameter): Name = "Maximum working voltage"; Value = "200V"; VariantName = "[No Variations]"
Change component parameters (AddParameter): Name = "Power"; Value = "0.25W"; VariantName = "[No Variations]"
Change component parameters (AddParameter): Name = "Technology"; Value = "SMT"; VariantName = "[No Variations]"
Change component parameters (AddParameter): Name = "Temp. Coefficent"; Value = "±100 ppm/°C"; VariantName = "[No Variations]"
Change component parameters (AddParameter): Name = "Tolerance"; Value = "1"; VariantName = "[No Variations]"
Change component parameters (AddParameter): Name = "Value"; Value = "0.01"; VariantName = "[No Variations]"
Change component parameters: Designator = "R49"; Footprint = "RESCAXS50P100X200X45-8N"; UniqueID = "\ZNLHZSSX\NOBEATVM"
Change component parameters. Clean all parameters for all variants
Change component parameters (AddParameter): Name = "Case-EIA"; Value = "0804"; VariantName = "[No Variations]"
Change component parameters (AddParameter): Name = "Case-Metric"; Value = "2010"; VariantName = "[No Variations]"
Change component parameters (AddParameter): Name = "Maximum working voltage"; Value = "50V"; VariantName = "[No Variations]"
Change component parameters (AddParameter): Name = "PartId"; Value = "1"; VariantName = "[No Variations]"
Change component parameters (AddParameter): Name = "PartNumber"; Value = "EXB-28V390J"; VariantName = "[No Variations]"
Change component parameters (AddParameter): Name = "Technology"; Value = "SMT"; VariantName = "[No Variations]"
Change component parameters (AddParameter): Name = "Temp. Coefficent"; Value = "±200 ppm/°C"; VariantName = "[No Variations]"
Change component parameters (AddParameter): Name = "Tolerance"; Value = "±5%"; VariantName = "[No Variations]"
Change component parameters (AddParameter): Name = "Value"; Value = "39.00"; VariantName = "[No Variations]"
Change component parameters: Designator = "R50"; Footprint = "RESCAXS50P100X200X45-8N"; UniqueID = "\ZNLHZSSX\LOFTRACD"
Change component parameters. Clean all parameters for all variants
Change component parameters (AddParameter): Name = "Case-EIA"; Value = "0804"; VariantName = "[No Variations]"
Change component parameters (AddParameter): Name = "Case-Metric"; Value = "2010"; VariantName = "[No Variations]"
Change component parameters (AddParameter): Name = "Maximum working voltage"; Value = "50V"; VariantName = "[No Variations]"
Change component parameters (AddParameter): Name = "PartId"; Value = "1"; VariantName = "[No Variations]"
Change component parameters (AddParameter): Name = "PartNumber"; Value = "EXB-28V390J"; VariantName = "[No Variations]"
Change component parameters (AddParameter): Name = "Technology"; Value = "SMT"; VariantName = "[No Variations]"
Change component parameters (AddParameter): Name = "Temp. Coefficent"; Value = "±200 ppm/°C"; VariantName = "[No Variations]"
Change component parameters (AddParameter): Name = "Tolerance"; Value = "±5%"; VariantName = "[No Variations]"
Change component parameters (AddParameter): Name = "Value"; Value = "39.00"; VariantName = "[No Variations]"
Change component parameters: Designator = "R52"; Footprint = "RESCAXS50P100X200X45-8N"; UniqueID = "\ZNLHZSSX\NXXMIASN"
Change component parameters. Clean all parameters for all variants
Change component parameters (AddParameter): Name = "Case-EIA"; Value = "0804"; VariantName = "[No Variations]"
Change component parameters (AddParameter): Name = "Case-Metric"; Value = "2010"; VariantName = "[No Variations]"
Change component parameters (AddParameter): Name = "Maximum working voltage"; Value = "50V"; VariantName = "[No Variations]"
Change component parameters (AddParameter): Name = "PartId"; Value = "1"; VariantName = "[No Variations]"
Change component parameters (AddParameter): Name = "PartNumber"; Value = "EXB-28V390J"; VariantName = "[No Variations]"
Change component parameters (AddParameter): Name = "Technology"; Value = "SMT"; VariantName = "[No Variations]"
Change component parameters (AddParameter): Name = "Temp. Coefficent"; Value = "±200 ppm/°C"; VariantName = "[No Variations]"
Change component parameters (AddParameter): Name = "Tolerance"; Value = "±5%"; VariantName = "[No Variations]"
Change component parameters (AddParameter): Name = "Value"; Value = "39.00"; VariantName = "[No Variations]"
Change component parameters: Designator = "C246"; Footprint = "CAPC3225X200M"; UniqueID = "\LSFQQERN\NKDTMISY\HSQASPYM"
Change component parameters. Clean all parameters for all variants
Change component parameters (AddParameter): Name = "Capacitance"; Value = "1µF"; VariantName = "[No Variations]"
Change component parameters (AddParameter): Name = "Package"; Value = "3225/1210"; VariantName = "[No Variations]"
Change component parameters (AddParameter): Name = "PartNumber"; Value = "GRM32RR71H105KA01"; VariantName = "[No Variations]"
Change component parameters (AddParameter): Name = "Rated Voltgae"; Value = "50V"; VariantName = "[No Variations]"
Change component parameters (AddParameter): Name = "Temperature Charateristics"; Value = "X7R"; VariantName = "[No Variations]"
Change component parameters (AddParameter): Name = "Thickness"; Value = "2mm"; VariantName = "[No Variations]"
Change component parameters (AddParameter): Name = "Tolerance"; Value = "10%"; VariantName = "[No Variations]"
Change component parameters (AddParameter): Name = "Weight"; Value = ""; VariantName = "[No Variations]"
Change component parameters: Designator = "F1"; Footprint = "INDC2012X11L"; UniqueID = "\OCXTZITR\REAQTCAG\OBAUNHIQ"
Change component parameters. Clean all parameters for all variants
Change component parameters (AddParameter): Name = "IDC"; Value = "3.0 A"; VariantName = "[No Variations]"
Change component parameters (AddParameter): Name = "PartNumber"; Value = "74279206"; VariantName = "[No Variations]"
Change component parameters (AddParameter): Name = "RDC"; Value = "25.0 mO"; VariantName = "[No Variations]"
Change component parameters (AddParameter): Name = "Type"; Value = "High Current "; VariantName = "[No Variations]"
Change component parameters (AddParameter): Name = "Z@Freq"; Value = "30.0 O  @  100.0MHz"; VariantName = "[No Variations]"
Change component parameters (AddParameter): Name = "Zmax@Freq"; Value = "55.0 O  @      1.0 GHz"; VariantName = "[No Variations]"
Change component parameters: Designator = "F2"; Footprint = "INDC2012X11L"; UniqueID = "\OCXTZITR\REAQTCAG\JKCZWMMK"
Change component parameters. Clean all parameters for all variants
Change component parameters (AddParameter): Name = "IDC"; Value = "3.0 A"; VariantName = "[No Variations]"
Change component parameters (AddParameter): Name = "PartNumber"; Value = "74279206"; VariantName = "[No Variations]"
Change component parameters (AddParameter): Name = "RDC"; Value = "25.0 mO"; VariantName = "[No Variations]"
Change component parameters (AddParameter): Name = "Type"; Value = "High Current "; VariantName = "[No Variations]"
Change component parameters (AddParameter): Name = "Z@Freq"; Value = "30.0 O  @  100.0MHz"; VariantName = "[No Variations]"
Change component parameters (AddParameter): Name = "Zmax@Freq"; Value = "55.0 O  @      1.0 GHz"; VariantName = "[No Variations]"
Change component parameters: Designator = "F3"; Footprint = "INDC2012X11N"; UniqueID = "\JPZTXZYP"
Change component parameters. Clean all parameters for all variants
Change component parameters (AddParameter): Name = "IDC"; Value = "3.0 A"; VariantName = "[No Variations]"
Change component parameters (AddParameter): Name = "PartNumber"; Value = "74279206"; VariantName = "[No Variations]"
Change component parameters (AddParameter): Name = "RDC"; Value = "25.0 mO"; VariantName = "[No Variations]"
Change component parameters (AddParameter): Name = "Type"; Value = "High Current "; VariantName = "[No Variations]"
Change component parameters (AddParameter): Name = "Z@Freq"; Value = "30.0 O  @  100.0MHz"; VariantName = "[No Variations]"
Change component parameters (AddParameter): Name = "Zmax@Freq"; Value = "55.0 O  @      1.0 GHz"; VariantName = "[No Variations]"
Change component parameters: Designator = "F4"; Footprint = "INDC2012X11N"; UniqueID = "\MPRUFHDM"
Change component parameters. Clean all parameters for all variants
Change component parameters (AddParameter): Name = "IDC"; Value = "3.0 A"; VariantName = "[No Variations]"
Change component parameters (AddParameter): Name = "PartNumber"; Value = "74279206"; VariantName = "[No Variations]"
Change component parameters (AddParameter): Name = "RDC"; Value = "25.0 mO"; VariantName = "[No Variations]"
Change component parameters (AddParameter): Name = "Type"; Value = "High Current "; VariantName = "[No Variations]"
Change component parameters (AddParameter): Name = "Z@Freq"; Value = "30.0 O  @  100.0MHz"; VariantName = "[No Variations]"
Change component parameters (AddParameter): Name = "Zmax@Freq"; Value = "55.0 O  @      1.0 GHz"; VariantName = "[No Variations]"
Change component parameters: Designator = "F5"; Footprint = "INDC2012X11N"; UniqueID = "\HFNXYQCY\SXUOFUCP"
Change component parameters. Clean all parameters for all variants
Change component parameters (AddParameter): Name = "IDC"; Value = "3.0 A"; VariantName = "[No Variations]"
Change component parameters (AddParameter): Name = "PartNumber"; Value = "74279206"; VariantName = "[No Variations]"
Change component parameters (AddParameter): Name = "RDC"; Value = "25.0 mO"; VariantName = "[No Variations]"
Change component parameters (AddParameter): Name = "Type"; Value = "High Current "; VariantName = "[No Variations]"
Change component parameters (AddParameter): Name = "Z@Freq"; Value = "30.0 O  @  100.0MHz"; VariantName = "[No Variations]"
Change component parameters (AddParameter): Name = "Zmax@Freq"; Value = "55.0 O  @      1.0 GHz"; VariantName = "[No Variations]"
Change component parameters: Designator = "F6"; Footprint = "INDC2012X11N"; UniqueID = "\HFNXYQCY\QZTBHPJO"
Change component parameters. Clean all parameters for all variants
Change component parameters (AddParameter): Name = "IDC"; Value = "3.0 A"; VariantName = "[No Variations]"
Change component parameters (AddParameter): Name = "PartNumber"; Value = "74279206"; VariantName = "[No Variations]"
Change component parameters (AddParameter): Name = "RDC"; Value = "25.0 mO"; VariantName = "[No Variations]"
Change component parameters (AddParameter): Name = "Type"; Value = "High Current "; VariantName = "[No Variations]"
Change component parameters (AddParameter): Name = "Z@Freq"; Value = "30.0 O  @  100.0MHz"; VariantName = "[No Variations]"
Change component parameters (AddParameter): Name = "Zmax@Freq"; Value = "55.0 O  @      1.0 GHz"; VariantName = "[No Variations]"
Change component parameters: Designator = "F12"; Footprint = "INDC2012X11L"; UniqueID = "\ZNLHZSSX\TEZEOVEO"
Change component parameters. Clean all parameters for all variants
Change component parameters (AddParameter): Name = "IDC"; Value = "3.0 A"; VariantName = "[No Variations]"
Change component parameters (AddParameter): Name = "PartNumber"; Value = "74279206"; VariantName = "[No Variations]"
Change component parameters (AddParameter): Name = "RDC"; Value = "25.0 mO"; VariantName = "[No Variations]"
Change component parameters (AddParameter): Name = "Type"; Value = "High Current "; VariantName = "[No Variations]"
Change component parameters (AddParameter): Name = "Z@Freq"; Value = "30.0 O  @  100.0MHz"; VariantName = "[No Variations]"
Change component parameters (AddParameter): Name = "Zmax@Freq"; Value = "55.0 O  @      1.0 GHz"; VariantName = "[No Variations]"
Change component parameters: Designator = "F13"; Footprint = "INDC2012X11L"; UniqueID = "\ZNLHZSSX\CYPHMXII"
Change component parameters. Clean all parameters for all variants
Change component parameters (AddParameter): Name = "IDC"; Value = "3.0 A"; VariantName = "[No Variations]"
Change component parameters (AddParameter): Name = "PartNumber"; Value = "74279206"; VariantName = "[No Variations]"
Change component parameters (AddParameter): Name = "RDC"; Value = "25.0 mO"; VariantName = "[No Variations]"
Change component parameters (AddParameter): Name = "Type"; Value = "High Current "; VariantName = "[No Variations]"
Change component parameters (AddParameter): Name = "Z@Freq"; Value = "30.0 O  @  100.0MHz"; VariantName = "[No Variations]"
Change component parameters (AddParameter): Name = "Zmax@Freq"; Value = "55.0 O  @      1.0 GHz"; VariantName = "[No Variations]"
Change component parameters: Designator = "L7"; Footprint = "WE-HCM-7050"; UniqueID = "\LSFQQERN\NKDTMISY\VGTSWGLE"
Change component parameters. Clean all parameters for all variants
Change component parameters (AddParameter): Name = "ComponentLink1Description"; Value = "Manufacturer Link"; VariantName = "[No Variations]"
Change component parameters (AddParameter): Name = "ComponentLink1URL"; Value = "http://www.we-online.com"; VariantName = "[No Variations]"
Change component parameters (AddParameter): Name = "ComponentLink2Description"; Value = "Datasheet"; VariantName = "[No Variations]"
Change component parameters (AddParameter): Name = "ComponentLink2URL"; Value = "http://www.we-online.de/katalog/media/pdf/744302010.pdf"; VariantName = "[No Variations]"
Change component parameters (AddParameter): Name = "DatasheetVersion"; Value = "ver 1, Jan-2008"; VariantName = "[No Variations]"
Change component parameters (AddParameter): Name = "Inductance"; Value = "105 nH"; VariantName = "[No Variations]"
Change component parameters (AddParameter): Name = "PackageDescription"; Value = "SMD Inductor, 2-Leads, Body 7.15 x 7.0 mm"; VariantName = "[No Variations]"
Change component parameters (AddParameter): Name = "PackageReference"; Value = "WE-HCM-7050"; VariantName = "[No Variations]"
Change component parameters (AddParameter): Name = "PackageVersion"; Value = "2009"; VariantName = "[No Variations]"
Change component parameters: Designator = "R175"; Footprint = "RESC1608M"; UniqueID = "\LSFQQERN\NKDTMISY\NLEEYMNX"
Change component parameters. Clean all parameters for all variants
Change component parameters (AddParameter): Name = "Case-EIA"; Value = "0603"; VariantName = "[No Variations]"
Change component parameters (AddParameter): Name = "Case-Metric"; Value = "1608"; VariantName = "[No Variations]"
Change component parameters (AddParameter): Name = "Maximum working voltage"; Value = "50V"; VariantName = "[No Variations]"
Change component parameters (AddParameter): Name = "Power"; Value = "0.1W"; VariantName = "[No Variations]"
Change component parameters (AddParameter): Name = "Technology"; Value = "SMT"; VariantName = "[No Variations]"
Change component parameters (AddParameter): Name = "Temp. Coefficent"; Value = "15"; VariantName = "[No Variations]"
Change component parameters (AddParameter): Name = "Tolerance"; Value = "±0.1"; VariantName = "[No Variations]"
Change component parameters (AddParameter): Name = "Value"; Value = "90900.00"; VariantName = "[No Variations]"
Change component parameters: Designator = "R176"; Footprint = "RESC1608L"; UniqueID = "\LSFQQERN\NKDTMISY\OVVUTTIL"
Change component parameters. Clean all parameters for all variants
Change component parameters (AddParameter): Name = "Case-EIA"; Value = "0603"; VariantName = "[No Variations]"
Change component parameters (AddParameter): Name = "Case-Metric"; Value = "1608"; VariantName = "[No Variations]"
Change component parameters (AddParameter): Name = "Maximum working voltage"; Value = "50V"; VariantName = "[No Variations]"
Change component parameters (AddParameter): Name = "Power"; Value = "0.1W"; VariantName = "[No Variations]"
Change component parameters (AddParameter): Name = "Technology"; Value = "SMT"; VariantName = "[No Variations]"
Change component parameters (AddParameter): Name = "Temp. Coefficent"; Value = "15"; VariantName = "[No Variations]"
Change component parameters (AddParameter): Name = "Tolerance"; Value = "±0.1"; VariantName = "[No Variations]"
Change component parameters (AddParameter): Name = "Value"; Value = "7680.00"; VariantName = "[No Variations]"
Change component parameters: Designator = "R177"; Footprint = "RESC1608M"; UniqueID = "\LSFQQERN\NKDTMISY\QNQMKGFM"
Change component parameters. Clean all parameters for all variants
Change component parameters (AddParameter): Name = "Case-EIA"; Value = "0603"; VariantName = "[No Variations]"
Change component parameters (AddParameter): Name = "Case-Metric"; Value = "1608"; VariantName = "[No Variations]"
Change component parameters (AddParameter): Name = "Maximum working voltage"; Value = "75V"; VariantName = "[No Variations]"
Change component parameters (AddParameter): Name = "PartNumber"; Value = ""; VariantName = "[No Variations]"
Change component parameters (AddParameter): Name = "Power"; Value = "100mW"; VariantName = "[No Variations]"
Change component parameters (AddParameter): Name = "Technology"; Value = "SMT"; VariantName = "[No Variations]"
Change component parameters (AddParameter): Name = "Temp. Coefficent"; Value = "0.01%"; VariantName = "[No Variations]"
Change component parameters (AddParameter): Name = "Tolerance"; Value = "1%"; VariantName = "[No Variations]"
Change component parameters (AddParameter): Name = "Value"; Value = "10G"; VariantName = "[No Variations]"
Change component parameters: Designator = "C243"; Footprint = "CAPC3225X270N"; UniqueID = "\LSFQQERN\NKDTMISY\VPIRPZOW"
Change component parameters. Clean all parameters for all variants
Change component parameters (AddParameter): Name = "Capacitance"; Value = "47µF"; VariantName = "[No Variations]"
Change component parameters (AddParameter): Name = "Package"; Value = "3225/1210"; VariantName = "[No Variations]"
Change component parameters (AddParameter): Name = "PartNumber"; Value = "GRM32ER71A476KE15"; VariantName = "[No Variations]"
Change component parameters (AddParameter): Name = "Rated Voltgae"; Value = "10V"; VariantName = "[No Variations]"
Change component parameters (AddParameter): Name = "Temperature Charateristics"; Value = "X7R"; VariantName = "[No Variations]"
Change component parameters (AddParameter): Name = "Thickness"; Value = "2.7mm"; VariantName = "[No Variations]"
Change component parameters (AddParameter): Name = "Tolerance"; Value = "10%"; VariantName = "[No Variations]"
Change component parameters (AddParameter): Name = "Weight"; Value = ""; VariantName = "[No Variations]"
Change component parameters: Designator = "C244"; Footprint = "CAPC3225X270N"; UniqueID = "\LSFQQERN\NKDTMISY\ZEUXDKHJ"
Change component parameters. Clean all parameters for all variants
Change component parameters (AddParameter): Name = "Capacitance"; Value = "47µF"; VariantName = "[No Variations]"
Change component parameters (AddParameter): Name = "Package"; Value = "3225/1210"; VariantName = "[No Variations]"
Change component parameters (AddParameter): Name = "PartNumber"; Value = "GRM32ER71A476KE15"; VariantName = "[No Variations]"
Change component parameters (AddParameter): Name = "Rated Voltgae"; Value = "10V"; VariantName = "[No Variations]"
Change component parameters (AddParameter): Name = "Temperature Charateristics"; Value = "X7R"; VariantName = "[No Variations]"
Change component parameters (AddParameter): Name = "Thickness"; Value = "2.7mm"; VariantName = "[No Variations]"
Change component parameters (AddParameter): Name = "Tolerance"; Value = "10%"; VariantName = "[No Variations]"
Change component parameters (AddParameter): Name = "Weight"; Value = ""; VariantName = "[No Variations]"
Change component parameters: Designator = "C245"; Footprint = "CAPC3225X270N"; UniqueID = "\LSFQQERN\NKDTMISY\LVGDZWOT"
Change component parameters. Clean all parameters for all variants
Change component parameters (AddParameter): Name = "Capacitance"; Value = "47µF"; VariantName = "[No Variations]"
Change component parameters (AddParameter): Name = "Package"; Value = "3225/1210"; VariantName = "[No Variations]"
Change component parameters (AddParameter): Name = "PartNumber"; Value = "GRM32ER71A476KE15"; VariantName = "[No Variations]"
Change component parameters (AddParameter): Name = "Rated Voltgae"; Value = "10V"; VariantName = "[No Variations]"
Change component parameters (AddParameter): Name = "Temperature Charateristics"; Value = "X7R"; VariantName = "[No Variations]"
Change component parameters (AddParameter): Name = "Thickness"; Value = "2.7mm"; VariantName = "[No Variations]"
Change component parameters (AddParameter): Name = "Tolerance"; Value = "10%"; VariantName = "[No Variations]"
Change component parameters (AddParameter): Name = "Weight"; Value = ""; VariantName = "[No Variations]"
Change component parameters: Designator = "C239"; Footprint = "CAPC3225X270N"; UniqueID = "\LSFQQERN\NKDTMISY\DEYNUFJF"
Change component parameters. Clean all parameters for all variants
Change component parameters (AddParameter): Name = "Capacitance"; Value = "47µF"; VariantName = "[No Variations]"
Change component parameters (AddParameter): Name = "Package"; Value = "3225/1210"; VariantName = "[No Variations]"
Change component parameters (AddParameter): Name = "PartNumber"; Value = "GRM32ER71A476KE15"; VariantName = "[No Variations]"
Change component parameters (AddParameter): Name = "Rated Voltgae"; Value = "10V"; VariantName = "[No Variations]"
Change component parameters (AddParameter): Name = "Temperature Charateristics"; Value = "X7R"; VariantName = "[No Variations]"
Change component parameters (AddParameter): Name = "Thickness"; Value = "2.7mm"; VariantName = "[No Variations]"
Change component parameters (AddParameter): Name = "Tolerance"; Value = "10%"; VariantName = "[No Variations]"
Change component parameters (AddParameter): Name = "Weight"; Value = ""; VariantName = "[No Variations]"
Change component parameters: Designator = "C240"; Footprint = "CAPC3225X270N"; UniqueID = "\LSFQQERN\NKDTMISY\TJZTJKNU"
Change component parameters. Clean all parameters for all variants
Change component parameters (AddParameter): Name = "Capacitance"; Value = "47µF"; VariantName = "[No Variations]"
Change component parameters (AddParameter): Name = "Package"; Value = "3225/1210"; VariantName = "[No Variations]"
Change component parameters (AddParameter): Name = "PartNumber"; Value = "GRM32ER71A476KE15"; VariantName = "[No Variations]"
Change component parameters (AddParameter): Name = "Rated Voltgae"; Value = "10V"; VariantName = "[No Variations]"
Change component parameters (AddParameter): Name = "Temperature Charateristics"; Value = "X7R"; VariantName = "[No Variations]"
Change component parameters (AddParameter): Name = "Thickness"; Value = "2.7mm"; VariantName = "[No Variations]"
Change component parameters (AddParameter): Name = "Tolerance"; Value = "10%"; VariantName = "[No Variations]"
Change component parameters (AddParameter): Name = "Weight"; Value = ""; VariantName = "[No Variations]"
Change component parameters: Designator = "C241"; Footprint = "CAPC3225X270N"; UniqueID = "\LSFQQERN\NKDTMISY\IQCQCHHY"
Change component parameters. Clean all parameters for all variants
Change component parameters (AddParameter): Name = "Capacitance"; Value = "47µF"; VariantName = "[No Variations]"
Change component parameters (AddParameter): Name = "Package"; Value = "3225/1210"; VariantName = "[No Variations]"
Change component parameters (AddParameter): Name = "PartNumber"; Value = "GRM32ER71A476KE15"; VariantName = "[No Variations]"
Change component parameters (AddParameter): Name = "Rated Voltgae"; Value = "10V"; VariantName = "[No Variations]"
Change component parameters (AddParameter): Name = "Temperature Charateristics"; Value = "X7R"; VariantName = "[No Variations]"
Change component parameters (AddParameter): Name = "Thickness"; Value = "2.7mm"; VariantName = "[No Variations]"
Change component parameters (AddParameter): Name = "Tolerance"; Value = "10%"; VariantName = "[No Variations]"
Change component parameters (AddParameter): Name = "Weight"; Value = ""; VariantName = "[No Variations]"
Added Component: Designator=C247(CAPC1608X90M)
Add component. Clean all parameters for all variants
Add component (AddParameter): Name = "Capacitance (F)"; Value = "100.0n"; VariantName = "[No Variations]"
Add component (AddParameter): Name = "Package"; Value = "1608/0603"; VariantName = "[No Variations]"
Add component (AddParameter): Name = "PartNumber"; Value = "GRM188R71H104MA93"; VariantName = "[No Variations]"
Add component (AddParameter): Name = "Rated voltage (V)"; Value = "50"; VariantName = "[No Variations]"
Add component (AddParameter): Name = "Temperature Charateristics"; Value = "X7R"; VariantName = "[No Variations]"
Add component (AddParameter): Name = "Thickness (mm)"; Value = "0.90"; VariantName = "[No Variations]"
Add component (AddParameter): Name = "Tolerance"; Value = "±20%"; VariantName = "[No Variations]"
Added Component: Designator=C?(CAPMP7343X43N)
Add component. Clean all parameters for all variants
Add component (AddParameter): Name = "Capacitance"; Value = "150µF"; VariantName = "[No Variations]"
Add component (AddParameter): Name = "DCL"; Value = "23A"; VariantName = "[No Variations]"
Add component (AddParameter): Name = "DF"; Value = "8%"; VariantName = "[No Variations]"
Add component (AddParameter): Name = "ESR"; Value = "0.3"; VariantName = "[No Variations]"
Add component (AddParameter): Name = "Height"; Value = ""; VariantName = "[No Variations]"
Add component (AddParameter): Name = "Package"; Value = "7343-43"; VariantName = "[No Variations]"
Add component (AddParameter): Name = "Rated Voltage"; Value = "16V"; VariantName = "[No Variations]"
Add component (AddParameter): Name = "Tolerance"; Value = "20%"; VariantName = "[No Variations]"
Add component (AddParameter): Name = "Weight"; Value = ""; VariantName = "[No Variations]"
Added Component: Designator=C?(CAPMP7343X43N)
Add component. Clean all parameters for all variants
Add component (AddParameter): Name = "Capacitance"; Value = "330µF"; VariantName = "[No Variations]"
Add component (AddParameter): Name = "DCL"; Value = "52.8A"; VariantName = "[No Variations]"
Add component (AddParameter): Name = "DF"; Value = "30%"; VariantName = "[No Variations]"
Add component (AddParameter): Name = "ESR"; Value = "0.4"; VariantName = "[No Variations]"
Add component (AddParameter): Name = "Height"; Value = ""; VariantName = "[No Variations]"
Add component (AddParameter): Name = "Package"; Value = "7343-43"; VariantName = "[No Variations]"
Add component (AddParameter): Name = "Rated Voltage"; Value = "16V"; VariantName = "[No Variations]"
Add component (AddParameter): Name = "Tolerance"; Value = "20%"; VariantName = "[No Variations]"
Add component (AddParameter): Name = "Weight"; Value = ""; VariantName = "[No Variations]"
Added Component: Designator=C?(CAPC3225X270N)
Add component. Clean all parameters for all variants
Add component (AddParameter): Name = "Capacitance"; Value = "4.7µF"; VariantName = "[No Variations]"
Add component (AddParameter): Name = "Package"; Value = "3225/1210"; VariantName = "[No Variations]"
Add component (AddParameter): Name = "PartNumber"; Value = "GRM32ER71H475KA88"; VariantName = "[No Variations]"
Add component (AddParameter): Name = "Rated Voltgae"; Value = "50V"; VariantName = "[No Variations]"
Add component (AddParameter): Name = "Temperature Charateristics"; Value = "X7R"; VariantName = "[No Variations]"
Add component (AddParameter): Name = "Thickness"; Value = "2.7mm"; VariantName = "[No Variations]"
Add component (AddParameter): Name = "Tolerance"; Value = "10%"; VariantName = "[No Variations]"
Add component (AddParameter): Name = "Weight"; Value = ""; VariantName = "[No Variations]"
Added Component: Designator=J12(SMT_IO_PAD_2x1MM)
Add component. Clean all parameters for all variants
Added Component: Designator=J13(SMT_IO_PAD_2x1MM)
Add component. Clean all parameters for all variants
Added Component: Designator=J14(SMT_IO_PAD_2x1MM)
Add component. Clean all parameters for all variants
Added Component: Designator=L?(WE-HCI-1050)
Add component. Clean all parameters for all variants
Add component (AddParameter): Name = "ComponentLink1Description"; Value = "Manufacturer Link"; VariantName = "[No Variations]"
Add component (AddParameter): Name = "ComponentLink1URL"; Value = "http://www.we-online.com"; VariantName = "[No Variations]"
Add component (AddParameter): Name = "ComponentLink2Description"; Value = "Datasheet"; VariantName = "[No Variations]"
Add component (AddParameter): Name = "ComponentLink2URL"; Value = "http://www.we-online.de/katalog/media/pdf/744325072.pdf"; VariantName = "[No Variations]"
Add component (AddParameter): Name = "DatasheetVersion"; Value = "ver 2, Jan-2008"; VariantName = "[No Variations]"
Add component (AddParameter): Name = "Inductance"; Value = "0.72 ÂµH"; VariantName = "[No Variations]"
Add component (AddParameter): Name = "PackageDescription"; Value = "SMD Inductor, 2-Leads, Body 10.5 x 10.2 mm"; VariantName = "[No Variations]"
Add component (AddParameter): Name = "PackageReference"; Value = "WE-HCI-1050"; VariantName = "[No Variations]"
Add component (AddParameter): Name = "PackageVersion"; Value = "2008"; VariantName = "[No Variations]"
Added Component: Designator=R178(RESC1608M)
Add component. Clean all parameters for all variants
Add component (AddParameter): Name = "Case-EIA"; Value = "0603"; VariantName = "[No Variations]"
Add component (AddParameter): Name = "Case-Metric"; Value = "1608"; VariantName = "[No Variations]"
Add component (AddParameter): Name = "Maximum working voltage"; Value = "75V"; VariantName = "[No Variations]"
Add component (AddParameter): Name = "PartNumber"; Value = ""; VariantName = "[No Variations]"
Add component (AddParameter): Name = "Power"; Value = "100mW"; VariantName = "[No Variations]"
Add component (AddParameter): Name = "Technology"; Value = "SMT"; VariantName = "[No Variations]"
Add component (AddParameter): Name = "Temp. Coefficent"; Value = "0.01%"; VariantName = "[No Variations]"
Add component (AddParameter): Name = "Tolerance"; Value = "1%"; VariantName = "[No Variations]"
Add component (AddParameter): Name = "Value"; Value = "10G"; VariantName = "[No Variations]"
Added Component: Designator=R?(RESC3216N)
Add component. Clean all parameters for all variants
Add component (AddParameter): Name = "Case-EIA"; Value = "1206"; VariantName = "[No Variations]"
Add component (AddParameter): Name = "Case-Metric"; Value = "3216"; VariantName = "[No Variations]"
Add component (AddParameter): Name = "Maximum working voltage"; Value = "200V"; VariantName = "[No Variations]"
Add component (AddParameter): Name = "Power"; Value = "0.25W"; VariantName = "[No Variations]"
Add component (AddParameter): Name = "Technology"; Value = "SMT"; VariantName = "[No Variations]"
Add component (AddParameter): Name = "Temp. Coefficent"; Value = "±100 ppm/°C"; VariantName = "[No Variations]"
Add component (AddParameter): Name = "Tolerance"; Value = "1"; VariantName = "[No Variations]"
Add component (AddParameter): Name = "Value"; Value = "0.5"; VariantName = "[No Variations]"
Added Component: Designator=R?(RESC3216N)
Add component. Clean all parameters for all variants
Add component (AddParameter): Name = "Case-EIA"; Value = "1206"; VariantName = "[No Variations]"
Add component (AddParameter): Name = "Case-Metric"; Value = "3216"; VariantName = "[No Variations]"
Add component (AddParameter): Name = "Maximum working voltage"; Value = "200V"; VariantName = "[No Variations]"
Add component (AddParameter): Name = "Power"; Value = "0.25W"; VariantName = "[No Variations]"
Add component (AddParameter): Name = "Technology"; Value = "SMT"; VariantName = "[No Variations]"
Add component (AddParameter): Name = "Temp. Coefficent"; Value = "±100 ppm/°C"; VariantName = "[No Variations]"
Add component (AddParameter): Name = "Tolerance"; Value = "1"; VariantName = "[No Variations]"
Add component (AddParameter): Name = "Value"; Value = "0.5"; VariantName = "[No Variations]"
Added Pin To Net: NetName=EXT_GND Pin=C186.4-1
Added Pin To Net: NetName=EXT_GND Pin=C220-1
Added Pin To Net: NetName=EXT_GND Pin=C221-1
Added Pin To Net: NetName=EXT_GND Pin=C225-1
Added Pin To Net: NetName=EXT_GND Pin=C228-2
Added Pin To Net: NetName=GND Pin=C?-2
Added Pin To Net: NetName=EXT_GND Pin=F7-3
Added Pin To Net: NetName=EXT_GND Pin=F8-3
Added Pin To Net: NetName=EXT_GND Pin=F9-3
Added Pin To Net: NetName=EXT_GND Pin=F10-3
Added Pin To Net: NetName=EXT_GND Pin=F11-3
Added Pin To Net: NetName=EXT_GND Pin=L6-2
Added Pin To Net: NetName=EXT_GND Pin=R133.4-2
Added Pin To Net: NetName=EXT_GND Pin=R134.4-2
Added Pin To Net: NetName=EXT_GND Pin=R138.3-1
Added Pin To Net: NetName=EXT_GND Pin=R140.3-2
Added Pin To Net: NetName=GND Pin=R?-2
Added Pin To Net: NetName=GND Pin=R?-2
Added Pin To Net: NetName=EXT_GND Pin=U34-3
Added Pin To Net: NetName=NetC236_1 Pin=U35-B4
Added Pin To Net: NetName=NetC239_1 Pin=C239-1
Added Pin To Net: NetName=NetC239_1 Pin=C240-1
Added Pin To Net: NetName=NetC239_1 Pin=C241-1
Added Pin To Net: NetName=NetC239_1 Pin=C242-1
Added Pin To Net: NetName=NetC239_1 Pin=C243-1
Added Pin To Net: NetName=NetC239_1 Pin=C244-1
Added Pin To Net: NetName=NetC239_1 Pin=C245-1
Added Pin To Net: NetName=NetC239_1 Pin=L7-1
Added Pin To Net: NetName=NetC239_1 Pin=U35-A1
Added Pin To Net: NetName=NetC239_1 Pin=U35-A2
Added Pin To Net: NetName=NetC239_1 Pin=U35-A3
Added Pin To Net: NetName=NetC239_1 Pin=U35-A4
Added Pin To Net: NetName=NetC239_1 Pin=U35-A5
Added Pin To Net: NetName=NetC239_1 Pin=U35-F3
Added Pin To Net: NetName=NetC239_1 Pin=U35-G1
Added Pin To Net: NetName=NetC239_1 Pin=U35-G2
Added Pin To Net: NetName=NetC239_1 Pin=U35-G3
Added Net: Name=NetC239_1
Added Pin To Net: NetName=NetC247_1 Pin=C247-1
Added Pin To Net: NetName=NetC247_1 Pin=R177-2
Added Pin To Net: NetName=NetC247_1 Pin=U35-E2
Added Net: Name=NetC247_1
Added Pin To Net: NetName=NetC?_1 Pin=C?-1
Added Pin To Net: NetName=NetC?_1 Pin=C?-1
Added Pin To Net: NetName=NetC?_1 Pin=L?-1
Added Net: Name=NetC?_1
Added Pin To Net: NetName=NetC?_2 Pin=C?-2
Added Pin To Net: NetName=NetC?_2 Pin=R?-1
Added Net: Name=NetC?_2
Added Pin To Net: NetName=NetJ12_1 Pin=J12-1
Added Pin To Net: NetName=NetJ12_1 Pin=U35-B3
Added Net: Name=NetJ12_1
Added Pin To Net: NetName=NetJ13_1 Pin=J13-1
Added Pin To Net: NetName=NetJ13_1 Pin=U35-G5
Added Net: Name=NetJ13_1
Added Pin To Net: NetName=NetJ14_1 Pin=J14-1
Added Pin To Net: NetName=NetJ14_1 Pin=U35-B7
Added Net: Name=NetJ14_1
Added Pin To Net: NetName=NetR177_1 Pin=R177-1
Added Pin To Net: NetName=NetR177_1 Pin=R178-2
Added Net: Name=NetR177_1
Added Pin To Net: NetName=NetU33_27 Pin=U33-27
Added Net: Name=NetU33_27
Added Pin To Net: NetName=NetU34_27 Pin=U34-27
Added Net: Name=NetU34_27
Added Pin To Net: NetName=NetU35_B5 Pin=U35-B5
Added Net: Name=NetU35_B5
Added Pin To Net: NetName=NetU35_D2 Pin=U35-D2
Added Net: Name=NetU35_D2
Added Member To Class: ClassName=U_LTM4638 Member=Component C247 100n 50V 0603
Added Member To Class: ClassName=POWER Member=Component C? 150u 16V 7343-43
Added Member To Class: ClassName=POWER Member=Component C? 330u 16V 7343-43
Added Member To Class: ClassName=POWER Member=Component C? 4u7 50V 1210
Added Member To Class: ClassName=U_LTM4638 Member=Component J12 IOPAD
Added Member To Class: ClassName=U_LTM4638 Member=Component J13 IOPAD
Added Member To Class: ClassName=U_LTM4638 Member=Component J14 IOPAD
Added Member To Class: ClassName=POWER Member=Component L? 744325072
Added Member To Class: ClassName=U_LTM4638 Member=Component R178 R ±1% 0603
Added Member To Class: ClassName=POWER Member=Component R? 0R5 ±1% 1206
Added Member To Class: ClassName=POWER Member=Component R? 0R5 ±1% 1206
