Change Component DesignItemId : Designator=U9 Old DesignItemId=CMP-0055-01333-3 New DesignItemId=CMP-2100-000592-1
Change Component DesignItemId : Designator=L8 Old DesignItemId=CMP-0226-00140-1 New DesignItemId=CMP-1200-000454-1
Change Component Footprint: Designator=U9 Old Footprint=DBV0005A_L New Footprint=SOT95P280X100-5N
Change Component Footprint: Designator=L8 Old Footprint=WE-HCI-1050 New Footprint=WE-HCI-1050
Change Component Description : Designator=R30 Old Description=0R01 ±1% ±100 ppm/°C 0.25W 200V 1206 (3216 metric) New Description=0R01 ±1% ±100 ppm/°C 0.25W 200V 1206 (3216 metric)
Change Component Description : Designator=R37 Old Description=0R01 ±1% ±100 ppm/°C 0.25W 200V 1206 (3216 metric) New Description=0R01 ±1% ±100 ppm/°C 0.25W 200V 1206 (3216 metric)
Change Component Description : Designator=R128 Old Description=0R5 ±1% ±100 ppm/°C 0.25W 200V 1206 (3216 metric) New Description=0R5 ±1% ±100 ppm/°C 0.25W 200V 1206 (3216 metric)
Change Component Description : Designator=R129 Old Description=0R5 ±1% ±100 ppm/°C 0.25W 200V 1206 (3216 metric) New Description=0R5 ±1% ±100 ppm/°C 0.25W 200V 1206 (3216 metric)
Change Component Description : Designator=R142 Old Description=0R5 ±1% ±100 ppm/°C 0.25W 200V 1206 (3216 metric) New Description=0R5 ±1% ±100 ppm/°C 0.25W 200V 1206 (3216 metric)
Change Component Description : Designator=R143 Old Description=0R5 ±1% ±100 ppm/°C 0.25W 200V 1206 (3216 metric) New Description=0R5 ±1% ±100 ppm/°C 0.25W 200V 1206 (3216 metric)
Change Component Description : Designator=R35 Old Description=1K0 1% 100 ppm/°C 0.10W 75V 0603 (1608 metric) New Description=1K0 1% 100 ppm/°C 0.10W 75V 0603 (1608 metric)
Change Component Description : Designator=R80.1 Old Description=1K0 1% 100 ppm/°C 0.10W 75V 0603 (1608 metric) New Description=1K0 1% 100 ppm/°C 0.10W 75V 0603 (1608 metric)
Change Component Description : Designator=R80.2 Old Description=1K0 1% 100 ppm/°C 0.10W 75V 0603 (1608 metric) New Description=1K0 1% 100 ppm/°C 0.10W 75V 0603 (1608 metric)
Change Component Description : Designator=R136 Old Description=1K0 1% 100 ppm/°C 0.10W 75V 0603 (1608 metric) New Description=1K0 1% 100 ppm/°C 0.10W 75V 0603 (1608 metric)
Change Component Description : Designator=R14 Old Description=1K2 1% 100 ppm/°C 0.05W 50V 0402 (1005 metric) New Description=1K2 1% 100 ppm/°C 0.05W 50V 0402 (1005 metric)
Change Component Description : Designator=R45 Old Description=1K3 1% 100 ppm/°C 0.10W 75V 0603 (1608 metric) New Description=1K3 1% 100 ppm/°C 0.10W 75V 0603 (1608 metric)
Change Component Description : Designator=R138 Old Description=1M0 1% 100 ppm/°C 0.10W 75V 0603 (1608 metric) New Description=1M0 1% 100 ppm/°C 0.10W 75V 0603 (1608 metric)
Change Component Description : Designator=R51 Old Description=2K0 1% 100 ppm/°C 0.10W 75V 0603 (1608 metric) New Description=2K0 1% 100 ppm/°C 0.10W 75V 0603 (1608 metric)
Change Component Description : Designator=R53 Old Description=2K0 1% 100 ppm/°C 0.10W 75V 0603 (1608 metric) New Description=2K0 1% 100 ppm/°C 0.10W 75V 0603 (1608 metric)
Change Component Description : Designator=R54 Old Description=2K0 1% 100 ppm/°C 0.10W 75V 0603 (1608 metric) New Description=2K0 1% 100 ppm/°C 0.10W 75V 0603 (1608 metric)
Change Component Description : Designator=R55 Old Description=2K0 1% 100 ppm/°C 0.10W 75V 0603 (1608 metric) New Description=2K0 1% 100 ppm/°C 0.10W 75V 0603 (1608 metric)
Change Component Description : Designator=R56 Old Description=2K0 1% 100 ppm/°C 0.10W 75V 0603 (1608 metric) New Description=2K0 1% 100 ppm/°C 0.10W 75V 0603 (1608 metric)
Change Component Description : Designator=R57 Old Description=2K0 1% 100 ppm/°C 0.10W 75V 0603 (1608 metric) New Description=2K0 1% 100 ppm/°C 0.10W 75V 0603 (1608 metric)
Change Component Description : Designator=R23 Old Description=2K2 1% 100 ppm/°C 0.10W 75V 0603 (1608 metric) New Description=2K2 1% 100 ppm/°C 0.10W 75V 0603 (1608 metric)
Change Component Description : Designator=R34 Old Description=2K2 1% 100 ppm/°C 0.10W 75V 0603 (1608 metric) New Description=2K2 1% 100 ppm/°C 0.10W 75V 0603 (1608 metric)
Change Component Description : Designator=R36 Old Description=2K2 1% 100 ppm/°C 0.10W 75V 0603 (1608 metric) New Description=2K2 1% 100 ppm/°C 0.10W 75V 0603 (1608 metric)
Change Component Description : Designator=R13 Old Description=2K4 1% 100 ppm/°C 0.05W 50V 0402 (1005 metric) New Description=2K4 1% 100 ppm/°C 0.05W 50V 0402 (1005 metric)
Change Component Description : Designator=R33 Old Description=2K7 1% 100 ppm/°C 0.10W 75V 0603 (1608 metric) New Description=2K7 1% 100 ppm/°C 0.10W 75V 0603 (1608 metric)
Change Component Description : Designator=R40 Old Description=2K7 1% 100 ppm/°C 0.10W 75V 0603 (1608 metric) New Description=2K7 1% 100 ppm/°C 0.10W 75V 0603 (1608 metric)
Change Component Description : Designator=R43 Old Description=2K7 1% 100 ppm/°C 0.10W 75V 0603 (1608 metric) New Description=2K7 1% 100 ppm/°C 0.10W 75V 0603 (1608 metric)
Change Component Description : Designator=R46 Old Description=2K7 1% 100 ppm/°C 0.10W 75V 0603 (1608 metric) New Description=2K7 1% 100 ppm/°C 0.10W 75V 0603 (1608 metric)
Change Component Description : Designator=R31 Old Description=4K7 1% 100 ppm/°C 0.10W 75V 0603 (1608 metric) New Description=4K7 1% 100 ppm/°C 0.10W 75V 0603 (1608 metric)
Change Component Description : Designator=R32 Old Description=4K7 1% 100 ppm/°C 0.10W 75V 0603 (1608 metric) New Description=4K7 1% 100 ppm/°C 0.10W 75V 0603 (1608 metric)
Change Component Description : Designator=R38 Old Description=4K7 1% 100 ppm/°C 0.10W 75V 0603 (1608 metric) New Description=4K7 1% 100 ppm/°C 0.10W 75V 0603 (1608 metric)
Change Component Description : Designator=R39 Old Description=4K7 1% 100 ppm/°C 0.10W 75V 0603 (1608 metric) New Description=4K7 1% 100 ppm/°C 0.10W 75V 0603 (1608 metric)
Change Component Description : Designator=R41 Old Description=4K7 1% 100 ppm/°C 0.10W 75V 0603 (1608 metric) New Description=4K7 1% 100 ppm/°C 0.10W 75V 0603 (1608 metric)
Change Component Description : Designator=R42 Old Description=4K7 1% 100 ppm/°C 0.10W 75V 0603 (1608 metric) New Description=4K7 1% 100 ppm/°C 0.10W 75V 0603 (1608 metric)
Change Component Description : Designator=R44 Old Description=4K7 1% 100 ppm/°C 0.10W 75V 0603 (1608 metric) New Description=4K7 1% 100 ppm/°C 0.10W 75V 0603 (1608 metric)
Change Component Description : Designator=R58.1 Old Description=4K7 1% 100 ppm/°C 0.10W 75V 0603 (1608 metric) New Description=4K7 1% 100 ppm/°C 0.10W 75V 0603 (1608 metric)
Change Component Description : Designator=R58.2 Old Description=4K7 1% 100 ppm/°C 0.10W 75V 0603 (1608 metric) New Description=4K7 1% 100 ppm/°C 0.10W 75V 0603 (1608 metric)
Change Component Description : Designator=R59.1 Old Description=4K7 1% 100 ppm/°C 0.10W 75V 0603 (1608 metric) New Description=4K7 1% 100 ppm/°C 0.10W 75V 0603 (1608 metric)
Change Component Description : Designator=R59.2 Old Description=4K7 1% 100 ppm/°C 0.10W 75V 0603 (1608 metric) New Description=4K7 1% 100 ppm/°C 0.10W 75V 0603 (1608 metric)
Change Component Description : Designator=R60.1 Old Description=4K7 1% 100 ppm/°C 0.10W 75V 0603 (1608 metric) New Description=4K7 1% 100 ppm/°C 0.10W 75V 0603 (1608 metric)
Change Component Description : Designator=R60.2 Old Description=4K7 1% 100 ppm/°C 0.10W 75V 0603 (1608 metric) New Description=4K7 1% 100 ppm/°C 0.10W 75V 0603 (1608 metric)
Change Component Description : Designator=R61.1 Old Description=4K7 1% 100 ppm/°C 0.10W 75V 0603 (1608 metric) New Description=4K7 1% 100 ppm/°C 0.10W 75V 0603 (1608 metric)
Change Component Description : Designator=R61.2 Old Description=4K7 1% 100 ppm/°C 0.10W 75V 0603 (1608 metric) New Description=4K7 1% 100 ppm/°C 0.10W 75V 0603 (1608 metric)
Change Component Description : Designator=R62.1 Old Description=4K7 1% 100 ppm/°C 0.10W 75V 0603 (1608 metric) New Description=4K7 1% 100 ppm/°C 0.10W 75V 0603 (1608 metric)
Change Component Description : Designator=R62.2 Old Description=4K7 1% 100 ppm/°C 0.10W 75V 0603 (1608 metric) New Description=4K7 1% 100 ppm/°C 0.10W 75V 0603 (1608 metric)
Change Component Description : Designator=R64.1 Old Description=4K7 1% 100 ppm/°C 0.10W 75V 0603 (1608 metric) New Description=4K7 1% 100 ppm/°C 0.10W 75V 0603 (1608 metric)
Change Component Description : Designator=R64.2 Old Description=4K7 1% 100 ppm/°C 0.10W 75V 0603 (1608 metric) New Description=4K7 1% 100 ppm/°C 0.10W 75V 0603 (1608 metric)
Change Component Description : Designator=R84 Old Description=4K7 1% 100 ppm/°C 0.10W 75V 0603 (1608 metric) New Description=4K7 1% 100 ppm/°C 0.10W 75V 0603 (1608 metric)
Change Component Description : Designator=R85 Old Description=4K7 1% 100 ppm/°C 0.10W 75V 0603 (1608 metric) New Description=4K7 1% 100 ppm/°C 0.10W 75V 0603 (1608 metric)
Change Component Description : Designator=R86 Old Description=4K7 1% 100 ppm/°C 0.10W 75V 0603 (1608 metric) New Description=4K7 1% 100 ppm/°C 0.10W 75V 0603 (1608 metric)
Change Component Description : Designator=R87 Old Description=4K7 1% 100 ppm/°C 0.10W 75V 0603 (1608 metric) New Description=4K7 1% 100 ppm/°C 0.10W 75V 0603 (1608 metric)
Change Component Description : Designator=R88 Old Description=4K7 1% 100 ppm/°C 0.10W 75V 0603 (1608 metric) New Description=4K7 1% 100 ppm/°C 0.10W 75V 0603 (1608 metric)
Change Component Description : Designator=R89 Old Description=4K7 1% 100 ppm/°C 0.10W 75V 0603 (1608 metric) New Description=4K7 1% 100 ppm/°C 0.10W 75V 0603 (1608 metric)
Change Component Description : Designator=R90 Old Description=4K7 1% 100 ppm/°C 0.10W 75V 0603 (1608 metric) New Description=4K7 1% 100 ppm/°C 0.10W 75V 0603 (1608 metric)
Change Component Description : Designator=R91 Old Description=4K7 1% 100 ppm/°C 0.10W 75V 0603 (1608 metric) New Description=4K7 1% 100 ppm/°C 0.10W 75V 0603 (1608 metric)
Change Component Description : Designator=R92 Old Description=4K7 1% 100 ppm/°C 0.10W 75V 0603 (1608 metric) New Description=4K7 1% 100 ppm/°C 0.10W 75V 0603 (1608 metric)
Change Component Description : Designator=R93 Old Description=4K7 1% 100 ppm/°C 0.10W 75V 0603 (1608 metric) New Description=4K7 1% 100 ppm/°C 0.10W 75V 0603 (1608 metric)
Change Component Description : Designator=R94 Old Description=4K7 1% 100 ppm/°C 0.10W 75V 0603 (1608 metric) New Description=4K7 1% 100 ppm/°C 0.10W 75V 0603 (1608 metric)
Change Component Description : Designator=R95 Old Description=4K7 1% 100 ppm/°C 0.10W 75V 0603 (1608 metric) New Description=4K7 1% 100 ppm/°C 0.10W 75V 0603 (1608 metric)
Change Component Description : Designator=R96 Old Description=4K7 1% 100 ppm/°C 0.10W 75V 0603 (1608 metric) New Description=4K7 1% 100 ppm/°C 0.10W 75V 0603 (1608 metric)
Change Component Description : Designator=R97 Old Description=4K7 1% 100 ppm/°C 0.10W 75V 0603 (1608 metric) New Description=4K7 1% 100 ppm/°C 0.10W 75V 0603 (1608 metric)
Change Component Description : Designator=R98 Old Description=4K7 1% 100 ppm/°C 0.10W 75V 0603 (1608 metric) New Description=4K7 1% 100 ppm/°C 0.10W 75V 0603 (1608 metric)
Change Component Description : Designator=R99 Old Description=4K7 1% 100 ppm/°C 0.10W 75V 0603 (1608 metric) New Description=4K7 1% 100 ppm/°C 0.10W 75V 0603 (1608 metric)
Change Component Description : Designator=R100 Old Description=4K7 1% 100 ppm/°C 0.10W 75V 0603 (1608 metric) New Description=4K7 1% 100 ppm/°C 0.10W 75V 0603 (1608 metric)
Change Component Description : Designator=R103 Old Description=4K7 1% 100 ppm/°C 0.10W 75V 0603 (1608 metric) New Description=4K7 1% 100 ppm/°C 0.10W 75V 0603 (1608 metric)
Change Component Description : Designator=R104 Old Description=4K7 1% 100 ppm/°C 0.10W 75V 0603 (1608 metric) New Description=4K7 1% 100 ppm/°C 0.10W 75V 0603 (1608 metric)
Change Component Description : Designator=R105 Old Description=4K7 1% 100 ppm/°C 0.10W 75V 0603 (1608 metric) New Description=4K7 1% 100 ppm/°C 0.10W 75V 0603 (1608 metric)
Change Component Description : Designator=R106 Old Description=4K7 1% 100 ppm/°C 0.10W 75V 0603 (1608 metric) New Description=4K7 1% 100 ppm/°C 0.10W 75V 0603 (1608 metric)
Change Component Description : Designator=R107 Old Description=4K7 1% 100 ppm/°C 0.10W 75V 0603 (1608 metric) New Description=4K7 1% 100 ppm/°C 0.10W 75V 0603 (1608 metric)
Change Component Description : Designator=R108 Old Description=4K7 1% 100 ppm/°C 0.10W 75V 0603 (1608 metric) New Description=4K7 1% 100 ppm/°C 0.10W 75V 0603 (1608 metric)
Change Component Description : Designator=R111 Old Description=4K7 1% 100 ppm/°C 0.10W 75V 0603 (1608 metric) New Description=4K7 1% 100 ppm/°C 0.10W 75V 0603 (1608 metric)
Change Component Description : Designator=R112 Old Description=4K7 1% 100 ppm/°C 0.10W 75V 0603 (1608 metric) New Description=4K7 1% 100 ppm/°C 0.10W 75V 0603 (1608 metric)
Change Component Description : Designator=R123 Old Description=4K7 1% 100 ppm/°C 0.10W 75V 0603 (1608 metric) New Description=4K7 1% 100 ppm/°C 0.10W 75V 0603 (1608 metric)
Change Component Description : Designator=R11 Old Description=4K12 0.1% 15 ppm/°C 0.1W 50V 0603 (1608 metric) Thinfilm New Description=4K12 0.1% 15 ppm/°C 0.1W 50V 0603 (1608 metric) Thinfilm
Change Component Description : Designator=R12 Old Description=5K1 1% 100 ppm/°C 0.10W 75V 0603 (1608 metric) New Description=5K1 1% 100 ppm/°C 0.10W 75V 0603 (1608 metric)
Change Component Description : Designator=R20 Old Description=10K 1% 100 ppm/°C 0.10W 75V 0603 (1608 metric) New Description=10K 1% 100 ppm/°C 0.10W 75V 0603 (1608 metric)
Change Component Description : Designator=R21 Old Description=10K 1% 100 ppm/°C 0.10W 75V 0603 (1608 metric) New Description=10K 1% 100 ppm/°C 0.10W 75V 0603 (1608 metric)
Change Component Description : Designator=R22 Old Description=10K 1% 100 ppm/°C 0.10W 75V 0603 (1608 metric) New Description=10K 1% 100 ppm/°C 0.10W 75V 0603 (1608 metric)
Change Component Description : Designator=R24 Old Description=10K 1% 100 ppm/°C 0.10W 75V 0603 (1608 metric) New Description=10K 1% 100 ppm/°C 0.10W 75V 0603 (1608 metric)
Change Component Description : Designator=R26 Old Description=10K 1% 100 ppm/°C 0.10W 75V 0603 (1608 metric) New Description=10K 1% 100 ppm/°C 0.10W 75V 0603 (1608 metric)
Change Component Description : Designator=R27 Old Description=10K 1% 100 ppm/°C 0.10W 75V 0603 (1608 metric) New Description=10K 1% 100 ppm/°C 0.10W 75V 0603 (1608 metric)
Change Component Description : Designator=R65.1 Old Description=10K 1% 100 ppm/°C 0.10W 75V 0603 (1608 metric) New Description=10K 1% 100 ppm/°C 0.10W 75V 0603 (1608 metric)
Change Component Description : Designator=R65.2 Old Description=10K 1% 100 ppm/°C 0.10W 75V 0603 (1608 metric) New Description=10K 1% 100 ppm/°C 0.10W 75V 0603 (1608 metric)
Change Component Description : Designator=R65 Old Description=10K 1% 100 ppm/°C 0.10W 75V 0603 (1608 metric) New Description=10K 1% 100 ppm/°C 0.10W 75V 0603 (1608 metric)
Change Component Description : Designator=R69.1 Old Description=10K 1% 100 ppm/°C 0.10W 75V 0603 (1608 metric) New Description=10K 1% 100 ppm/°C 0.10W 75V 0603 (1608 metric)
Change Component Description : Designator=R69.2 Old Description=10K 1% 100 ppm/°C 0.10W 75V 0603 (1608 metric) New Description=10K 1% 100 ppm/°C 0.10W 75V 0603 (1608 metric)
Change Component Description : Designator=R69 Old Description=10K 1% 100 ppm/°C 0.10W 75V 0603 (1608 metric) New Description=10K 1% 100 ppm/°C 0.10W 75V 0603 (1608 metric)
Change Component Description : Designator=R70.1 Old Description=10K 1% 100 ppm/°C 0.10W 75V 0603 (1608 metric) New Description=10K 1% 100 ppm/°C 0.10W 75V 0603 (1608 metric)
Change Component Description : Designator=R70.2 Old Description=10K 1% 100 ppm/°C 0.10W 75V 0603 (1608 metric) New Description=10K 1% 100 ppm/°C 0.10W 75V 0603 (1608 metric)
Change Component Description : Designator=R74.1 Old Description=10K 1% 100 ppm/°C 0.10W 75V 0603 (1608 metric) New Description=10K 1% 100 ppm/°C 0.10W 75V 0603 (1608 metric)
Change Component Description : Designator=R74.2 Old Description=10K 1% 100 ppm/°C 0.10W 75V 0603 (1608 metric) New Description=10K 1% 100 ppm/°C 0.10W 75V 0603 (1608 metric)
Change Component Description : Designator=R75.1 Old Description=10K 1% 100 ppm/°C 0.10W 75V 0603 (1608 metric) New Description=10K 1% 100 ppm/°C 0.10W 75V 0603 (1608 metric)
Change Component Description : Designator=R75.2 Old Description=10K 1% 100 ppm/°C 0.10W 75V 0603 (1608 metric) New Description=10K 1% 100 ppm/°C 0.10W 75V 0603 (1608 metric)
Change Component Description : Designator=R79.1 Old Description=10K 1% 100 ppm/°C 0.10W 75V 0603 (1608 metric) New Description=10K 1% 100 ppm/°C 0.10W 75V 0603 (1608 metric)
Change Component Description : Designator=R79.2 Old Description=10K 1% 100 ppm/°C 0.10W 75V 0603 (1608 metric) New Description=10K 1% 100 ppm/°C 0.10W 75V 0603 (1608 metric)
Change Component Description : Designator=R124 Old Description=10K 1% 100 ppm/°C 0.10W 75V 0603 (1608 metric) New Description=10K 1% 100 ppm/°C 0.10W 75V 0603 (1608 metric)
Change Component Description : Designator=R125 Old Description=10K 1% 100 ppm/°C 0.10W 75V 0603 (1608 metric) New Description=10K 1% 100 ppm/°C 0.10W 75V 0603 (1608 metric)
Change Component Description : Designator=R126 Old Description=10K 1% 100 ppm/°C 0.10W 75V 0603 (1608 metric) New Description=10K 1% 100 ppm/°C 0.10W 75V 0603 (1608 metric)
Change Component Description : Designator=R127 Old Description=10K 1% 100 ppm/°C 0.10W 75V 0603 (1608 metric) New Description=10K 1% 100 ppm/°C 0.10W 75V 0603 (1608 metric)
Change Component Description : Designator=R133.1 Old Description=10K 1% 100 ppm/°C 0.10W 75V 0603 (1608 metric) New Description=10K 1% 100 ppm/°C 0.10W 75V 0603 (1608 metric)
Change Component Description : Designator=R133.2 Old Description=10K 1% 100 ppm/°C 0.10W 75V 0603 (1608 metric) New Description=10K 1% 100 ppm/°C 0.10W 75V 0603 (1608 metric)
Change Component Description : Designator=R133.3 Old Description=10K 1% 100 ppm/°C 0.10W 75V 0603 (1608 metric) New Description=10K 1% 100 ppm/°C 0.10W 75V 0603 (1608 metric)
Change Component Description : Designator=R133.4 Old Description=10K 1% 100 ppm/°C 0.10W 75V 0603 (1608 metric) New Description=10K 1% 100 ppm/°C 0.10W 75V 0603 (1608 metric)
Change Component Description : Designator=R144.1 Old Description=10R 1% 100 ppm/°C 0.10W 75V 0603 (1608 metric) New Description=10R 1% 100 ppm/°C 0.10W 75V 0603 (1608 metric)
Change Component Description : Designator=R144.2 Old Description=10R 1% 100 ppm/°C 0.10W 75V 0603 (1608 metric) New Description=10R 1% 100 ppm/°C 0.10W 75V 0603 (1608 metric)
Change Component Description : Designator=R144.3 Old Description=10R 1% 100 ppm/°C 0.10W 75V 0603 (1608 metric) New Description=10R 1% 100 ppm/°C 0.10W 75V 0603 (1608 metric)
Change Component Description : Designator=R144.4 Old Description=10R 1% 100 ppm/°C 0.10W 75V 0603 (1608 metric) New Description=10R 1% 100 ppm/°C 0.10W 75V 0603 (1608 metric)
Change Component Description : Designator=R145.1 Old Description=10R 1% 100 ppm/°C 0.10W 75V 0603 (1608 metric) New Description=10R 1% 100 ppm/°C 0.10W 75V 0603 (1608 metric)
Change Component Description : Designator=R145.2 Old Description=10R 1% 100 ppm/°C 0.10W 75V 0603 (1608 metric) New Description=10R 1% 100 ppm/°C 0.10W 75V 0603 (1608 metric)
Change Component Description : Designator=R145.3 Old Description=10R 1% 100 ppm/°C 0.10W 75V 0603 (1608 metric) New Description=10R 1% 100 ppm/°C 0.10W 75V 0603 (1608 metric)
Change Component Description : Designator=R145.4 Old Description=10R 1% 100 ppm/°C 0.10W 75V 0603 (1608 metric) New Description=10R 1% 100 ppm/°C 0.10W 75V 0603 (1608 metric)
Change Component Description : Designator=R25 Old Description=12K 1% 100 ppm/°C 0.10W 75V 0603 (1608 metric) New Description=12K 1% 100 ppm/°C 0.10W 75V 0603 (1608 metric)
Change Component Description : Designator=R71.1 Old Description=12K 1% 100 ppm/°C 0.10W 75V 0603 (1608 metric) New Description=12K 1% 100 ppm/°C 0.10W 75V 0603 (1608 metric)
Change Component Description : Designator=R71.2 Old Description=12K 1% 100 ppm/°C 0.10W 75V 0603 (1608 metric) New Description=12K 1% 100 ppm/°C 0.10W 75V 0603 (1608 metric)
Change Component Description : Designator=R73.1 Old Description=12K 1% 100 ppm/°C 0.10W 75V 0603 (1608 metric) New Description=12K 1% 100 ppm/°C 0.10W 75V 0603 (1608 metric)
Change Component Description : Designator=R73.2 Old Description=12K 1% 100 ppm/°C 0.10W 75V 0603 (1608 metric) New Description=12K 1% 100 ppm/°C 0.10W 75V 0603 (1608 metric)
Change Component Description : Designator=R76.1 Old Description=12K 1% 100 ppm/°C 0.10W 75V 0603 (1608 metric) New Description=12K 1% 100 ppm/°C 0.10W 75V 0603 (1608 metric)
Change Component Description : Designator=R76.2 Old Description=12K 1% 100 ppm/°C 0.10W 75V 0603 (1608 metric) New Description=12K 1% 100 ppm/°C 0.10W 75V 0603 (1608 metric)
Change Component Description : Designator=R78.1 Old Description=12K 1% 100 ppm/°C 0.10W 75V 0603 (1608 metric) New Description=12K 1% 100 ppm/°C 0.10W 75V 0603 (1608 metric)
Change Component Description : Designator=R78.2 Old Description=12K 1% 100 ppm/°C 0.10W 75V 0603 (1608 metric) New Description=12K 1% 100 ppm/°C 0.10W 75V 0603 (1608 metric)
Change Component Description : Designator=R101 Old Description=15K 1% 100 ppm/°C 0.10W 75V 0603 (1608 metric) New Description=15K 1% 100 ppm/°C 0.10W 75V 0603 (1608 metric)
Change Component Description : Designator=R116 Old Description=15K 1% 100 ppm/°C 0.10W 75V 0603 (1608 metric) New Description=15K 1% 100 ppm/°C 0.10W 75V 0603 (1608 metric)
Change Component Description : Designator=R16 Old Description=27R 1% 100 ppm/°C 0.05W 50V 0402 (1005 metric) New Description=27R 1% 100 ppm/°C 0.05W 50V 0402 (1005 metric)
Change Component Description : Designator=R19 Old Description=27R 1% 100 ppm/°C 0.05W 50V 0402 (1005 metric) New Description=27R 1% 100 ppm/°C 0.05W 50V 0402 (1005 metric)
Change Component Description : Designator=R139 Old Description=39R 1% 100 ppm/°C 0.10W 75V 0603 (1608 metric) New Description=39R 1% 100 ppm/°C 0.10W 75V 0603 (1608 metric)
Change Component Description : Designator=R49 Old Description=39R ±5% ±200 ppm/°C 0.031W 50V 0804 (2010 metric) New Description=39R ±5% ±200 ppm/°C 0.031W 50V 0804 (2010 metric)
Change Component Description : Designator=R50 Old Description=39R ±5% ±200 ppm/°C 0.031W 50V 0804 (2010 metric) New Description=39R ±5% ±200 ppm/°C 0.031W 50V 0804 (2010 metric)
Change Component Description : Designator=R52 Old Description=39R ±5% ±200 ppm/°C 0.031W 50V 0804 (2010 metric) New Description=39R ±5% ±200 ppm/°C 0.031W 50V 0804 (2010 metric)
Change Component Description : Designator=R102 Old Description=47K 1% 100 ppm/°C 0.10W 75V 0603 (1608 metric) New Description=47K 1% 100 ppm/°C 0.10W 75V 0603 (1608 metric)
Change Component Description : Designator=R118 Old Description=47K 1% 100 ppm/°C 0.10W 75V 0603 (1608 metric) New Description=47K 1% 100 ppm/°C 0.10W 75V 0603 (1608 metric)
Change Component Description : Designator=R17 Old Description=51R 1% 100 ppm/°C 0.05W 50V 0402 (1005 metric) New Description=51R 1% 100 ppm/°C 0.05W 50V 0402 (1005 metric)
Change Component Description : Designator=R18 Old Description=51R 1% 100 ppm/°C 0.05W 50V 0402 (1005 metric) New Description=51R 1% 100 ppm/°C 0.05W 50V 0402 (1005 metric)
Change Component Description : Designator=R81.1 Old Description=51R 1% 100 ppm/°C 0.05W 50V 0402 (1005 metric) New Description=51R 1% 100 ppm/°C 0.05W 50V 0402 (1005 metric)
Change Component Description : Designator=R81.2 Old Description=51R 1% 100 ppm/°C 0.05W 50V 0402 (1005 metric) New Description=51R 1% 100 ppm/°C 0.05W 50V 0402 (1005 metric)
Change Component Description : Designator=R81.3 Old Description=51R 1% 100 ppm/°C 0.05W 50V 0402 (1005 metric) New Description=51R 1% 100 ppm/°C 0.05W 50V 0402 (1005 metric)
Change Component Description : Designator=R81.4 Old Description=51R 1% 100 ppm/°C 0.05W 50V 0402 (1005 metric) New Description=51R 1% 100 ppm/°C 0.05W 50V 0402 (1005 metric)
Change Component Description : Designator=R81.5 Old Description=51R 1% 100 ppm/°C 0.05W 50V 0402 (1005 metric) New Description=51R 1% 100 ppm/°C 0.05W 50V 0402 (1005 metric)
Change Component Description : Designator=R81.6 Old Description=51R 1% 100 ppm/°C 0.05W 50V 0402 (1005 metric) New Description=51R 1% 100 ppm/°C 0.05W 50V 0402 (1005 metric)
Change Component Description : Designator=R81.7 Old Description=51R 1% 100 ppm/°C 0.05W 50V 0402 (1005 metric) New Description=51R 1% 100 ppm/°C 0.05W 50V 0402 (1005 metric)
Change Component Description : Designator=R81.8 Old Description=51R 1% 100 ppm/°C 0.05W 50V 0402 (1005 metric) New Description=51R 1% 100 ppm/°C 0.05W 50V 0402 (1005 metric)
Change Component Description : Designator=R82.1 Old Description=51R 1% 100 ppm/°C 0.05W 50V 0402 (1005 metric) New Description=51R 1% 100 ppm/°C 0.05W 50V 0402 (1005 metric)
Change Component Description : Designator=R82.2 Old Description=51R 1% 100 ppm/°C 0.05W 50V 0402 (1005 metric) New Description=51R 1% 100 ppm/°C 0.05W 50V 0402 (1005 metric)
Change Component Description : Designator=R82.3 Old Description=51R 1% 100 ppm/°C 0.05W 50V 0402 (1005 metric) New Description=51R 1% 100 ppm/°C 0.05W 50V 0402 (1005 metric)
Change Component Description : Designator=R82.4 Old Description=51R 1% 100 ppm/°C 0.05W 50V 0402 (1005 metric) New Description=51R 1% 100 ppm/°C 0.05W 50V 0402 (1005 metric)
Change Component Description : Designator=R82.5 Old Description=51R 1% 100 ppm/°C 0.05W 50V 0402 (1005 metric) New Description=51R 1% 100 ppm/°C 0.05W 50V 0402 (1005 metric)
Change Component Description : Designator=R82.6 Old Description=51R 1% 100 ppm/°C 0.05W 50V 0402 (1005 metric) New Description=51R 1% 100 ppm/°C 0.05W 50V 0402 (1005 metric)
Change Component Description : Designator=R82.7 Old Description=51R 1% 100 ppm/°C 0.05W 50V 0402 (1005 metric) New Description=51R 1% 100 ppm/°C 0.05W 50V 0402 (1005 metric)
Change Component Description : Designator=R82.8 Old Description=51R 1% 100 ppm/°C 0.05W 50V 0402 (1005 metric) New Description=51R 1% 100 ppm/°C 0.05W 50V 0402 (1005 metric)
Change Component Description : Designator=R83.1 Old Description=51R 1% 100 ppm/°C 0.05W 50V 0402 (1005 metric) New Description=51R 1% 100 ppm/°C 0.05W 50V 0402 (1005 metric)
Change Component Description : Designator=R83.2 Old Description=51R 1% 100 ppm/°C 0.05W 50V 0402 (1005 metric) New Description=51R 1% 100 ppm/°C 0.05W 50V 0402 (1005 metric)
Change Component Description : Designator=R83.3 Old Description=51R 1% 100 ppm/°C 0.05W 50V 0402 (1005 metric) New Description=51R 1% 100 ppm/°C 0.05W 50V 0402 (1005 metric)
Change Component Description : Designator=R83.4 Old Description=51R 1% 100 ppm/°C 0.05W 50V 0402 (1005 metric) New Description=51R 1% 100 ppm/°C 0.05W 50V 0402 (1005 metric)
Change Component Description : Designator=R83.5 Old Description=51R 1% 100 ppm/°C 0.05W 50V 0402 (1005 metric) New Description=51R 1% 100 ppm/°C 0.05W 50V 0402 (1005 metric)
Change Component Description : Designator=R83.6 Old Description=51R 1% 100 ppm/°C 0.05W 50V 0402 (1005 metric) New Description=51R 1% 100 ppm/°C 0.05W 50V 0402 (1005 metric)
Change Component Description : Designator=R83.7 Old Description=51R 1% 100 ppm/°C 0.05W 50V 0402 (1005 metric) New Description=51R 1% 100 ppm/°C 0.05W 50V 0402 (1005 metric)
Change Component Description : Designator=R83.8 Old Description=51R 1% 100 ppm/°C 0.05W 50V 0402 (1005 metric) New Description=51R 1% 100 ppm/°C 0.05W 50V 0402 (1005 metric)
Change Component Description : Designator=R48.1 Old Description=90K9 0.1% 15 ppm/°C 0.1W 50V 0603 (1608 metric) Thinfilm New Description=90K9 0.1% 15 ppm/°C 0.1W 50V 0603 (1608 metric) Thinfilm
Change Component Description : Designator=R48.2 Old Description=90K9 0.1% 15 ppm/°C 0.1W 50V 0603 (1608 metric) Thinfilm New Description=90K9 0.1% 15 ppm/°C 0.1W 50V 0603 (1608 metric) Thinfilm
Change Component Description : Designator=R48.3 Old Description=90K9 0.1% 15 ppm/°C 0.1W 50V 0603 (1608 metric) Thinfilm New Description=90K9 0.1% 15 ppm/°C 0.1W 50V 0603 (1608 metric) Thinfilm
Change Component Description : Designator=R48.4 Old Description=90K9 0.1% 15 ppm/°C 0.1W 50V 0603 (1608 metric) Thinfilm New Description=90K9 0.1% 15 ppm/°C 0.1W 50V 0603 (1608 metric) Thinfilm
Change Component Description : Designator=R67.1 Old Description=100R 1% 100 ppm/°C 0.10W 75V 0603 (1608 metric) New Description=100R 1% 100 ppm/°C 0.10W 75V 0603 (1608 metric)
Change Component Description : Designator=R67.2 Old Description=100R 1% 100 ppm/°C 0.10W 75V 0603 (1608 metric) New Description=100R 1% 100 ppm/°C 0.10W 75V 0603 (1608 metric)
Change Component Description : Designator=R72.1 Old Description=100R 1% 100 ppm/°C 0.10W 75V 0603 (1608 metric) New Description=100R 1% 100 ppm/°C 0.10W 75V 0603 (1608 metric)
Change Component Description : Designator=R72.2 Old Description=100R 1% 100 ppm/°C 0.10W 75V 0603 (1608 metric) New Description=100R 1% 100 ppm/°C 0.10W 75V 0603 (1608 metric)
Change Component Description : Designator=R77.1 Old Description=100R 1% 100 ppm/°C 0.10W 75V 0603 (1608 metric) New Description=100R 1% 100 ppm/°C 0.10W 75V 0603 (1608 metric)
Change Component Description : Designator=R77.2 Old Description=100R 1% 100 ppm/°C 0.10W 75V 0603 (1608 metric) New Description=100R 1% 100 ppm/°C 0.10W 75V 0603 (1608 metric)
Change Component Description : Designator=R122 Old Description=100R 1% 100 ppm/°C 0.10W 75V 0603 (1608 metric) New Description=100R 1% 100 ppm/°C 0.10W 75V 0603 (1608 metric)
Change Component Description : Designator=R135 Old Description=100R 1% 100 ppm/°C 0.10W 75V 0603 (1608 metric) New Description=100R 1% 100 ppm/°C 0.10W 75V 0603 (1608 metric)
Change Component Description : Designator=R66.1 Old Description=120K 1% 100 ppm/°C 0.10W 75V 0603 (1608 metric) New Description=120K 1% 100 ppm/°C 0.10W 75V 0603 (1608 metric)
Change Component Description : Designator=R66.2 Old Description=120K 1% 100 ppm/°C 0.10W 75V 0603 (1608 metric) New Description=120K 1% 100 ppm/°C 0.10W 75V 0603 (1608 metric)
Change Component Description : Designator=R68.1 Old Description=120K 1% 100 ppm/°C 0.10W 75V 0603 (1608 metric) New Description=120K 1% 100 ppm/°C 0.10W 75V 0603 (1608 metric)
Change Component Description : Designator=R68.2 Old Description=120K 1% 100 ppm/°C 0.10W 75V 0603 (1608 metric) New Description=120K 1% 100 ppm/°C 0.10W 75V 0603 (1608 metric)
Change Component Description : Designator=R134 Old Description=120K 1% 100 ppm/°C 0.10W 75V 0603 (1608 metric) New Description=120K 1% 100 ppm/°C 0.10W 75V 0603 (1608 metric)
Change Component Description : Designator=R137 Old Description=120K 1% 100 ppm/°C 0.10W 75V 0603 (1608 metric) New Description=120K 1% 100 ppm/°C 0.10W 75V 0603 (1608 metric)
Change Component Description : Designator=R5 Old Description=200R 1% 100 ppm/°C 0.05W 50V 0402 (1005 metric) New Description=200R 1% 100 ppm/°C 0.05W 50V 0402 (1005 metric)
Change Component Description : Designator=R6 Old Description=200R 1% 100 ppm/°C 0.05W 50V 0402 (1005 metric) New Description=200R 1% 100 ppm/°C 0.05W 50V 0402 (1005 metric)
Change Component Description : Designator=R7 Old Description=200R 1% 100 ppm/°C 0.05W 50V 0402 (1005 metric) New Description=200R 1% 100 ppm/°C 0.05W 50V 0402 (1005 metric)
Change Component Description : Designator=R8 Old Description=200R 1% 100 ppm/°C 0.05W 50V 0402 (1005 metric) New Description=200R 1% 100 ppm/°C 0.05W 50V 0402 (1005 metric)
Change Component Description : Designator=R9 Old Description=200R 1% 100 ppm/°C 0.05W 50V 0402 (1005 metric) New Description=200R 1% 100 ppm/°C 0.05W 50V 0402 (1005 metric)
Change Component Description : Designator=R10 Old Description=200R 1% 100 ppm/°C 0.05W 50V 0402 (1005 metric) New Description=200R 1% 100 ppm/°C 0.05W 50V 0402 (1005 metric)
Change Component Description : Designator=R1 Old Description=200R 1% 100 ppm/°C 0.10W 75V 0603 (1608 metric) New Description=200R 1% 100 ppm/°C 0.10W 75V 0603 (1608 metric)
Change Component Description : Designator=R2 Old Description=200R 1% 100 ppm/°C 0.10W 75V 0603 (1608 metric) New Description=200R 1% 100 ppm/°C 0.10W 75V 0603 (1608 metric)
Change Component Description : Designator=R109 Old Description=200R 1% 100 ppm/°C 0.10W 75V 0603 (1608 metric) New Description=200R 1% 100 ppm/°C 0.10W 75V 0603 (1608 metric)
Change Component Description : Designator=R119 Old Description=200R 1% 100 ppm/°C 0.10W 75V 0603 (1608 metric) New Description=200R 1% 100 ppm/°C 0.10W 75V 0603 (1608 metric)
Change Component Description : Designator=U17.1 Old Description=215MHz, Rail-to-Rail Output, 1.1nV/vHz, 3.5mA Op Amp New Description=215MHz, Rail-to-Rail Output, 1.1nV/vHz, 3.5mA Op Amp
Change Component Description : Designator=U17.2 Old Description=215MHz, Rail-to-Rail Output, 1.1nV/vHz, 3.5mA Op Amp New Description=215MHz, Rail-to-Rail Output, 1.1nV/vHz, 3.5mA Op Amp
Change Component Description : Designator=R15 Old Description=330R 1% 100 ppm/°C 0.10W 75V 0603 (1608 metric) New Description=330R 1% 100 ppm/°C 0.10W 75V 0603 (1608 metric)
Change Component Description : Designator=R28 Old Description=330R 1% 100 ppm/°C 0.10W 75V 0603 (1608 metric) New Description=330R 1% 100 ppm/°C 0.10W 75V 0603 (1608 metric)
Change Component Description : Designator=R29 Old Description=330R 1% 100 ppm/°C 0.10W 75V 0603 (1608 metric) New Description=330R 1% 100 ppm/°C 0.10W 75V 0603 (1608 metric)
Change Component Description : Designator=R110 Old Description=330R 1% 100 ppm/°C 0.10W 75V 0603 (1608 metric) New Description=330R 1% 100 ppm/°C 0.10W 75V 0603 (1608 metric)
Change Component Description : Designator=R121 Old Description=560K 1% 100 ppm/°C 0.10W 75V 0603 (1608 metric) New Description=560K 1% 100 ppm/°C 0.10W 75V 0603 (1608 metric)
Change Component Description : Designator=R47.1 Old Description=680K 1% 100 ppm/°C 0.10W 75V 0603 (1608 metric) New Description=680K 1% 100 ppm/°C 0.10W 75V 0603 (1608 metric)
Change Component Description : Designator=R47.2 Old Description=680K 1% 100 ppm/°C 0.10W 75V 0603 (1608 metric) New Description=680K 1% 100 ppm/°C 0.10W 75V 0603 (1608 metric)
Change Component Description : Designator=R47.3 Old Description=680K 1% 100 ppm/°C 0.10W 75V 0603 (1608 metric) New Description=680K 1% 100 ppm/°C 0.10W 75V 0603 (1608 metric)
Change Component Description : Designator=R47.4 Old Description=680K 1% 100 ppm/°C 0.10W 75V 0603 (1608 metric) New Description=680K 1% 100 ppm/°C 0.10W 75V 0603 (1608 metric)
Change Component Description : Designator=F1 Old Description=Ferrite bead, Würth Elektronik WE-CBF 2012 (0805), 74279206 ,  30.0 O  @  100.0MHz New Description=Ferrite bead, Würth Elektronik WE-CBF 2012 (0805), 74279206 ,  30.0 O  @  100.0MHz
Change Component Description : Designator=F2 Old Description=Ferrite bead, Würth Elektronik WE-CBF 2012 (0805), 74279206 ,  30.0 O  @  100.0MHz New Description=Ferrite bead, Würth Elektronik WE-CBF 2012 (0805), 74279206 ,  30.0 O  @  100.0MHz
Change Component Description : Designator=F3 Old Description=Ferrite bead, Würth Elektronik WE-CBF 2012 (0805), 74279206 ,  30.0 O  @  100.0MHz New Description=Ferrite bead, Würth Elektronik WE-CBF 2012 (0805), 74279206 ,  30.0 O  @  100.0MHz
Change Component Description : Designator=F4 Old Description=Ferrite bead, Würth Elektronik WE-CBF 2012 (0805), 74279206 ,  30.0 O  @  100.0MHz New Description=Ferrite bead, Würth Elektronik WE-CBF 2012 (0805), 74279206 ,  30.0 O  @  100.0MHz
Change Component Description : Designator=F5 Old Description=Ferrite bead, Würth Elektronik WE-CBF 2012 (0805), 74279206 ,  30.0 O  @  100.0MHz New Description=Ferrite bead, Würth Elektronik WE-CBF 2012 (0805), 74279206 ,  30.0 O  @  100.0MHz
Change Component Description : Designator=F6 Old Description=Ferrite bead, Würth Elektronik WE-CBF 2012 (0805), 74279206 ,  30.0 O  @  100.0MHz New Description=Ferrite bead, Würth Elektronik WE-CBF 2012 (0805), 74279206 ,  30.0 O  @  100.0MHz
Change Component Description : Designator=F12 Old Description=Ferrite bead, Würth Elektronik WE-CBF 2012 (0805), 74279206 ,  30.0 O  @  100.0MHz New Description=Ferrite bead, Würth Elektronik WE-CBF 2012 (0805), 74279206 ,  30.0 O  @  100.0MHz
Change Component Description : Designator=F13 Old Description=Ferrite bead, Würth Elektronik WE-CBF 2012 (0805), 74279206 ,  30.0 O  @  100.0MHz New Description=Ferrite bead, Würth Elektronik WE-CBF 2012 (0805), 74279206 ,  30.0 O  @  100.0MHz
Change Component Description : Designator=L8 Old Description=SMD Flat Wire High Current Inductor WE-HCI, L=0.72 µH New Description=Inductor, SMD, 1005 0.72 uH 22 A ±20%, 744325072, Würth Elektronik
Change Component Description : Designator=U9 Old Description=Tiny Low Power Operational Amplifier with Rail-to-Rail Input and Output, 5-pin SOT-23, Pb-Free New Description=IC, OP AMP, SINGLE, 1MHZ, SMD
Change Component Library : Designator=L8 Old Library=Altium Content Vault New Library=Omnisys Vault
Change Component Library : Designator=U9 Old Library=Altium Content Vault New Library=Omnisys Vault
Change Managed Component Library Link : Designator=L8 Old VaultGUID=2440EB7F-8868-40CF-AF20-FF1830FBDC4B New VaultGUID=2440EB7F-8868-40CF-AF20-FF1830FBDC4B Old ItemGUID=4CC378EE-ACBF-4EC4-A543-F5268FAC35EF New ItemGUID=16635cb5-3e32-4af7-ac73-96f7edff1f01 Old RevisionGUID=14FD75CE-A069-4E8F-B36E-C6C4321B885A New RevisionGUID=ec718a2d-339b-4cf9-af26-cd19c0be2cbe
Change Managed Component Library Link : Designator=U9 Old VaultGUID=2440EB7F-8868-40CF-AF20-FF1830FBDC4B New VaultGUID=2440EB7F-8868-40CF-AF20-FF1830FBDC4B Old ItemGUID=8259AC4D-E3A6-43B6-95F8-FB296EBF5DFC New ItemGUID=64aae147-b68b-437f-8c85-3b17b135b230 Old RevisionGUID=3F84BBA7-C094-4048-89AE-693D430EF7F1 New RevisionGUID=d7a07141-4cbe-4606-a01d-a558d2859f05
Change component parameters: Designator = "R30" ("R30"); Footprint = "RESC3216N"; UniqueID = "\LSFQQERN\BOYEHSAW\IDHVNSGN" ("\LSFQQERN\BOYEHSAW\IDHVNSGN")
Change component parameters (AddParameter): Name = "Case-EIA"; Value = "1206"; VariantName = "[No Variations]"
Change component parameters (AddParameter): Name = "Case-Metric"; Value = "3216"; VariantName = "[No Variations]"
Change component parameters (AddParameter): Name = "Maximum working voltage"; Value = "200V"; VariantName = "[No Variations]"
Change component parameters (AddParameter): Name = "Power"; Value = "0.25W"; VariantName = "[No Variations]"
Change component parameters (AddParameter): Name = "Technology"; Value = "SMT"; VariantName = "[No Variations]"
Change component parameters (AddParameter): Name = "Temp. Coefficent"; Value = "±100 ppm/°C"; VariantName = "[No Variations]"
Change component parameters (AddParameter): Name = "Tolerance"; Value = "1"; VariantName = "[No Variations]"
Change component parameters (AddParameter): Name = "Value"; Value = "0.01"; VariantName = "[No Variations]"
Change component parameters: Designator = "R37" ("R37"); Footprint = "RESC3216N"; UniqueID = "\LSFQQERN\BOYEHSAW\IGJUNQYC" ("\LSFQQERN\BOYEHSAW\IGJUNQYC")
Change component parameters (AddParameter): Name = "Case-EIA"; Value = "1206"; VariantName = "[No Variations]"
Change component parameters (AddParameter): Name = "Case-Metric"; Value = "3216"; VariantName = "[No Variations]"
Change component parameters (AddParameter): Name = "Maximum working voltage"; Value = "200V"; VariantName = "[No Variations]"
Change component parameters (AddParameter): Name = "Power"; Value = "0.25W"; VariantName = "[No Variations]"
Change component parameters (AddParameter): Name = "Technology"; Value = "SMT"; VariantName = "[No Variations]"
Change component parameters (AddParameter): Name = "Temp. Coefficent"; Value = "±100 ppm/°C"; VariantName = "[No Variations]"
Change component parameters (AddParameter): Name = "Tolerance"; Value = "1"; VariantName = "[No Variations]"
Change component parameters (AddParameter): Name = "Value"; Value = "0.01"; VariantName = "[No Variations]"
Change component parameters: Designator = "R49" ("R49"); Footprint = "RESCAXS50P100X200X45-8N"; UniqueID = "\ZNLHZSSX\NOBEATVM" ("\ZNLHZSSX\NOBEATVM")
Change component parameters (AddParameter): Name = "Case-EIA"; Value = "0804"; VariantName = "[No Variations]"
Change component parameters (AddParameter): Name = "Case-Metric"; Value = "2010"; VariantName = "[No Variations]"
Change component parameters (AddParameter): Name = "Maximum working voltage"; Value = "50V"; VariantName = "[No Variations]"
Change component parameters (AddParameter): Name = "PartId"; Value = "1"; VariantName = "[No Variations]"
Change component parameters (AddParameter): Name = "PartNumber"; Value = "EXB-28V390J"; VariantName = "[No Variations]"
Change component parameters (AddParameter): Name = "Technology"; Value = "SMT"; VariantName = "[No Variations]"
Change component parameters (AddParameter): Name = "Temp. Coefficent"; Value = "±200 ppm/°C"; VariantName = "[No Variations]"
Change component parameters (AddParameter): Name = "Tolerance"; Value = "±5%"; VariantName = "[No Variations]"
Change component parameters (AddParameter): Name = "Value"; Value = "39.00"; VariantName = "[No Variations]"
Change component parameters: Designator = "R50" ("R50"); Footprint = "RESCAXS50P100X200X45-8N"; UniqueID = "\ZNLHZSSX\LOFTRACD" ("\ZNLHZSSX\LOFTRACD")
Change component parameters (AddParameter): Name = "Case-EIA"; Value = "0804"; VariantName = "[No Variations]"
Change component parameters (AddParameter): Name = "Case-Metric"; Value = "2010"; VariantName = "[No Variations]"
Change component parameters (AddParameter): Name = "Maximum working voltage"; Value = "50V"; VariantName = "[No Variations]"
Change component parameters (AddParameter): Name = "PartId"; Value = "1"; VariantName = "[No Variations]"
Change component parameters (AddParameter): Name = "PartNumber"; Value = "EXB-28V390J"; VariantName = "[No Variations]"
Change component parameters (AddParameter): Name = "Technology"; Value = "SMT"; VariantName = "[No Variations]"
Change component parameters (AddParameter): Name = "Temp. Coefficent"; Value = "±200 ppm/°C"; VariantName = "[No Variations]"
Change component parameters (AddParameter): Name = "Tolerance"; Value = "±5%"; VariantName = "[No Variations]"
Change component parameters (AddParameter): Name = "Value"; Value = "39.00"; VariantName = "[No Variations]"
Change component parameters: Designator = "R52" ("R52"); Footprint = "RESCAXS50P100X200X45-8N"; UniqueID = "\ZNLHZSSX\NXXMIASN" ("\ZNLHZSSX\NXXMIASN")
Change component parameters (AddParameter): Name = "Case-EIA"; Value = "0804"; VariantName = "[No Variations]"
Change component parameters (AddParameter): Name = "Case-Metric"; Value = "2010"; VariantName = "[No Variations]"
Change component parameters (AddParameter): Name = "Maximum working voltage"; Value = "50V"; VariantName = "[No Variations]"
Change component parameters (AddParameter): Name = "PartId"; Value = "1"; VariantName = "[No Variations]"
Change component parameters (AddParameter): Name = "PartNumber"; Value = "EXB-28V390J"; VariantName = "[No Variations]"
Change component parameters (AddParameter): Name = "Technology"; Value = "SMT"; VariantName = "[No Variations]"
Change component parameters (AddParameter): Name = "Temp. Coefficent"; Value = "±200 ppm/°C"; VariantName = "[No Variations]"
Change component parameters (AddParameter): Name = "Tolerance"; Value = "±5%"; VariantName = "[No Variations]"
Change component parameters (AddParameter): Name = "Value"; Value = "39.00"; VariantName = "[No Variations]"
Change component parameters: Designator = "R128" ("R128"); Footprint = "RESC3216N"; UniqueID = "\LSFQQERN\XRAJZJLL" ("\LSFQQERN\XRAJZJLL")
Change component parameters (AddParameter): Name = "Case-EIA"; Value = "1206"; VariantName = "[No Variations]"
Change component parameters (AddParameter): Name = "Case-Metric"; Value = "3216"; VariantName = "[No Variations]"
Change component parameters (AddParameter): Name = "Maximum working voltage"; Value = "200V"; VariantName = "[No Variations]"
Change component parameters (AddParameter): Name = "Power"; Value = "0.25W"; VariantName = "[No Variations]"
Change component parameters (AddParameter): Name = "Technology"; Value = "SMT"; VariantName = "[No Variations]"
Change component parameters (AddParameter): Name = "Temp. Coefficent"; Value = "±100 ppm/°C"; VariantName = "[No Variations]"
Change component parameters (AddParameter): Name = "Tolerance"; Value = "1"; VariantName = "[No Variations]"
Change component parameters (AddParameter): Name = "Value"; Value = "0.5"; VariantName = "[No Variations]"
Change component parameters: Designator = "R129" ("R129"); Footprint = "RESC3216N"; UniqueID = "\LSFQQERN\JSRYOJNM" ("\LSFQQERN\JSRYOJNM")
Change component parameters (AddParameter): Name = "Case-EIA"; Value = "1206"; VariantName = "[No Variations]"
Change component parameters (AddParameter): Name = "Case-Metric"; Value = "3216"; VariantName = "[No Variations]"
Change component parameters (AddParameter): Name = "Maximum working voltage"; Value = "200V"; VariantName = "[No Variations]"
Change component parameters (AddParameter): Name = "Power"; Value = "0.25W"; VariantName = "[No Variations]"
Change component parameters (AddParameter): Name = "Technology"; Value = "SMT"; VariantName = "[No Variations]"
Change component parameters (AddParameter): Name = "Temp. Coefficent"; Value = "±100 ppm/°C"; VariantName = "[No Variations]"
Change component parameters (AddParameter): Name = "Tolerance"; Value = "1"; VariantName = "[No Variations]"
Change component parameters (AddParameter): Name = "Value"; Value = "0.5"; VariantName = "[No Variations]"
Change component parameters: Designator = "R142" ("R142"); Footprint = "RESC3216N"; UniqueID = "\LSFQQERN\VYFMRFVE" ("\LSFQQERN\VYFMRFVE")
Change component parameters (AddParameter): Name = "Case-EIA"; Value = "1206"; VariantName = "[No Variations]"
Change component parameters (AddParameter): Name = "Case-Metric"; Value = "3216"; VariantName = "[No Variations]"
Change component parameters (AddParameter): Name = "Maximum working voltage"; Value = "200V"; VariantName = "[No Variations]"
Change component parameters (AddParameter): Name = "Power"; Value = "0.25W"; VariantName = "[No Variations]"
Change component parameters (AddParameter): Name = "Technology"; Value = "SMT"; VariantName = "[No Variations]"
Change component parameters (AddParameter): Name = "Temp. Coefficent"; Value = "±100 ppm/°C"; VariantName = "[No Variations]"
Change component parameters (AddParameter): Name = "Tolerance"; Value = "1"; VariantName = "[No Variations]"
Change component parameters (AddParameter): Name = "Value"; Value = "0.5"; VariantName = "[No Variations]"
Change component parameters: Designator = "R143" ("R143"); Footprint = "RESC3216N"; UniqueID = "\LSFQQERN\IKPMDRTY" ("\LSFQQERN\IKPMDRTY")
Change component parameters (AddParameter): Name = "Case-EIA"; Value = "1206"; VariantName = "[No Variations]"
Change component parameters (AddParameter): Name = "Case-Metric"; Value = "3216"; VariantName = "[No Variations]"
Change component parameters (AddParameter): Name = "Maximum working voltage"; Value = "200V"; VariantName = "[No Variations]"
Change component parameters (AddParameter): Name = "Power"; Value = "0.25W"; VariantName = "[No Variations]"
Change component parameters (AddParameter): Name = "Technology"; Value = "SMT"; VariantName = "[No Variations]"
Change component parameters (AddParameter): Name = "Temp. Coefficent"; Value = "±100 ppm/°C"; VariantName = "[No Variations]"
Change component parameters (AddParameter): Name = "Tolerance"; Value = "1"; VariantName = "[No Variations]"
Change component parameters (AddParameter): Name = "Value"; Value = "0.5"; VariantName = "[No Variations]"
Change component parameters: Designator = "F1" ("F1"); Footprint = "INDC2012X11L"; UniqueID = "\OCXTZITR\REAQTCAG\OBAUNHIQ" ("\OCXTZITR\REAQTCAG\OBAUNHIQ")
Change component parameters (AddParameter): Name = "IDC"; Value = "3.0 A"; VariantName = "[No Variations]"
Change component parameters (AddParameter): Name = "PartNumber"; Value = "74279206"; VariantName = "[No Variations]"
Change component parameters (AddParameter): Name = "RDC"; Value = "25.0 mO"; VariantName = "[No Variations]"
Change component parameters (AddParameter): Name = "Type"; Value = "High Current "; VariantName = "[No Variations]"
Change component parameters (AddParameter): Name = "Z@Freq"; Value = "30.0 O  @  100.0MHz"; VariantName = "[No Variations]"
Change component parameters (AddParameter): Name = "Zmax@Freq"; Value = "55.0 O  @      1.0 GHz"; VariantName = "[No Variations]"
Change component parameters: Designator = "F2" ("F2"); Footprint = "INDC2012X11L"; UniqueID = "\OCXTZITR\REAQTCAG\JKCZWMMK" ("\OCXTZITR\REAQTCAG\JKCZWMMK")
Change component parameters (AddParameter): Name = "IDC"; Value = "3.0 A"; VariantName = "[No Variations]"
Change component parameters (AddParameter): Name = "PartNumber"; Value = "74279206"; VariantName = "[No Variations]"
Change component parameters (AddParameter): Name = "RDC"; Value = "25.0 mO"; VariantName = "[No Variations]"
Change component parameters (AddParameter): Name = "Type"; Value = "High Current "; VariantName = "[No Variations]"
Change component parameters (AddParameter): Name = "Z@Freq"; Value = "30.0 O  @  100.0MHz"; VariantName = "[No Variations]"
Change component parameters (AddParameter): Name = "Zmax@Freq"; Value = "55.0 O  @      1.0 GHz"; VariantName = "[No Variations]"
Change component parameters: Designator = "F3" ("F3"); Footprint = "INDC2012X11N"; UniqueID = "\JPZTXZYP" ("\JPZTXZYP")
Change component parameters (AddParameter): Name = "IDC"; Value = "3.0 A"; VariantName = "[No Variations]"
Change component parameters (AddParameter): Name = "PartNumber"; Value = "74279206"; VariantName = "[No Variations]"
Change component parameters (AddParameter): Name = "RDC"; Value = "25.0 mO"; VariantName = "[No Variations]"
Change component parameters (AddParameter): Name = "Type"; Value = "High Current "; VariantName = "[No Variations]"
Change component parameters (AddParameter): Name = "Z@Freq"; Value = "30.0 O  @  100.0MHz"; VariantName = "[No Variations]"
Change component parameters (AddParameter): Name = "Zmax@Freq"; Value = "55.0 O  @      1.0 GHz"; VariantName = "[No Variations]"
Change component parameters: Designator = "F4" ("F4"); Footprint = "INDC2012X11N"; UniqueID = "\MPRUFHDM" ("\MPRUFHDM")
Change component parameters (AddParameter): Name = "IDC"; Value = "3.0 A"; VariantName = "[No Variations]"
Change component parameters (AddParameter): Name = "PartNumber"; Value = "74279206"; VariantName = "[No Variations]"
Change component parameters (AddParameter): Name = "RDC"; Value = "25.0 mO"; VariantName = "[No Variations]"
Change component parameters (AddParameter): Name = "Type"; Value = "High Current "; VariantName = "[No Variations]"
Change component parameters (AddParameter): Name = "Z@Freq"; Value = "30.0 O  @  100.0MHz"; VariantName = "[No Variations]"
Change component parameters (AddParameter): Name = "Zmax@Freq"; Value = "55.0 O  @      1.0 GHz"; VariantName = "[No Variations]"
Change component parameters: Designator = "F5" ("F5"); Footprint = "INDC2012X11N"; UniqueID = "\HFNXYQCY\SXUOFUCP" ("\HFNXYQCY\SXUOFUCP")
Change component parameters (AddParameter): Name = "IDC"; Value = "3.0 A"; VariantName = "[No Variations]"
Change component parameters (AddParameter): Name = "PartNumber"; Value = "74279206"; VariantName = "[No Variations]"
Change component parameters (AddParameter): Name = "RDC"; Value = "25.0 mO"; VariantName = "[No Variations]"
Change component parameters (AddParameter): Name = "Type"; Value = "High Current "; VariantName = "[No Variations]"
Change component parameters (AddParameter): Name = "Z@Freq"; Value = "30.0 O  @  100.0MHz"; VariantName = "[No Variations]"
Change component parameters (AddParameter): Name = "Zmax@Freq"; Value = "55.0 O  @      1.0 GHz"; VariantName = "[No Variations]"
Change component parameters: Designator = "F6" ("F6"); Footprint = "INDC2012X11N"; UniqueID = "\HFNXYQCY\QZTBHPJO" ("\HFNXYQCY\QZTBHPJO")
Change component parameters (AddParameter): Name = "IDC"; Value = "3.0 A"; VariantName = "[No Variations]"
Change component parameters (AddParameter): Name = "PartNumber"; Value = "74279206"; VariantName = "[No Variations]"
Change component parameters (AddParameter): Name = "RDC"; Value = "25.0 mO"; VariantName = "[No Variations]"
Change component parameters (AddParameter): Name = "Type"; Value = "High Current "; VariantName = "[No Variations]"
Change component parameters (AddParameter): Name = "Z@Freq"; Value = "30.0 O  @  100.0MHz"; VariantName = "[No Variations]"
Change component parameters (AddParameter): Name = "Zmax@Freq"; Value = "55.0 O  @      1.0 GHz"; VariantName = "[No Variations]"
Change component parameters: Designator = "F12" ("F12"); Footprint = "INDC2012X11L"; UniqueID = "\ZNLHZSSX\TEZEOVEO" ("\ZNLHZSSX\TEZEOVEO")
Change component parameters (AddParameter): Name = "IDC"; Value = "3.0 A"; VariantName = "[No Variations]"
Change component parameters (AddParameter): Name = "PartNumber"; Value = "74279206"; VariantName = "[No Variations]"
Change component parameters (AddParameter): Name = "RDC"; Value = "25.0 mO"; VariantName = "[No Variations]"
Change component parameters (AddParameter): Name = "Type"; Value = "High Current "; VariantName = "[No Variations]"
Change component parameters (AddParameter): Name = "Z@Freq"; Value = "30.0 O  @  100.0MHz"; VariantName = "[No Variations]"
Change component parameters (AddParameter): Name = "Zmax@Freq"; Value = "55.0 O  @      1.0 GHz"; VariantName = "[No Variations]"
Change component parameters: Designator = "F13" ("F13"); Footprint = "INDC2012X11L"; UniqueID = "\ZNLHZSSX\CYPHMXII" ("\ZNLHZSSX\CYPHMXII")
Change component parameters (AddParameter): Name = "IDC"; Value = "3.0 A"; VariantName = "[No Variations]"
Change component parameters (AddParameter): Name = "PartNumber"; Value = "74279206"; VariantName = "[No Variations]"
Change component parameters (AddParameter): Name = "RDC"; Value = "25.0 mO"; VariantName = "[No Variations]"
Change component parameters (AddParameter): Name = "Type"; Value = "High Current "; VariantName = "[No Variations]"
Change component parameters (AddParameter): Name = "Z@Freq"; Value = "30.0 O  @  100.0MHz"; VariantName = "[No Variations]"
Change component parameters (AddParameter): Name = "Zmax@Freq"; Value = "55.0 O  @      1.0 GHz"; VariantName = "[No Variations]"
Change component parameters: Designator = "L8" ("L8"); Footprint = "WE-HCI-1050"; UniqueID = "\LSFQQERN\SCNHMQME" ("\LSFQQERN\SCNHMQME")
Change component parameters (AddParameter): Name = "Case/Package"; Value = "Nonstandard"; VariantName = "[No Variations]"
Change component parameters (AddParameter): Name = "Composition"; Value = "Wirewound"; VariantName = "[No Variations]"
Change component parameters (AddParameter): Name = "Current Rating"; Value = "22A"; VariantName = "[No Variations]"
Change component parameters (AddParameter): Name = "DC Resistance (DCR)"; Value = "1.3mR"; VariantName = "[No Variations]"
Change component parameters (AddParameter): Name = "DCR"; Value = ""; VariantName = "[No Variations]"
Change component parameters (AddParameter): Name = "Height"; Value = "4.7mm"; VariantName = "[No Variations]"
Change component parameters (AddParameter): Name = "Height - Seated (Max)"; Value = "0.197inch"; VariantName = "[No Variations]"
Change component parameters (AddParameter): Name = "Inductance"; Value = "720nH"; VariantName = "[No Variations]"
Change component parameters (AddParameter): Name = "Inductance Tolerance"; Value = "20%"; VariantName = "[No Variations]"
Change component parameters (AddParameter): Name = "Irms"; Value = ""; VariantName = "[No Variations]"
Change component parameters (AddParameter): Name = "Isat"; Value = ""; VariantName = "[No Variations]"
Change component parameters (AddParameter): Name = "Length"; Value = "0.402inch"; VariantName = "[No Variations]"
Change component parameters (AddParameter): Name = "Max DC Current"; Value = "22A"; VariantName = "[No Variations]"
Change component parameters (AddParameter): Name = "Max Operating Temperature"; Value = "150°C"; VariantName = "[No Variations]"
Change component parameters (AddParameter): Name = "Min Operating Temperature"; Value = "-40°C"; VariantName = "[No Variations]"
Change component parameters (AddParameter): Name = "Mount"; Value = "Surface Mount"; VariantName = "[No Variations]"
Change component parameters (AddParameter): Name = "Package Quantity"; Value = "700"; VariantName = "[No Variations]"
Change component parameters (AddParameter): Name = "Packaging"; Value = "Tape and Reel"; VariantName = "[No Variations]"
Change component parameters (AddParameter): Name = "PartNumber"; Value = ""; VariantName = "[No Variations]"
Change component parameters (AddParameter): Name = "REACH SVHC"; Value = "Unknown"; VariantName = "[No Variations]"
Change component parameters (AddParameter): Name = "RMS Current (Irms)"; Value = "22A"; VariantName = "[No Variations]"
Change component parameters (AddParameter): Name = "Saturation Current"; Value = "35A"; VariantName = "[No Variations]"
Change component parameters (AddParameter): Name = "Self Resonant Frequency"; Value = "115MHz"; VariantName = "[No Variations]"
Change component parameters (AddParameter): Name = "Series Resistance"; Value = "1.3R"; VariantName = "[No Variations]"
Change component parameters (AddParameter): Name = "Shielding"; Value = "Shielded"; VariantName = "[No Variations]"
Change component parameters (AddParameter): Name = "Termination"; Value = "SMD/SMT"; VariantName = "[No Variations]"
Change component parameters (AddParameter): Name = "Test Frequency"; Value = "100kHz"; VariantName = "[No Variations]"
Change component parameters (AddParameter): Name = "Tolerance"; Value = "20%"; VariantName = "[No Variations]"
Change component parameters (AddParameter): Name = "Width"; Value = "10.2mm"; VariantName = "[No Variations]"
Change component parameters: Designator = "U9" ("U9"); Footprint = "DBV0005A_L"; UniqueID = "\LSFQQERN\BOYEHSAW\WXEKLFPC" ("\LSFQQERN\BOYEHSAW\WXEKLFPC")
Change component parameters (AddParameter): Name = "Bandwidth"; Value = "1MHz"; VariantName = "[No Variations]"
Change component parameters (AddParameter): Name = "Case/Package"; Value = "SOT-23"; VariantName = "[No Variations]"
Change component parameters (AddParameter): Name = "Common Mode Rejection Ratio"; Value = "60dB"; VariantName = "[No Variations]"
Change component parameters (AddParameter): Name = "Gain Bandwidth Product"; Value = "1.1MHz"; VariantName = "[No Variations]"
Change component parameters (AddParameter): Name = "Height"; Value = "1.02mm"; VariantName = "[No Variations]"
Change component parameters (AddParameter): Name = "Input Bias Current"; Value = "1pA"; VariantName = "[No Variations]"
Change component parameters (AddParameter): Name = "Input Offset Voltage (Vos)"; Value = "110uV"; VariantName = "[No Variations]"
Change component parameters (AddParameter): Name = "Lead Free"; Value = "Lead Free"; VariantName = "[No Variations]"
Change component parameters (AddParameter): Name = "Length"; Value = "2.92mm"; VariantName = "[No Variations]"
Change component parameters (AddParameter): Name = "Max Operating Temperature"; Value = "85°C"; VariantName = "[No Variations]"
Change component parameters (AddParameter): Name = "Max Supply Current"; Value = "850uA"; VariantName = "[No Variations]"
Change component parameters (AddParameter): Name = "Max Supply Voltage"; Value = "15.5V"; VariantName = "[No Variations]"
Change component parameters (AddParameter): Name = "Min Operating Temperature"; Value = "-40°C"; VariantName = "[No Variations]"
Change component parameters (AddParameter): Name = "Min Supply Voltage"; Value = "2.7V"; VariantName = "[No Variations]"
Change component parameters (AddParameter): Name = "Mount"; Value = "Surface Mount"; VariantName = "[No Variations]"
Change component parameters (AddParameter): Name = "Nominal Supply Current"; Value = "800uA"; VariantName = "[No Variations]"
Change component parameters (AddParameter): Name = "Number of Amplifiers"; Value = "1"; VariantName = "[No Variations]"
Change component parameters (AddParameter): Name = "Number of Channels"; Value = "1"; VariantName = "[No Variations]"
Change component parameters (AddParameter): Name = "Number of Circuits"; Value = "1"; VariantName = "[No Variations]"
Change component parameters (AddParameter): Name = "Number of Elements"; Value = "1"; VariantName = "[No Variations]"
Change component parameters (AddParameter): Name = "Number of Pins"; Value = "5"; VariantName = "[No Variations]"
Change component parameters (AddParameter): Name = "Operating Supply Current"; Value = "800uA"; VariantName = "[No Variations]"
Change component parameters (AddParameter): Name = "Output Current"; Value = "50mA"; VariantName = "[No Variations]"
Change component parameters (AddParameter): Name = "Output Current per Channel"; Value = "50mA"; VariantName = "[No Variations]"
Change component parameters (AddParameter): Name = "Package Quantity"; Value = "1000"; VariantName = "[No Variations]"
Change component parameters (AddParameter): Name = "Packaging"; Value = "Tape and Reel"; VariantName = "[No Variations]"
Change component parameters (AddParameter): Name = "PartNumber"; Value = ""; VariantName = "[No Variations]"
Change component parameters (AddParameter): Name = "Power Supply Rejection Ratio (PSRR)"; Value = "65dB"; VariantName = "[No Variations]"
Change component parameters (AddParameter): Name = "Radiation Hardening"; Value = "No"; VariantName = "[No Variations]"
Change component parameters (AddParameter): Name = "REACH SVHC"; Value = "No SVHC"; VariantName = "[No Variations]"
Change component parameters (AddParameter): Name = "Slew Rate"; Value = "1.1V/µs"; VariantName = "[No Variations]"
Change component parameters (AddParameter): Name = "Unity Gain Bandwidth Product"; Value = "1MHz"; VariantName = "[No Variations]"
Change component parameters (AddParameter): Name = "Voltage Gain"; Value = "110.63dB"; VariantName = "[No Variations]"
Change component parameters (AddParameter): Name = "Width"; Value = "1.6mm"; VariantName = "[No Variations]"
