Change Component DesignItemId : Designator=C89.1 Old DesignItemId=CMP-0300-000090-3 New DesignItemId=CMP-0300-000090-4
Change Component DesignItemId : Designator=C89.2 Old DesignItemId=CMP-0300-000090-3 New DesignItemId=CMP-0300-000090-4
Change Component DesignItemId : Designator=C138.1 Old DesignItemId=CMP-0300-000090-3 New DesignItemId=CMP-0300-000090-4
Change Component DesignItemId : Designator=C138.2 Old DesignItemId=CMP-0300-000090-3 New DesignItemId=CMP-0300-000090-4
Change Component DesignItemId : Designator=C155.1 Old DesignItemId=CMP-0300-000090-3 New DesignItemId=CMP-0300-000090-4
Change Component DesignItemId : Designator=C155.2 Old DesignItemId=CMP-0300-000090-3 New DesignItemId=CMP-0300-000090-4
Change Component DesignItemId : Designator=C54 Old DesignItemId=CMP-0300-000207-5 New DesignItemId=CMP-0300-000207-6
Change Component DesignItemId : Designator=C63 Old DesignItemId=CMP-0300-000207-5 New DesignItemId=CMP-0300-000207-6
Change Component DesignItemId : Designator=C68 Old DesignItemId=CMP-0300-000207-5 New DesignItemId=CMP-0300-000207-6
Change Component DesignItemId : Designator=C53 Old DesignItemId=CMP-0300-000208-5 New DesignItemId=CMP-0300-000208-6
Change Component DesignItemId : Designator=C60 Old DesignItemId=CMP-0300-000208-5 New DesignItemId=CMP-0300-000208-6
Change Component DesignItemId : Designator=C184 Old DesignItemId=CMP-0300-000208-5 New DesignItemId=CMP-0300-000208-6
Change Component DesignItemId : Designator=C193.1 Old DesignItemId=CMP-0300-000208-5 New DesignItemId=CMP-0300-000208-6
Change Component DesignItemId : Designator=C193.2 Old DesignItemId=CMP-0300-000208-5 New DesignItemId=CMP-0300-000208-6
Change Component DesignItemId : Designator=C193.3 Old DesignItemId=CMP-0300-000208-5 New DesignItemId=CMP-0300-000208-6
Change Component DesignItemId : Designator=C193.4 Old DesignItemId=CMP-0300-000208-5 New DesignItemId=CMP-0300-000208-6
Change Component DesignItemId : Designator=C183 Old DesignItemId=CMP-0300-000235-5 New DesignItemId=CMP-0300-000235-6
Change Component DesignItemId : Designator=C194 Old DesignItemId=CMP-0300-000235-5 New DesignItemId=CMP-0300-000235-6
Change Component DesignItemId : Designator=C169 Old DesignItemId=CMP-0300-000277-1 New DesignItemId=CMP-0300-000277-2
Change Component DesignItemId : Designator=C170 Old DesignItemId=CMP-0300-000277-1 New DesignItemId=CMP-0300-000277-2
Change Component DesignItemId : Designator=C171 Old DesignItemId=CMP-0300-000277-1 New DesignItemId=CMP-0300-000277-2
Change Component DesignItemId : Designator=C172 Old DesignItemId=CMP-0300-000277-1 New DesignItemId=CMP-0300-000277-2
Change Component DesignItemId : Designator=C173 Old DesignItemId=CMP-0300-000277-1 New DesignItemId=CMP-0300-000277-2
Change Component DesignItemId : Designator=C197.1 Old DesignItemId=CMP-0300-001445-3 New DesignItemId=CMP-0300-001445-4
Change Component DesignItemId : Designator=C197.2 Old DesignItemId=CMP-0300-001445-3 New DesignItemId=CMP-0300-001445-4
Change Component DesignItemId : Designator=C197.3 Old DesignItemId=CMP-0300-001445-3 New DesignItemId=CMP-0300-001445-4
Change Component DesignItemId : Designator=C197.4 Old DesignItemId=CMP-0300-001445-3 New DesignItemId=CMP-0300-001445-4
Change Component DesignItemId : Designator=C200.1 Old DesignItemId=CMP-0300-001552-3 New DesignItemId=CMP-0300-001552-4
Change Component DesignItemId : Designator=C200.2 Old DesignItemId=CMP-0300-001552-3 New DesignItemId=CMP-0300-001552-4
Change Component DesignItemId : Designator=C200.3 Old DesignItemId=CMP-0300-001552-3 New DesignItemId=CMP-0300-001552-4
Change Component DesignItemId : Designator=C200.4 Old DesignItemId=CMP-0300-001552-3 New DesignItemId=CMP-0300-001552-4
Change Component DesignItemId : Designator=C198.1 Old DesignItemId=CMP-0300-002431-3 New DesignItemId=CMP-0300-002431-4
Change Component DesignItemId : Designator=C198.2 Old DesignItemId=CMP-0300-002431-3 New DesignItemId=CMP-0300-002431-4
Change Component DesignItemId : Designator=C198.3 Old DesignItemId=CMP-0300-002431-3 New DesignItemId=CMP-0300-002431-4
Change Component DesignItemId : Designator=C198.4 Old DesignItemId=CMP-0300-002431-3 New DesignItemId=CMP-0300-002431-4
Change Component DesignItemId : Designator=C82 Old DesignItemId=CMP-0300-002440-4 New DesignItemId=CMP-0300-002440-5
Change Component DesignItemId : Designator=C83 Old DesignItemId=CMP-0300-002440-4 New DesignItemId=CMP-0300-002440-5
Change Component DesignItemId : Designator=C51 Old DesignItemId=CMP-0300-002442-4 New DesignItemId=CMP-0300-002442-5
Change Component DesignItemId : Designator=C52 Old DesignItemId=CMP-0300-002442-4 New DesignItemId=CMP-0300-002442-5
Change Component DesignItemId : Designator=C56 Old DesignItemId=CMP-0300-002475-4 New DesignItemId=CMP-0300-002475-5
Change Component DesignItemId : Designator=C81 Old DesignItemId=CMP-0300-002475-4 New DesignItemId=CMP-0300-002475-5
Change Component DesignItemId : Designator=C3.1 Old DesignItemId=CMP-0300-002637-3 New DesignItemId=CMP-0300-002637-4
Change Component DesignItemId : Designator=C3.2 Old DesignItemId=CMP-0300-002637-3 New DesignItemId=CMP-0300-002637-4
Change Component DesignItemId : Designator=C4.1 Old DesignItemId=CMP-0300-002637-3 New DesignItemId=CMP-0300-002637-4
Change Component DesignItemId : Designator=C4.2 Old DesignItemId=CMP-0300-002637-3 New DesignItemId=CMP-0300-002637-4
Change Component DesignItemId : Designator=C6.1 Old DesignItemId=CMP-0300-002637-3 New DesignItemId=CMP-0300-002637-4
Change Component DesignItemId : Designator=C6.2 Old DesignItemId=CMP-0300-002637-3 New DesignItemId=CMP-0300-002637-4
Change Component DesignItemId : Designator=C7.1 Old DesignItemId=CMP-0300-002637-3 New DesignItemId=CMP-0300-002637-4
Change Component DesignItemId : Designator=C7.2 Old DesignItemId=CMP-0300-002637-3 New DesignItemId=CMP-0300-002637-4
Change Component DesignItemId : Designator=C85.1 Old DesignItemId=CMP-0300-002637-3 New DesignItemId=CMP-0300-002637-4
Change Component DesignItemId : Designator=C85.2 Old DesignItemId=CMP-0300-002637-3 New DesignItemId=CMP-0300-002637-4
Change Component DesignItemId : Designator=C86.1 Old DesignItemId=CMP-0300-002637-3 New DesignItemId=CMP-0300-002637-4
Change Component DesignItemId : Designator=C86.2 Old DesignItemId=CMP-0300-002637-3 New DesignItemId=CMP-0300-002637-4
Change Component DesignItemId : Designator=C87.1 Old DesignItemId=CMP-0300-002637-3 New DesignItemId=CMP-0300-002637-4
Change Component DesignItemId : Designator=C87.2 Old DesignItemId=CMP-0300-002637-3 New DesignItemId=CMP-0300-002637-4
Change Component DesignItemId : Designator=C202 Old DesignItemId=CMP-0300-002637-3 New DesignItemId=CMP-0300-002637-4
Change Component DesignItemId : Designator=C205 Old DesignItemId=CMP-0300-002637-3 New DesignItemId=CMP-0300-002637-4
Change Component DesignItemId : Designator=C175 Old DesignItemId=CMP-0300-002654-4 New DesignItemId=CMP-0300-002654-5
Change Component DesignItemId : Designator=C1.1 Old DesignItemId=CMP-0300-002665-4 New DesignItemId=CMP-0300-002665-5
Change Component DesignItemId : Designator=C1.2 Old DesignItemId=CMP-0300-002665-4 New DesignItemId=CMP-0300-002665-5
Change Component DesignItemId : Designator=C2.1 Old DesignItemId=CMP-0300-002665-4 New DesignItemId=CMP-0300-002665-5
Change Component DesignItemId : Designator=C2.2 Old DesignItemId=CMP-0300-002665-4 New DesignItemId=CMP-0300-002665-5
Change Component DesignItemId : Designator=C5.1 Old DesignItemId=CMP-0300-002665-4 New DesignItemId=CMP-0300-002665-5
Change Component DesignItemId : Designator=C5.2 Old DesignItemId=CMP-0300-002665-4 New DesignItemId=CMP-0300-002665-5
Change Component DesignItemId : Designator=C8 Old DesignItemId=CMP-0300-002665-4 New DesignItemId=CMP-0300-002665-5
Change Component DesignItemId : Designator=C9 Old DesignItemId=CMP-0300-002665-4 New DesignItemId=CMP-0300-002665-5
Change Component DesignItemId : Designator=C10 Old DesignItemId=CMP-0300-002665-4 New DesignItemId=CMP-0300-002665-5
Change Component DesignItemId : Designator=C11 Old DesignItemId=CMP-0300-002665-4 New DesignItemId=CMP-0300-002665-5
Change Component DesignItemId : Designator=C21 Old DesignItemId=CMP-0300-002665-4 New DesignItemId=CMP-0300-002665-5
Change Component DesignItemId : Designator=C23 Old DesignItemId=CMP-0300-002665-4 New DesignItemId=CMP-0300-002665-5
Change Component DesignItemId : Designator=C28 Old DesignItemId=CMP-0300-002665-4 New DesignItemId=CMP-0300-002665-5
Change Component DesignItemId : Designator=C36 Old DesignItemId=CMP-0300-002665-4 New DesignItemId=CMP-0300-002665-5
Change Component DesignItemId : Designator=C37 Old DesignItemId=CMP-0300-002665-4 New DesignItemId=CMP-0300-002665-5
Change Component DesignItemId : Designator=C38 Old DesignItemId=CMP-0300-002665-4 New DesignItemId=CMP-0300-002665-5
Change Component DesignItemId : Designator=C39 Old DesignItemId=CMP-0300-002665-4 New DesignItemId=CMP-0300-002665-5
Change Component DesignItemId : Designator=C40 Old DesignItemId=CMP-0300-002665-4 New DesignItemId=CMP-0300-002665-5
Change Component DesignItemId : Designator=C42 Old DesignItemId=CMP-0300-002665-4 New DesignItemId=CMP-0300-002665-5
Change Component DesignItemId : Designator=C43 Old DesignItemId=CMP-0300-002665-4 New DesignItemId=CMP-0300-002665-5
Change Component DesignItemId : Designator=C44 Old DesignItemId=CMP-0300-002665-4 New DesignItemId=CMP-0300-002665-5
Change Component DesignItemId : Designator=C47 Old DesignItemId=CMP-0300-002665-4 New DesignItemId=CMP-0300-002665-5
Change Component DesignItemId : Designator=C49 Old DesignItemId=CMP-0300-002665-4 New DesignItemId=CMP-0300-002665-5
Change Component DesignItemId : Designator=C50 Old DesignItemId=CMP-0300-002665-4 New DesignItemId=CMP-0300-002665-5
Change Component DesignItemId : Designator=C57 Old DesignItemId=CMP-0300-002665-4 New DesignItemId=CMP-0300-002665-5
Change Component DesignItemId : Designator=C59 Old DesignItemId=CMP-0300-002665-4 New DesignItemId=CMP-0300-002665-5
Change Component DesignItemId : Designator=C61 Old DesignItemId=CMP-0300-002665-4 New DesignItemId=CMP-0300-002665-5
Change Component DesignItemId : Designator=C65 Old DesignItemId=CMP-0300-002665-4 New DesignItemId=CMP-0300-002665-5
Change Component DesignItemId : Designator=C70 Old DesignItemId=CMP-0300-002665-4 New DesignItemId=CMP-0300-002665-5
Change Component DesignItemId : Designator=C84.1 Old DesignItemId=CMP-0300-002665-4 New DesignItemId=CMP-0300-002665-5
Change Component DesignItemId : Designator=C84.2 Old DesignItemId=CMP-0300-002665-4 New DesignItemId=CMP-0300-002665-5
Change Component DesignItemId : Designator=C88.1 Old DesignItemId=CMP-0300-002665-4 New DesignItemId=CMP-0300-002665-5
Change Component DesignItemId : Designator=C88.2 Old DesignItemId=CMP-0300-002665-4 New DesignItemId=CMP-0300-002665-5
Change Component DesignItemId : Designator=C161 Old DesignItemId=CMP-0300-002665-4 New DesignItemId=CMP-0300-002665-5
Change Component DesignItemId : Designator=C162 Old DesignItemId=CMP-0300-002665-4 New DesignItemId=CMP-0300-002665-5
Change Component DesignItemId : Designator=C163 Old DesignItemId=CMP-0300-002665-4 New DesignItemId=CMP-0300-002665-5
Change Component DesignItemId : Designator=C164 Old DesignItemId=CMP-0300-002665-4 New DesignItemId=CMP-0300-002665-5
Change Component DesignItemId : Designator=C165 Old DesignItemId=CMP-0300-002665-4 New DesignItemId=CMP-0300-002665-5
Change Component DesignItemId : Designator=C166 Old DesignItemId=CMP-0300-002665-4 New DesignItemId=CMP-0300-002665-5
Change Component DesignItemId : Designator=C167 Old DesignItemId=CMP-0300-002665-4 New DesignItemId=CMP-0300-002665-5
Change Component DesignItemId : Designator=C168 Old DesignItemId=CMP-0300-002665-4 New DesignItemId=CMP-0300-002665-5
Change Component DesignItemId : Designator=C176 Old DesignItemId=CMP-0300-002665-4 New DesignItemId=CMP-0300-002665-5
Change Component DesignItemId : Designator=C177 Old DesignItemId=CMP-0300-002665-4 New DesignItemId=CMP-0300-002665-5
Change Component DesignItemId : Designator=C178 Old DesignItemId=CMP-0300-002665-4 New DesignItemId=CMP-0300-002665-5
Change Component DesignItemId : Designator=C179 Old DesignItemId=CMP-0300-002665-4 New DesignItemId=CMP-0300-002665-5
Change Component DesignItemId : Designator=C180 Old DesignItemId=CMP-0300-002665-4 New DesignItemId=CMP-0300-002665-5
Change Component DesignItemId : Designator=C181 Old DesignItemId=CMP-0300-002665-4 New DesignItemId=CMP-0300-002665-5
Change Component DesignItemId : Designator=C182 Old DesignItemId=CMP-0300-002665-4 New DesignItemId=CMP-0300-002665-5
Change Component DesignItemId : Designator=C203 Old DesignItemId=CMP-0300-002665-4 New DesignItemId=CMP-0300-002665-5
Change Component DesignItemId : Designator=C204 Old DesignItemId=CMP-0300-002665-4 New DesignItemId=CMP-0300-002665-5
Change Component DesignItemId : Designator=C199.1 Old DesignItemId=CMP-0300-002666-4 New DesignItemId=CMP-0300-002666-5
Change Component DesignItemId : Designator=C199.2 Old DesignItemId=CMP-0300-002666-4 New DesignItemId=CMP-0300-002666-5
Change Component DesignItemId : Designator=C199.3 Old DesignItemId=CMP-0300-002666-4 New DesignItemId=CMP-0300-002666-5
Change Component DesignItemId : Designator=C199.4 Old DesignItemId=CMP-0300-002666-4 New DesignItemId=CMP-0300-002666-5
Change Component DesignItemId : Designator=C201.1 Old DesignItemId=CMP-0300-002666-4 New DesignItemId=CMP-0300-002666-5
Change Component DesignItemId : Designator=C201.2 Old DesignItemId=CMP-0300-002666-4 New DesignItemId=CMP-0300-002666-5
Change Component DesignItemId : Designator=C201.3 Old DesignItemId=CMP-0300-002666-4 New DesignItemId=CMP-0300-002666-5
Change Component DesignItemId : Designator=C201.4 Old DesignItemId=CMP-0300-002666-4 New DesignItemId=CMP-0300-002666-5
Change Component DesignItemId : Designator=C29 Old DesignItemId=CMP-0300-002669-4 New DesignItemId=CMP-0300-002669-5
Change Component DesignItemId : Designator=C174 Old DesignItemId=CMP-0300-003189-4 New DesignItemId=CMP-0300-003189-5
Change Component DesignItemId : Designator=R121 Old DesignItemId=CMP-1800-002062-3 New DesignItemId=CMP-1800-002087-3
Change Component DesignItemId : Designator=U25 Old DesignItemId=CMP-2100-000560-1 New DesignItemId=CMP-2100-000560-2
Change Component DesignItemId : Designator=U26 Old DesignItemId=CMP-2100-000560-1 New DesignItemId=CMP-2100-000560-2
Change Component Footprint: Designator=C29 Old Footprint=CAPC1608X90L New Footprint=CAPC1608X90L
Change Component Footprint: Designator=C1.1 Old Footprint=CAPC1608X90N New Footprint=CAPC1608X90N
Change Component Footprint: Designator=C1.2 Old Footprint=CAPC1608X90N New Footprint=CAPC1608X90N
Change Component Footprint: Designator=C2.1 Old Footprint=CAPC1608X90N New Footprint=CAPC1608X90N
Change Component Footprint: Designator=C2.2 Old Footprint=CAPC1608X90N New Footprint=CAPC1608X90N
Change Component Footprint: Designator=C3.1 Old Footprint=CAPC1608X90N New Footprint=CAPC1608X90N
Change Component Footprint: Designator=C3.2 Old Footprint=CAPC1608X90N New Footprint=CAPC1608X90N
Change Component Footprint: Designator=C4.1 Old Footprint=CAPC1608X90N New Footprint=CAPC1608X90N
Change Component Footprint: Designator=C4.2 Old Footprint=CAPC1608X90N New Footprint=CAPC1608X90N
Change Component Footprint: Designator=C5.1 Old Footprint=CAPC1608X90N New Footprint=CAPC1608X90N
Change Component Footprint: Designator=C5.2 Old Footprint=CAPC1608X90N New Footprint=CAPC1608X90N
Change Component Footprint: Designator=C6.1 Old Footprint=CAPC1608X90N New Footprint=CAPC1608X90N
Change Component Footprint: Designator=C6.2 Old Footprint=CAPC1608X90N New Footprint=CAPC1608X90N
Change Component Footprint: Designator=C7.1 Old Footprint=CAPC1608X90N New Footprint=CAPC1608X90N
Change Component Footprint: Designator=C7.2 Old Footprint=CAPC1608X90N New Footprint=CAPC1608X90N
Change Component Footprint: Designator=C8 Old Footprint=CAPC1608X90N New Footprint=CAPC1608X90N
Change Component Footprint: Designator=C9 Old Footprint=CAPC1608X90N New Footprint=CAPC1608X90N
Change Component Footprint: Designator=C10 Old Footprint=CAPC1608X90N New Footprint=CAPC1608X90N
Change Component Footprint: Designator=C11 Old Footprint=CAPC1608X90N New Footprint=CAPC1608X90N
Change Component Footprint: Designator=C21 Old Footprint=CAPC1608X90N New Footprint=CAPC1608X90N
Change Component Footprint: Designator=C23 Old Footprint=CAPC1608X90N New Footprint=CAPC1608X90N
Change Component Footprint: Designator=C28 Old Footprint=CAPC1608X90N New Footprint=CAPC1608X90N
Change Component Footprint: Designator=C36 Old Footprint=CAPC1608X90N New Footprint=CAPC1608X90N
Change Component Footprint: Designator=C37 Old Footprint=CAPC1608X90N New Footprint=CAPC1608X90N
Change Component Footprint: Designator=C38 Old Footprint=CAPC1608X90N New Footprint=CAPC1608X90N
Change Component Footprint: Designator=C39 Old Footprint=CAPC1608X90N New Footprint=CAPC1608X90N
Change Component Footprint: Designator=C40 Old Footprint=CAPC1608X90N New Footprint=CAPC1608X90N
Change Component Footprint: Designator=C42 Old Footprint=CAPC1608X90N New Footprint=CAPC1608X90N
Change Component Footprint: Designator=C43 Old Footprint=CAPC1608X90N New Footprint=CAPC1608X90N
Change Component Footprint: Designator=C44 Old Footprint=CAPC1608X90N New Footprint=CAPC1608X90N
Change Component Footprint: Designator=C47 Old Footprint=CAPC1608X90N New Footprint=CAPC1608X90N
Change Component Footprint: Designator=C49 Old Footprint=CAPC1608X90N New Footprint=CAPC1608X90N
Change Component Footprint: Designator=C50 Old Footprint=CAPC1608X90N New Footprint=CAPC1608X90N
Change Component Footprint: Designator=C51 Old Footprint=CAPC1608X90N New Footprint=CAPC1608X90N
Change Component Footprint: Designator=C52 Old Footprint=CAPC1608X90N New Footprint=CAPC1608X90N
Change Component Footprint: Designator=C56 Old Footprint=CAPC1608X90N New Footprint=CAPC1608X90N
Change Component Footprint: Designator=C57 Old Footprint=CAPC1608X90N New Footprint=CAPC1608X90N
Change Component Footprint: Designator=C59 Old Footprint=CAPC1608X90N New Footprint=CAPC1608X90N
Change Component Footprint: Designator=C61 Old Footprint=CAPC1608X90N New Footprint=CAPC1608X90N
Change Component Footprint: Designator=C65 Old Footprint=CAPC1608X90N New Footprint=CAPC1608X90N
Change Component Footprint: Designator=C70 Old Footprint=CAPC1608X90N New Footprint=CAPC1608X90N
Change Component Footprint: Designator=C81 Old Footprint=CAPC1608X90N New Footprint=CAPC1608X90N
Change Component Footprint: Designator=C82 Old Footprint=CAPC1608X90N New Footprint=CAPC1608X90N
Change Component Footprint: Designator=C83 Old Footprint=CAPC1608X90N New Footprint=CAPC1608X90N
Change Component Footprint: Designator=C84.1 Old Footprint=CAPC1608X90N New Footprint=CAPC1608X90N
Change Component Footprint: Designator=C84.2 Old Footprint=CAPC1608X90N New Footprint=CAPC1608X90N
Change Component Footprint: Designator=C85.1 Old Footprint=CAPC1608X90N New Footprint=CAPC1608X90N
Change Component Footprint: Designator=C85.2 Old Footprint=CAPC1608X90N New Footprint=CAPC1608X90N
Change Component Footprint: Designator=C86.1 Old Footprint=CAPC1608X90N New Footprint=CAPC1608X90N
Change Component Footprint: Designator=C86.2 Old Footprint=CAPC1608X90N New Footprint=CAPC1608X90N
Change Component Footprint: Designator=C87.1 Old Footprint=CAPC1608X90N New Footprint=CAPC1608X90N
Change Component Footprint: Designator=C87.2 Old Footprint=CAPC1608X90N New Footprint=CAPC1608X90N
Change Component Footprint: Designator=C88.1 Old Footprint=CAPC1608X90N New Footprint=CAPC1608X90N
Change Component Footprint: Designator=C88.2 Old Footprint=CAPC1608X90N New Footprint=CAPC1608X90N
Change Component Footprint: Designator=C161 Old Footprint=CAPC1608X90N New Footprint=CAPC1608X90N
Change Component Footprint: Designator=C162 Old Footprint=CAPC1608X90N New Footprint=CAPC1608X90N
Change Component Footprint: Designator=C163 Old Footprint=CAPC1608X90N New Footprint=CAPC1608X90N
Change Component Footprint: Designator=C164 Old Footprint=CAPC1608X90N New Footprint=CAPC1608X90N
Change Component Footprint: Designator=C165 Old Footprint=CAPC1608X90N New Footprint=CAPC1608X90N
Change Component Footprint: Designator=C166 Old Footprint=CAPC1608X90N New Footprint=CAPC1608X90N
Change Component Footprint: Designator=C167 Old Footprint=CAPC1608X90N New Footprint=CAPC1608X90N
Change Component Footprint: Designator=C168 Old Footprint=CAPC1608X90N New Footprint=CAPC1608X90N
Change Component Footprint: Designator=C174 Old Footprint=CAPC1608X90N New Footprint=CAPC1608X90N
Change Component Footprint: Designator=C175 Old Footprint=CAPC1608X90N New Footprint=CAPC1608X90N
Change Component Footprint: Designator=C176 Old Footprint=CAPC1608X90N New Footprint=CAPC1608X90N
Change Component Footprint: Designator=C177 Old Footprint=CAPC1608X90N New Footprint=CAPC1608X90N
Change Component Footprint: Designator=C178 Old Footprint=CAPC1608X90N New Footprint=CAPC1608X90N
Change Component Footprint: Designator=C179 Old Footprint=CAPC1608X90N New Footprint=CAPC1608X90N
Change Component Footprint: Designator=C180 Old Footprint=CAPC1608X90N New Footprint=CAPC1608X90N
Change Component Footprint: Designator=C181 Old Footprint=CAPC1608X90N New Footprint=CAPC1608X90N
Change Component Footprint: Designator=C182 Old Footprint=CAPC1608X90N New Footprint=CAPC1608X90N
Change Component Footprint: Designator=C197.1 Old Footprint=CAPC1608X90N New Footprint=CAPC1608X90N
Change Component Footprint: Designator=C197.2 Old Footprint=CAPC1608X90N New Footprint=CAPC1608X90N
Change Component Footprint: Designator=C197.3 Old Footprint=CAPC1608X90N New Footprint=CAPC1608X90N
Change Component Footprint: Designator=C197.4 Old Footprint=CAPC1608X90N New Footprint=CAPC1608X90N
Change Component Footprint: Designator=C198.1 Old Footprint=CAPC1608X90N New Footprint=CAPC1608X90N
Change Component Footprint: Designator=C198.2 Old Footprint=CAPC1608X90N New Footprint=CAPC1608X90N
Change Component Footprint: Designator=C198.3 Old Footprint=CAPC1608X90N New Footprint=CAPC1608X90N
Change Component Footprint: Designator=C198.4 Old Footprint=CAPC1608X90N New Footprint=CAPC1608X90N
Change Component Footprint: Designator=C199.1 Old Footprint=CAPC1608X90N New Footprint=CAPC1608X90N
Change Component Footprint: Designator=C199.2 Old Footprint=CAPC1608X90N New Footprint=CAPC1608X90N
Change Component Footprint: Designator=C199.3 Old Footprint=CAPC1608X90N New Footprint=CAPC1608X90N
Change Component Footprint: Designator=C199.4 Old Footprint=CAPC1608X90N New Footprint=CAPC1608X90N
Change Component Footprint: Designator=C200.1 Old Footprint=CAPC1608X90N New Footprint=CAPC1608X90N
Change Component Footprint: Designator=C200.2 Old Footprint=CAPC1608X90N New Footprint=CAPC1608X90N
Change Component Footprint: Designator=C200.3 Old Footprint=CAPC1608X90N New Footprint=CAPC1608X90N
Change Component Footprint: Designator=C200.4 Old Footprint=CAPC1608X90N New Footprint=CAPC1608X90N
Change Component Footprint: Designator=C201.1 Old Footprint=CAPC1608X90N New Footprint=CAPC1608X90N
Change Component Footprint: Designator=C201.2 Old Footprint=CAPC1608X90N New Footprint=CAPC1608X90N
Change Component Footprint: Designator=C201.3 Old Footprint=CAPC1608X90N New Footprint=CAPC1608X90N
Change Component Footprint: Designator=C201.4 Old Footprint=CAPC1608X90N New Footprint=CAPC1608X90N
Change Component Footprint: Designator=C202 Old Footprint=CAPC1608X90N New Footprint=CAPC1608X90N
Change Component Footprint: Designator=C203 Old Footprint=CAPC1608X90N New Footprint=CAPC1608X90N
Change Component Footprint: Designator=C204 Old Footprint=CAPC1608X90N New Footprint=CAPC1608X90N
Change Component Footprint: Designator=C205 Old Footprint=CAPC1608X90N New Footprint=CAPC1608X90N
Change Component Footprint: Designator=C89.1 Old Footprint=CAPMP3528X21N New Footprint=CAPMP3528X21N
Change Component Footprint: Designator=C89.2 Old Footprint=CAPMP3528X21N New Footprint=CAPMP3528X21N
Change Component Footprint: Designator=C138.1 Old Footprint=CAPMP3528X21N New Footprint=CAPMP3528X21N
Change Component Footprint: Designator=C138.2 Old Footprint=CAPMP3528X21N New Footprint=CAPMP3528X21N
Change Component Footprint: Designator=C155.1 Old Footprint=CAPMP3528X21N New Footprint=CAPMP3528X21N
Change Component Footprint: Designator=C155.2 Old Footprint=CAPMP3528X21N New Footprint=CAPMP3528X21N
Change Component Footprint: Designator=C53 Old Footprint=CAPMP7343X43N New Footprint=CAPMP7343X43N
Change Component Footprint: Designator=C54 Old Footprint=CAPMP7343X43N New Footprint=CAPMP7343X43N
Change Component Footprint: Designator=C60 Old Footprint=CAPMP7343X43N New Footprint=CAPMP7343X43N
Change Component Footprint: Designator=C63 Old Footprint=CAPMP7343X43N New Footprint=CAPMP7343X43N
Change Component Footprint: Designator=C68 Old Footprint=CAPMP7343X43N New Footprint=CAPMP7343X43N
Change Component Footprint: Designator=C169 Old Footprint=CAPMP7343X43N New Footprint=CAPMP7343X43N
Change Component Footprint: Designator=C170 Old Footprint=CAPMP7343X43N New Footprint=CAPMP7343X43N
Change Component Footprint: Designator=C171 Old Footprint=CAPMP7343X43N New Footprint=CAPMP7343X43N
Change Component Footprint: Designator=C172 Old Footprint=CAPMP7343X43N New Footprint=CAPMP7343X43N
Change Component Footprint: Designator=C173 Old Footprint=CAPMP7343X43N New Footprint=CAPMP7343X43N
Change Component Footprint: Designator=C183 Old Footprint=CAPMP7343X43N New Footprint=CAPMP7343X43N
Change Component Footprint: Designator=C184 Old Footprint=CAPMP7343X43N New Footprint=CAPMP7343X43N
Change Component Footprint: Designator=C193.1 Old Footprint=CAPMP7343X43N New Footprint=CAPMP7343X43N
Change Component Footprint: Designator=C193.2 Old Footprint=CAPMP7343X43N New Footprint=CAPMP7343X43N
Change Component Footprint: Designator=C193.3 Old Footprint=CAPMP7343X43N New Footprint=CAPMP7343X43N
Change Component Footprint: Designator=C193.4 Old Footprint=CAPMP7343X43N New Footprint=CAPMP7343X43N
Change Component Footprint: Designator=C194 Old Footprint=CAPMP7343X43N New Footprint=CAPMP7343X43N
Change Component Footprint: Designator=U25 Old Footprint=TXB0108RGYR New Footprint=TXB0108RGYR
Change Component Footprint: Designator=U26 Old Footprint=TXB0108RGYR New Footprint=TXB0108RGYR
Change Component Comment : Designator=R121 Old Comment=51K ±1% 0603 New Comment=560K ±1% 0603
Change Component Description : Designator=R30 Old Description=0R01 ±1% ±100 ppm/°C 0.25W 200V 1206 (3216 metric) New Description=0R01 ±1% ±100 ppm/°C 0.25W 200V 1206 (3216 metric)
Change Component Description : Designator=R37 Old Description=0R01 ±1% ±100 ppm/°C 0.25W 200V 1206 (3216 metric) New Description=0R01 ±1% ±100 ppm/°C 0.25W 200V 1206 (3216 metric)
Change Component Description : Designator=R128 Old Description=0R5 ±1% ±100 ppm/°C 0.25W 200V 1206 (3216 metric) New Description=0R5 ±1% ±100 ppm/°C 0.25W 200V 1206 (3216 metric)
Change Component Description : Designator=R129 Old Description=0R5 ±1% ±100 ppm/°C 0.25W 200V 1206 (3216 metric) New Description=0R5 ±1% ±100 ppm/°C 0.25W 200V 1206 (3216 metric)
Change Component Description : Designator=R142 Old Description=0R5 ±1% ±100 ppm/°C 0.25W 200V 1206 (3216 metric) New Description=0R5 ±1% ±100 ppm/°C 0.25W 200V 1206 (3216 metric)
Change Component Description : Designator=R143 Old Description=0R5 ±1% ±100 ppm/°C 0.25W 200V 1206 (3216 metric) New Description=0R5 ±1% ±100 ppm/°C 0.25W 200V 1206 (3216 metric)
Change Component Description : Designator=R35 Old Description=1K0 ±1% ±100 ppm/°C 0.10W 75V 0603 (1608 metric) New Description=1K0 ±1% ±100 ppm/°C 0.10W 75V 0603 (1608 metric)
Change Component Description : Designator=R80.1 Old Description=1K0 ±1% ±100 ppm/°C 0.10W 75V 0603 (1608 metric) New Description=1K0 ±1% ±100 ppm/°C 0.10W 75V 0603 (1608 metric)
Change Component Description : Designator=R80.2 Old Description=1K0 ±1% ±100 ppm/°C 0.10W 75V 0603 (1608 metric) New Description=1K0 ±1% ±100 ppm/°C 0.10W 75V 0603 (1608 metric)
Change Component Description : Designator=R136 Old Description=1K0 ±1% ±100 ppm/°C 0.10W 75V 0603 (1608 metric) New Description=1K0 ±1% ±100 ppm/°C 0.10W 75V 0603 (1608 metric)
Change Component Description : Designator=R14 Old Description=1K2 ±1% ±100 ppm/°C 0.05W 50V 0402 (1005 metric) New Description=1K2 ±1% ±100 ppm/°C 0.05W 50V 0402 (1005 metric)
Change Component Description : Designator=R45 Old Description=1K3 ±1% ±100 ppm/°C 0.10W 75V 0603 (1608 metric) New Description=1K3 ±1% ±100 ppm/°C 0.10W 75V 0603 (1608 metric)
Change Component Description : Designator=R51 Old Description=2K0 ±1% ±100 ppm/°C 0.10W 75V 0603 (1608 metric) New Description=2K0 ±1% ±100 ppm/°C 0.10W 75V 0603 (1608 metric)
Change Component Description : Designator=R53 Old Description=2K0 ±1% ±100 ppm/°C 0.10W 75V 0603 (1608 metric) New Description=2K0 ±1% ±100 ppm/°C 0.10W 75V 0603 (1608 metric)
Change Component Description : Designator=R54 Old Description=2K0 ±1% ±100 ppm/°C 0.10W 75V 0603 (1608 metric) New Description=2K0 ±1% ±100 ppm/°C 0.10W 75V 0603 (1608 metric)
Change Component Description : Designator=R55 Old Description=2K0 ±1% ±100 ppm/°C 0.10W 75V 0603 (1608 metric) New Description=2K0 ±1% ±100 ppm/°C 0.10W 75V 0603 (1608 metric)
Change Component Description : Designator=R56 Old Description=2K0 ±1% ±100 ppm/°C 0.10W 75V 0603 (1608 metric) New Description=2K0 ±1% ±100 ppm/°C 0.10W 75V 0603 (1608 metric)
Change Component Description : Designator=R57 Old Description=2K0 ±1% ±100 ppm/°C 0.10W 75V 0603 (1608 metric) New Description=2K0 ±1% ±100 ppm/°C 0.10W 75V 0603 (1608 metric)
Change Component Description : Designator=R23 Old Description=2K2 ±1% ±100 ppm/°C 0.10W 75V 0603 (1608 metric) New Description=2K2 ±1% ±100 ppm/°C 0.10W 75V 0603 (1608 metric)
Change Component Description : Designator=R34 Old Description=2K2 ±1% ±100 ppm/°C 0.10W 75V 0603 (1608 metric) New Description=2K2 ±1% ±100 ppm/°C 0.10W 75V 0603 (1608 metric)
Change Component Description : Designator=R36 Old Description=2K2 ±1% ±100 ppm/°C 0.10W 75V 0603 (1608 metric) New Description=2K2 ±1% ±100 ppm/°C 0.10W 75V 0603 (1608 metric)
Change Component Description : Designator=R13 Old Description=2K4 ±1% ±100 ppm/°C 0.05W 50V 0402 (1005 metric) New Description=2K4 ±1% ±100 ppm/°C 0.05W 50V 0402 (1005 metric)
Change Component Description : Designator=R33 Old Description=2K7 ±1% ±100 ppm/°C 0.10W 75V 0603 (1608 metric) New Description=2K7 ±1% ±100 ppm/°C 0.10W 75V 0603 (1608 metric)
Change Component Description : Designator=R40 Old Description=2K7 ±1% ±100 ppm/°C 0.10W 75V 0603 (1608 metric) New Description=2K7 ±1% ±100 ppm/°C 0.10W 75V 0603 (1608 metric)
Change Component Description : Designator=R43 Old Description=2K7 ±1% ±100 ppm/°C 0.10W 75V 0603 (1608 metric) New Description=2K7 ±1% ±100 ppm/°C 0.10W 75V 0603 (1608 metric)
Change Component Description : Designator=R46 Old Description=2K7 ±1% ±100 ppm/°C 0.10W 75V 0603 (1608 metric) New Description=2K7 ±1% ±100 ppm/°C 0.10W 75V 0603 (1608 metric)
Change Component Description : Designator=R31 Old Description=4K7 ±1% ±100 ppm/°C 0.10W 75V 0603 (1608 metric) New Description=4K7 ±1% ±100 ppm/°C 0.10W 75V 0603 (1608 metric)
Change Component Description : Designator=R32 Old Description=4K7 ±1% ±100 ppm/°C 0.10W 75V 0603 (1608 metric) New Description=4K7 ±1% ±100 ppm/°C 0.10W 75V 0603 (1608 metric)
Change Component Description : Designator=R38 Old Description=4K7 ±1% ±100 ppm/°C 0.10W 75V 0603 (1608 metric) New Description=4K7 ±1% ±100 ppm/°C 0.10W 75V 0603 (1608 metric)
Change Component Description : Designator=R39 Old Description=4K7 ±1% ±100 ppm/°C 0.10W 75V 0603 (1608 metric) New Description=4K7 ±1% ±100 ppm/°C 0.10W 75V 0603 (1608 metric)
Change Component Description : Designator=R41 Old Description=4K7 ±1% ±100 ppm/°C 0.10W 75V 0603 (1608 metric) New Description=4K7 ±1% ±100 ppm/°C 0.10W 75V 0603 (1608 metric)
Change Component Description : Designator=R42 Old Description=4K7 ±1% ±100 ppm/°C 0.10W 75V 0603 (1608 metric) New Description=4K7 ±1% ±100 ppm/°C 0.10W 75V 0603 (1608 metric)
Change Component Description : Designator=R44 Old Description=4K7 ±1% ±100 ppm/°C 0.10W 75V 0603 (1608 metric) New Description=4K7 ±1% ±100 ppm/°C 0.10W 75V 0603 (1608 metric)
Change Component Description : Designator=R58.1 Old Description=4K7 ±1% ±100 ppm/°C 0.10W 75V 0603 (1608 metric) New Description=4K7 ±1% ±100 ppm/°C 0.10W 75V 0603 (1608 metric)
Change Component Description : Designator=R58.2 Old Description=4K7 ±1% ±100 ppm/°C 0.10W 75V 0603 (1608 metric) New Description=4K7 ±1% ±100 ppm/°C 0.10W 75V 0603 (1608 metric)
Change Component Description : Designator=R59.1 Old Description=4K7 ±1% ±100 ppm/°C 0.10W 75V 0603 (1608 metric) New Description=4K7 ±1% ±100 ppm/°C 0.10W 75V 0603 (1608 metric)
Change Component Description : Designator=R59.2 Old Description=4K7 ±1% ±100 ppm/°C 0.10W 75V 0603 (1608 metric) New Description=4K7 ±1% ±100 ppm/°C 0.10W 75V 0603 (1608 metric)
Change Component Description : Designator=R60.1 Old Description=4K7 ±1% ±100 ppm/°C 0.10W 75V 0603 (1608 metric) New Description=4K7 ±1% ±100 ppm/°C 0.10W 75V 0603 (1608 metric)
Change Component Description : Designator=R60.2 Old Description=4K7 ±1% ±100 ppm/°C 0.10W 75V 0603 (1608 metric) New Description=4K7 ±1% ±100 ppm/°C 0.10W 75V 0603 (1608 metric)
Change Component Description : Designator=R61.1 Old Description=4K7 ±1% ±100 ppm/°C 0.10W 75V 0603 (1608 metric) New Description=4K7 ±1% ±100 ppm/°C 0.10W 75V 0603 (1608 metric)
Change Component Description : Designator=R61.2 Old Description=4K7 ±1% ±100 ppm/°C 0.10W 75V 0603 (1608 metric) New Description=4K7 ±1% ±100 ppm/°C 0.10W 75V 0603 (1608 metric)
Change Component Description : Designator=R62.1 Old Description=4K7 ±1% ±100 ppm/°C 0.10W 75V 0603 (1608 metric) New Description=4K7 ±1% ±100 ppm/°C 0.10W 75V 0603 (1608 metric)
Change Component Description : Designator=R62.2 Old Description=4K7 ±1% ±100 ppm/°C 0.10W 75V 0603 (1608 metric) New Description=4K7 ±1% ±100 ppm/°C 0.10W 75V 0603 (1608 metric)
Change Component Description : Designator=R64.1 Old Description=4K7 ±1% ±100 ppm/°C 0.10W 75V 0603 (1608 metric) New Description=4K7 ±1% ±100 ppm/°C 0.10W 75V 0603 (1608 metric)
Change Component Description : Designator=R64.2 Old Description=4K7 ±1% ±100 ppm/°C 0.10W 75V 0603 (1608 metric) New Description=4K7 ±1% ±100 ppm/°C 0.10W 75V 0603 (1608 metric)
Change Component Description : Designator=R84 Old Description=4K7 ±1% ±100 ppm/°C 0.10W 75V 0603 (1608 metric) New Description=4K7 ±1% ±100 ppm/°C 0.10W 75V 0603 (1608 metric)
Change Component Description : Designator=R85 Old Description=4K7 ±1% ±100 ppm/°C 0.10W 75V 0603 (1608 metric) New Description=4K7 ±1% ±100 ppm/°C 0.10W 75V 0603 (1608 metric)
Change Component Description : Designator=R86 Old Description=4K7 ±1% ±100 ppm/°C 0.10W 75V 0603 (1608 metric) New Description=4K7 ±1% ±100 ppm/°C 0.10W 75V 0603 (1608 metric)
Change Component Description : Designator=R87 Old Description=4K7 ±1% ±100 ppm/°C 0.10W 75V 0603 (1608 metric) New Description=4K7 ±1% ±100 ppm/°C 0.10W 75V 0603 (1608 metric)
Change Component Description : Designator=R88 Old Description=4K7 ±1% ±100 ppm/°C 0.10W 75V 0603 (1608 metric) New Description=4K7 ±1% ±100 ppm/°C 0.10W 75V 0603 (1608 metric)
Change Component Description : Designator=R89 Old Description=4K7 ±1% ±100 ppm/°C 0.10W 75V 0603 (1608 metric) New Description=4K7 ±1% ±100 ppm/°C 0.10W 75V 0603 (1608 metric)
Change Component Description : Designator=R90 Old Description=4K7 ±1% ±100 ppm/°C 0.10W 75V 0603 (1608 metric) New Description=4K7 ±1% ±100 ppm/°C 0.10W 75V 0603 (1608 metric)
Change Component Description : Designator=R91 Old Description=4K7 ±1% ±100 ppm/°C 0.10W 75V 0603 (1608 metric) New Description=4K7 ±1% ±100 ppm/°C 0.10W 75V 0603 (1608 metric)
Change Component Description : Designator=R92 Old Description=4K7 ±1% ±100 ppm/°C 0.10W 75V 0603 (1608 metric) New Description=4K7 ±1% ±100 ppm/°C 0.10W 75V 0603 (1608 metric)
Change Component Description : Designator=R93 Old Description=4K7 ±1% ±100 ppm/°C 0.10W 75V 0603 (1608 metric) New Description=4K7 ±1% ±100 ppm/°C 0.10W 75V 0603 (1608 metric)
Change Component Description : Designator=R94 Old Description=4K7 ±1% ±100 ppm/°C 0.10W 75V 0603 (1608 metric) New Description=4K7 ±1% ±100 ppm/°C 0.10W 75V 0603 (1608 metric)
Change Component Description : Designator=R95 Old Description=4K7 ±1% ±100 ppm/°C 0.10W 75V 0603 (1608 metric) New Description=4K7 ±1% ±100 ppm/°C 0.10W 75V 0603 (1608 metric)
Change Component Description : Designator=R96 Old Description=4K7 ±1% ±100 ppm/°C 0.10W 75V 0603 (1608 metric) New Description=4K7 ±1% ±100 ppm/°C 0.10W 75V 0603 (1608 metric)
Change Component Description : Designator=R97 Old Description=4K7 ±1% ±100 ppm/°C 0.10W 75V 0603 (1608 metric) New Description=4K7 ±1% ±100 ppm/°C 0.10W 75V 0603 (1608 metric)
Change Component Description : Designator=R98 Old Description=4K7 ±1% ±100 ppm/°C 0.10W 75V 0603 (1608 metric) New Description=4K7 ±1% ±100 ppm/°C 0.10W 75V 0603 (1608 metric)
Change Component Description : Designator=R99 Old Description=4K7 ±1% ±100 ppm/°C 0.10W 75V 0603 (1608 metric) New Description=4K7 ±1% ±100 ppm/°C 0.10W 75V 0603 (1608 metric)
Change Component Description : Designator=R100 Old Description=4K7 ±1% ±100 ppm/°C 0.10W 75V 0603 (1608 metric) New Description=4K7 ±1% ±100 ppm/°C 0.10W 75V 0603 (1608 metric)
Change Component Description : Designator=R103 Old Description=4K7 ±1% ±100 ppm/°C 0.10W 75V 0603 (1608 metric) New Description=4K7 ±1% ±100 ppm/°C 0.10W 75V 0603 (1608 metric)
Change Component Description : Designator=R104 Old Description=4K7 ±1% ±100 ppm/°C 0.10W 75V 0603 (1608 metric) New Description=4K7 ±1% ±100 ppm/°C 0.10W 75V 0603 (1608 metric)
Change Component Description : Designator=R105 Old Description=4K7 ±1% ±100 ppm/°C 0.10W 75V 0603 (1608 metric) New Description=4K7 ±1% ±100 ppm/°C 0.10W 75V 0603 (1608 metric)
Change Component Description : Designator=R106 Old Description=4K7 ±1% ±100 ppm/°C 0.10W 75V 0603 (1608 metric) New Description=4K7 ±1% ±100 ppm/°C 0.10W 75V 0603 (1608 metric)
Change Component Description : Designator=R107 Old Description=4K7 ±1% ±100 ppm/°C 0.10W 75V 0603 (1608 metric) New Description=4K7 ±1% ±100 ppm/°C 0.10W 75V 0603 (1608 metric)
Change Component Description : Designator=R108 Old Description=4K7 ±1% ±100 ppm/°C 0.10W 75V 0603 (1608 metric) New Description=4K7 ±1% ±100 ppm/°C 0.10W 75V 0603 (1608 metric)
Change Component Description : Designator=R111 Old Description=4K7 ±1% ±100 ppm/°C 0.10W 75V 0603 (1608 metric) New Description=4K7 ±1% ±100 ppm/°C 0.10W 75V 0603 (1608 metric)
Change Component Description : Designator=R112 Old Description=4K7 ±1% ±100 ppm/°C 0.10W 75V 0603 (1608 metric) New Description=4K7 ±1% ±100 ppm/°C 0.10W 75V 0603 (1608 metric)
Change Component Description : Designator=R123 Old Description=4K7 ±1% ±100 ppm/°C 0.10W 75V 0603 (1608 metric) New Description=4K7 ±1% ±100 ppm/°C 0.10W 75V 0603 (1608 metric)
Change Component Description : Designator=R11 Old Description=4K12 ±0.1% ±15 ppm/°C 0.1W 50V 0603 (1608 metric) Thinfilm New Description=4K12 ±0.1% ±15 ppm/°C 0.1W 50V 0603 (1608 metric) Thinfilm
Change Component Description : Designator=R12 Old Description=5K1 ±1% ±100 ppm/°C 0.10W 75V 0603 (1608 metric) New Description=5K1 ±1% ±100 ppm/°C 0.10W 75V 0603 (1608 metric)
Change Component Description : Designator=R20 Old Description=10K ±1% ±100 ppm/°C 0.10W 75V 0603 (1608 metric) New Description=10K ±1% ±100 ppm/°C 0.10W 75V 0603 (1608 metric)
Change Component Description : Designator=R21 Old Description=10K ±1% ±100 ppm/°C 0.10W 75V 0603 (1608 metric) New Description=10K ±1% ±100 ppm/°C 0.10W 75V 0603 (1608 metric)
Change Component Description : Designator=R22 Old Description=10K ±1% ±100 ppm/°C 0.10W 75V 0603 (1608 metric) New Description=10K ±1% ±100 ppm/°C 0.10W 75V 0603 (1608 metric)
Change Component Description : Designator=R24 Old Description=10K ±1% ±100 ppm/°C 0.10W 75V 0603 (1608 metric) New Description=10K ±1% ±100 ppm/°C 0.10W 75V 0603 (1608 metric)
Change Component Description : Designator=R26 Old Description=10K ±1% ±100 ppm/°C 0.10W 75V 0603 (1608 metric) New Description=10K ±1% ±100 ppm/°C 0.10W 75V 0603 (1608 metric)
Change Component Description : Designator=R27 Old Description=10K ±1% ±100 ppm/°C 0.10W 75V 0603 (1608 metric) New Description=10K ±1% ±100 ppm/°C 0.10W 75V 0603 (1608 metric)
Change Component Description : Designator=R65.1 Old Description=10K ±1% ±100 ppm/°C 0.10W 75V 0603 (1608 metric) New Description=10K ±1% ±100 ppm/°C 0.10W 75V 0603 (1608 metric)
Change Component Description : Designator=R65.2 Old Description=10K ±1% ±100 ppm/°C 0.10W 75V 0603 (1608 metric) New Description=10K ±1% ±100 ppm/°C 0.10W 75V 0603 (1608 metric)
Change Component Description : Designator=R65 Old Description=10K ±1% ±100 ppm/°C 0.10W 75V 0603 (1608 metric) New Description=10K ±1% ±100 ppm/°C 0.10W 75V 0603 (1608 metric)
Change Component Description : Designator=R69.1 Old Description=10K ±1% ±100 ppm/°C 0.10W 75V 0603 (1608 metric) New Description=10K ±1% ±100 ppm/°C 0.10W 75V 0603 (1608 metric)
Change Component Description : Designator=R69.2 Old Description=10K ±1% ±100 ppm/°C 0.10W 75V 0603 (1608 metric) New Description=10K ±1% ±100 ppm/°C 0.10W 75V 0603 (1608 metric)
Change Component Description : Designator=R69 Old Description=10K ±1% ±100 ppm/°C 0.10W 75V 0603 (1608 metric) New Description=10K ±1% ±100 ppm/°C 0.10W 75V 0603 (1608 metric)
Change Component Description : Designator=R70.1 Old Description=10K ±1% ±100 ppm/°C 0.10W 75V 0603 (1608 metric) New Description=10K ±1% ±100 ppm/°C 0.10W 75V 0603 (1608 metric)
Change Component Description : Designator=R70.2 Old Description=10K ±1% ±100 ppm/°C 0.10W 75V 0603 (1608 metric) New Description=10K ±1% ±100 ppm/°C 0.10W 75V 0603 (1608 metric)
Change Component Description : Designator=R74.1 Old Description=10K ±1% ±100 ppm/°C 0.10W 75V 0603 (1608 metric) New Description=10K ±1% ±100 ppm/°C 0.10W 75V 0603 (1608 metric)
Change Component Description : Designator=R74.2 Old Description=10K ±1% ±100 ppm/°C 0.10W 75V 0603 (1608 metric) New Description=10K ±1% ±100 ppm/°C 0.10W 75V 0603 (1608 metric)
Change Component Description : Designator=R75.1 Old Description=10K ±1% ±100 ppm/°C 0.10W 75V 0603 (1608 metric) New Description=10K ±1% ±100 ppm/°C 0.10W 75V 0603 (1608 metric)
Change Component Description : Designator=R75.2 Old Description=10K ±1% ±100 ppm/°C 0.10W 75V 0603 (1608 metric) New Description=10K ±1% ±100 ppm/°C 0.10W 75V 0603 (1608 metric)
Change Component Description : Designator=R79.1 Old Description=10K ±1% ±100 ppm/°C 0.10W 75V 0603 (1608 metric) New Description=10K ±1% ±100 ppm/°C 0.10W 75V 0603 (1608 metric)
Change Component Description : Designator=R79.2 Old Description=10K ±1% ±100 ppm/°C 0.10W 75V 0603 (1608 metric) New Description=10K ±1% ±100 ppm/°C 0.10W 75V 0603 (1608 metric)
Change Component Description : Designator=R124 Old Description=10K ±1% ±100 ppm/°C 0.10W 75V 0603 (1608 metric) New Description=10K ±1% ±100 ppm/°C 0.10W 75V 0603 (1608 metric)
Change Component Description : Designator=R125 Old Description=10K ±1% ±100 ppm/°C 0.10W 75V 0603 (1608 metric) New Description=10K ±1% ±100 ppm/°C 0.10W 75V 0603 (1608 metric)
Change Component Description : Designator=R126 Old Description=10K ±1% ±100 ppm/°C 0.10W 75V 0603 (1608 metric) New Description=10K ±1% ±100 ppm/°C 0.10W 75V 0603 (1608 metric)
Change Component Description : Designator=R127 Old Description=10K ±1% ±100 ppm/°C 0.10W 75V 0603 (1608 metric) New Description=10K ±1% ±100 ppm/°C 0.10W 75V 0603 (1608 metric)
Change Component Description : Designator=R133.1 Old Description=10K ±1% ±100 ppm/°C 0.10W 75V 0603 (1608 metric) New Description=10K ±1% ±100 ppm/°C 0.10W 75V 0603 (1608 metric)
Change Component Description : Designator=R133.2 Old Description=10K ±1% ±100 ppm/°C 0.10W 75V 0603 (1608 metric) New Description=10K ±1% ±100 ppm/°C 0.10W 75V 0603 (1608 metric)
Change Component Description : Designator=R133.3 Old Description=10K ±1% ±100 ppm/°C 0.10W 75V 0603 (1608 metric) New Description=10K ±1% ±100 ppm/°C 0.10W 75V 0603 (1608 metric)
Change Component Description : Designator=R133.4 Old Description=10K ±1% ±100 ppm/°C 0.10W 75V 0603 (1608 metric) New Description=10K ±1% ±100 ppm/°C 0.10W 75V 0603 (1608 metric)
Change Component Description : Designator=R25 Old Description=12K ±1% ±100 ppm/°C 0.10W 75V 0603 (1608 metric) New Description=12K ±1% ±100 ppm/°C 0.10W 75V 0603 (1608 metric)
Change Component Description : Designator=R71.1 Old Description=12K ±1% ±100 ppm/°C 0.10W 75V 0603 (1608 metric) New Description=12K ±1% ±100 ppm/°C 0.10W 75V 0603 (1608 metric)
Change Component Description : Designator=R71.2 Old Description=12K ±1% ±100 ppm/°C 0.10W 75V 0603 (1608 metric) New Description=12K ±1% ±100 ppm/°C 0.10W 75V 0603 (1608 metric)
Change Component Description : Designator=R73.1 Old Description=12K ±1% ±100 ppm/°C 0.10W 75V 0603 (1608 metric) New Description=12K ±1% ±100 ppm/°C 0.10W 75V 0603 (1608 metric)
Change Component Description : Designator=R73.2 Old Description=12K ±1% ±100 ppm/°C 0.10W 75V 0603 (1608 metric) New Description=12K ±1% ±100 ppm/°C 0.10W 75V 0603 (1608 metric)
Change Component Description : Designator=R76.1 Old Description=12K ±1% ±100 ppm/°C 0.10W 75V 0603 (1608 metric) New Description=12K ±1% ±100 ppm/°C 0.10W 75V 0603 (1608 metric)
Change Component Description : Designator=R76.2 Old Description=12K ±1% ±100 ppm/°C 0.10W 75V 0603 (1608 metric) New Description=12K ±1% ±100 ppm/°C 0.10W 75V 0603 (1608 metric)
Change Component Description : Designator=R78.1 Old Description=12K ±1% ±100 ppm/°C 0.10W 75V 0603 (1608 metric) New Description=12K ±1% ±100 ppm/°C 0.10W 75V 0603 (1608 metric)
Change Component Description : Designator=R78.2 Old Description=12K ±1% ±100 ppm/°C 0.10W 75V 0603 (1608 metric) New Description=12K ±1% ±100 ppm/°C 0.10W 75V 0603 (1608 metric)
Change Component Description : Designator=R101 Old Description=15K ±1% ±100 ppm/°C 0.10W 75V 0603 (1608 metric) New Description=15K ±1% ±100 ppm/°C 0.10W 75V 0603 (1608 metric)
Change Component Description : Designator=R116 Old Description=15K ±1% ±100 ppm/°C 0.10W 75V 0603 (1608 metric) New Description=15K ±1% ±100 ppm/°C 0.10W 75V 0603 (1608 metric)
Change Component Description : Designator=R16 Old Description=27R ±1% ±100 ppm/°C 0.05W 50V 0402 (1005 metric) New Description=27R ±1% ±100 ppm/°C 0.05W 50V 0402 (1005 metric)
Change Component Description : Designator=R19 Old Description=27R ±1% ±100 ppm/°C 0.05W 50V 0402 (1005 metric) New Description=27R ±1% ±100 ppm/°C 0.05W 50V 0402 (1005 metric)
Change Component Description : Designator=R49 Old Description=39R ±5% ±200 ppm/°C 0.031W 50V 0804 (2010 metric) New Description=39R ±5% ±200 ppm/°C 0.031W 50V 0804 (2010 metric)
Change Component Description : Designator=R50 Old Description=39R ±5% ±200 ppm/°C 0.031W 50V 0804 (2010 metric) New Description=39R ±5% ±200 ppm/°C 0.031W 50V 0804 (2010 metric)
Change Component Description : Designator=R52 Old Description=39R ±5% ±200 ppm/°C 0.031W 50V 0804 (2010 metric) New Description=39R ±5% ±200 ppm/°C 0.031W 50V 0804 (2010 metric)
Change Component Description : Designator=R102 Old Description=47K ±1% ±100 ppm/°C 0.10W 75V 0603 (1608 metric) New Description=47K ±1% ±100 ppm/°C 0.10W 75V 0603 (1608 metric)
Change Component Description : Designator=R118 Old Description=47K ±1% ±100 ppm/°C 0.10W 75V 0603 (1608 metric) New Description=47K ±1% ±100 ppm/°C 0.10W 75V 0603 (1608 metric)
Change Component Description : Designator=R121 Old Description=51K ±1% ±100 ppm/°C 0.10W 75V 0603 (1608 metric) New Description=560K ±1% ±100 ppm/°C 0.10W 75V 0603 (1608 metric)
Change Component Description : Designator=R17 Old Description=51R ±1% ±100 ppm/°C 0.05W 50V 0402 (1005 metric) New Description=51R ±1% ±100 ppm/°C 0.05W 50V 0402 (1005 metric)
Change Component Description : Designator=R18 Old Description=51R ±1% ±100 ppm/°C 0.05W 50V 0402 (1005 metric) New Description=51R ±1% ±100 ppm/°C 0.05W 50V 0402 (1005 metric)
Change Component Description : Designator=R81.1 Old Description=51R ±1% ±100 ppm/°C 0.05W 50V 0402 (1005 metric) New Description=51R ±1% ±100 ppm/°C 0.05W 50V 0402 (1005 metric)
Change Component Description : Designator=R81.2 Old Description=51R ±1% ±100 ppm/°C 0.05W 50V 0402 (1005 metric) New Description=51R ±1% ±100 ppm/°C 0.05W 50V 0402 (1005 metric)
Change Component Description : Designator=R81.3 Old Description=51R ±1% ±100 ppm/°C 0.05W 50V 0402 (1005 metric) New Description=51R ±1% ±100 ppm/°C 0.05W 50V 0402 (1005 metric)
Change Component Description : Designator=R81.4 Old Description=51R ±1% ±100 ppm/°C 0.05W 50V 0402 (1005 metric) New Description=51R ±1% ±100 ppm/°C 0.05W 50V 0402 (1005 metric)
Change Component Description : Designator=R81.5 Old Description=51R ±1% ±100 ppm/°C 0.05W 50V 0402 (1005 metric) New Description=51R ±1% ±100 ppm/°C 0.05W 50V 0402 (1005 metric)
Change Component Description : Designator=R81.6 Old Description=51R ±1% ±100 ppm/°C 0.05W 50V 0402 (1005 metric) New Description=51R ±1% ±100 ppm/°C 0.05W 50V 0402 (1005 metric)
Change Component Description : Designator=R81.7 Old Description=51R ±1% ±100 ppm/°C 0.05W 50V 0402 (1005 metric) New Description=51R ±1% ±100 ppm/°C 0.05W 50V 0402 (1005 metric)
Change Component Description : Designator=R81.8 Old Description=51R ±1% ±100 ppm/°C 0.05W 50V 0402 (1005 metric) New Description=51R ±1% ±100 ppm/°C 0.05W 50V 0402 (1005 metric)
Change Component Description : Designator=R82.1 Old Description=51R ±1% ±100 ppm/°C 0.05W 50V 0402 (1005 metric) New Description=51R ±1% ±100 ppm/°C 0.05W 50V 0402 (1005 metric)
Change Component Description : Designator=R82.2 Old Description=51R ±1% ±100 ppm/°C 0.05W 50V 0402 (1005 metric) New Description=51R ±1% ±100 ppm/°C 0.05W 50V 0402 (1005 metric)
Change Component Description : Designator=R82.3 Old Description=51R ±1% ±100 ppm/°C 0.05W 50V 0402 (1005 metric) New Description=51R ±1% ±100 ppm/°C 0.05W 50V 0402 (1005 metric)
Change Component Description : Designator=R82.4 Old Description=51R ±1% ±100 ppm/°C 0.05W 50V 0402 (1005 metric) New Description=51R ±1% ±100 ppm/°C 0.05W 50V 0402 (1005 metric)
Change Component Description : Designator=R82.5 Old Description=51R ±1% ±100 ppm/°C 0.05W 50V 0402 (1005 metric) New Description=51R ±1% ±100 ppm/°C 0.05W 50V 0402 (1005 metric)
Change Component Description : Designator=R82.6 Old Description=51R ±1% ±100 ppm/°C 0.05W 50V 0402 (1005 metric) New Description=51R ±1% ±100 ppm/°C 0.05W 50V 0402 (1005 metric)
Change Component Description : Designator=R82.7 Old Description=51R ±1% ±100 ppm/°C 0.05W 50V 0402 (1005 metric) New Description=51R ±1% ±100 ppm/°C 0.05W 50V 0402 (1005 metric)
Change Component Description : Designator=R82.8 Old Description=51R ±1% ±100 ppm/°C 0.05W 50V 0402 (1005 metric) New Description=51R ±1% ±100 ppm/°C 0.05W 50V 0402 (1005 metric)
Change Component Description : Designator=R83.1 Old Description=51R ±1% ±100 ppm/°C 0.05W 50V 0402 (1005 metric) New Description=51R ±1% ±100 ppm/°C 0.05W 50V 0402 (1005 metric)
Change Component Description : Designator=R83.2 Old Description=51R ±1% ±100 ppm/°C 0.05W 50V 0402 (1005 metric) New Description=51R ±1% ±100 ppm/°C 0.05W 50V 0402 (1005 metric)
Change Component Description : Designator=R83.3 Old Description=51R ±1% ±100 ppm/°C 0.05W 50V 0402 (1005 metric) New Description=51R ±1% ±100 ppm/°C 0.05W 50V 0402 (1005 metric)
Change Component Description : Designator=R83.4 Old Description=51R ±1% ±100 ppm/°C 0.05W 50V 0402 (1005 metric) New Description=51R ±1% ±100 ppm/°C 0.05W 50V 0402 (1005 metric)
Change Component Description : Designator=R83.5 Old Description=51R ±1% ±100 ppm/°C 0.05W 50V 0402 (1005 metric) New Description=51R ±1% ±100 ppm/°C 0.05W 50V 0402 (1005 metric)
Change Component Description : Designator=R83.6 Old Description=51R ±1% ±100 ppm/°C 0.05W 50V 0402 (1005 metric) New Description=51R ±1% ±100 ppm/°C 0.05W 50V 0402 (1005 metric)
Change Component Description : Designator=R83.7 Old Description=51R ±1% ±100 ppm/°C 0.05W 50V 0402 (1005 metric) New Description=51R ±1% ±100 ppm/°C 0.05W 50V 0402 (1005 metric)
Change Component Description : Designator=R83.8 Old Description=51R ±1% ±100 ppm/°C 0.05W 50V 0402 (1005 metric) New Description=51R ±1% ±100 ppm/°C 0.05W 50V 0402 (1005 metric)
Change Component Description : Designator=R67.1 Old Description=100R ±1% ±100 ppm/°C 0.10W 75V 0603 (1608 metric) New Description=100R ±1% ±100 ppm/°C 0.10W 75V 0603 (1608 metric)
Change Component Description : Designator=R67.2 Old Description=100R ±1% ±100 ppm/°C 0.10W 75V 0603 (1608 metric) New Description=100R ±1% ±100 ppm/°C 0.10W 75V 0603 (1608 metric)
Change Component Description : Designator=R72.1 Old Description=100R ±1% ±100 ppm/°C 0.10W 75V 0603 (1608 metric) New Description=100R ±1% ±100 ppm/°C 0.10W 75V 0603 (1608 metric)
Change Component Description : Designator=R72.2 Old Description=100R ±1% ±100 ppm/°C 0.10W 75V 0603 (1608 metric) New Description=100R ±1% ±100 ppm/°C 0.10W 75V 0603 (1608 metric)
Change Component Description : Designator=R77.1 Old Description=100R ±1% ±100 ppm/°C 0.10W 75V 0603 (1608 metric) New Description=100R ±1% ±100 ppm/°C 0.10W 75V 0603 (1608 metric)
Change Component Description : Designator=R77.2 Old Description=100R ±1% ±100 ppm/°C 0.10W 75V 0603 (1608 metric) New Description=100R ±1% ±100 ppm/°C 0.10W 75V 0603 (1608 metric)
Change Component Description : Designator=R122 Old Description=100R ±1% ±100 ppm/°C 0.10W 75V 0603 (1608 metric) New Description=100R ±1% ±100 ppm/°C 0.10W 75V 0603 (1608 metric)
Change Component Description : Designator=R135 Old Description=100R ±1% ±100 ppm/°C 0.10W 75V 0603 (1608 metric) New Description=100R ±1% ±100 ppm/°C 0.10W 75V 0603 (1608 metric)
Change Component Description : Designator=R66.1 Old Description=120K ±1% ±100 ppm/°C 0.10W 75V 0603 (1608 metric) New Description=120K ±1% ±100 ppm/°C 0.10W 75V 0603 (1608 metric)
Change Component Description : Designator=R66.2 Old Description=120K ±1% ±100 ppm/°C 0.10W 75V 0603 (1608 metric) New Description=120K ±1% ±100 ppm/°C 0.10W 75V 0603 (1608 metric)
Change Component Description : Designator=R68.1 Old Description=120K ±1% ±100 ppm/°C 0.10W 75V 0603 (1608 metric) New Description=120K ±1% ±100 ppm/°C 0.10W 75V 0603 (1608 metric)
Change Component Description : Designator=R68.2 Old Description=120K ±1% ±100 ppm/°C 0.10W 75V 0603 (1608 metric) New Description=120K ±1% ±100 ppm/°C 0.10W 75V 0603 (1608 metric)
Change Component Description : Designator=R134 Old Description=120K ±1% ±100 ppm/°C 0.10W 75V 0603 (1608 metric) New Description=120K ±1% ±100 ppm/°C 0.10W 75V 0603 (1608 metric)
Change Component Description : Designator=R137 Old Description=120K ±1% ±100 ppm/°C 0.10W 75V 0603 (1608 metric) New Description=120K ±1% ±100 ppm/°C 0.10W 75V 0603 (1608 metric)
Change Component Description : Designator=R5 Old Description=200R ±1% ±100 ppm/°C 0.05W 50V 0402 (1005 metric) New Description=200R ±1% ±100 ppm/°C 0.05W 50V 0402 (1005 metric)
Change Component Description : Designator=R6 Old Description=200R ±1% ±100 ppm/°C 0.05W 50V 0402 (1005 metric) New Description=200R ±1% ±100 ppm/°C 0.05W 50V 0402 (1005 metric)
Change Component Description : Designator=R7 Old Description=200R ±1% ±100 ppm/°C 0.05W 50V 0402 (1005 metric) New Description=200R ±1% ±100 ppm/°C 0.05W 50V 0402 (1005 metric)
Change Component Description : Designator=R8 Old Description=200R ±1% ±100 ppm/°C 0.05W 50V 0402 (1005 metric) New Description=200R ±1% ±100 ppm/°C 0.05W 50V 0402 (1005 metric)
Change Component Description : Designator=R9 Old Description=200R ±1% ±100 ppm/°C 0.05W 50V 0402 (1005 metric) New Description=200R ±1% ±100 ppm/°C 0.05W 50V 0402 (1005 metric)
Change Component Description : Designator=R10 Old Description=200R ±1% ±100 ppm/°C 0.05W 50V 0402 (1005 metric) New Description=200R ±1% ±100 ppm/°C 0.05W 50V 0402 (1005 metric)
Change Component Description : Designator=R1 Old Description=200R ±1% ±100 ppm/°C 0.10W 75V 0603 (1608 metric) New Description=200R ±1% ±100 ppm/°C 0.10W 75V 0603 (1608 metric)
Change Component Description : Designator=R2 Old Description=200R ±1% ±100 ppm/°C 0.10W 75V 0603 (1608 metric) New Description=200R ±1% ±100 ppm/°C 0.10W 75V 0603 (1608 metric)
Change Component Description : Designator=R109 Old Description=200R ±1% ±100 ppm/°C 0.10W 75V 0603 (1608 metric) New Description=200R ±1% ±100 ppm/°C 0.10W 75V 0603 (1608 metric)
Change Component Description : Designator=R119 Old Description=200R ±1% ±100 ppm/°C 0.10W 75V 0603 (1608 metric) New Description=200R ±1% ±100 ppm/°C 0.10W 75V 0603 (1608 metric)
Change Component Description : Designator=R15 Old Description=330R ±1% ±100 ppm/°C 0.10W 75V 0603 (1608 metric) New Description=330R ±1% ±100 ppm/°C 0.10W 75V 0603 (1608 metric)
Change Component Description : Designator=R28 Old Description=330R ±1% ±100 ppm/°C 0.10W 75V 0603 (1608 metric) New Description=330R ±1% ±100 ppm/°C 0.10W 75V 0603 (1608 metric)
Change Component Description : Designator=R29 Old Description=330R ±1% ±100 ppm/°C 0.10W 75V 0603 (1608 metric) New Description=330R ±1% ±100 ppm/°C 0.10W 75V 0603 (1608 metric)
Change Component Description : Designator=R110 Old Description=330R ±1% ±100 ppm/°C 0.10W 75V 0603 (1608 metric) New Description=330R ±1% ±100 ppm/°C 0.10W 75V 0603 (1608 metric)
Change Component Description : Designator=R47.1 Old Description=680K ±1% ±100 ppm/°C 0.10W 75V 0603 (1608 metric) New Description=680K ±1% ±100 ppm/°C 0.10W 75V 0603 (1608 metric)
Change Component Description : Designator=R47.2 Old Description=680K ±1% ±100 ppm/°C 0.10W 75V 0603 (1608 metric) New Description=680K ±1% ±100 ppm/°C 0.10W 75V 0603 (1608 metric)
Change Component Description : Designator=R47.3 Old Description=680K ±1% ±100 ppm/°C 0.10W 75V 0603 (1608 metric) New Description=680K ±1% ±100 ppm/°C 0.10W 75V 0603 (1608 metric)
Change Component Description : Designator=R47.4 Old Description=680K ±1% ±100 ppm/°C 0.10W 75V 0603 (1608 metric) New Description=680K ±1% ±100 ppm/°C 0.10W 75V 0603 (1608 metric)
Change Component Description : Designator=F1 Old Description=Ferrite bead, Würth Elektronik WE-CBF 2012 (0805), 74279206 ,  30.0 O  @  100.0MHz New Description=Ferrite bead, Würth Elektronik WE-CBF 2012 (0805), 74279206 ,  30.0 O  @  100.0MHz
Change Component Description : Designator=F2 Old Description=Ferrite bead, Würth Elektronik WE-CBF 2012 (0805), 74279206 ,  30.0 O  @  100.0MHz New Description=Ferrite bead, Würth Elektronik WE-CBF 2012 (0805), 74279206 ,  30.0 O  @  100.0MHz
Change Component Description : Designator=F3 Old Description=Ferrite bead, Würth Elektronik WE-CBF 2012 (0805), 74279206 ,  30.0 O  @  100.0MHz New Description=Ferrite bead, Würth Elektronik WE-CBF 2012 (0805), 74279206 ,  30.0 O  @  100.0MHz
Change Component Description : Designator=F4 Old Description=Ferrite bead, Würth Elektronik WE-CBF 2012 (0805), 74279206 ,  30.0 O  @  100.0MHz New Description=Ferrite bead, Würth Elektronik WE-CBF 2012 (0805), 74279206 ,  30.0 O  @  100.0MHz
Change Component Description : Designator=F5 Old Description=Ferrite bead, Würth Elektronik WE-CBF 2012 (0805), 74279206 ,  30.0 O  @  100.0MHz New Description=Ferrite bead, Würth Elektronik WE-CBF 2012 (0805), 74279206 ,  30.0 O  @  100.0MHz
Change Component Description : Designator=F6 Old Description=Ferrite bead, Würth Elektronik WE-CBF 2012 (0805), 74279206 ,  30.0 O  @  100.0MHz New Description=Ferrite bead, Würth Elektronik WE-CBF 2012 (0805), 74279206 ,  30.0 O  @  100.0MHz
Change Component Description : Designator=F12 Old Description=Ferrite bead, Würth Elektronik WE-CBF 2012 (0805), 74279206 ,  30.0 O  @  100.0MHz New Description=Ferrite bead, Würth Elektronik WE-CBF 2012 (0805), 74279206 ,  30.0 O  @  100.0MHz
Change Component Description : Designator=F13 Old Description=Ferrite bead, Würth Elektronik WE-CBF 2012 (0805), 74279206 ,  30.0 O  @  100.0MHz New Description=Ferrite bead, Würth Elektronik WE-CBF 2012 (0805), 74279206 ,  30.0 O  @  100.0MHz
