Change Component DesignItemId : Designator=X2 Old DesignItemId=CMP-2400-000043-4 New DesignItemId=CMP-2400-000025-1
Change Component DesignItemId : Designator=X3 Old DesignItemId=CMP-2400-000047-4 New DesignItemId=CMP-2400-000020-1
Change Component Description : Designator=X2 Old Description=12MHz 5 x 3.2 mm SMD GLASS CRYSTAL, 7A-12.000MAAJ-T New Description=12MHz 5 x 3.2 mm SMD GLASS CRYSTAL
Change Component Description : Designator=X3 Old Description=25MHz 5 x 3.2 mm SMD GLASS CRYSTAL, 7A-25.000MAAJ-T New Description=25MHz 5 x 3.2 mm SMD GLASS CRYSTAL
Change Managed Component Library Link : Designator=X2 Old VaultGUID=2440EB7F-8868-40CF-AF20-FF1830FBDC4B New VaultGUID=2440EB7F-8868-40CF-AF20-FF1830FBDC4B Old ItemGUID=7C0DB224-BC04-429E-A7C5-08044E03916E New ItemGUID=1d176059-ca9f-41c4-a898-0f29cc85941b Old RevisionGUID=b8449b9e-c832-4571-9469-8160a8f38cd0 New RevisionGUID=4851782c-f58e-4356-a755-e974759a9508
Change Managed Component Library Link : Designator=X3 Old VaultGUID=2440EB7F-8868-40CF-AF20-FF1830FBDC4B New VaultGUID=2440EB7F-8868-40CF-AF20-FF1830FBDC4B Old ItemGUID=4B6DAF1F-0416-4C0C-AC4F-A0B50A1599CC New ItemGUID=33F6928D-BC12-4102-B6AB-DA05C042B708 Old RevisionGUID=ECD2006E-087B-4AD7-8ED4-061A6987AB7F New RevisionGUID=8B592C81-70A6-4746-97B0-E3443A1E5433
Change component parameters: Designator = "X3" ("X3"); Footprint = "XTAL_5x3.2MM"; UniqueID = "\ZNLHZSSX\UUNRXYJJ" ("\ZNLHZSSX\UUNRXYJJ")
Change component parameters (AddParameter): Name = "PartNumber"; Value = "7A-25.000MAHE-T"; VariantName = "[No Variations]"
Change component parameters: Designator = "X2" ("X2"); Footprint = "XTAL_5x3.2MM"; UniqueID = "\HFNXYQCY\YASQWJOL" ("\HFNXYQCY\YASQWJOL")
Change component parameters (AddParameter): Name = "Case/Package"; Value = "SMD/SMT"; VariantName = "[No Variations]"
Change component parameters (AddParameter): Name = "Depth"; Value = "3.2mm"; VariantName = "[No Variations]"
Change component parameters (AddParameter): Name = "ESR (Equivalent Series Resistance)"; Value = "80R"; VariantName = "[No Variations]"
Change component parameters (AddParameter): Name = "Frequency"; Value = "12MHz"; VariantName = "[No Variations]"
Change component parameters (AddParameter): Name = "Frequency Stability"; Value = "30ppm"; VariantName = "[No Variations]"
Change component parameters (AddParameter): Name = "Frequency Tolerance"; Value = "30ppm"; VariantName = "[No Variations]"
Change component parameters (AddParameter): Name = "Height"; Value = "0.053inch"; VariantName = "[No Variations]"
Change component parameters (AddParameter): Name = "Lead Free"; Value = "Contains Lead"; VariantName = "[No Variations]"
Change component parameters (AddParameter): Name = "Length"; Value = "5mm"; VariantName = "[No Variations]"
Change component parameters (AddParameter): Name = "Load Capacitance"; Value = "12pF"; VariantName = "[No Variations]"
Change component parameters (AddParameter): Name = "Max Operating Temperature"; Value = "85°C"; VariantName = "[No Variations]"
Change component parameters (AddParameter): Name = "Min Operating Temperature"; Value = "-40°C"; VariantName = "[No Variations]"
Change component parameters (AddParameter): Name = "Mount"; Value = "Surface Mount"; VariantName = "[No Variations]"
Change component parameters (AddParameter): Name = "Number of Pins"; Value = "2"; VariantName = "[No Variations]"
Change component parameters (AddParameter): Name = "Package Quantity"; Value = "1"; VariantName = "[No Variations]"
Change component parameters (AddParameter): Name = "Packaging"; Value = "Tape and Reel"; VariantName = "[No Variations]"
Change component parameters (AddParameter): Name = "Series Resistance"; Value = "80R"; VariantName = "[No Variations]"
Change component parameters (AddParameter): Name = "Width"; Value = "0.126inch"; VariantName = "[No Variations]"
