Change Component Description : Designator=R30 Old Description=0R01 ±1% ±100 ppm/°C 0.25W 200V 1206 (3216 metric) New Description=0R01 ±1% ±100 ppm/°C 0.25W 200V 1206 (3216 metric)
Change Component Description : Designator=R37 Old Description=0R01 ±1% ±100 ppm/°C 0.25W 200V 1206 (3216 metric) New Description=0R01 ±1% ±100 ppm/°C 0.25W 200V 1206 (3216 metric)
Change Component Description : Designator=R128 Old Description=0R5 ±1% ±100 ppm/°C 0.25W 200V 1206 (3216 metric) New Description=0R5 ±1% ±100 ppm/°C 0.25W 200V 1206 (3216 metric)
Change Component Description : Designator=R129 Old Description=0R5 ±1% ±100 ppm/°C 0.25W 200V 1206 (3216 metric) New Description=0R5 ±1% ±100 ppm/°C 0.25W 200V 1206 (3216 metric)
Change Component Description : Designator=R35 Old Description=1K0 ±1% ±100 ppm/°C 0.10W 75V 0603 (1608 metric) New Description=1K0 ±1% ±100 ppm/°C 0.10W 75V 0603 (1608 metric)
Change Component Description : Designator=R80.1 Old Description=1K0 ±1% ±100 ppm/°C 0.10W 75V 0603 (1608 metric) New Description=1K0 ±1% ±100 ppm/°C 0.10W 75V 0603 (1608 metric)
Change Component Description : Designator=R80.2 Old Description=1K0 ±1% ±100 ppm/°C 0.10W 75V 0603 (1608 metric) New Description=1K0 ±1% ±100 ppm/°C 0.10W 75V 0603 (1608 metric)
Change Component Description : Designator=R14 Old Description=1K2 ±1% ±100 ppm/°C 0.05W 50V 0402 (1005 metric) New Description=1K2 ±1% ±100 ppm/°C 0.05W 50V 0402 (1005 metric)
Change Component Description : Designator=R45 Old Description=1K3 ±1% ±100 ppm/°C 0.10W 75V 0603 (1608 metric) New Description=1K3 ±1% ±100 ppm/°C 0.10W 75V 0603 (1608 metric)
Change Component Description : Designator=R51 Old Description=2K0 ±1% ±100 ppm/°C 0.10W 75V 0603 (1608 metric) New Description=2K0 ±1% ±100 ppm/°C 0.10W 75V 0603 (1608 metric)
Change Component Description : Designator=R53 Old Description=2K0 ±1% ±100 ppm/°C 0.10W 75V 0603 (1608 metric) New Description=2K0 ±1% ±100 ppm/°C 0.10W 75V 0603 (1608 metric)
Change Component Description : Designator=R54 Old Description=2K0 ±1% ±100 ppm/°C 0.10W 75V 0603 (1608 metric) New Description=2K0 ±1% ±100 ppm/°C 0.10W 75V 0603 (1608 metric)
Change Component Description : Designator=R55 Old Description=2K0 ±1% ±100 ppm/°C 0.10W 75V 0603 (1608 metric) New Description=2K0 ±1% ±100 ppm/°C 0.10W 75V 0603 (1608 metric)
Change Component Description : Designator=R56 Old Description=2K0 ±1% ±100 ppm/°C 0.10W 75V 0603 (1608 metric) New Description=2K0 ±1% ±100 ppm/°C 0.10W 75V 0603 (1608 metric)
Change Component Description : Designator=R57 Old Description=2K0 ±1% ±100 ppm/°C 0.10W 75V 0603 (1608 metric) New Description=2K0 ±1% ±100 ppm/°C 0.10W 75V 0603 (1608 metric)
Change Component Description : Designator=R23 Old Description=2K2 ±1% ±100 ppm/°C 0.10W 75V 0603 (1608 metric) New Description=2K2 ±1% ±100 ppm/°C 0.10W 75V 0603 (1608 metric)
Change Component Description : Designator=R34 Old Description=2K2 ±1% ±100 ppm/°C 0.10W 75V 0603 (1608 metric) New Description=2K2 ±1% ±100 ppm/°C 0.10W 75V 0603 (1608 metric)
Change Component Description : Designator=R36 Old Description=2K2 ±1% ±100 ppm/°C 0.10W 75V 0603 (1608 metric) New Description=2K2 ±1% ±100 ppm/°C 0.10W 75V 0603 (1608 metric)
Change Component Description : Designator=R13 Old Description=2K4 ±1% ±100 ppm/°C 0.05W 50V 0402 (1005 metric) New Description=2K4 ±1% ±100 ppm/°C 0.05W 50V 0402 (1005 metric)
Change Component Description : Designator=R33 Old Description=2K7 ±1% ±100 ppm/°C 0.10W 75V 0603 (1608 metric) New Description=2K7 ±1% ±100 ppm/°C 0.10W 75V 0603 (1608 metric)
Change Component Description : Designator=R40 Old Description=2K7 ±1% ±100 ppm/°C 0.10W 75V 0603 (1608 metric) New Description=2K7 ±1% ±100 ppm/°C 0.10W 75V 0603 (1608 metric)
Change Component Description : Designator=R43 Old Description=2K7 ±1% ±100 ppm/°C 0.10W 75V 0603 (1608 metric) New Description=2K7 ±1% ±100 ppm/°C 0.10W 75V 0603 (1608 metric)
Change Component Description : Designator=R46 Old Description=2K7 ±1% ±100 ppm/°C 0.10W 75V 0603 (1608 metric) New Description=2K7 ±1% ±100 ppm/°C 0.10W 75V 0603 (1608 metric)
Change Component Description : Designator=R31 Old Description=4K7 ±1% ±100 ppm/°C 0.10W 75V 0603 (1608 metric) New Description=4K7 ±1% ±100 ppm/°C 0.10W 75V 0603 (1608 metric)
Change Component Description : Designator=R32 Old Description=4K7 ±1% ±100 ppm/°C 0.10W 75V 0603 (1608 metric) New Description=4K7 ±1% ±100 ppm/°C 0.10W 75V 0603 (1608 metric)
Change Component Description : Designator=R38 Old Description=4K7 ±1% ±100 ppm/°C 0.10W 75V 0603 (1608 metric) New Description=4K7 ±1% ±100 ppm/°C 0.10W 75V 0603 (1608 metric)
Change Component Description : Designator=R39 Old Description=4K7 ±1% ±100 ppm/°C 0.10W 75V 0603 (1608 metric) New Description=4K7 ±1% ±100 ppm/°C 0.10W 75V 0603 (1608 metric)
Change Component Description : Designator=R41 Old Description=4K7 ±1% ±100 ppm/°C 0.10W 75V 0603 (1608 metric) New Description=4K7 ±1% ±100 ppm/°C 0.10W 75V 0603 (1608 metric)
Change Component Description : Designator=R42 Old Description=4K7 ±1% ±100 ppm/°C 0.10W 75V 0603 (1608 metric) New Description=4K7 ±1% ±100 ppm/°C 0.10W 75V 0603 (1608 metric)
Change Component Description : Designator=R44 Old Description=4K7 ±1% ±100 ppm/°C 0.10W 75V 0603 (1608 metric) New Description=4K7 ±1% ±100 ppm/°C 0.10W 75V 0603 (1608 metric)
Change Component Description : Designator=R58.1 Old Description=4K7 ±1% ±100 ppm/°C 0.10W 75V 0603 (1608 metric) New Description=4K7 ±1% ±100 ppm/°C 0.10W 75V 0603 (1608 metric)
Change Component Description : Designator=R58.2 Old Description=4K7 ±1% ±100 ppm/°C 0.10W 75V 0603 (1608 metric) New Description=4K7 ±1% ±100 ppm/°C 0.10W 75V 0603 (1608 metric)
Change Component Description : Designator=R59.1 Old Description=4K7 ±1% ±100 ppm/°C 0.10W 75V 0603 (1608 metric) New Description=4K7 ±1% ±100 ppm/°C 0.10W 75V 0603 (1608 metric)
Change Component Description : Designator=R59.2 Old Description=4K7 ±1% ±100 ppm/°C 0.10W 75V 0603 (1608 metric) New Description=4K7 ±1% ±100 ppm/°C 0.10W 75V 0603 (1608 metric)
Change Component Description : Designator=R60.1 Old Description=4K7 ±1% ±100 ppm/°C 0.10W 75V 0603 (1608 metric) New Description=4K7 ±1% ±100 ppm/°C 0.10W 75V 0603 (1608 metric)
Change Component Description : Designator=R60.2 Old Description=4K7 ±1% ±100 ppm/°C 0.10W 75V 0603 (1608 metric) New Description=4K7 ±1% ±100 ppm/°C 0.10W 75V 0603 (1608 metric)
Change Component Description : Designator=R61.1 Old Description=4K7 ±1% ±100 ppm/°C 0.10W 75V 0603 (1608 metric) New Description=4K7 ±1% ±100 ppm/°C 0.10W 75V 0603 (1608 metric)
Change Component Description : Designator=R61.2 Old Description=4K7 ±1% ±100 ppm/°C 0.10W 75V 0603 (1608 metric) New Description=4K7 ±1% ±100 ppm/°C 0.10W 75V 0603 (1608 metric)
Change Component Description : Designator=R62.1 Old Description=4K7 ±1% ±100 ppm/°C 0.10W 75V 0603 (1608 metric) New Description=4K7 ±1% ±100 ppm/°C 0.10W 75V 0603 (1608 metric)
Change Component Description : Designator=R62.2 Old Description=4K7 ±1% ±100 ppm/°C 0.10W 75V 0603 (1608 metric) New Description=4K7 ±1% ±100 ppm/°C 0.10W 75V 0603 (1608 metric)
Change Component Description : Designator=R64.1 Old Description=4K7 ±1% ±100 ppm/°C 0.10W 75V 0603 (1608 metric) New Description=4K7 ±1% ±100 ppm/°C 0.10W 75V 0603 (1608 metric)
Change Component Description : Designator=R64.2 Old Description=4K7 ±1% ±100 ppm/°C 0.10W 75V 0603 (1608 metric) New Description=4K7 ±1% ±100 ppm/°C 0.10W 75V 0603 (1608 metric)
Change Component Description : Designator=R84 Old Description=4K7 ±1% ±100 ppm/°C 0.10W 75V 0603 (1608 metric) New Description=4K7 ±1% ±100 ppm/°C 0.10W 75V 0603 (1608 metric)
Change Component Description : Designator=R85 Old Description=4K7 ±1% ±100 ppm/°C 0.10W 75V 0603 (1608 metric) New Description=4K7 ±1% ±100 ppm/°C 0.10W 75V 0603 (1608 metric)
Change Component Description : Designator=R86 Old Description=4K7 ±1% ±100 ppm/°C 0.10W 75V 0603 (1608 metric) New Description=4K7 ±1% ±100 ppm/°C 0.10W 75V 0603 (1608 metric)
Change Component Description : Designator=R87 Old Description=4K7 ±1% ±100 ppm/°C 0.10W 75V 0603 (1608 metric) New Description=4K7 ±1% ±100 ppm/°C 0.10W 75V 0603 (1608 metric)
Change Component Description : Designator=R88 Old Description=4K7 ±1% ±100 ppm/°C 0.10W 75V 0603 (1608 metric) New Description=4K7 ±1% ±100 ppm/°C 0.10W 75V 0603 (1608 metric)
Change Component Description : Designator=R89 Old Description=4K7 ±1% ±100 ppm/°C 0.10W 75V 0603 (1608 metric) New Description=4K7 ±1% ±100 ppm/°C 0.10W 75V 0603 (1608 metric)
Change Component Description : Designator=R90 Old Description=4K7 ±1% ±100 ppm/°C 0.10W 75V 0603 (1608 metric) New Description=4K7 ±1% ±100 ppm/°C 0.10W 75V 0603 (1608 metric)
Change Component Description : Designator=R91 Old Description=4K7 ±1% ±100 ppm/°C 0.10W 75V 0603 (1608 metric) New Description=4K7 ±1% ±100 ppm/°C 0.10W 75V 0603 (1608 metric)
Change Component Description : Designator=R92 Old Description=4K7 ±1% ±100 ppm/°C 0.10W 75V 0603 (1608 metric) New Description=4K7 ±1% ±100 ppm/°C 0.10W 75V 0603 (1608 metric)
Change Component Description : Designator=R93 Old Description=4K7 ±1% ±100 ppm/°C 0.10W 75V 0603 (1608 metric) New Description=4K7 ±1% ±100 ppm/°C 0.10W 75V 0603 (1608 metric)
Change Component Description : Designator=R94 Old Description=4K7 ±1% ±100 ppm/°C 0.10W 75V 0603 (1608 metric) New Description=4K7 ±1% ±100 ppm/°C 0.10W 75V 0603 (1608 metric)
Change Component Description : Designator=R95 Old Description=4K7 ±1% ±100 ppm/°C 0.10W 75V 0603 (1608 metric) New Description=4K7 ±1% ±100 ppm/°C 0.10W 75V 0603 (1608 metric)
Change Component Description : Designator=R96 Old Description=4K7 ±1% ±100 ppm/°C 0.10W 75V 0603 (1608 metric) New Description=4K7 ±1% ±100 ppm/°C 0.10W 75V 0603 (1608 metric)
Change Component Description : Designator=R97 Old Description=4K7 ±1% ±100 ppm/°C 0.10W 75V 0603 (1608 metric) New Description=4K7 ±1% ±100 ppm/°C 0.10W 75V 0603 (1608 metric)
Change Component Description : Designator=R98 Old Description=4K7 ±1% ±100 ppm/°C 0.10W 75V 0603 (1608 metric) New Description=4K7 ±1% ±100 ppm/°C 0.10W 75V 0603 (1608 metric)
Change Component Description : Designator=R99 Old Description=4K7 ±1% ±100 ppm/°C 0.10W 75V 0603 (1608 metric) New Description=4K7 ±1% ±100 ppm/°C 0.10W 75V 0603 (1608 metric)
Change Component Description : Designator=R100 Old Description=4K7 ±1% ±100 ppm/°C 0.10W 75V 0603 (1608 metric) New Description=4K7 ±1% ±100 ppm/°C 0.10W 75V 0603 (1608 metric)
Change Component Description : Designator=R103 Old Description=4K7 ±1% ±100 ppm/°C 0.10W 75V 0603 (1608 metric) New Description=4K7 ±1% ±100 ppm/°C 0.10W 75V 0603 (1608 metric)
Change Component Description : Designator=R104 Old Description=4K7 ±1% ±100 ppm/°C 0.10W 75V 0603 (1608 metric) New Description=4K7 ±1% ±100 ppm/°C 0.10W 75V 0603 (1608 metric)
Change Component Description : Designator=R105 Old Description=4K7 ±1% ±100 ppm/°C 0.10W 75V 0603 (1608 metric) New Description=4K7 ±1% ±100 ppm/°C 0.10W 75V 0603 (1608 metric)
Change Component Description : Designator=R106 Old Description=4K7 ±1% ±100 ppm/°C 0.10W 75V 0603 (1608 metric) New Description=4K7 ±1% ±100 ppm/°C 0.10W 75V 0603 (1608 metric)
Change Component Description : Designator=R107 Old Description=4K7 ±1% ±100 ppm/°C 0.10W 75V 0603 (1608 metric) New Description=4K7 ±1% ±100 ppm/°C 0.10W 75V 0603 (1608 metric)
Change Component Description : Designator=R108 Old Description=4K7 ±1% ±100 ppm/°C 0.10W 75V 0603 (1608 metric) New Description=4K7 ±1% ±100 ppm/°C 0.10W 75V 0603 (1608 metric)
Change Component Description : Designator=R111 Old Description=4K7 ±1% ±100 ppm/°C 0.10W 75V 0603 (1608 metric) New Description=4K7 ±1% ±100 ppm/°C 0.10W 75V 0603 (1608 metric)
Change Component Description : Designator=R112 Old Description=4K7 ±1% ±100 ppm/°C 0.10W 75V 0603 (1608 metric) New Description=4K7 ±1% ±100 ppm/°C 0.10W 75V 0603 (1608 metric)
Change Component Description : Designator=R123 Old Description=4K7 ±1% ±100 ppm/°C 0.10W 75V 0603 (1608 metric) New Description=4K7 ±1% ±100 ppm/°C 0.10W 75V 0603 (1608 metric)
Change Component Description : Designator=R11 Old Description=4K12 ±0.1% ±15 ppm/°C 0.1W 50V 0603 (1608 metric) Thinfilm New Description=4K12 ±0.1% ±15 ppm/°C 0.1W 50V 0603 (1608 metric) Thinfilm
Change Component Description : Designator=R12 Old Description=5K1 ±1% ±100 ppm/°C 0.10W 75V 0603 (1608 metric) New Description=5K1 ±1% ±100 ppm/°C 0.10W 75V 0603 (1608 metric)
Change Component Description : Designator=R20 Old Description=10K ±1% ±100 ppm/°C 0.10W 75V 0603 (1608 metric) New Description=10K ±1% ±100 ppm/°C 0.10W 75V 0603 (1608 metric)
Change Component Description : Designator=R21 Old Description=10K ±1% ±100 ppm/°C 0.10W 75V 0603 (1608 metric) New Description=10K ±1% ±100 ppm/°C 0.10W 75V 0603 (1608 metric)
Change Component Description : Designator=R22 Old Description=10K ±1% ±100 ppm/°C 0.10W 75V 0603 (1608 metric) New Description=10K ±1% ±100 ppm/°C 0.10W 75V 0603 (1608 metric)
Change Component Description : Designator=R24 Old Description=10K ±1% ±100 ppm/°C 0.10W 75V 0603 (1608 metric) New Description=10K ±1% ±100 ppm/°C 0.10W 75V 0603 (1608 metric)
Change Component Description : Designator=R26 Old Description=10K ±1% ±100 ppm/°C 0.10W 75V 0603 (1608 metric) New Description=10K ±1% ±100 ppm/°C 0.10W 75V 0603 (1608 metric)
Change Component Description : Designator=R27 Old Description=10K ±1% ±100 ppm/°C 0.10W 75V 0603 (1608 metric) New Description=10K ±1% ±100 ppm/°C 0.10W 75V 0603 (1608 metric)
Change Component Description : Designator=R65.1 Old Description=10K ±1% ±100 ppm/°C 0.10W 75V 0603 (1608 metric) New Description=10K ±1% ±100 ppm/°C 0.10W 75V 0603 (1608 metric)
Change Component Description : Designator=R65.2 Old Description=10K ±1% ±100 ppm/°C 0.10W 75V 0603 (1608 metric) New Description=10K ±1% ±100 ppm/°C 0.10W 75V 0603 (1608 metric)
Change Component Description : Designator=R69.1 Old Description=10K ±1% ±100 ppm/°C 0.10W 75V 0603 (1608 metric) New Description=10K ±1% ±100 ppm/°C 0.10W 75V 0603 (1608 metric)
Change Component Description : Designator=R69.2 Old Description=10K ±1% ±100 ppm/°C 0.10W 75V 0603 (1608 metric) New Description=10K ±1% ±100 ppm/°C 0.10W 75V 0603 (1608 metric)
Change Component Description : Designator=R70.1 Old Description=10K ±1% ±100 ppm/°C 0.10W 75V 0603 (1608 metric) New Description=10K ±1% ±100 ppm/°C 0.10W 75V 0603 (1608 metric)
Change Component Description : Designator=R70.2 Old Description=10K ±1% ±100 ppm/°C 0.10W 75V 0603 (1608 metric) New Description=10K ±1% ±100 ppm/°C 0.10W 75V 0603 (1608 metric)
Change Component Description : Designator=R74.1 Old Description=10K ±1% ±100 ppm/°C 0.10W 75V 0603 (1608 metric) New Description=10K ±1% ±100 ppm/°C 0.10W 75V 0603 (1608 metric)
Change Component Description : Designator=R74.2 Old Description=10K ±1% ±100 ppm/°C 0.10W 75V 0603 (1608 metric) New Description=10K ±1% ±100 ppm/°C 0.10W 75V 0603 (1608 metric)
Change Component Description : Designator=R75.1 Old Description=10K ±1% ±100 ppm/°C 0.10W 75V 0603 (1608 metric) New Description=10K ±1% ±100 ppm/°C 0.10W 75V 0603 (1608 metric)
Change Component Description : Designator=R75.2 Old Description=10K ±1% ±100 ppm/°C 0.10W 75V 0603 (1608 metric) New Description=10K ±1% ±100 ppm/°C 0.10W 75V 0603 (1608 metric)
Change Component Description : Designator=R79.1 Old Description=10K ±1% ±100 ppm/°C 0.10W 75V 0603 (1608 metric) New Description=10K ±1% ±100 ppm/°C 0.10W 75V 0603 (1608 metric)
Change Component Description : Designator=R79.2 Old Description=10K ±1% ±100 ppm/°C 0.10W 75V 0603 (1608 metric) New Description=10K ±1% ±100 ppm/°C 0.10W 75V 0603 (1608 metric)
Change Component Description : Designator=R124 Old Description=10K ±1% ±100 ppm/°C 0.10W 75V 0603 (1608 metric) New Description=10K ±1% ±100 ppm/°C 0.10W 75V 0603 (1608 metric)
Change Component Description : Designator=R125 Old Description=10K ±1% ±100 ppm/°C 0.10W 75V 0603 (1608 metric) New Description=10K ±1% ±100 ppm/°C 0.10W 75V 0603 (1608 metric)
Change Component Description : Designator=R126 Old Description=10K ±1% ±100 ppm/°C 0.10W 75V 0603 (1608 metric) New Description=10K ±1% ±100 ppm/°C 0.10W 75V 0603 (1608 metric)
Change Component Description : Designator=R127 Old Description=10K ±1% ±100 ppm/°C 0.10W 75V 0603 (1608 metric) New Description=10K ±1% ±100 ppm/°C 0.10W 75V 0603 (1608 metric)
Change Component Description : Designator=R25 Old Description=12K ±1% ±100 ppm/°C 0.10W 75V 0603 (1608 metric) New Description=12K ±1% ±100 ppm/°C 0.10W 75V 0603 (1608 metric)
Change Component Description : Designator=R71.1 Old Description=12K ±1% ±100 ppm/°C 0.10W 75V 0603 (1608 metric) New Description=12K ±1% ±100 ppm/°C 0.10W 75V 0603 (1608 metric)
Change Component Description : Designator=R71.2 Old Description=12K ±1% ±100 ppm/°C 0.10W 75V 0603 (1608 metric) New Description=12K ±1% ±100 ppm/°C 0.10W 75V 0603 (1608 metric)
Change Component Description : Designator=R73.1 Old Description=12K ±1% ±100 ppm/°C 0.10W 75V 0603 (1608 metric) New Description=12K ±1% ±100 ppm/°C 0.10W 75V 0603 (1608 metric)
Change Component Description : Designator=R73.2 Old Description=12K ±1% ±100 ppm/°C 0.10W 75V 0603 (1608 metric) New Description=12K ±1% ±100 ppm/°C 0.10W 75V 0603 (1608 metric)
Change Component Description : Designator=R76.1 Old Description=12K ±1% ±100 ppm/°C 0.10W 75V 0603 (1608 metric) New Description=12K ±1% ±100 ppm/°C 0.10W 75V 0603 (1608 metric)
Change Component Description : Designator=R76.2 Old Description=12K ±1% ±100 ppm/°C 0.10W 75V 0603 (1608 metric) New Description=12K ±1% ±100 ppm/°C 0.10W 75V 0603 (1608 metric)
Change Component Description : Designator=R78.1 Old Description=12K ±1% ±100 ppm/°C 0.10W 75V 0603 (1608 metric) New Description=12K ±1% ±100 ppm/°C 0.10W 75V 0603 (1608 metric)
Change Component Description : Designator=R78.2 Old Description=12K ±1% ±100 ppm/°C 0.10W 75V 0603 (1608 metric) New Description=12K ±1% ±100 ppm/°C 0.10W 75V 0603 (1608 metric)
Change Component Description : Designator=R101 Old Description=15K ±1% ±100 ppm/°C 0.10W 75V 0603 (1608 metric) New Description=15K ±1% ±100 ppm/°C 0.10W 75V 0603 (1608 metric)
Change Component Description : Designator=R116 Old Description=15K ±1% ±100 ppm/°C 0.10W 75V 0603 (1608 metric) New Description=15K ±1% ±100 ppm/°C 0.10W 75V 0603 (1608 metric)
Change Component Description : Designator=R16 Old Description=27R ±1% ±100 ppm/°C 0.05W 50V 0402 (1005 metric) New Description=27R ±1% ±100 ppm/°C 0.05W 50V 0402 (1005 metric)
Change Component Description : Designator=R19 Old Description=27R ±1% ±100 ppm/°C 0.05W 50V 0402 (1005 metric) New Description=27R ±1% ±100 ppm/°C 0.05W 50V 0402 (1005 metric)
Change Component Description : Designator=R49 Old Description=39R ±5% ±200 ppm/°C 0.031W 50V 0804 (2010 metric) New Description=39R ±5% ±200 ppm/°C 0.031W 50V 0804 (2010 metric)
Change Component Description : Designator=R50 Old Description=39R ±5% ±200 ppm/°C 0.031W 50V 0804 (2010 metric) New Description=39R ±5% ±200 ppm/°C 0.031W 50V 0804 (2010 metric)
Change Component Description : Designator=R52 Old Description=39R ±5% ±200 ppm/°C 0.031W 50V 0804 (2010 metric) New Description=39R ±5% ±200 ppm/°C 0.031W 50V 0804 (2010 metric)
Change Component Description : Designator=R102 Old Description=47K ±1% ±100 ppm/°C 0.10W 75V 0603 (1608 metric) New Description=47K ±1% ±100 ppm/°C 0.10W 75V 0603 (1608 metric)
Change Component Description : Designator=R118 Old Description=47K ±1% ±100 ppm/°C 0.10W 75V 0603 (1608 metric) New Description=47K ±1% ±100 ppm/°C 0.10W 75V 0603 (1608 metric)
Change Component Description : Designator=R121 Old Description=51K ±1% ±100 ppm/°C 0.10W 75V 0603 (1608 metric) New Description=51K ±1% ±100 ppm/°C 0.10W 75V 0603 (1608 metric)
Change Component Description : Designator=R17 Old Description=51R ±1% ±100 ppm/°C 0.05W 50V 0402 (1005 metric) New Description=51R ±1% ±100 ppm/°C 0.05W 50V 0402 (1005 metric)
Change Component Description : Designator=R18 Old Description=51R ±1% ±100 ppm/°C 0.05W 50V 0402 (1005 metric) New Description=51R ±1% ±100 ppm/°C 0.05W 50V 0402 (1005 metric)
Change Component Description : Designator=R81.1 Old Description=51R ±1% ±100 ppm/°C 0.05W 50V 0402 (1005 metric) New Description=51R ±1% ±100 ppm/°C 0.05W 50V 0402 (1005 metric)
Change Component Description : Designator=R81.2 Old Description=51R ±1% ±100 ppm/°C 0.05W 50V 0402 (1005 metric) New Description=51R ±1% ±100 ppm/°C 0.05W 50V 0402 (1005 metric)
Change Component Description : Designator=R81.3 Old Description=51R ±1% ±100 ppm/°C 0.05W 50V 0402 (1005 metric) New Description=51R ±1% ±100 ppm/°C 0.05W 50V 0402 (1005 metric)
Change Component Description : Designator=R81.4 Old Description=51R ±1% ±100 ppm/°C 0.05W 50V 0402 (1005 metric) New Description=51R ±1% ±100 ppm/°C 0.05W 50V 0402 (1005 metric)
Change Component Description : Designator=R81.5 Old Description=51R ±1% ±100 ppm/°C 0.05W 50V 0402 (1005 metric) New Description=51R ±1% ±100 ppm/°C 0.05W 50V 0402 (1005 metric)
Change Component Description : Designator=R81.6 Old Description=51R ±1% ±100 ppm/°C 0.05W 50V 0402 (1005 metric) New Description=51R ±1% ±100 ppm/°C 0.05W 50V 0402 (1005 metric)
Change Component Description : Designator=R81.7 Old Description=51R ±1% ±100 ppm/°C 0.05W 50V 0402 (1005 metric) New Description=51R ±1% ±100 ppm/°C 0.05W 50V 0402 (1005 metric)
Change Component Description : Designator=R81.8 Old Description=51R ±1% ±100 ppm/°C 0.05W 50V 0402 (1005 metric) New Description=51R ±1% ±100 ppm/°C 0.05W 50V 0402 (1005 metric)
Change Component Description : Designator=R82.1 Old Description=51R ±1% ±100 ppm/°C 0.05W 50V 0402 (1005 metric) New Description=51R ±1% ±100 ppm/°C 0.05W 50V 0402 (1005 metric)
Change Component Description : Designator=R82.2 Old Description=51R ±1% ±100 ppm/°C 0.05W 50V 0402 (1005 metric) New Description=51R ±1% ±100 ppm/°C 0.05W 50V 0402 (1005 metric)
Change Component Description : Designator=R82.3 Old Description=51R ±1% ±100 ppm/°C 0.05W 50V 0402 (1005 metric) New Description=51R ±1% ±100 ppm/°C 0.05W 50V 0402 (1005 metric)
Change Component Description : Designator=R82.4 Old Description=51R ±1% ±100 ppm/°C 0.05W 50V 0402 (1005 metric) New Description=51R ±1% ±100 ppm/°C 0.05W 50V 0402 (1005 metric)
Change Component Description : Designator=R82.5 Old Description=51R ±1% ±100 ppm/°C 0.05W 50V 0402 (1005 metric) New Description=51R ±1% ±100 ppm/°C 0.05W 50V 0402 (1005 metric)
Change Component Description : Designator=R82.6 Old Description=51R ±1% ±100 ppm/°C 0.05W 50V 0402 (1005 metric) New Description=51R ±1% ±100 ppm/°C 0.05W 50V 0402 (1005 metric)
Change Component Description : Designator=R82.7 Old Description=51R ±1% ±100 ppm/°C 0.05W 50V 0402 (1005 metric) New Description=51R ±1% ±100 ppm/°C 0.05W 50V 0402 (1005 metric)
Change Component Description : Designator=R82.8 Old Description=51R ±1% ±100 ppm/°C 0.05W 50V 0402 (1005 metric) New Description=51R ±1% ±100 ppm/°C 0.05W 50V 0402 (1005 metric)
Change Component Description : Designator=R83.1 Old Description=51R ±1% ±100 ppm/°C 0.05W 50V 0402 (1005 metric) New Description=51R ±1% ±100 ppm/°C 0.05W 50V 0402 (1005 metric)
Change Component Description : Designator=R83.2 Old Description=51R ±1% ±100 ppm/°C 0.05W 50V 0402 (1005 metric) New Description=51R ±1% ±100 ppm/°C 0.05W 50V 0402 (1005 metric)
Change Component Description : Designator=R83.3 Old Description=51R ±1% ±100 ppm/°C 0.05W 50V 0402 (1005 metric) New Description=51R ±1% ±100 ppm/°C 0.05W 50V 0402 (1005 metric)
Change Component Description : Designator=R83.4 Old Description=51R ±1% ±100 ppm/°C 0.05W 50V 0402 (1005 metric) New Description=51R ±1% ±100 ppm/°C 0.05W 50V 0402 (1005 metric)
Change Component Description : Designator=R83.5 Old Description=51R ±1% ±100 ppm/°C 0.05W 50V 0402 (1005 metric) New Description=51R ±1% ±100 ppm/°C 0.05W 50V 0402 (1005 metric)
Change Component Description : Designator=R83.6 Old Description=51R ±1% ±100 ppm/°C 0.05W 50V 0402 (1005 metric) New Description=51R ±1% ±100 ppm/°C 0.05W 50V 0402 (1005 metric)
Change Component Description : Designator=R83.7 Old Description=51R ±1% ±100 ppm/°C 0.05W 50V 0402 (1005 metric) New Description=51R ±1% ±100 ppm/°C 0.05W 50V 0402 (1005 metric)
Change Component Description : Designator=R83.8 Old Description=51R ±1% ±100 ppm/°C 0.05W 50V 0402 (1005 metric) New Description=51R ±1% ±100 ppm/°C 0.05W 50V 0402 (1005 metric)
Change Component Description : Designator=R67.1 Old Description=100R ±1% ±100 ppm/°C 0.10W 75V 0603 (1608 metric) New Description=100R ±1% ±100 ppm/°C 0.10W 75V 0603 (1608 metric)
Change Component Description : Designator=R67.2 Old Description=100R ±1% ±100 ppm/°C 0.10W 75V 0603 (1608 metric) New Description=100R ±1% ±100 ppm/°C 0.10W 75V 0603 (1608 metric)
Change Component Description : Designator=R72.1 Old Description=100R ±1% ±100 ppm/°C 0.10W 75V 0603 (1608 metric) New Description=100R ±1% ±100 ppm/°C 0.10W 75V 0603 (1608 metric)
Change Component Description : Designator=R72.2 Old Description=100R ±1% ±100 ppm/°C 0.10W 75V 0603 (1608 metric) New Description=100R ±1% ±100 ppm/°C 0.10W 75V 0603 (1608 metric)
Change Component Description : Designator=R77.1 Old Description=100R ±1% ±100 ppm/°C 0.10W 75V 0603 (1608 metric) New Description=100R ±1% ±100 ppm/°C 0.10W 75V 0603 (1608 metric)
Change Component Description : Designator=R77.2 Old Description=100R ±1% ±100 ppm/°C 0.10W 75V 0603 (1608 metric) New Description=100R ±1% ±100 ppm/°C 0.10W 75V 0603 (1608 metric)
Change Component Description : Designator=R122 Old Description=100R ±1% ±100 ppm/°C 0.10W 75V 0603 (1608 metric) New Description=100R ±1% ±100 ppm/°C 0.10W 75V 0603 (1608 metric)
Change Component Description : Designator=R66.1 Old Description=120K ±1% ±100 ppm/°C 0.10W 75V 0603 (1608 metric) New Description=120K ±1% ±100 ppm/°C 0.10W 75V 0603 (1608 metric)
Change Component Description : Designator=R66.2 Old Description=120K ±1% ±100 ppm/°C 0.10W 75V 0603 (1608 metric) New Description=120K ±1% ±100 ppm/°C 0.10W 75V 0603 (1608 metric)
Change Component Description : Designator=R68.1 Old Description=120K ±1% ±100 ppm/°C 0.10W 75V 0603 (1608 metric) New Description=120K ±1% ±100 ppm/°C 0.10W 75V 0603 (1608 metric)
Change Component Description : Designator=R68.2 Old Description=120K ±1% ±100 ppm/°C 0.10W 75V 0603 (1608 metric) New Description=120K ±1% ±100 ppm/°C 0.10W 75V 0603 (1608 metric)
Change Component Description : Designator=R5 Old Description=200R ±1% ±100 ppm/°C 0.05W 50V 0402 (1005 metric) New Description=200R ±1% ±100 ppm/°C 0.05W 50V 0402 (1005 metric)
Change Component Description : Designator=R6 Old Description=200R ±1% ±100 ppm/°C 0.05W 50V 0402 (1005 metric) New Description=200R ±1% ±100 ppm/°C 0.05W 50V 0402 (1005 metric)
Change Component Description : Designator=R7 Old Description=200R ±1% ±100 ppm/°C 0.05W 50V 0402 (1005 metric) New Description=200R ±1% ±100 ppm/°C 0.05W 50V 0402 (1005 metric)
Change Component Description : Designator=R8 Old Description=200R ±1% ±100 ppm/°C 0.05W 50V 0402 (1005 metric) New Description=200R ±1% ±100 ppm/°C 0.05W 50V 0402 (1005 metric)
Change Component Description : Designator=R9 Old Description=200R ±1% ±100 ppm/°C 0.05W 50V 0402 (1005 metric) New Description=200R ±1% ±100 ppm/°C 0.05W 50V 0402 (1005 metric)
Change Component Description : Designator=R10 Old Description=200R ±1% ±100 ppm/°C 0.05W 50V 0402 (1005 metric) New Description=200R ±1% ±100 ppm/°C 0.05W 50V 0402 (1005 metric)
Change Component Description : Designator=R1 Old Description=200R ±1% ±100 ppm/°C 0.10W 75V 0603 (1608 metric) New Description=200R ±1% ±100 ppm/°C 0.10W 75V 0603 (1608 metric)
Change Component Description : Designator=R2 Old Description=200R ±1% ±100 ppm/°C 0.10W 75V 0603 (1608 metric) New Description=200R ±1% ±100 ppm/°C 0.10W 75V 0603 (1608 metric)
Change Component Description : Designator=R109 Old Description=200R ±1% ±100 ppm/°C 0.10W 75V 0603 (1608 metric) New Description=200R ±1% ±100 ppm/°C 0.10W 75V 0603 (1608 metric)
Change Component Description : Designator=R119 Old Description=200R ±1% ±100 ppm/°C 0.10W 75V 0603 (1608 metric) New Description=200R ±1% ±100 ppm/°C 0.10W 75V 0603 (1608 metric)
Change Component Description : Designator=R15 Old Description=330R ±1% ±100 ppm/°C 0.10W 75V 0603 (1608 metric) New Description=330R ±1% ±100 ppm/°C 0.10W 75V 0603 (1608 metric)
Change Component Description : Designator=R28 Old Description=330R ±1% ±100 ppm/°C 0.10W 75V 0603 (1608 metric) New Description=330R ±1% ±100 ppm/°C 0.10W 75V 0603 (1608 metric)
Change Component Description : Designator=R29 Old Description=330R ±1% ±100 ppm/°C 0.10W 75V 0603 (1608 metric) New Description=330R ±1% ±100 ppm/°C 0.10W 75V 0603 (1608 metric)
Change Component Description : Designator=R110 Old Description=330R ±1% ±100 ppm/°C 0.10W 75V 0603 (1608 metric) New Description=330R ±1% ±100 ppm/°C 0.10W 75V 0603 (1608 metric)
Change Component Description : Designator=F1 Old Description=Ferrite bead, Würth Elektronik WE-CBF 2012 (0805), 74279206 ,  30.0 O  @  100.0MHz New Description=Ferrite bead, Würth Elektronik WE-CBF 2012 (0805), 74279206 ,  30.0 O  @  100.0MHz
Change Component Description : Designator=F2 Old Description=Ferrite bead, Würth Elektronik WE-CBF 2012 (0805), 74279206 ,  30.0 O  @  100.0MHz New Description=Ferrite bead, Würth Elektronik WE-CBF 2012 (0805), 74279206 ,  30.0 O  @  100.0MHz
Change Component Description : Designator=F3 Old Description=Ferrite bead, Würth Elektronik WE-CBF 2012 (0805), 74279206 ,  30.0 O  @  100.0MHz New Description=Ferrite bead, Würth Elektronik WE-CBF 2012 (0805), 74279206 ,  30.0 O  @  100.0MHz
Change Component Description : Designator=F4 Old Description=Ferrite bead, Würth Elektronik WE-CBF 2012 (0805), 74279206 ,  30.0 O  @  100.0MHz New Description=Ferrite bead, Würth Elektronik WE-CBF 2012 (0805), 74279206 ,  30.0 O  @  100.0MHz
Change Component Description : Designator=F5 Old Description=Ferrite bead, Würth Elektronik WE-CBF 2012 (0805), 74279206 ,  30.0 O  @  100.0MHz New Description=Ferrite bead, Würth Elektronik WE-CBF 2012 (0805), 74279206 ,  30.0 O  @  100.0MHz
Change Component Description : Designator=F6 Old Description=Ferrite bead, Würth Elektronik WE-CBF 2012 (0805), 74279206 ,  30.0 O  @  100.0MHz New Description=Ferrite bead, Würth Elektronik WE-CBF 2012 (0805), 74279206 ,  30.0 O  @  100.0MHz
Change Component Description : Designator=F12 Old Description=Ferrite bead, Würth Elektronik WE-CBF 2012 (0805), 74279206 ,  30.0 O  @  100.0MHz New Description=Ferrite bead, Würth Elektronik WE-CBF 2012 (0805), 74279206 ,  30.0 O  @  100.0MHz
Change Component Description : Designator=F13 Old Description=Ferrite bead, Würth Elektronik WE-CBF 2012 (0805), 74279206 ,  30.0 O  @  100.0MHz New Description=Ferrite bead, Würth Elektronik WE-CBF 2012 (0805), 74279206 ,  30.0 O  @  100.0MHz
Change Net Name : Old Net Name=NetC187.1_1 New Net Name=Vout.1
Change Net Name : Old Net Name=NetC187.2_1 New Net Name=Vout.2
Change Net Name : Old Net Name=NetC187.3_1 New Net Name=Vout.3
Change Net Name : Old Net Name=NetC187.4_1 New Net Name=Vout.4
Added Room: Name=[1] 0020-03_FFT2G - Top
Added Room: Name=ADC_CURRENT_PUMP1
Added Room: Name=ADC_CURRENT_PUMP2
Added Room: Name=ADC_DECOUPLING1
Added Room: Name=ADC_DECOUPLING2
Added Room: Name=ADC_INPUT_BIAS1
Added Room: Name=ADC_INPUT_BIAS5
Added Room: Name=ADC_NORTH
Added Room: Name=ADC_SOUTH
Added Room: Name=Clock
Added Room: Name=ETH
Added Room: Name=FPGA_ADC_N
Added Room: Name=FPGA_CONFIG
Added Room: Name=FPGA_MONITOR
Added Room: Name=FPGA_PWR
Added Room: Name=Power-Filter-LDO
Added Room: Name=U_ADC_INPUT_BIAS2
Added Room: Name=U_ADC_INPUT_BIAS3
Added Room: Name=U_ADC_INPUT_BIAS4
Added Room: Name=U_ADC_INPUT_BIAS6
Added Room: Name=U_ADC_INPUT_BIAS7
Added Room: Name=U_ADC_INPUT_BIAS8
Added Room: Name=USB
