Removed Pin From Net: NetName=GND Pin=D8.1-1
Removed Pin From Net: NetName=PGOOD.1 Pin=D8.1-2
Removed Pin From Net: NetName=GND Pin=D8.2-1
Removed Pin From Net: NetName=PGOOD.2 Pin=D8.2-2
Removed Pin From Net: NetName=GND Pin=D8.3-1
Removed Pin From Net: NetName=PGOOD.3 Pin=D8.3-2
Removed Pin From Net: NetName=GND Pin=D8.4-1
Removed Pin From Net: NetName=PGOOD.4 Pin=D8.4-2
Removed Pin From Net: NetName=NetF4_2 Pin=R4-1
Removed Pin From Net: NetName=NetJ10_4 Pin=R4-2
Removed Member From Class: ClassName=Ch_A 1.0V Member=D8.1
Removed Member From Class: ClassName=Ch_B 2.5V Member=D8.2
Removed Member From Class: ClassName=Ch_C 2.3V Member=D8.3
Removed Member From Class: ClassName=Ch_D 3.8VV Member=D8.4
Change Component DesignItemId : Designator=R133.1 Old DesignItemId=CMP-1800-002045-3 New DesignItemId=CMP-1800-002045-3
Change Component DesignItemId : Designator=R133.2 Old DesignItemId=CMP-1800-002045-3 New DesignItemId=CMP-1800-002045-3
Change Component DesignItemId : Designator=R133.3 Old DesignItemId=CMP-1800-002045-3 New DesignItemId=CMP-1800-002045-3
Change Component DesignItemId : Designator=R133.4 Old DesignItemId=CMP-1800-002045-3 New DesignItemId=CMP-1800-002045-3
Change Component Comment : Designator=R133.1 Old Comment=680R ±1% 0603 New Comment=10K ±1% 0603
Change Component Comment : Designator=R133.2 Old Comment=680R ±1% 0603 New Comment=10K ±1% 0603
Change Component Comment : Designator=R133.3 Old Comment=680R ±1% 0603 New Comment=10K ±1% 0603
Change Component Comment : Designator=R133.4 Old Comment=680R ±1% 0603 New Comment=10K ±1% 0603
Change component parameters: Designator = "R30" ("R30"); Footprint = "RESC3216N"; UniqueID = "\LSFQQERN\BOYEHSAW\IDHVNSGN" ("\LSFQQERN\BOYEHSAW\IDHVNSGN")
Change component parameters (AddParameter): Name = "Case-EIA"; Value = "1206"; VariantName = "[No Variations]"
Change component parameters (AddParameter): Name = "Case-Metric"; Value = "3216"; VariantName = "[No Variations]"
Change component parameters (AddParameter): Name = "Maximum working voltage"; Value = "200V"; VariantName = "[No Variations]"
Change component parameters (AddParameter): Name = "Power"; Value = "0.25W"; VariantName = "[No Variations]"
Change component parameters (AddParameter): Name = "Technology"; Value = "SMT"; VariantName = "[No Variations]"
Change component parameters (AddParameter): Name = "Temp. Coefficent"; Value = "±100 ppm/°C"; VariantName = "[No Variations]"
Change component parameters (AddParameter): Name = "Tolerance"; Value = "1"; VariantName = "[No Variations]"
Change component parameters (AddParameter): Name = "Value"; Value = "0.01"; VariantName = "[No Variations]"
Change component parameters: Designator = "R37" ("R37"); Footprint = "RESC3216N"; UniqueID = "\LSFQQERN\BOYEHSAW\IGJUNQYC" ("\LSFQQERN\BOYEHSAW\IGJUNQYC")
Change component parameters (AddParameter): Name = "Case-EIA"; Value = "1206"; VariantName = "[No Variations]"
Change component parameters (AddParameter): Name = "Case-Metric"; Value = "3216"; VariantName = "[No Variations]"
Change component parameters (AddParameter): Name = "Maximum working voltage"; Value = "200V"; VariantName = "[No Variations]"
Change component parameters (AddParameter): Name = "Power"; Value = "0.25W"; VariantName = "[No Variations]"
Change component parameters (AddParameter): Name = "Technology"; Value = "SMT"; VariantName = "[No Variations]"
Change component parameters (AddParameter): Name = "Temp. Coefficent"; Value = "±100 ppm/°C"; VariantName = "[No Variations]"
Change component parameters (AddParameter): Name = "Tolerance"; Value = "1"; VariantName = "[No Variations]"
Change component parameters (AddParameter): Name = "Value"; Value = "0.01"; VariantName = "[No Variations]"
Change component parameters: Designator = "R49" ("R49"); Footprint = "RESCAXS50P100X200X45-8N"; UniqueID = "\ZNLHZSSX\NOBEATVM" ("\ZNLHZSSX\NOBEATVM")
Change component parameters (AddParameter): Name = "Case-EIA"; Value = "0804"; VariantName = "[No Variations]"
Change component parameters (AddParameter): Name = "Case-Metric"; Value = "2010"; VariantName = "[No Variations]"
Change component parameters (AddParameter): Name = "Maximum working voltage"; Value = "50V"; VariantName = "[No Variations]"
Change component parameters (AddParameter): Name = "PartId"; Value = "1"; VariantName = "[No Variations]"
Change component parameters (AddParameter): Name = "PartNumber"; Value = "EXB-28V390J"; VariantName = "[No Variations]"
Change component parameters (AddParameter): Name = "Technology"; Value = "SMT"; VariantName = "[No Variations]"
Change component parameters (AddParameter): Name = "Temp. Coefficent"; Value = "±200 ppm/°C"; VariantName = "[No Variations]"
Change component parameters (AddParameter): Name = "Tolerance"; Value = "±5%"; VariantName = "[No Variations]"
Change component parameters (AddParameter): Name = "Value"; Value = "39.00"; VariantName = "[No Variations]"
Change component parameters: Designator = "R50" ("R50"); Footprint = "RESCAXS50P100X200X45-8N"; UniqueID = "\ZNLHZSSX\LOFTRACD" ("\ZNLHZSSX\LOFTRACD")
Change component parameters (AddParameter): Name = "Case-EIA"; Value = "0804"; VariantName = "[No Variations]"
Change component parameters (AddParameter): Name = "Case-Metric"; Value = "2010"; VariantName = "[No Variations]"
Change component parameters (AddParameter): Name = "Maximum working voltage"; Value = "50V"; VariantName = "[No Variations]"
Change component parameters (AddParameter): Name = "PartId"; Value = "1"; VariantName = "[No Variations]"
Change component parameters (AddParameter): Name = "PartNumber"; Value = "EXB-28V390J"; VariantName = "[No Variations]"
Change component parameters (AddParameter): Name = "Technology"; Value = "SMT"; VariantName = "[No Variations]"
Change component parameters (AddParameter): Name = "Temp. Coefficent"; Value = "±200 ppm/°C"; VariantName = "[No Variations]"
Change component parameters (AddParameter): Name = "Tolerance"; Value = "±5%"; VariantName = "[No Variations]"
Change component parameters (AddParameter): Name = "Value"; Value = "39.00"; VariantName = "[No Variations]"
Change component parameters: Designator = "R52" ("R52"); Footprint = "RESCAXS50P100X200X45-8N"; UniqueID = "\ZNLHZSSX\NXXMIASN" ("\ZNLHZSSX\NXXMIASN")
Change component parameters (AddParameter): Name = "Case-EIA"; Value = "0804"; VariantName = "[No Variations]"
Change component parameters (AddParameter): Name = "Case-Metric"; Value = "2010"; VariantName = "[No Variations]"
Change component parameters (AddParameter): Name = "Maximum working voltage"; Value = "50V"; VariantName = "[No Variations]"
Change component parameters (AddParameter): Name = "PartId"; Value = "1"; VariantName = "[No Variations]"
Change component parameters (AddParameter): Name = "PartNumber"; Value = "EXB-28V390J"; VariantName = "[No Variations]"
Change component parameters (AddParameter): Name = "Technology"; Value = "SMT"; VariantName = "[No Variations]"
Change component parameters (AddParameter): Name = "Temp. Coefficent"; Value = "±200 ppm/°C"; VariantName = "[No Variations]"
Change component parameters (AddParameter): Name = "Tolerance"; Value = "±5%"; VariantName = "[No Variations]"
Change component parameters (AddParameter): Name = "Value"; Value = "39.00"; VariantName = "[No Variations]"
Change component parameters: Designator = "R128" ("R128"); Footprint = "RESC3216N"; UniqueID = "\LSFQQERN\XRAJZJLL" ("\LSFQQERN\XRAJZJLL")
Change component parameters (AddParameter): Name = "Case-EIA"; Value = "1206"; VariantName = "[No Variations]"
Change component parameters (AddParameter): Name = "Case-Metric"; Value = "3216"; VariantName = "[No Variations]"
Change component parameters (AddParameter): Name = "Maximum working voltage"; Value = "200V"; VariantName = "[No Variations]"
Change component parameters (AddParameter): Name = "Power"; Value = "0.25W"; VariantName = "[No Variations]"
Change component parameters (AddParameter): Name = "Technology"; Value = "SMT"; VariantName = "[No Variations]"
Change component parameters (AddParameter): Name = "Temp. Coefficent"; Value = "±100 ppm/°C"; VariantName = "[No Variations]"
Change component parameters (AddParameter): Name = "Tolerance"; Value = "1"; VariantName = "[No Variations]"
Change component parameters (AddParameter): Name = "Value"; Value = "0.5"; VariantName = "[No Variations]"
Change component parameters: Designator = "R129" ("R129"); Footprint = "RESC3216N"; UniqueID = "\LSFQQERN\JSRYOJNM" ("\LSFQQERN\JSRYOJNM")
Change component parameters (AddParameter): Name = "Case-EIA"; Value = "1206"; VariantName = "[No Variations]"
Change component parameters (AddParameter): Name = "Case-Metric"; Value = "3216"; VariantName = "[No Variations]"
Change component parameters (AddParameter): Name = "Maximum working voltage"; Value = "200V"; VariantName = "[No Variations]"
Change component parameters (AddParameter): Name = "Power"; Value = "0.25W"; VariantName = "[No Variations]"
Change component parameters (AddParameter): Name = "Technology"; Value = "SMT"; VariantName = "[No Variations]"
Change component parameters (AddParameter): Name = "Temp. Coefficent"; Value = "±100 ppm/°C"; VariantName = "[No Variations]"
Change component parameters (AddParameter): Name = "Tolerance"; Value = "1"; VariantName = "[No Variations]"
Change component parameters (AddParameter): Name = "Value"; Value = "0.5"; VariantName = "[No Variations]"
Change component parameters: Designator = "R133.1" ("R133"); Footprint = "RESC1608L"; UniqueID = "\LSFQQERN\FGGLTWQK\RAMJOKYV" ("\LSFQQERN\FGGLTWQK\RAMJOKYV")
Change component parameters (AddParameter): Name = "Case-EIA"; Value = "0603"; VariantName = "[No Variations]"
Change component parameters (AddParameter): Name = "Case-Metric"; Value = "1608"; VariantName = "[No Variations]"
Change component parameters (AddParameter): Name = "Maximum working voltage"; Value = "75V"; VariantName = "[No Variations]"
Change component parameters (AddParameter): Name = "PartNumber"; Value = ""; VariantName = "[No Variations]"
Change component parameters (AddParameter): Name = "Power"; Value = "100mW"; VariantName = "[No Variations]"
Change component parameters (AddParameter): Name = "Technology"; Value = "SMT"; VariantName = "[No Variations]"
Change component parameters (AddParameter): Name = "Temp. Coefficent"; Value = "0.01%"; VariantName = "[No Variations]"
Change component parameters (AddParameter): Name = "Tolerance"; Value = "1%"; VariantName = "[No Variations]"
Change component parameters (AddParameter): Name = "Value"; Value = "10k"; VariantName = "[No Variations]"
Change component parameters: Designator = "R133.2" ("R133"); Footprint = "RESC1608L"; UniqueID = "\LSFQQERN\LJNKNUYR\RAMJOKYV" ("\LSFQQERN\LJNKNUYR\RAMJOKYV")
Change component parameters (AddParameter): Name = "Case-EIA"; Value = "0603"; VariantName = "[No Variations]"
Change component parameters (AddParameter): Name = "Case-Metric"; Value = "1608"; VariantName = "[No Variations]"
Change component parameters (AddParameter): Name = "Maximum working voltage"; Value = "75V"; VariantName = "[No Variations]"
Change component parameters (AddParameter): Name = "PartNumber"; Value = ""; VariantName = "[No Variations]"
Change component parameters (AddParameter): Name = "Power"; Value = "100mW"; VariantName = "[No Variations]"
Change component parameters (AddParameter): Name = "Technology"; Value = "SMT"; VariantName = "[No Variations]"
Change component parameters (AddParameter): Name = "Temp. Coefficent"; Value = "0.01%"; VariantName = "[No Variations]"
Change component parameters (AddParameter): Name = "Tolerance"; Value = "1%"; VariantName = "[No Variations]"
Change component parameters (AddParameter): Name = "Value"; Value = "10k"; VariantName = "[No Variations]"
Change component parameters: Designator = "R133.3" ("R133"); Footprint = "RESC1608L"; UniqueID = "\LSFQQERN\KDCZMNRZ\RAMJOKYV" ("\LSFQQERN\KDCZMNRZ\RAMJOKYV")
Change component parameters (AddParameter): Name = "Case-EIA"; Value = "0603"; VariantName = "[No Variations]"
Change component parameters (AddParameter): Name = "Case-Metric"; Value = "1608"; VariantName = "[No Variations]"
Change component parameters (AddParameter): Name = "Maximum working voltage"; Value = "75V"; VariantName = "[No Variations]"
Change component parameters (AddParameter): Name = "PartNumber"; Value = ""; VariantName = "[No Variations]"
Change component parameters (AddParameter): Name = "Power"; Value = "100mW"; VariantName = "[No Variations]"
Change component parameters (AddParameter): Name = "Technology"; Value = "SMT"; VariantName = "[No Variations]"
Change component parameters (AddParameter): Name = "Temp. Coefficent"; Value = "0.01%"; VariantName = "[No Variations]"
Change component parameters (AddParameter): Name = "Tolerance"; Value = "1%"; VariantName = "[No Variations]"
Change component parameters (AddParameter): Name = "Value"; Value = "10k"; VariantName = "[No Variations]"
Change component parameters: Designator = "R133.4" ("R133"); Footprint = "RESC1608L"; UniqueID = "\LSFQQERN\HOLPUNGC\RAMJOKYV" ("\LSFQQERN\HOLPUNGC\RAMJOKYV")
Change component parameters (AddParameter): Name = "Case-EIA"; Value = "0603"; VariantName = "[No Variations]"
Change component parameters (AddParameter): Name = "Case-Metric"; Value = "1608"; VariantName = "[No Variations]"
Change component parameters (AddParameter): Name = "Maximum working voltage"; Value = "75V"; VariantName = "[No Variations]"
Change component parameters (AddParameter): Name = "PartNumber"; Value = ""; VariantName = "[No Variations]"
Change component parameters (AddParameter): Name = "Power"; Value = "100mW"; VariantName = "[No Variations]"
Change component parameters (AddParameter): Name = "Technology"; Value = "SMT"; VariantName = "[No Variations]"
Change component parameters (AddParameter): Name = "Temp. Coefficent"; Value = "0.01%"; VariantName = "[No Variations]"
Change component parameters (AddParameter): Name = "Tolerance"; Value = "1%"; VariantName = "[No Variations]"
Change component parameters (AddParameter): Name = "Value"; Value = "10k"; VariantName = "[No Variations]"
Change component parameters: Designator = "F1" ("F1"); Footprint = "INDC2012X11L"; UniqueID = "\OCXTZITR\REAQTCAG\OBAUNHIQ" ("\OCXTZITR\REAQTCAG\OBAUNHIQ")
Change component parameters (AddParameter): Name = "IDC"; Value = "3.0 A"; VariantName = "[No Variations]"
Change component parameters (AddParameter): Name = "PartNumber"; Value = "74279206"; VariantName = "[No Variations]"
Change component parameters (AddParameter): Name = "RDC"; Value = "25.0 mO"; VariantName = "[No Variations]"
Change component parameters (AddParameter): Name = "Type"; Value = "High Current "; VariantName = "[No Variations]"
Change component parameters (AddParameter): Name = "Z@Freq"; Value = "30.0 O  @  100.0MHz"; VariantName = "[No Variations]"
Change component parameters (AddParameter): Name = "Zmax@Freq"; Value = "55.0 O  @      1.0 GHz"; VariantName = "[No Variations]"
Change component parameters: Designator = "F2" ("F2"); Footprint = "INDC2012X11L"; UniqueID = "\OCXTZITR\REAQTCAG\JKCZWMMK" ("\OCXTZITR\REAQTCAG\JKCZWMMK")
Change component parameters (AddParameter): Name = "IDC"; Value = "3.0 A"; VariantName = "[No Variations]"
Change component parameters (AddParameter): Name = "PartNumber"; Value = "74279206"; VariantName = "[No Variations]"
Change component parameters (AddParameter): Name = "RDC"; Value = "25.0 mO"; VariantName = "[No Variations]"
Change component parameters (AddParameter): Name = "Type"; Value = "High Current "; VariantName = "[No Variations]"
Change component parameters (AddParameter): Name = "Z@Freq"; Value = "30.0 O  @  100.0MHz"; VariantName = "[No Variations]"
Change component parameters (AddParameter): Name = "Zmax@Freq"; Value = "55.0 O  @      1.0 GHz"; VariantName = "[No Variations]"
Change component parameters: Designator = "F3" ("F3"); Footprint = "INDC2012X11N"; UniqueID = "\JPZTXZYP" ("\JPZTXZYP")
Change component parameters (AddParameter): Name = "IDC"; Value = "3.0 A"; VariantName = "[No Variations]"
Change component parameters (AddParameter): Name = "PartNumber"; Value = "74279206"; VariantName = "[No Variations]"
Change component parameters (AddParameter): Name = "RDC"; Value = "25.0 mO"; VariantName = "[No Variations]"
Change component parameters (AddParameter): Name = "Type"; Value = "High Current "; VariantName = "[No Variations]"
Change component parameters (AddParameter): Name = "Z@Freq"; Value = "30.0 O  @  100.0MHz"; VariantName = "[No Variations]"
Change component parameters (AddParameter): Name = "Zmax@Freq"; Value = "55.0 O  @      1.0 GHz"; VariantName = "[No Variations]"
Change component parameters: Designator = "F4" ("F4"); Footprint = "INDC2012X11N"; UniqueID = "\MPRUFHDM" ("\MPRUFHDM")
Change component parameters (AddParameter): Name = "IDC"; Value = "3.0 A"; VariantName = "[No Variations]"
Change component parameters (AddParameter): Name = "PartNumber"; Value = "74279206"; VariantName = "[No Variations]"
Change component parameters (AddParameter): Name = "RDC"; Value = "25.0 mO"; VariantName = "[No Variations]"
Change component parameters (AddParameter): Name = "Type"; Value = "High Current "; VariantName = "[No Variations]"
Change component parameters (AddParameter): Name = "Z@Freq"; Value = "30.0 O  @  100.0MHz"; VariantName = "[No Variations]"
Change component parameters (AddParameter): Name = "Zmax@Freq"; Value = "55.0 O  @      1.0 GHz"; VariantName = "[No Variations]"
Change component parameters: Designator = "F5" ("F5"); Footprint = "INDC2012X11N"; UniqueID = "\HFNXYQCY\SXUOFUCP" ("\HFNXYQCY\SXUOFUCP")
Change component parameters (AddParameter): Name = "IDC"; Value = "3.0 A"; VariantName = "[No Variations]"
Change component parameters (AddParameter): Name = "PartNumber"; Value = "74279206"; VariantName = "[No Variations]"
Change component parameters (AddParameter): Name = "RDC"; Value = "25.0 mO"; VariantName = "[No Variations]"
Change component parameters (AddParameter): Name = "Type"; Value = "High Current "; VariantName = "[No Variations]"
Change component parameters (AddParameter): Name = "Z@Freq"; Value = "30.0 O  @  100.0MHz"; VariantName = "[No Variations]"
Change component parameters (AddParameter): Name = "Zmax@Freq"; Value = "55.0 O  @      1.0 GHz"; VariantName = "[No Variations]"
Change component parameters: Designator = "F6" ("F6"); Footprint = "INDC2012X11N"; UniqueID = "\HFNXYQCY\QZTBHPJO" ("\HFNXYQCY\QZTBHPJO")
Change component parameters (AddParameter): Name = "IDC"; Value = "3.0 A"; VariantName = "[No Variations]"
Change component parameters (AddParameter): Name = "PartNumber"; Value = "74279206"; VariantName = "[No Variations]"
Change component parameters (AddParameter): Name = "RDC"; Value = "25.0 mO"; VariantName = "[No Variations]"
Change component parameters (AddParameter): Name = "Type"; Value = "High Current "; VariantName = "[No Variations]"
Change component parameters (AddParameter): Name = "Z@Freq"; Value = "30.0 O  @  100.0MHz"; VariantName = "[No Variations]"
Change component parameters (AddParameter): Name = "Zmax@Freq"; Value = "55.0 O  @      1.0 GHz"; VariantName = "[No Variations]"
Change component parameters: Designator = "F12" ("F12"); Footprint = "INDC2012X11L"; UniqueID = "\ZNLHZSSX\TEZEOVEO" ("\ZNLHZSSX\TEZEOVEO")
Change component parameters (AddParameter): Name = "IDC"; Value = "3.0 A"; VariantName = "[No Variations]"
Change component parameters (AddParameter): Name = "PartNumber"; Value = "74279206"; VariantName = "[No Variations]"
Change component parameters (AddParameter): Name = "RDC"; Value = "25.0 mO"; VariantName = "[No Variations]"
Change component parameters (AddParameter): Name = "Type"; Value = "High Current "; VariantName = "[No Variations]"
Change component parameters (AddParameter): Name = "Z@Freq"; Value = "30.0 O  @  100.0MHz"; VariantName = "[No Variations]"
Change component parameters (AddParameter): Name = "Zmax@Freq"; Value = "55.0 O  @      1.0 GHz"; VariantName = "[No Variations]"
Change component parameters: Designator = "F13" ("F13"); Footprint = "INDC2012X11L"; UniqueID = "\ZNLHZSSX\CYPHMXII" ("\ZNLHZSSX\CYPHMXII")
Change component parameters (AddParameter): Name = "IDC"; Value = "3.0 A"; VariantName = "[No Variations]"
Change component parameters (AddParameter): Name = "PartNumber"; Value = "74279206"; VariantName = "[No Variations]"
Change component parameters (AddParameter): Name = "RDC"; Value = "25.0 mO"; VariantName = "[No Variations]"
Change component parameters (AddParameter): Name = "Type"; Value = "High Current "; VariantName = "[No Variations]"
Change component parameters (AddParameter): Name = "Z@Freq"; Value = "30.0 O  @  100.0MHz"; VariantName = "[No Variations]"
Change component parameters (AddParameter): Name = "Zmax@Freq"; Value = "55.0 O  @      1.0 GHz"; VariantName = "[No Variations]"
Added Component: Designator=J12.1(SMT_IO_PAD_2x1MM)
Added Component: Designator=J12.2(SMT_IO_PAD_2x1MM)
Added Component: Designator=J12.3(SMT_IO_PAD_2x1MM)
Added Component: Designator=J12.4(SMT_IO_PAD_2x1MM)
Added Pin To Net: NetName=PGOOD.1 Pin=J12.1-1
Added Pin To Net: NetName=PGOOD.2 Pin=J12.2-1
Added Pin To Net: NetName=PGOOD.3 Pin=J12.3-1
Added Pin To Net: NetName=PGOOD.4 Pin=J12.4-1
Added Pin To Net: NetName=NetJ10_4 Pin=R4-1
Added Pin To Net: NetName=GND Pin=R4-2
Added Member To Class: ClassName=Ch_A 1.0V Member=Component J12.1 (J12) IOPAD
Added Member To Class: ClassName=Ch_B 2.5V Member=Component J12.2 (J12) IOPAD
Added Member To Class: ClassName=Ch_C 2.3V Member=Component J12.3 (J12) IOPAD
Added Member To Class: ClassName=Ch_D 3.8VV Member=Component J12.4 (J12) IOPAD
