Removed Pin From Net: NetName=EXT_GND Pin=C186.4-1
Removed Pin From Net: NetName=EXT_GND Pin=C220-1
Removed Pin From Net: NetName=EXT_GND Pin=C221-1
Removed Pin From Net: NetName=EXT_GND Pin=C225-1
Removed Pin From Net: NetName=EXT_GND Pin=C228-2
Removed Pin From Net: NetName=EXT_GND Pin=F7-3
Removed Pin From Net: NetName=EXT_GND Pin=F8-3
Removed Pin From Net: NetName=EXT_GND Pin=F9-3
Removed Pin From Net: NetName=EXT_GND Pin=F10-3
Removed Pin From Net: NetName=EXT_GND Pin=F11-3
Removed Pin From Net: NetName=EXT_GND Pin=L6-2
Removed Pin From Net: NetName=EXT_GND Pin=R133.4-2
Removed Pin From Net: NetName=EXT_GND Pin=R134.4-2
Removed Pin From Net: NetName=EXT_GND Pin=R138.3-1
Removed Pin From Net: NetName=EXT_GND Pin=R140.3-2
Removed Pin From Net: NetName=EXT_GND Pin=U34-3
Added Pin To Net: NetName=NetC236_1 Pin=C183-1
Added Pin To Net: NetName=NetC236_1 Pin=C185-1
Added Pin To Net: NetName=EXT_GND Pin=C186.4-1
Added Pin To Net: NetName=NetC236_1 Pin=C191-2
Added Pin To Net: NetName=NetC236_1 Pin=C214-2
Added Pin To Net: NetName=EXT_GND Pin=C220-1
Added Pin To Net: NetName=EXT_GND Pin=C221-1
Added Pin To Net: NetName=EXT_GND Pin=C225-1
Added Pin To Net: NetName=EXT_GND Pin=C228-2
Added Pin To Net: NetName=EXT_GND Pin=C236-2
Added Pin To Net: NetName=EXT_GND Pin=C237-2
Added Pin To Net: NetName=EXT_GND Pin=C238-2
Added Pin To Net: NetName=EXT_GND Pin=C239-2
Added Pin To Net: NetName=EXT_GND Pin=C240-2
Added Pin To Net: NetName=EXT_GND Pin=C241-2
Added Pin To Net: NetName=EXT_GND Pin=C242-2
Added Pin To Net: NetName=EXT_GND Pin=C243-2
Added Pin To Net: NetName=EXT_GND Pin=C244-2
Added Pin To Net: NetName=EXT_GND Pin=C245-2
Added Pin To Net: NetName=EXT_GND Pin=C246-2
Added Pin To Net: NetName=EXT_GND Pin=C247-2
Added Pin To Net: NetName=EXT_GND Pin=C248-2
Added Pin To Net: NetName=EXT_GND Pin=C249-2
Added Pin To Net: NetName=EXT_GND Pin=C251-2
Added Pin To Net: NetName=EXT_GND Pin=F7-3
Added Pin To Net: NetName=EXT_GND Pin=F8-3
Added Pin To Net: NetName=EXT_GND Pin=F9-3
Added Pin To Net: NetName=EXT_GND Pin=F10-3
Added Pin To Net: NetName=EXT_GND Pin=F11-3
Added Pin To Net: NetName=NetC236_1 Pin=L1-1
Added Pin To Net: NetName=NetC236_1 Pin=L4-1
Added Pin To Net: NetName=EXT_GND Pin=L6-2
Added Pin To Net: NetName=NetC236_1 Pin=L8-1
Added Pin To Net: NetName=EXT_GND Pin=R133.4-2
Added Pin To Net: NetName=EXT_GND Pin=R134.4-2
Added Pin To Net: NetName=EXT_GND Pin=R138.3-1
Added Pin To Net: NetName=EXT_GND Pin=R140.3-2
Added Pin To Net: NetName=EXT_GND Pin=R175-1
Added Pin To Net: NetName=EXT_GND Pin=R178-1
Added Pin To Net: NetName=EXT_GND Pin=R179-1
Added Pin To Net: NetName=EXT_GND Pin=U34-3
Added Pin To Net: NetName=EXT_GND Pin=U35-B2
Added Pin To Net: NetName=EXT_GND Pin=U35-B6
Added Pin To Net: NetName=EXT_GND Pin=U35-C2
Added Pin To Net: NetName=EXT_GND Pin=U35-C3
Added Pin To Net: NetName=EXT_GND Pin=U35-C4
Added Pin To Net: NetName=EXT_GND Pin=U35-C5
Added Pin To Net: NetName=EXT_GND Pin=U35-C6
Added Pin To Net: NetName=EXT_GND Pin=U35-C7
Added Pin To Net: NetName=EXT_GND Pin=U35-D5
Added Pin To Net: NetName=EXT_GND Pin=U35-D6
Added Pin To Net: NetName=EXT_GND Pin=U35-D7
Added Pin To Net: NetName=EXT_GND Pin=U35-E5
Added Pin To Net: NetName=EXT_GND Pin=U35-E6
Added Pin To Net: NetName=EXT_GND Pin=U35-E7
Added Pin To Net: NetName=EXT_GND Pin=U35-F5
Added Pin To Net: NetName=EXT_GND Pin=U35-F6
Added Pin To Net: NetName=EXT_GND Pin=U35-F7
Added Pin To Net: NetName=EXT_GND Pin=U35-G6
Added Pin To Net: NetName=EXT_GND Pin=U35-G7
Change Net Name : Old Net Name=NetC236_1 New Net Name=UIN
Added Member To Class: ClassName=POWER Member=Component R128 0R5 ±1% 1206
