Change Component Footprint: Designator=R138 Old Footprint=RESC1608N New Footprint=RESC1608L
Change Component Description : Designator=R30 Old Description=0R01 ±1% ±100 ppm/°C 0.25W 200V 1206 (3216 metric) New Description=0R01 ±1% ±100 ppm/°C 0.25W 200V 1206 (3216 metric)
Change Component Description : Designator=R37 Old Description=0R01 ±1% ±100 ppm/°C 0.25W 200V 1206 (3216 metric) New Description=0R01 ±1% ±100 ppm/°C 0.25W 200V 1206 (3216 metric)
Change Component Description : Designator=R128 Old Description=0R5 ±1% ±100 ppm/°C 0.25W 200V 1206 (3216 metric) New Description=0R5 ±1% ±100 ppm/°C 0.25W 200V 1206 (3216 metric)
Change Component Description : Designator=R129 Old Description=0R5 ±1% ±100 ppm/°C 0.25W 200V 1206 (3216 metric) New Description=0R5 ±1% ±100 ppm/°C 0.25W 200V 1206 (3216 metric)
Change Component Description : Designator=R35 Old Description=1K0 ±1% ±100 ppm/°C 0.10W 75V 0603 (1608 metric) New Description=1K0 ±1% ±100 ppm/°C 0.10W 75V 0603 (1608 metric)
Change Component Description : Designator=R80.1 Old Description=1K0 ±1% ±100 ppm/°C 0.10W 75V 0603 (1608 metric) New Description=1K0 ±1% ±100 ppm/°C 0.10W 75V 0603 (1608 metric)
Change Component Description : Designator=R80.2 Old Description=1K0 ±1% ±100 ppm/°C 0.10W 75V 0603 (1608 metric) New Description=1K0 ±1% ±100 ppm/°C 0.10W 75V 0603 (1608 metric)
Change Component Description : Designator=R136 Old Description=1K0 ±1% ±100 ppm/°C 0.10W 75V 0603 (1608 metric) New Description=1K0 ±1% ±100 ppm/°C 0.10W 75V 0603 (1608 metric)
Change Component Description : Designator=R14 Old Description=1K2 ±1% ±100 ppm/°C 0.05W 50V 0402 (1005 metric) New Description=1K2 ±1% ±100 ppm/°C 0.05W 50V 0402 (1005 metric)
Change Component Description : Designator=R45 Old Description=1K3 ±1% ±100 ppm/°C 0.10W 75V 0603 (1608 metric) New Description=1K3 ±1% ±100 ppm/°C 0.10W 75V 0603 (1608 metric)
Change Component Description : Designator=R51 Old Description=2K0 ±1% ±100 ppm/°C 0.10W 75V 0603 (1608 metric) New Description=2K0 ±1% ±100 ppm/°C 0.10W 75V 0603 (1608 metric)
Change Component Description : Designator=R53 Old Description=2K0 ±1% ±100 ppm/°C 0.10W 75V 0603 (1608 metric) New Description=2K0 ±1% ±100 ppm/°C 0.10W 75V 0603 (1608 metric)
Change Component Description : Designator=R54 Old Description=2K0 ±1% ±100 ppm/°C 0.10W 75V 0603 (1608 metric) New Description=2K0 ±1% ±100 ppm/°C 0.10W 75V 0603 (1608 metric)
Change Component Description : Designator=R55 Old Description=2K0 ±1% ±100 ppm/°C 0.10W 75V 0603 (1608 metric) New Description=2K0 ±1% ±100 ppm/°C 0.10W 75V 0603 (1608 metric)
Change Component Description : Designator=R56 Old Description=2K0 ±1% ±100 ppm/°C 0.10W 75V 0603 (1608 metric) New Description=2K0 ±1% ±100 ppm/°C 0.10W 75V 0603 (1608 metric)
Change Component Description : Designator=R57 Old Description=2K0 ±1% ±100 ppm/°C 0.10W 75V 0603 (1608 metric) New Description=2K0 ±1% ±100 ppm/°C 0.10W 75V 0603 (1608 metric)
Change Component Description : Designator=R23 Old Description=2K2 ±1% ±100 ppm/°C 0.10W 75V 0603 (1608 metric) New Description=2K2 ±1% ±100 ppm/°C 0.10W 75V 0603 (1608 metric)
Change Component Description : Designator=R34 Old Description=2K2 ±1% ±100 ppm/°C 0.10W 75V 0603 (1608 metric) New Description=2K2 ±1% ±100 ppm/°C 0.10W 75V 0603 (1608 metric)
Change Component Description : Designator=R36 Old Description=2K2 ±1% ±100 ppm/°C 0.10W 75V 0603 (1608 metric) New Description=2K2 ±1% ±100 ppm/°C 0.10W 75V 0603 (1608 metric)
Change Component Description : Designator=R13 Old Description=2K4 ±1% ±100 ppm/°C 0.05W 50V 0402 (1005 metric) New Description=2K4 ±1% ±100 ppm/°C 0.05W 50V 0402 (1005 metric)
Change Component Description : Designator=R33 Old Description=2K7 ±1% ±100 ppm/°C 0.10W 75V 0603 (1608 metric) New Description=2K7 ±1% ±100 ppm/°C 0.10W 75V 0603 (1608 metric)
Change Component Description : Designator=R40 Old Description=2K7 ±1% ±100 ppm/°C 0.10W 75V 0603 (1608 metric) New Description=2K7 ±1% ±100 ppm/°C 0.10W 75V 0603 (1608 metric)
Change Component Description : Designator=R43 Old Description=2K7 ±1% ±100 ppm/°C 0.10W 75V 0603 (1608 metric) New Description=2K7 ±1% ±100 ppm/°C 0.10W 75V 0603 (1608 metric)
Change Component Description : Designator=R46 Old Description=2K7 ±1% ±100 ppm/°C 0.10W 75V 0603 (1608 metric) New Description=2K7 ±1% ±100 ppm/°C 0.10W 75V 0603 (1608 metric)
Change Component Description : Designator=R31 Old Description=4K7 ±1% ±100 ppm/°C 0.10W 75V 0603 (1608 metric) New Description=4K7 ±1% ±100 ppm/°C 0.10W 75V 0603 (1608 metric)
Change Component Description : Designator=R32 Old Description=4K7 ±1% ±100 ppm/°C 0.10W 75V 0603 (1608 metric) New Description=4K7 ±1% ±100 ppm/°C 0.10W 75V 0603 (1608 metric)
Change Component Description : Designator=R38 Old Description=4K7 ±1% ±100 ppm/°C 0.10W 75V 0603 (1608 metric) New Description=4K7 ±1% ±100 ppm/°C 0.10W 75V 0603 (1608 metric)
Change Component Description : Designator=R39 Old Description=4K7 ±1% ±100 ppm/°C 0.10W 75V 0603 (1608 metric) New Description=4K7 ±1% ±100 ppm/°C 0.10W 75V 0603 (1608 metric)
Change Component Description : Designator=R41 Old Description=4K7 ±1% ±100 ppm/°C 0.10W 75V 0603 (1608 metric) New Description=4K7 ±1% ±100 ppm/°C 0.10W 75V 0603 (1608 metric)
Change Component Description : Designator=R42 Old Description=4K7 ±1% ±100 ppm/°C 0.10W 75V 0603 (1608 metric) New Description=4K7 ±1% ±100 ppm/°C 0.10W 75V 0603 (1608 metric)
Change Component Description : Designator=R44 Old Description=4K7 ±1% ±100 ppm/°C 0.10W 75V 0603 (1608 metric) New Description=4K7 ±1% ±100 ppm/°C 0.10W 75V 0603 (1608 metric)
Change Component Description : Designator=R58.1 Old Description=4K7 ±1% ±100 ppm/°C 0.10W 75V 0603 (1608 metric) New Description=4K7 ±1% ±100 ppm/°C 0.10W 75V 0603 (1608 metric)
Change Component Description : Designator=R58.2 Old Description=4K7 ±1% ±100 ppm/°C 0.10W 75V 0603 (1608 metric) New Description=4K7 ±1% ±100 ppm/°C 0.10W 75V 0603 (1608 metric)
Change Component Description : Designator=R59.1 Old Description=4K7 ±1% ±100 ppm/°C 0.10W 75V 0603 (1608 metric) New Description=4K7 ±1% ±100 ppm/°C 0.10W 75V 0603 (1608 metric)
Change Component Description : Designator=R59.2 Old Description=4K7 ±1% ±100 ppm/°C 0.10W 75V 0603 (1608 metric) New Description=4K7 ±1% ±100 ppm/°C 0.10W 75V 0603 (1608 metric)
Change Component Description : Designator=R60.1 Old Description=4K7 ±1% ±100 ppm/°C 0.10W 75V 0603 (1608 metric) New Description=4K7 ±1% ±100 ppm/°C 0.10W 75V 0603 (1608 metric)
Change Component Description : Designator=R60.2 Old Description=4K7 ±1% ±100 ppm/°C 0.10W 75V 0603 (1608 metric) New Description=4K7 ±1% ±100 ppm/°C 0.10W 75V 0603 (1608 metric)
Change Component Description : Designator=R61.1 Old Description=4K7 ±1% ±100 ppm/°C 0.10W 75V 0603 (1608 metric) New Description=4K7 ±1% ±100 ppm/°C 0.10W 75V 0603 (1608 metric)
Change Component Description : Designator=R61.2 Old Description=4K7 ±1% ±100 ppm/°C 0.10W 75V 0603 (1608 metric) New Description=4K7 ±1% ±100 ppm/°C 0.10W 75V 0603 (1608 metric)
Change Component Description : Designator=R62.1 Old Description=4K7 ±1% ±100 ppm/°C 0.10W 75V 0603 (1608 metric) New Description=4K7 ±1% ±100 ppm/°C 0.10W 75V 0603 (1608 metric)
Change Component Description : Designator=R62.2 Old Description=4K7 ±1% ±100 ppm/°C 0.10W 75V 0603 (1608 metric) New Description=4K7 ±1% ±100 ppm/°C 0.10W 75V 0603 (1608 metric)
Change Component Description : Designator=R64.1 Old Description=4K7 ±1% ±100 ppm/°C 0.10W 75V 0603 (1608 metric) New Description=4K7 ±1% ±100 ppm/°C 0.10W 75V 0603 (1608 metric)
Change Component Description : Designator=R64.2 Old Description=4K7 ±1% ±100 ppm/°C 0.10W 75V 0603 (1608 metric) New Description=4K7 ±1% ±100 ppm/°C 0.10W 75V 0603 (1608 metric)
Change Component Description : Designator=R84 Old Description=4K7 ±1% ±100 ppm/°C 0.10W 75V 0603 (1608 metric) New Description=4K7 ±1% ±100 ppm/°C 0.10W 75V 0603 (1608 metric)
Change Component Description : Designator=R85 Old Description=4K7 ±1% ±100 ppm/°C 0.10W 75V 0603 (1608 metric) New Description=4K7 ±1% ±100 ppm/°C 0.10W 75V 0603 (1608 metric)
Change Component Description : Designator=R86 Old Description=4K7 ±1% ±100 ppm/°C 0.10W 75V 0603 (1608 metric) New Description=4K7 ±1% ±100 ppm/°C 0.10W 75V 0603 (1608 metric)
Change Component Description : Designator=R87 Old Description=4K7 ±1% ±100 ppm/°C 0.10W 75V 0603 (1608 metric) New Description=4K7 ±1% ±100 ppm/°C 0.10W 75V 0603 (1608 metric)
Change Component Description : Designator=R88 Old Description=4K7 ±1% ±100 ppm/°C 0.10W 75V 0603 (1608 metric) New Description=4K7 ±1% ±100 ppm/°C 0.10W 75V 0603 (1608 metric)
Change Component Description : Designator=R89 Old Description=4K7 ±1% ±100 ppm/°C 0.10W 75V 0603 (1608 metric) New Description=4K7 ±1% ±100 ppm/°C 0.10W 75V 0603 (1608 metric)
Change Component Description : Designator=R90 Old Description=4K7 ±1% ±100 ppm/°C 0.10W 75V 0603 (1608 metric) New Description=4K7 ±1% ±100 ppm/°C 0.10W 75V 0603 (1608 metric)
Change Component Description : Designator=R91 Old Description=4K7 ±1% ±100 ppm/°C 0.10W 75V 0603 (1608 metric) New Description=4K7 ±1% ±100 ppm/°C 0.10W 75V 0603 (1608 metric)
Change Component Description : Designator=R92 Old Description=4K7 ±1% ±100 ppm/°C 0.10W 75V 0603 (1608 metric) New Description=4K7 ±1% ±100 ppm/°C 0.10W 75V 0603 (1608 metric)
Change Component Description : Designator=R93 Old Description=4K7 ±1% ±100 ppm/°C 0.10W 75V 0603 (1608 metric) New Description=4K7 ±1% ±100 ppm/°C 0.10W 75V 0603 (1608 metric)
Change Component Description : Designator=R94 Old Description=4K7 ±1% ±100 ppm/°C 0.10W 75V 0603 (1608 metric) New Description=4K7 ±1% ±100 ppm/°C 0.10W 75V 0603 (1608 metric)
Change Component Description : Designator=R95 Old Description=4K7 ±1% ±100 ppm/°C 0.10W 75V 0603 (1608 metric) New Description=4K7 ±1% ±100 ppm/°C 0.10W 75V 0603 (1608 metric)
Change Component Description : Designator=R96 Old Description=4K7 ±1% ±100 ppm/°C 0.10W 75V 0603 (1608 metric) New Description=4K7 ±1% ±100 ppm/°C 0.10W 75V 0603 (1608 metric)
Change Component Description : Designator=R97 Old Description=4K7 ±1% ±100 ppm/°C 0.10W 75V 0603 (1608 metric) New Description=4K7 ±1% ±100 ppm/°C 0.10W 75V 0603 (1608 metric)
Change Component Description : Designator=R98 Old Description=4K7 ±1% ±100 ppm/°C 0.10W 75V 0603 (1608 metric) New Description=4K7 ±1% ±100 ppm/°C 0.10W 75V 0603 (1608 metric)
Change Component Description : Designator=R99 Old Description=4K7 ±1% ±100 ppm/°C 0.10W 75V 0603 (1608 metric) New Description=4K7 ±1% ±100 ppm/°C 0.10W 75V 0603 (1608 metric)
Change Component Description : Designator=R100 Old Description=4K7 ±1% ±100 ppm/°C 0.10W 75V 0603 (1608 metric) New Description=4K7 ±1% ±100 ppm/°C 0.10W 75V 0603 (1608 metric)
Change Component Description : Designator=R103 Old Description=4K7 ±1% ±100 ppm/°C 0.10W 75V 0603 (1608 metric) New Description=4K7 ±1% ±100 ppm/°C 0.10W 75V 0603 (1608 metric)
Change Component Description : Designator=R104 Old Description=4K7 ±1% ±100 ppm/°C 0.10W 75V 0603 (1608 metric) New Description=4K7 ±1% ±100 ppm/°C 0.10W 75V 0603 (1608 metric)
Change Component Description : Designator=R105 Old Description=4K7 ±1% ±100 ppm/°C 0.10W 75V 0603 (1608 metric) New Description=4K7 ±1% ±100 ppm/°C 0.10W 75V 0603 (1608 metric)
Change Component Description : Designator=R106 Old Description=4K7 ±1% ±100 ppm/°C 0.10W 75V 0603 (1608 metric) New Description=4K7 ±1% ±100 ppm/°C 0.10W 75V 0603 (1608 metric)
Change Component Description : Designator=R107 Old Description=4K7 ±1% ±100 ppm/°C 0.10W 75V 0603 (1608 metric) New Description=4K7 ±1% ±100 ppm/°C 0.10W 75V 0603 (1608 metric)
Change Component Description : Designator=R108 Old Description=4K7 ±1% ±100 ppm/°C 0.10W 75V 0603 (1608 metric) New Description=4K7 ±1% ±100 ppm/°C 0.10W 75V 0603 (1608 metric)
Change Component Description : Designator=R111 Old Description=4K7 ±1% ±100 ppm/°C 0.10W 75V 0603 (1608 metric) New Description=4K7 ±1% ±100 ppm/°C 0.10W 75V 0603 (1608 metric)
Change Component Description : Designator=R112 Old Description=4K7 ±1% ±100 ppm/°C 0.10W 75V 0603 (1608 metric) New Description=4K7 ±1% ±100 ppm/°C 0.10W 75V 0603 (1608 metric)
Change Component Description : Designator=R123 Old Description=4K7 ±1% ±100 ppm/°C 0.10W 75V 0603 (1608 metric) New Description=4K7 ±1% ±100 ppm/°C 0.10W 75V 0603 (1608 metric)
Change Component Description : Designator=R11 Old Description=4K12 ±0.1% ±15 ppm/°C 0.1W 50V 0603 (1608 metric) Thinfilm New Description=4K12 ±0.1% ±15 ppm/°C 0.1W 50V 0603 (1608 metric) Thinfilm
Change Component Description : Designator=R12 Old Description=5K1 ±1% ±100 ppm/°C 0.10W 75V 0603 (1608 metric) New Description=5K1 ±1% ±100 ppm/°C 0.10W 75V 0603 (1608 metric)
Change Component Description : Designator=R20 Old Description=10K ±1% ±100 ppm/°C 0.10W 75V 0603 (1608 metric) New Description=10K ±1% ±100 ppm/°C 0.10W 75V 0603 (1608 metric)
Change Component Description : Designator=R21 Old Description=10K ±1% ±100 ppm/°C 0.10W 75V 0603 (1608 metric) New Description=10K ±1% ±100 ppm/°C 0.10W 75V 0603 (1608 metric)
Change Component Description : Designator=R22 Old Description=10K ±1% ±100 ppm/°C 0.10W 75V 0603 (1608 metric) New Description=10K ±1% ±100 ppm/°C 0.10W 75V 0603 (1608 metric)
Change Component Description : Designator=R24 Old Description=10K ±1% ±100 ppm/°C 0.10W 75V 0603 (1608 metric) New Description=10K ±1% ±100 ppm/°C 0.10W 75V 0603 (1608 metric)
Change Component Description : Designator=R26 Old Description=10K ±1% ±100 ppm/°C 0.10W 75V 0603 (1608 metric) New Description=10K ±1% ±100 ppm/°C 0.10W 75V 0603 (1608 metric)
Change Component Description : Designator=R27 Old Description=10K ±1% ±100 ppm/°C 0.10W 75V 0603 (1608 metric) New Description=10K ±1% ±100 ppm/°C 0.10W 75V 0603 (1608 metric)
Change Component Description : Designator=R65.1 Old Description=10K ±1% ±100 ppm/°C 0.10W 75V 0603 (1608 metric) New Description=10K ±1% ±100 ppm/°C 0.10W 75V 0603 (1608 metric)
Change Component Description : Designator=R65.2 Old Description=10K ±1% ±100 ppm/°C 0.10W 75V 0603 (1608 metric) New Description=10K ±1% ±100 ppm/°C 0.10W 75V 0603 (1608 metric)
Change Component Description : Designator=R65 Old Description=10K ±1% ±100 ppm/°C 0.10W 75V 0603 (1608 metric) New Description=10K ±1% ±100 ppm/°C 0.10W 75V 0603 (1608 metric)
Change Component Description : Designator=R69.1 Old Description=10K ±1% ±100 ppm/°C 0.10W 75V 0603 (1608 metric) New Description=10K ±1% ±100 ppm/°C 0.10W 75V 0603 (1608 metric)
Change Component Description : Designator=R69.2 Old Description=10K ±1% ±100 ppm/°C 0.10W 75V 0603 (1608 metric) New Description=10K ±1% ±100 ppm/°C 0.10W 75V 0603 (1608 metric)
Change Component Description : Designator=R69 Old Description=10K ±1% ±100 ppm/°C 0.10W 75V 0603 (1608 metric) New Description=10K ±1% ±100 ppm/°C 0.10W 75V 0603 (1608 metric)
Change Component Description : Designator=R70.1 Old Description=10K ±1% ±100 ppm/°C 0.10W 75V 0603 (1608 metric) New Description=10K ±1% ±100 ppm/°C 0.10W 75V 0603 (1608 metric)
Change Component Description : Designator=R70.2 Old Description=10K ±1% ±100 ppm/°C 0.10W 75V 0603 (1608 metric) New Description=10K ±1% ±100 ppm/°C 0.10W 75V 0603 (1608 metric)
Change Component Description : Designator=R74.1 Old Description=10K ±1% ±100 ppm/°C 0.10W 75V 0603 (1608 metric) New Description=10K ±1% ±100 ppm/°C 0.10W 75V 0603 (1608 metric)
Change Component Description : Designator=R74.2 Old Description=10K ±1% ±100 ppm/°C 0.10W 75V 0603 (1608 metric) New Description=10K ±1% ±100 ppm/°C 0.10W 75V 0603 (1608 metric)
Change Component Description : Designator=R75.1 Old Description=10K ±1% ±100 ppm/°C 0.10W 75V 0603 (1608 metric) New Description=10K ±1% ±100 ppm/°C 0.10W 75V 0603 (1608 metric)
Change Component Description : Designator=R75.2 Old Description=10K ±1% ±100 ppm/°C 0.10W 75V 0603 (1608 metric) New Description=10K ±1% ±100 ppm/°C 0.10W 75V 0603 (1608 metric)
Change Component Description : Designator=R79.1 Old Description=10K ±1% ±100 ppm/°C 0.10W 75V 0603 (1608 metric) New Description=10K ±1% ±100 ppm/°C 0.10W 75V 0603 (1608 metric)
Change Component Description : Designator=R79.2 Old Description=10K ±1% ±100 ppm/°C 0.10W 75V 0603 (1608 metric) New Description=10K ±1% ±100 ppm/°C 0.10W 75V 0603 (1608 metric)
Change Component Description : Designator=R124 Old Description=10K ±1% ±100 ppm/°C 0.10W 75V 0603 (1608 metric) New Description=10K ±1% ±100 ppm/°C 0.10W 75V 0603 (1608 metric)
Change Component Description : Designator=R125 Old Description=10K ±1% ±100 ppm/°C 0.10W 75V 0603 (1608 metric) New Description=10K ±1% ±100 ppm/°C 0.10W 75V 0603 (1608 metric)
Change Component Description : Designator=R126 Old Description=10K ±1% ±100 ppm/°C 0.10W 75V 0603 (1608 metric) New Description=10K ±1% ±100 ppm/°C 0.10W 75V 0603 (1608 metric)
Change Component Description : Designator=R127 Old Description=10K ±1% ±100 ppm/°C 0.10W 75V 0603 (1608 metric) New Description=10K ±1% ±100 ppm/°C 0.10W 75V 0603 (1608 metric)
Change Component Description : Designator=R133.1 Old Description=10K ±1% ±100 ppm/°C 0.10W 75V 0603 (1608 metric) New Description=10K ±1% ±100 ppm/°C 0.10W 75V 0603 (1608 metric)
Change Component Description : Designator=R133.2 Old Description=10K ±1% ±100 ppm/°C 0.10W 75V 0603 (1608 metric) New Description=10K ±1% ±100 ppm/°C 0.10W 75V 0603 (1608 metric)
Change Component Description : Designator=R133.3 Old Description=10K ±1% ±100 ppm/°C 0.10W 75V 0603 (1608 metric) New Description=10K ±1% ±100 ppm/°C 0.10W 75V 0603 (1608 metric)
Change Component Description : Designator=R133.4 Old Description=10K ±1% ±100 ppm/°C 0.10W 75V 0603 (1608 metric) New Description=10K ±1% ±100 ppm/°C 0.10W 75V 0603 (1608 metric)
Change Component Description : Designator=R25 Old Description=12K ±1% ±100 ppm/°C 0.10W 75V 0603 (1608 metric) New Description=12K ±1% ±100 ppm/°C 0.10W 75V 0603 (1608 metric)
Change Component Description : Designator=R71.1 Old Description=12K ±1% ±100 ppm/°C 0.10W 75V 0603 (1608 metric) New Description=12K ±1% ±100 ppm/°C 0.10W 75V 0603 (1608 metric)
Change Component Description : Designator=R71.2 Old Description=12K ±1% ±100 ppm/°C 0.10W 75V 0603 (1608 metric) New Description=12K ±1% ±100 ppm/°C 0.10W 75V 0603 (1608 metric)
Change Component Description : Designator=R73.1 Old Description=12K ±1% ±100 ppm/°C 0.10W 75V 0603 (1608 metric) New Description=12K ±1% ±100 ppm/°C 0.10W 75V 0603 (1608 metric)
Change Component Description : Designator=R73.2 Old Description=12K ±1% ±100 ppm/°C 0.10W 75V 0603 (1608 metric) New Description=12K ±1% ±100 ppm/°C 0.10W 75V 0603 (1608 metric)
Change Component Description : Designator=R76.1 Old Description=12K ±1% ±100 ppm/°C 0.10W 75V 0603 (1608 metric) New Description=12K ±1% ±100 ppm/°C 0.10W 75V 0603 (1608 metric)
Change Component Description : Designator=R76.2 Old Description=12K ±1% ±100 ppm/°C 0.10W 75V 0603 (1608 metric) New Description=12K ±1% ±100 ppm/°C 0.10W 75V 0603 (1608 metric)
Change Component Description : Designator=R78.1 Old Description=12K ±1% ±100 ppm/°C 0.10W 75V 0603 (1608 metric) New Description=12K ±1% ±100 ppm/°C 0.10W 75V 0603 (1608 metric)
Change Component Description : Designator=R78.2 Old Description=12K ±1% ±100 ppm/°C 0.10W 75V 0603 (1608 metric) New Description=12K ±1% ±100 ppm/°C 0.10W 75V 0603 (1608 metric)
Change Component Description : Designator=R101 Old Description=15K ±1% ±100 ppm/°C 0.10W 75V 0603 (1608 metric) New Description=15K ±1% ±100 ppm/°C 0.10W 75V 0603 (1608 metric)
Change Component Description : Designator=R116 Old Description=15K ±1% ±100 ppm/°C 0.10W 75V 0603 (1608 metric) New Description=15K ±1% ±100 ppm/°C 0.10W 75V 0603 (1608 metric)
Change Component Description : Designator=R16 Old Description=27R ±1% ±100 ppm/°C 0.05W 50V 0402 (1005 metric) New Description=27R ±1% ±100 ppm/°C 0.05W 50V 0402 (1005 metric)
Change Component Description : Designator=R19 Old Description=27R ±1% ±100 ppm/°C 0.05W 50V 0402 (1005 metric) New Description=27R ±1% ±100 ppm/°C 0.05W 50V 0402 (1005 metric)
Change Component Description : Designator=R49 Old Description=39R ±5% ±200 ppm/°C 0.031W 50V 0804 (2010 metric) New Description=39R ±5% ±200 ppm/°C 0.031W 50V 0804 (2010 metric)
Change Component Description : Designator=R50 Old Description=39R ±5% ±200 ppm/°C 0.031W 50V 0804 (2010 metric) New Description=39R ±5% ±200 ppm/°C 0.031W 50V 0804 (2010 metric)
Change Component Description : Designator=R52 Old Description=39R ±5% ±200 ppm/°C 0.031W 50V 0804 (2010 metric) New Description=39R ±5% ±200 ppm/°C 0.031W 50V 0804 (2010 metric)
Change Component Description : Designator=R102 Old Description=47K ±1% ±100 ppm/°C 0.10W 75V 0603 (1608 metric) New Description=47K ±1% ±100 ppm/°C 0.10W 75V 0603 (1608 metric)
Change Component Description : Designator=R118 Old Description=47K ±1% ±100 ppm/°C 0.10W 75V 0603 (1608 metric) New Description=47K ±1% ±100 ppm/°C 0.10W 75V 0603 (1608 metric)
Change Component Description : Designator=R121 Old Description=51K ±1% ±100 ppm/°C 0.10W 75V 0603 (1608 metric) New Description=51K ±1% ±100 ppm/°C 0.10W 75V 0603 (1608 metric)
Change Component Description : Designator=R17 Old Description=51R ±1% ±100 ppm/°C 0.05W 50V 0402 (1005 metric) New Description=51R ±1% ±100 ppm/°C 0.05W 50V 0402 (1005 metric)
Change Component Description : Designator=R18 Old Description=51R ±1% ±100 ppm/°C 0.05W 50V 0402 (1005 metric) New Description=51R ±1% ±100 ppm/°C 0.05W 50V 0402 (1005 metric)
Change Component Description : Designator=R81.1 Old Description=51R ±1% ±100 ppm/°C 0.05W 50V 0402 (1005 metric) New Description=51R ±1% ±100 ppm/°C 0.05W 50V 0402 (1005 metric)
Change Component Description : Designator=R81.2 Old Description=51R ±1% ±100 ppm/°C 0.05W 50V 0402 (1005 metric) New Description=51R ±1% ±100 ppm/°C 0.05W 50V 0402 (1005 metric)
Change Component Description : Designator=R81.3 Old Description=51R ±1% ±100 ppm/°C 0.05W 50V 0402 (1005 metric) New Description=51R ±1% ±100 ppm/°C 0.05W 50V 0402 (1005 metric)
Change Component Description : Designator=R81.4 Old Description=51R ±1% ±100 ppm/°C 0.05W 50V 0402 (1005 metric) New Description=51R ±1% ±100 ppm/°C 0.05W 50V 0402 (1005 metric)
Change Component Description : Designator=R81.5 Old Description=51R ±1% ±100 ppm/°C 0.05W 50V 0402 (1005 metric) New Description=51R ±1% ±100 ppm/°C 0.05W 50V 0402 (1005 metric)
Change Component Description : Designator=R81.6 Old Description=51R ±1% ±100 ppm/°C 0.05W 50V 0402 (1005 metric) New Description=51R ±1% ±100 ppm/°C 0.05W 50V 0402 (1005 metric)
Change Component Description : Designator=R81.7 Old Description=51R ±1% ±100 ppm/°C 0.05W 50V 0402 (1005 metric) New Description=51R ±1% ±100 ppm/°C 0.05W 50V 0402 (1005 metric)
Change Component Description : Designator=R81.8 Old Description=51R ±1% ±100 ppm/°C 0.05W 50V 0402 (1005 metric) New Description=51R ±1% ±100 ppm/°C 0.05W 50V 0402 (1005 metric)
Change Component Description : Designator=R82.1 Old Description=51R ±1% ±100 ppm/°C 0.05W 50V 0402 (1005 metric) New Description=51R ±1% ±100 ppm/°C 0.05W 50V 0402 (1005 metric)
Change Component Description : Designator=R82.2 Old Description=51R ±1% ±100 ppm/°C 0.05W 50V 0402 (1005 metric) New Description=51R ±1% ±100 ppm/°C 0.05W 50V 0402 (1005 metric)
Change Component Description : Designator=R82.3 Old Description=51R ±1% ±100 ppm/°C 0.05W 50V 0402 (1005 metric) New Description=51R ±1% ±100 ppm/°C 0.05W 50V 0402 (1005 metric)
Change Component Description : Designator=R82.4 Old Description=51R ±1% ±100 ppm/°C 0.05W 50V 0402 (1005 metric) New Description=51R ±1% ±100 ppm/°C 0.05W 50V 0402 (1005 metric)
Change Component Description : Designator=R82.5 Old Description=51R ±1% ±100 ppm/°C 0.05W 50V 0402 (1005 metric) New Description=51R ±1% ±100 ppm/°C 0.05W 50V 0402 (1005 metric)
Change Component Description : Designator=R82.6 Old Description=51R ±1% ±100 ppm/°C 0.05W 50V 0402 (1005 metric) New Description=51R ±1% ±100 ppm/°C 0.05W 50V 0402 (1005 metric)
Change Component Description : Designator=R82.7 Old Description=51R ±1% ±100 ppm/°C 0.05W 50V 0402 (1005 metric) New Description=51R ±1% ±100 ppm/°C 0.05W 50V 0402 (1005 metric)
Change Component Description : Designator=R82.8 Old Description=51R ±1% ±100 ppm/°C 0.05W 50V 0402 (1005 metric) New Description=51R ±1% ±100 ppm/°C 0.05W 50V 0402 (1005 metric)
Change Component Description : Designator=R83.1 Old Description=51R ±1% ±100 ppm/°C 0.05W 50V 0402 (1005 metric) New Description=51R ±1% ±100 ppm/°C 0.05W 50V 0402 (1005 metric)
Change Component Description : Designator=R83.2 Old Description=51R ±1% ±100 ppm/°C 0.05W 50V 0402 (1005 metric) New Description=51R ±1% ±100 ppm/°C 0.05W 50V 0402 (1005 metric)
Change Component Description : Designator=R83.3 Old Description=51R ±1% ±100 ppm/°C 0.05W 50V 0402 (1005 metric) New Description=51R ±1% ±100 ppm/°C 0.05W 50V 0402 (1005 metric)
Change Component Description : Designator=R83.4 Old Description=51R ±1% ±100 ppm/°C 0.05W 50V 0402 (1005 metric) New Description=51R ±1% ±100 ppm/°C 0.05W 50V 0402 (1005 metric)
Change Component Description : Designator=R83.5 Old Description=51R ±1% ±100 ppm/°C 0.05W 50V 0402 (1005 metric) New Description=51R ±1% ±100 ppm/°C 0.05W 50V 0402 (1005 metric)
Change Component Description : Designator=R83.6 Old Description=51R ±1% ±100 ppm/°C 0.05W 50V 0402 (1005 metric) New Description=51R ±1% ±100 ppm/°C 0.05W 50V 0402 (1005 metric)
Change Component Description : Designator=R83.7 Old Description=51R ±1% ±100 ppm/°C 0.05W 50V 0402 (1005 metric) New Description=51R ±1% ±100 ppm/°C 0.05W 50V 0402 (1005 metric)
Change Component Description : Designator=R83.8 Old Description=51R ±1% ±100 ppm/°C 0.05W 50V 0402 (1005 metric) New Description=51R ±1% ±100 ppm/°C 0.05W 50V 0402 (1005 metric)
Change Component Description : Designator=R67.1 Old Description=100R ±1% ±100 ppm/°C 0.10W 75V 0603 (1608 metric) New Description=100R ±1% ±100 ppm/°C 0.10W 75V 0603 (1608 metric)
Change Component Description : Designator=R67.2 Old Description=100R ±1% ±100 ppm/°C 0.10W 75V 0603 (1608 metric) New Description=100R ±1% ±100 ppm/°C 0.10W 75V 0603 (1608 metric)
Change Component Description : Designator=R72.1 Old Description=100R ±1% ±100 ppm/°C 0.10W 75V 0603 (1608 metric) New Description=100R ±1% ±100 ppm/°C 0.10W 75V 0603 (1608 metric)
Change Component Description : Designator=R72.2 Old Description=100R ±1% ±100 ppm/°C 0.10W 75V 0603 (1608 metric) New Description=100R ±1% ±100 ppm/°C 0.10W 75V 0603 (1608 metric)
Change Component Description : Designator=R77.1 Old Description=100R ±1% ±100 ppm/°C 0.10W 75V 0603 (1608 metric) New Description=100R ±1% ±100 ppm/°C 0.10W 75V 0603 (1608 metric)
Change Component Description : Designator=R77.2 Old Description=100R ±1% ±100 ppm/°C 0.10W 75V 0603 (1608 metric) New Description=100R ±1% ±100 ppm/°C 0.10W 75V 0603 (1608 metric)
Change Component Description : Designator=R122 Old Description=100R ±1% ±100 ppm/°C 0.10W 75V 0603 (1608 metric) New Description=100R ±1% ±100 ppm/°C 0.10W 75V 0603 (1608 metric)
Change Component Description : Designator=R135 Old Description=100R ±1% ±100 ppm/°C 0.10W 75V 0603 (1608 metric) New Description=100R ±1% ±100 ppm/°C 0.10W 75V 0603 (1608 metric)
Change Component Description : Designator=R66.1 Old Description=120K ±1% ±100 ppm/°C 0.10W 75V 0603 (1608 metric) New Description=120K ±1% ±100 ppm/°C 0.10W 75V 0603 (1608 metric)
Change Component Description : Designator=R66.2 Old Description=120K ±1% ±100 ppm/°C 0.10W 75V 0603 (1608 metric) New Description=120K ±1% ±100 ppm/°C 0.10W 75V 0603 (1608 metric)
Change Component Description : Designator=R68.1 Old Description=120K ±1% ±100 ppm/°C 0.10W 75V 0603 (1608 metric) New Description=120K ±1% ±100 ppm/°C 0.10W 75V 0603 (1608 metric)
Change Component Description : Designator=R68.2 Old Description=120K ±1% ±100 ppm/°C 0.10W 75V 0603 (1608 metric) New Description=120K ±1% ±100 ppm/°C 0.10W 75V 0603 (1608 metric)
Change Component Description : Designator=R134 Old Description=120K ±1% ±100 ppm/°C 0.10W 75V 0603 (1608 metric) New Description=120K ±1% ±100 ppm/°C 0.10W 75V 0603 (1608 metric)
Change Component Description : Designator=R137 Old Description=120K ±1% ±100 ppm/°C 0.10W 75V 0603 (1608 metric) New Description=120K ±1% ±100 ppm/°C 0.10W 75V 0603 (1608 metric)
Change Component Description : Designator=R5 Old Description=200R ±1% ±100 ppm/°C 0.05W 50V 0402 (1005 metric) New Description=200R ±1% ±100 ppm/°C 0.05W 50V 0402 (1005 metric)
Change Component Description : Designator=R6 Old Description=200R ±1% ±100 ppm/°C 0.05W 50V 0402 (1005 metric) New Description=200R ±1% ±100 ppm/°C 0.05W 50V 0402 (1005 metric)
Change Component Description : Designator=R7 Old Description=200R ±1% ±100 ppm/°C 0.05W 50V 0402 (1005 metric) New Description=200R ±1% ±100 ppm/°C 0.05W 50V 0402 (1005 metric)
Change Component Description : Designator=R8 Old Description=200R ±1% ±100 ppm/°C 0.05W 50V 0402 (1005 metric) New Description=200R ±1% ±100 ppm/°C 0.05W 50V 0402 (1005 metric)
Change Component Description : Designator=R9 Old Description=200R ±1% ±100 ppm/°C 0.05W 50V 0402 (1005 metric) New Description=200R ±1% ±100 ppm/°C 0.05W 50V 0402 (1005 metric)
Change Component Description : Designator=R10 Old Description=200R ±1% ±100 ppm/°C 0.05W 50V 0402 (1005 metric) New Description=200R ±1% ±100 ppm/°C 0.05W 50V 0402 (1005 metric)
Change Component Description : Designator=R1 Old Description=200R ±1% ±100 ppm/°C 0.10W 75V 0603 (1608 metric) New Description=200R ±1% ±100 ppm/°C 0.10W 75V 0603 (1608 metric)
Change Component Description : Designator=R2 Old Description=200R ±1% ±100 ppm/°C 0.10W 75V 0603 (1608 metric) New Description=200R ±1% ±100 ppm/°C 0.10W 75V 0603 (1608 metric)
Change Component Description : Designator=R109 Old Description=200R ±1% ±100 ppm/°C 0.10W 75V 0603 (1608 metric) New Description=200R ±1% ±100 ppm/°C 0.10W 75V 0603 (1608 metric)
Change Component Description : Designator=R119 Old Description=200R ±1% ±100 ppm/°C 0.10W 75V 0603 (1608 metric) New Description=200R ±1% ±100 ppm/°C 0.10W 75V 0603 (1608 metric)
Change Component Description : Designator=R15 Old Description=330R ±1% ±100 ppm/°C 0.10W 75V 0603 (1608 metric) New Description=330R ±1% ±100 ppm/°C 0.10W 75V 0603 (1608 metric)
Change Component Description : Designator=R28 Old Description=330R ±1% ±100 ppm/°C 0.10W 75V 0603 (1608 metric) New Description=330R ±1% ±100 ppm/°C 0.10W 75V 0603 (1608 metric)
Change Component Description : Designator=R29 Old Description=330R ±1% ±100 ppm/°C 0.10W 75V 0603 (1608 metric) New Description=330R ±1% ±100 ppm/°C 0.10W 75V 0603 (1608 metric)
Change Component Description : Designator=R110 Old Description=330R ±1% ±100 ppm/°C 0.10W 75V 0603 (1608 metric) New Description=330R ±1% ±100 ppm/°C 0.10W 75V 0603 (1608 metric)
Change Component Description : Designator=F1 Old Description=Ferrite bead, Würth Elektronik WE-CBF 2012 (0805), 74279206 ,  30.0 O  @  100.0MHz New Description=Ferrite bead, Würth Elektronik WE-CBF 2012 (0805), 74279206 ,  30.0 O  @  100.0MHz
Change Component Description : Designator=F2 Old Description=Ferrite bead, Würth Elektronik WE-CBF 2012 (0805), 74279206 ,  30.0 O  @  100.0MHz New Description=Ferrite bead, Würth Elektronik WE-CBF 2012 (0805), 74279206 ,  30.0 O  @  100.0MHz
Change Component Description : Designator=F3 Old Description=Ferrite bead, Würth Elektronik WE-CBF 2012 (0805), 74279206 ,  30.0 O  @  100.0MHz New Description=Ferrite bead, Würth Elektronik WE-CBF 2012 (0805), 74279206 ,  30.0 O  @  100.0MHz
Change Component Description : Designator=F4 Old Description=Ferrite bead, Würth Elektronik WE-CBF 2012 (0805), 74279206 ,  30.0 O  @  100.0MHz New Description=Ferrite bead, Würth Elektronik WE-CBF 2012 (0805), 74279206 ,  30.0 O  @  100.0MHz
Change Component Description : Designator=F5 Old Description=Ferrite bead, Würth Elektronik WE-CBF 2012 (0805), 74279206 ,  30.0 O  @  100.0MHz New Description=Ferrite bead, Würth Elektronik WE-CBF 2012 (0805), 74279206 ,  30.0 O  @  100.0MHz
Change Component Description : Designator=F6 Old Description=Ferrite bead, Würth Elektronik WE-CBF 2012 (0805), 74279206 ,  30.0 O  @  100.0MHz New Description=Ferrite bead, Würth Elektronik WE-CBF 2012 (0805), 74279206 ,  30.0 O  @  100.0MHz
Change Component Description : Designator=F12 Old Description=Ferrite bead, Würth Elektronik WE-CBF 2012 (0805), 74279206 ,  30.0 O  @  100.0MHz New Description=Ferrite bead, Würth Elektronik WE-CBF 2012 (0805), 74279206 ,  30.0 O  @  100.0MHz
Change Component Description : Designator=F13 Old Description=Ferrite bead, Würth Elektronik WE-CBF 2012 (0805), 74279206 ,  30.0 O  @  100.0MHz New Description=Ferrite bead, Würth Elektronik WE-CBF 2012 (0805), 74279206 ,  30.0 O  @  100.0MHz
Change component parameters: Designator = "R30" ("R30"); Footprint = "RESC3216N"; UniqueID = "\LSFQQERN\BOYEHSAW\IDHVNSGN" ("\LSFQQERN\BOYEHSAW\IDHVNSGN")
Change component parameters (AddParameter): Name = "Case-EIA"; Value = "1206"; VariantName = "[No Variations]"
Change component parameters (AddParameter): Name = "Case-Metric"; Value = "3216"; VariantName = "[No Variations]"
Change component parameters (AddParameter): Name = "Maximum working voltage"; Value = "200V"; VariantName = "[No Variations]"
Change component parameters (AddParameter): Name = "Power"; Value = "0.25W"; VariantName = "[No Variations]"
Change component parameters (AddParameter): Name = "Technology"; Value = "SMT"; VariantName = "[No Variations]"
Change component parameters (AddParameter): Name = "Temp. Coefficent"; Value = "±100 ppm/°C"; VariantName = "[No Variations]"
Change component parameters (AddParameter): Name = "Tolerance"; Value = "1"; VariantName = "[No Variations]"
Change component parameters (AddParameter): Name = "Value"; Value = "0.01"; VariantName = "[No Variations]"
Change component parameters: Designator = "R37" ("R37"); Footprint = "RESC3216N"; UniqueID = "\LSFQQERN\BOYEHSAW\IGJUNQYC" ("\LSFQQERN\BOYEHSAW\IGJUNQYC")
Change component parameters (AddParameter): Name = "Case-EIA"; Value = "1206"; VariantName = "[No Variations]"
Change component parameters (AddParameter): Name = "Case-Metric"; Value = "3216"; VariantName = "[No Variations]"
Change component parameters (AddParameter): Name = "Maximum working voltage"; Value = "200V"; VariantName = "[No Variations]"
Change component parameters (AddParameter): Name = "Power"; Value = "0.25W"; VariantName = "[No Variations]"
Change component parameters (AddParameter): Name = "Technology"; Value = "SMT"; VariantName = "[No Variations]"
Change component parameters (AddParameter): Name = "Temp. Coefficent"; Value = "±100 ppm/°C"; VariantName = "[No Variations]"
Change component parameters (AddParameter): Name = "Tolerance"; Value = "1"; VariantName = "[No Variations]"
Change component parameters (AddParameter): Name = "Value"; Value = "0.01"; VariantName = "[No Variations]"
Change component parameters: Designator = "R49" ("R49"); Footprint = "RESCAXS50P100X200X45-8N"; UniqueID = "\ZNLHZSSX\NOBEATVM" ("\ZNLHZSSX\NOBEATVM")
Change component parameters (AddParameter): Name = "Case-EIA"; Value = "0804"; VariantName = "[No Variations]"
Change component parameters (AddParameter): Name = "Case-Metric"; Value = "2010"; VariantName = "[No Variations]"
Change component parameters (AddParameter): Name = "Maximum working voltage"; Value = "50V"; VariantName = "[No Variations]"
Change component parameters (AddParameter): Name = "PartId"; Value = "1"; VariantName = "[No Variations]"
Change component parameters (AddParameter): Name = "PartNumber"; Value = "EXB-28V390J"; VariantName = "[No Variations]"
Change component parameters (AddParameter): Name = "Technology"; Value = "SMT"; VariantName = "[No Variations]"
Change component parameters (AddParameter): Name = "Temp. Coefficent"; Value = "±200 ppm/°C"; VariantName = "[No Variations]"
Change component parameters (AddParameter): Name = "Tolerance"; Value = "±5%"; VariantName = "[No Variations]"
Change component parameters (AddParameter): Name = "Value"; Value = "39.00"; VariantName = "[No Variations]"
Change component parameters: Designator = "R50" ("R50"); Footprint = "RESCAXS50P100X200X45-8N"; UniqueID = "\ZNLHZSSX\LOFTRACD" ("\ZNLHZSSX\LOFTRACD")
Change component parameters (AddParameter): Name = "Case-EIA"; Value = "0804"; VariantName = "[No Variations]"
Change component parameters (AddParameter): Name = "Case-Metric"; Value = "2010"; VariantName = "[No Variations]"
Change component parameters (AddParameter): Name = "Maximum working voltage"; Value = "50V"; VariantName = "[No Variations]"
Change component parameters (AddParameter): Name = "PartId"; Value = "1"; VariantName = "[No Variations]"
Change component parameters (AddParameter): Name = "PartNumber"; Value = "EXB-28V390J"; VariantName = "[No Variations]"
Change component parameters (AddParameter): Name = "Technology"; Value = "SMT"; VariantName = "[No Variations]"
Change component parameters (AddParameter): Name = "Temp. Coefficent"; Value = "±200 ppm/°C"; VariantName = "[No Variations]"
Change component parameters (AddParameter): Name = "Tolerance"; Value = "±5%"; VariantName = "[No Variations]"
Change component parameters (AddParameter): Name = "Value"; Value = "39.00"; VariantName = "[No Variations]"
Change component parameters: Designator = "R52" ("R52"); Footprint = "RESCAXS50P100X200X45-8N"; UniqueID = "\ZNLHZSSX\NXXMIASN" ("\ZNLHZSSX\NXXMIASN")
Change component parameters (AddParameter): Name = "Case-EIA"; Value = "0804"; VariantName = "[No Variations]"
Change component parameters (AddParameter): Name = "Case-Metric"; Value = "2010"; VariantName = "[No Variations]"
Change component parameters (AddParameter): Name = "Maximum working voltage"; Value = "50V"; VariantName = "[No Variations]"
Change component parameters (AddParameter): Name = "PartId"; Value = "1"; VariantName = "[No Variations]"
Change component parameters (AddParameter): Name = "PartNumber"; Value = "EXB-28V390J"; VariantName = "[No Variations]"
Change component parameters (AddParameter): Name = "Technology"; Value = "SMT"; VariantName = "[No Variations]"
Change component parameters (AddParameter): Name = "Temp. Coefficent"; Value = "±200 ppm/°C"; VariantName = "[No Variations]"
Change component parameters (AddParameter): Name = "Tolerance"; Value = "±5%"; VariantName = "[No Variations]"
Change component parameters (AddParameter): Name = "Value"; Value = "39.00"; VariantName = "[No Variations]"
Change component parameters: Designator = "R128" ("R128"); Footprint = "RESC3216N"; UniqueID = "\LSFQQERN\XRAJZJLL" ("\LSFQQERN\XRAJZJLL")
Change component parameters (AddParameter): Name = "Case-EIA"; Value = "1206"; VariantName = "[No Variations]"
Change component parameters (AddParameter): Name = "Case-Metric"; Value = "3216"; VariantName = "[No Variations]"
Change component parameters (AddParameter): Name = "Maximum working voltage"; Value = "200V"; VariantName = "[No Variations]"
Change component parameters (AddParameter): Name = "Power"; Value = "0.25W"; VariantName = "[No Variations]"
Change component parameters (AddParameter): Name = "Technology"; Value = "SMT"; VariantName = "[No Variations]"
Change component parameters (AddParameter): Name = "Temp. Coefficent"; Value = "±100 ppm/°C"; VariantName = "[No Variations]"
Change component parameters (AddParameter): Name = "Tolerance"; Value = "1"; VariantName = "[No Variations]"
Change component parameters (AddParameter): Name = "Value"; Value = "0.5"; VariantName = "[No Variations]"
Change component parameters: Designator = "R129" ("R129"); Footprint = "RESC3216N"; UniqueID = "\LSFQQERN\JSRYOJNM" ("\LSFQQERN\JSRYOJNM")
Change component parameters (AddParameter): Name = "Case-EIA"; Value = "1206"; VariantName = "[No Variations]"
Change component parameters (AddParameter): Name = "Case-Metric"; Value = "3216"; VariantName = "[No Variations]"
Change component parameters (AddParameter): Name = "Maximum working voltage"; Value = "200V"; VariantName = "[No Variations]"
Change component parameters (AddParameter): Name = "Power"; Value = "0.25W"; VariantName = "[No Variations]"
Change component parameters (AddParameter): Name = "Technology"; Value = "SMT"; VariantName = "[No Variations]"
Change component parameters (AddParameter): Name = "Temp. Coefficent"; Value = "±100 ppm/°C"; VariantName = "[No Variations]"
Change component parameters (AddParameter): Name = "Tolerance"; Value = "1"; VariantName = "[No Variations]"
Change component parameters (AddParameter): Name = "Value"; Value = "0.5"; VariantName = "[No Variations]"
Change component parameters: Designator = "F1" ("F1"); Footprint = "INDC2012X11L"; UniqueID = "\OCXTZITR\REAQTCAG\OBAUNHIQ" ("\OCXTZITR\REAQTCAG\OBAUNHIQ")
Change component parameters (AddParameter): Name = "IDC"; Value = "3.0 A"; VariantName = "[No Variations]"
Change component parameters (AddParameter): Name = "PartNumber"; Value = "74279206"; VariantName = "[No Variations]"
Change component parameters (AddParameter): Name = "RDC"; Value = "25.0 mO"; VariantName = "[No Variations]"
Change component parameters (AddParameter): Name = "Type"; Value = "High Current "; VariantName = "[No Variations]"
Change component parameters (AddParameter): Name = "Z@Freq"; Value = "30.0 O  @  100.0MHz"; VariantName = "[No Variations]"
Change component parameters (AddParameter): Name = "Zmax@Freq"; Value = "55.0 O  @      1.0 GHz"; VariantName = "[No Variations]"
Change component parameters: Designator = "F2" ("F2"); Footprint = "INDC2012X11L"; UniqueID = "\OCXTZITR\REAQTCAG\JKCZWMMK" ("\OCXTZITR\REAQTCAG\JKCZWMMK")
Change component parameters (AddParameter): Name = "IDC"; Value = "3.0 A"; VariantName = "[No Variations]"
Change component parameters (AddParameter): Name = "PartNumber"; Value = "74279206"; VariantName = "[No Variations]"
Change component parameters (AddParameter): Name = "RDC"; Value = "25.0 mO"; VariantName = "[No Variations]"
Change component parameters (AddParameter): Name = "Type"; Value = "High Current "; VariantName = "[No Variations]"
Change component parameters (AddParameter): Name = "Z@Freq"; Value = "30.0 O  @  100.0MHz"; VariantName = "[No Variations]"
Change component parameters (AddParameter): Name = "Zmax@Freq"; Value = "55.0 O  @      1.0 GHz"; VariantName = "[No Variations]"
Change component parameters: Designator = "F3" ("F3"); Footprint = "INDC2012X11N"; UniqueID = "\JPZTXZYP" ("\JPZTXZYP")
Change component parameters (AddParameter): Name = "IDC"; Value = "3.0 A"; VariantName = "[No Variations]"
Change component parameters (AddParameter): Name = "PartNumber"; Value = "74279206"; VariantName = "[No Variations]"
Change component parameters (AddParameter): Name = "RDC"; Value = "25.0 mO"; VariantName = "[No Variations]"
Change component parameters (AddParameter): Name = "Type"; Value = "High Current "; VariantName = "[No Variations]"
Change component parameters (AddParameter): Name = "Z@Freq"; Value = "30.0 O  @  100.0MHz"; VariantName = "[No Variations]"
Change component parameters (AddParameter): Name = "Zmax@Freq"; Value = "55.0 O  @      1.0 GHz"; VariantName = "[No Variations]"
Change component parameters: Designator = "F4" ("F4"); Footprint = "INDC2012X11N"; UniqueID = "\MPRUFHDM" ("\MPRUFHDM")
Change component parameters (AddParameter): Name = "IDC"; Value = "3.0 A"; VariantName = "[No Variations]"
Change component parameters (AddParameter): Name = "PartNumber"; Value = "74279206"; VariantName = "[No Variations]"
Change component parameters (AddParameter): Name = "RDC"; Value = "25.0 mO"; VariantName = "[No Variations]"
Change component parameters (AddParameter): Name = "Type"; Value = "High Current "; VariantName = "[No Variations]"
Change component parameters (AddParameter): Name = "Z@Freq"; Value = "30.0 O  @  100.0MHz"; VariantName = "[No Variations]"
Change component parameters (AddParameter): Name = "Zmax@Freq"; Value = "55.0 O  @      1.0 GHz"; VariantName = "[No Variations]"
Change component parameters: Designator = "F5" ("F5"); Footprint = "INDC2012X11N"; UniqueID = "\HFNXYQCY\SXUOFUCP" ("\HFNXYQCY\SXUOFUCP")
Change component parameters (AddParameter): Name = "IDC"; Value = "3.0 A"; VariantName = "[No Variations]"
Change component parameters (AddParameter): Name = "PartNumber"; Value = "74279206"; VariantName = "[No Variations]"
Change component parameters (AddParameter): Name = "RDC"; Value = "25.0 mO"; VariantName = "[No Variations]"
Change component parameters (AddParameter): Name = "Type"; Value = "High Current "; VariantName = "[No Variations]"
Change component parameters (AddParameter): Name = "Z@Freq"; Value = "30.0 O  @  100.0MHz"; VariantName = "[No Variations]"
Change component parameters (AddParameter): Name = "Zmax@Freq"; Value = "55.0 O  @      1.0 GHz"; VariantName = "[No Variations]"
Change component parameters: Designator = "F6" ("F6"); Footprint = "INDC2012X11N"; UniqueID = "\HFNXYQCY\QZTBHPJO" ("\HFNXYQCY\QZTBHPJO")
Change component parameters (AddParameter): Name = "IDC"; Value = "3.0 A"; VariantName = "[No Variations]"
Change component parameters (AddParameter): Name = "PartNumber"; Value = "74279206"; VariantName = "[No Variations]"
Change component parameters (AddParameter): Name = "RDC"; Value = "25.0 mO"; VariantName = "[No Variations]"
Change component parameters (AddParameter): Name = "Type"; Value = "High Current "; VariantName = "[No Variations]"
Change component parameters (AddParameter): Name = "Z@Freq"; Value = "30.0 O  @  100.0MHz"; VariantName = "[No Variations]"
Change component parameters (AddParameter): Name = "Zmax@Freq"; Value = "55.0 O  @      1.0 GHz"; VariantName = "[No Variations]"
Change component parameters: Designator = "F12" ("F12"); Footprint = "INDC2012X11L"; UniqueID = "\ZNLHZSSX\TEZEOVEO" ("\ZNLHZSSX\TEZEOVEO")
Change component parameters (AddParameter): Name = "IDC"; Value = "3.0 A"; VariantName = "[No Variations]"
Change component parameters (AddParameter): Name = "PartNumber"; Value = "74279206"; VariantName = "[No Variations]"
Change component parameters (AddParameter): Name = "RDC"; Value = "25.0 mO"; VariantName = "[No Variations]"
Change component parameters (AddParameter): Name = "Type"; Value = "High Current "; VariantName = "[No Variations]"
Change component parameters (AddParameter): Name = "Z@Freq"; Value = "30.0 O  @  100.0MHz"; VariantName = "[No Variations]"
Change component parameters (AddParameter): Name = "Zmax@Freq"; Value = "55.0 O  @      1.0 GHz"; VariantName = "[No Variations]"
Change component parameters: Designator = "F13" ("F13"); Footprint = "INDC2012X11L"; UniqueID = "\ZNLHZSSX\CYPHMXII" ("\ZNLHZSSX\CYPHMXII")
Change component parameters (AddParameter): Name = "IDC"; Value = "3.0 A"; VariantName = "[No Variations]"
Change component parameters (AddParameter): Name = "PartNumber"; Value = "74279206"; VariantName = "[No Variations]"
Change component parameters (AddParameter): Name = "RDC"; Value = "25.0 mO"; VariantName = "[No Variations]"
Change component parameters (AddParameter): Name = "Type"; Value = "High Current "; VariantName = "[No Variations]"
Change component parameters (AddParameter): Name = "Z@Freq"; Value = "30.0 O  @  100.0MHz"; VariantName = "[No Variations]"
Change component parameters (AddParameter): Name = "Zmax@Freq"; Value = "55.0 O  @      1.0 GHz"; VariantName = "[No Variations]"
