Change Component DesignItemId : Designator=C89.1 Old DesignItemId=CMP-0300-000090-4 New DesignItemId=CMP-0300-000090-5
Change Component DesignItemId : Designator=C89.2 Old DesignItemId=CMP-0300-000090-4 New DesignItemId=CMP-0300-000090-5
Change Component DesignItemId : Designator=C138.1 Old DesignItemId=CMP-0300-000090-4 New DesignItemId=CMP-0300-000090-5
Change Component DesignItemId : Designator=C138.2 Old DesignItemId=CMP-0300-000090-4 New DesignItemId=CMP-0300-000090-5
Change Component DesignItemId : Designator=C155.1 Old DesignItemId=CMP-0300-000090-4 New DesignItemId=CMP-0300-000090-5
Change Component DesignItemId : Designator=C155.2 Old DesignItemId=CMP-0300-000090-4 New DesignItemId=CMP-0300-000090-5
Change Component DesignItemId : Designator=C54 Old DesignItemId=CMP-0300-000207-6 New DesignItemId=CMP-0300-000208-8
Change Component DesignItemId : Designator=C63 Old DesignItemId=CMP-0300-000207-6 New DesignItemId=CMP-0300-000208-8
Change Component DesignItemId : Designator=C68 Old DesignItemId=CMP-0300-000207-6 New DesignItemId=CMP-0300-000208-8
Change Component DesignItemId : Designator=C53 Old DesignItemId=CMP-0300-000208-6 New DesignItemId=CMP-0300-000208-8
Change Component DesignItemId : Designator=C60 Old DesignItemId=CMP-0300-000208-6 New DesignItemId=CMP-0300-000208-8
Change Component DesignItemId : Designator=C184 Old DesignItemId=CMP-0300-000208-6 New DesignItemId=CMP-0300-000208-8
Change Component DesignItemId : Designator=C193.1 Old DesignItemId=CMP-0300-000208-6 New DesignItemId=CMP-0300-000208-8
Change Component DesignItemId : Designator=C193.2 Old DesignItemId=CMP-0300-000208-6 New DesignItemId=CMP-0300-000208-8
Change Component DesignItemId : Designator=C193.3 Old DesignItemId=CMP-0300-000208-6 New DesignItemId=CMP-0300-000208-8
Change Component DesignItemId : Designator=C193.4 Old DesignItemId=CMP-0300-000208-6 New DesignItemId=CMP-0300-000208-8
Change Component DesignItemId : Designator=C183 Old DesignItemId=CMP-0300-000235-6 New DesignItemId=CMP-0300-000235-8
Change Component DesignItemId : Designator=C194 Old DesignItemId=CMP-0300-000235-6 New DesignItemId=CMP-0300-000235-8
Change Component DesignItemId : Designator=C169 Old DesignItemId=CMP-0300-000277-2 New DesignItemId=CMP-0300-000208-8
Change Component DesignItemId : Designator=C170 Old DesignItemId=CMP-0300-000277-2 New DesignItemId=CMP-0300-000208-8
Change Component DesignItemId : Designator=C171 Old DesignItemId=CMP-0300-000277-2 New DesignItemId=CMP-0300-000208-8
Change Component DesignItemId : Designator=C172 Old DesignItemId=CMP-0300-000277-2 New DesignItemId=CMP-0300-000208-8
Change Component DesignItemId : Designator=C173 Old DesignItemId=CMP-0300-000277-2 New DesignItemId=CMP-0300-000208-8
Change Component DesignItemId : Designator=C41 Old DesignItemId=CMP-0300-003397-4 New DesignItemId=CMP-0300-003983-5
Change Component DesignItemId : Designator=C45 Old DesignItemId=CMP-0300-003397-4 New DesignItemId=CMP-0300-003983-5
Change Component DesignItemId : Designator=C46 Old DesignItemId=CMP-0300-003397-4 New DesignItemId=CMP-0300-003983-5
Change Component DesignItemId : Designator=C48 Old DesignItemId=CMP-0300-003397-4 New DesignItemId=CMP-0300-003983-5
Change Component DesignItemId : Designator=C72 Old DesignItemId=CMP-0300-003397-4 New DesignItemId=CMP-0300-003983-5
Change Component DesignItemId : Designator=C74 Old DesignItemId=CMP-0300-003397-4 New DesignItemId=CMP-0300-003983-5
Change Component DesignItemId : Designator=C58 Old DesignItemId=CMP-0300-003942-4 New DesignItemId=CMP-0300-002090-7
Change Component DesignItemId : Designator=C66 Old DesignItemId=CMP-0300-003942-4 New DesignItemId=CMP-0300-002090-7
Change Component DesignItemId : Designator=C71 Old DesignItemId=CMP-0300-003942-4 New DesignItemId=CMP-0300-002090-7
Change Component DesignItemId : Designator=R135 Old DesignItemId=CMP-1800-001998-5 New DesignItemId=CMP-1800-002021-5
Change Component DesignItemId : Designator=R101 Old DesignItemId=CMP-1800-002049-5 New DesignItemId=CMP-1800-002002-5
Change Component DesignItemId : Designator=R102 Old DesignItemId=CMP-1800-002061-5 New DesignItemId=CMP-1800-002014-5
Change Component DesignItemId : Designator=R30 Old DesignItemId=CMP-1800-002821-2 New DesignItemId=CMP-1800-002821-3
Change Component DesignItemId : Designator=R37 Old DesignItemId=CMP-1800-002821-2 New DesignItemId=CMP-1800-002821-3
Change Component DesignItemId : Designator=R49 Old DesignItemId=CMP-1800-003024-2 New DesignItemId=CMP-1800-003024-3
Change Component DesignItemId : Designator=R50 Old DesignItemId=CMP-1800-003024-2 New DesignItemId=CMP-1800-003024-3
Change Component DesignItemId : Designator=R52 Old DesignItemId=CMP-1800-003024-2 New DesignItemId=CMP-1800-003024-3
Change Component DesignItemId : Designator=R128 Old DesignItemId=CMP-1800-003168-1 New DesignItemId=CMP-1800-003168-2
Change Component DesignItemId : Designator=R129 Old DesignItemId=CMP-1800-003168-1 New DesignItemId=CMP-1800-003168-2
Change Component DesignItemId : Designator=R142 Old DesignItemId=CMP-1800-003168-1 New DesignItemId=CMP-1800-003168-2
Change Component DesignItemId : Designator=R143 Old DesignItemId=CMP-1800-003168-1 New DesignItemId=CMP-1800-003168-2
Change Component Footprint: Designator=C41 Old Footprint=CAPC2012X145N New Footprint=CAPC2012X145N
Change Component Footprint: Designator=C45 Old Footprint=CAPC2012X145N New Footprint=CAPC2012X145N
Change Component Footprint: Designator=C46 Old Footprint=CAPC2012X145N New Footprint=CAPC2012X145N
Change Component Footprint: Designator=C48 Old Footprint=CAPC2012X145N New Footprint=CAPC2012X145N
Change Component Footprint: Designator=C58 Old Footprint=CAPC2012X145N New Footprint=CAPC2012X145N
Change Component Footprint: Designator=C66 Old Footprint=CAPC2012X145N New Footprint=CAPC2012X145N
Change Component Footprint: Designator=C71 Old Footprint=CAPC2012X145N New Footprint=CAPC2012X145N
Change Component Footprint: Designator=C72 Old Footprint=CAPC2012X145N New Footprint=CAPC2012X145N
Change Component Footprint: Designator=C74 Old Footprint=CAPC2012X145N New Footprint=CAPC2012X145N
Change Component Footprint: Designator=R128 Old Footprint=RESC3216N New Footprint=RESC3216N
Change Component Footprint: Designator=R129 Old Footprint=RESC3216N New Footprint=RESC3216N
Change Component Footprint: Designator=R142 Old Footprint=RESC3216N New Footprint=RESC3216N
Change Component Footprint: Designator=R143 Old Footprint=RESC3216N New Footprint=RESC3216N
Change Component Footprint: Designator=R30 Old Footprint=RESC3216N New Footprint=RESC3216N
Change Component Footprint: Designator=R37 Old Footprint=RESC3216N New Footprint=RESC3216N
Change Component Footprint: Designator=R49 Old Footprint=RESCAXS50P100X200X45-8N New Footprint=RESCAXS50P100X200X45-8N
Change Component Footprint: Designator=R50 Old Footprint=RESCAXS50P100X200X45-8N New Footprint=RESCAXS50P100X200X45-8N
Change Component Footprint: Designator=R52 Old Footprint=RESCAXS50P100X200X45-8N New Footprint=RESCAXS50P100X200X45-8N
Change Component Comment : Designator=R30 Old Comment=0R01 ±1% 1206 New Comment=0R01 1% 1206
Change Component Comment : Designator=R37 Old Comment=0R01 ±1% 1206 New Comment=0R01 1% 1206
Change Component Comment : Designator=R128 Old Comment=0R5 ±1% 1206 New Comment=0R5 1% 1206
Change Component Comment : Designator=R129 Old Comment=0R5 ±1% 1206 New Comment=0R5 1% 1206
Change Component Comment : Designator=R142 Old Comment=0R5 ±1% 1206 New Comment=0R5 1% 1206
Change Component Comment : Designator=R143 Old Comment=0R5 ±1% 1206 New Comment=0R5 1% 1206
Change Component Comment : Designator=C41 Old Comment=4u7 16V 0805 New Comment=4u7 10% 10V X7R
Change Component Comment : Designator=C45 Old Comment=4u7 16V 0805 New Comment=4u7 10% 10V X7R
Change Component Comment : Designator=C46 Old Comment=4u7 16V 0805 New Comment=4u7 10% 10V X7R
Change Component Comment : Designator=C48 Old Comment=4u7 16V 0805 New Comment=4u7 10% 10V X7R
Change Component Comment : Designator=C72 Old Comment=4u7 16V 0805 New Comment=4u7 10% 10V X7R
Change Component Comment : Designator=C74 Old Comment=4u7 16V 0805 New Comment=4u7 10% 10V X7R
Change Component Comment : Designator=C89.1 Old Comment=10u 25V 3528-21 New Comment=10u 20% 25V
Change Component Comment : Designator=C89.2 Old Comment=10u 25V 3528-21 New Comment=10u 20% 25V
Change Component Comment : Designator=C138.1 Old Comment=10u 25V 3528-21 New Comment=10u 20% 25V
Change Component Comment : Designator=C138.2 Old Comment=10u 25V 3528-21 New Comment=10u 20% 25V
Change Component Comment : Designator=C155.1 Old Comment=10u 25V 3528-21 New Comment=10u 20% 25V
Change Component Comment : Designator=C155.2 Old Comment=10u 25V 3528-21 New Comment=10u 20% 25V
Change Component Comment : Designator=R101 Old Comment=15K 1% 0603 New Comment=150R 1% 0603
Change Component Comment : Designator=C58 Old Comment=22u 10V 0805 New Comment=10u 10% 6.3V X7R
Change Component Comment : Designator=C66 Old Comment=22u 10V 0805 New Comment=10u 10% 6.3V X7R
Change Component Comment : Designator=C71 Old Comment=22u 10V 0805 New Comment=10u 10% 6.3V X7R
Change Component Comment : Designator=R49 Old Comment=39R ±5% 0804 New Comment=39R 5% 0804
Change Component Comment : Designator=R50 Old Comment=39R ±5% 0804 New Comment=39R 5% 0804
Change Component Comment : Designator=R52 Old Comment=39R ±5% 0804 New Comment=39R 5% 0804
Change Component Comment : Designator=R102 Old Comment=47K 1% 0603 New Comment=470R 1% 0603
Change Component Comment : Designator=R135 Old Comment=100R 1% 0603 New Comment=1K0 1% 0603
Change Component Comment : Designator=C183 Old Comment=150u 16V 7343-43 New Comment=150u 20% 16V
Change Component Comment : Designator=C194 Old Comment=150u 16V 7343-43 New Comment=150u 20% 16V
Change Component Comment : Designator=C169 Old Comment=330u 6.3V 7343-43 New Comment=330u 20% 16V
Change Component Comment : Designator=C170 Old Comment=330u 6.3V 7343-43 New Comment=330u 20% 16V
Change Component Comment : Designator=C171 Old Comment=330u 6.3V 7343-43 New Comment=330u 20% 16V
Change Component Comment : Designator=C172 Old Comment=330u 6.3V 7343-43 New Comment=330u 20% 16V
Change Component Comment : Designator=C173 Old Comment=330u 6.3V 7343-43 New Comment=330u 20% 16V
Change Component Comment : Designator=C54 Old Comment=330u 10V 7343-43 New Comment=330u 20% 16V
Change Component Comment : Designator=C63 Old Comment=330u 10V 7343-43 New Comment=330u 20% 16V
Change Component Comment : Designator=C68 Old Comment=330u 10V 7343-43 New Comment=330u 20% 16V
Change Component Comment : Designator=C53 Old Comment=330u 16V 7343-43 New Comment=330u 20% 16V
Change Component Comment : Designator=C60 Old Comment=330u 16V 7343-43 New Comment=330u 20% 16V
Change Component Comment : Designator=C184 Old Comment=330u 16V 7343-43 New Comment=330u 20% 16V
Change Component Comment : Designator=C193.1 Old Comment=330u 16V 7343-43 New Comment=330u 20% 16V
Change Component Comment : Designator=C193.2 Old Comment=330u 16V 7343-43 New Comment=330u 20% 16V
Change Component Comment : Designator=C193.3 Old Comment=330u 16V 7343-43 New Comment=330u 20% 16V
Change Component Comment : Designator=C193.4 Old Comment=330u 16V 7343-43 New Comment=330u 20% 16V
Change Component Description : Designator=R30 Old Description=0R01 ±1% ±100 ppm/°C 0.25W 200V 1206 (3216 metric) New Description=Thick film Chip Resistor, 1206/3216
Change Component Description : Designator=R37 Old Description=0R01 ±1% ±100 ppm/°C 0.25W 200V 1206 (3216 metric) New Description=Thick film Chip Resistor, 1206/3216
Change Component Description : Designator=R128 Old Description=0R5 ±1% ±100 ppm/°C 0.25W 200V 1206 (3216 metric) New Description=Thick film Chip Resistor, 1206/3216
Change Component Description : Designator=R129 Old Description=0R5 ±1% ±100 ppm/°C 0.25W 200V 1206 (3216 metric) New Description=Thick film Chip Resistor, 1206/3216
Change Component Description : Designator=R142 Old Description=0R5 ±1% ±100 ppm/°C 0.25W 200V 1206 (3216 metric) New Description=Thick film Chip Resistor, 1206/3216
Change Component Description : Designator=R143 Old Description=0R5 ±1% ±100 ppm/°C 0.25W 200V 1206 (3216 metric) New Description=Thick film Chip Resistor, 1206/3216
Change Component Description : Designator=C41 Old Description=4u7 16V X7R ±10% 0805 (2012 metric) New Description=Ceramic Chip Capacitor, 0805/2012
Change Component Description : Designator=C45 Old Description=4u7 16V X7R ±10% 0805 (2012 metric) New Description=Ceramic Chip Capacitor, 0805/2012
Change Component Description : Designator=C46 Old Description=4u7 16V X7R ±10% 0805 (2012 metric) New Description=Ceramic Chip Capacitor, 0805/2012
Change Component Description : Designator=C48 Old Description=4u7 16V X7R ±10% 0805 (2012 metric) New Description=Ceramic Chip Capacitor, 0805/2012
Change Component Description : Designator=C72 Old Description=4u7 16V X7R ±10% 0805 (2012 metric) New Description=Ceramic Chip Capacitor, 0805/2012
Change Component Description : Designator=C74 Old Description=4u7 16V X7R ±10% 0805 (2012 metric) New Description=Ceramic Chip Capacitor, 0805/2012
Change Component Description : Designator=C58 Old Description=22u 10V X7T ±20% 0805 (2012 metric) New Description=Ceramic Chip Capacitor, 0805/2012
Change Component Description : Designator=C66 Old Description=22u 10V X7T ±20% 0805 (2012 metric) New Description=Ceramic Chip Capacitor, 0805/2012
Change Component Description : Designator=C71 Old Description=22u 10V X7T ±20% 0805 (2012 metric) New Description=Ceramic Chip Capacitor, 0805/2012
Change Component Description : Designator=R49 Old Description=39R ±5% ±200 ppm/°C 0.031W 50V 0804 (2010 metric) New Description=Thick film resistor array, 4 Resistors, Convex terminals, 0804/2010
Change Component Description : Designator=R50 Old Description=39R ±5% ±200 ppm/°C 0.031W 50V 0804 (2010 metric) New Description=Thick film resistor array, 4 Resistors, Convex terminals, 0804/2010
Change Component Description : Designator=R52 Old Description=39R ±5% ±200 ppm/°C 0.031W 50V 0804 (2010 metric) New Description=Thick film resistor array, 4 Resistors, Convex terminals, 0804/2010
Change Component Description : Designator=C169 Old Description=330u 6.3V 7343-43 New Description=Standard tantalum capacitor, 7343/Case E
Change Component Description : Designator=C170 Old Description=330u 6.3V 7343-43 New Description=Standard tantalum capacitor, 7343/Case E
Change Component Description : Designator=C171 Old Description=330u 6.3V 7343-43 New Description=Standard tantalum capacitor, 7343/Case E
Change Component Description : Designator=C172 Old Description=330u 6.3V 7343-43 New Description=Standard tantalum capacitor, 7343/Case E
Change Component Description : Designator=C173 Old Description=330u 6.3V 7343-43 New Description=Standard tantalum capacitor, 7343/Case E
Change Component Description : Designator=C89.1 Old Description=Standard tantalum capacitor,  10u 25V 3528-21,  Case B New Description=Standard tantalum capacitor, 3528/Case B
Change Component Description : Designator=C89.2 Old Description=Standard tantalum capacitor,  10u 25V 3528-21,  Case B New Description=Standard tantalum capacitor, 3528/Case B
Change Component Description : Designator=C138.1 Old Description=Standard tantalum capacitor,  10u 25V 3528-21,  Case B New Description=Standard tantalum capacitor, 3528/Case B
Change Component Description : Designator=C138.2 Old Description=Standard tantalum capacitor,  10u 25V 3528-21,  Case B New Description=Standard tantalum capacitor, 3528/Case B
Change Component Description : Designator=C155.1 Old Description=Standard tantalum capacitor,  10u 25V 3528-21,  Case B New Description=Standard tantalum capacitor, 3528/Case B
Change Component Description : Designator=C155.2 Old Description=Standard tantalum capacitor,  10u 25V 3528-21,  Case B New Description=Standard tantalum capacitor, 3528/Case B
Change Component Description : Designator=C183 Old Description=Standard tantalum capacitor,  150u 16V 7343-43,  Case E New Description=Standard tantalum capacitor, 7343/Case E
Change Component Description : Designator=C194 Old Description=Standard tantalum capacitor,  150u 16V 7343-43,  Case E New Description=Standard tantalum capacitor, 7343/Case E
Change Component Description : Designator=C54 Old Description=Standard tantalum capacitor,  330u 10V 7343-43,  Case E New Description=Standard tantalum capacitor, 7343/Case E
Change Component Description : Designator=C63 Old Description=Standard tantalum capacitor,  330u 10V 7343-43,  Case E New Description=Standard tantalum capacitor, 7343/Case E
Change Component Description : Designator=C68 Old Description=Standard tantalum capacitor,  330u 10V 7343-43,  Case E New Description=Standard tantalum capacitor, 7343/Case E
Change Component Description : Designator=C53 Old Description=Standard tantalum capacitor,  330u 16V 7343-43,  Case E New Description=Standard tantalum capacitor, 7343/Case E
Change Component Description : Designator=C60 Old Description=Standard tantalum capacitor,  330u 16V 7343-43,  Case E New Description=Standard tantalum capacitor, 7343/Case E
Change Component Description : Designator=C184 Old Description=Standard tantalum capacitor,  330u 16V 7343-43,  Case E New Description=Standard tantalum capacitor, 7343/Case E
Change Component Description : Designator=C193.1 Old Description=Standard tantalum capacitor,  330u 16V 7343-43,  Case E New Description=Standard tantalum capacitor, 7343/Case E
Change Component Description : Designator=C193.2 Old Description=Standard tantalum capacitor,  330u 16V 7343-43,  Case E New Description=Standard tantalum capacitor, 7343/Case E
Change Component Description : Designator=C193.3 Old Description=Standard tantalum capacitor,  330u 16V 7343-43,  Case E New Description=Standard tantalum capacitor, 7343/Case E
Change Component Description : Designator=C193.4 Old Description=Standard tantalum capacitor,  330u 16V 7343-43,  Case E New Description=Standard tantalum capacitor, 7343/Case E
Change Managed Component Library Link : Designator=C53 Old VaultGUID=2440EB7F-8868-40CF-AF20-FF1830FBDC4B New VaultGUID=2440EB7F-8868-40CF-AF20-FF1830FBDC4B Old ItemGUID=7119ADB3-FB24-46B0-BDC9-147147F04AA5 New ItemGUID=7119ADB3-FB24-46B0-BDC9-147147F04AA5 Old RevisionGUID=BD955E03-CFC0-45A0-952A-0FACF2222AAE New RevisionGUID=2BD88747-2138-48FB-BBC9-547A40A623C7
Change Managed Component Library Link : Designator=C60 Old VaultGUID=2440EB7F-8868-40CF-AF20-FF1830FBDC4B New VaultGUID=2440EB7F-8868-40CF-AF20-FF1830FBDC4B Old ItemGUID=7119ADB3-FB24-46B0-BDC9-147147F04AA5 New ItemGUID=7119ADB3-FB24-46B0-BDC9-147147F04AA5 Old RevisionGUID=BD955E03-CFC0-45A0-952A-0FACF2222AAE New RevisionGUID=2BD88747-2138-48FB-BBC9-547A40A623C7
Change Managed Component Library Link : Designator=C89.1 Old VaultGUID=2440EB7F-8868-40CF-AF20-FF1830FBDC4B New VaultGUID=2440EB7F-8868-40CF-AF20-FF1830FBDC4B Old ItemGUID=416C7EDE-7E17-412F-AEDB-5280BFA79989 New ItemGUID=416C7EDE-7E17-412F-AEDB-5280BFA79989 Old RevisionGUID=F3574966-8ABC-4506-A370-E9FD08FDBF39 New RevisionGUID=F8B6E657-A8C5-4F9E-ACBF-2C6F1BD0F410
Change Managed Component Library Link : Designator=C89.2 Old VaultGUID=2440EB7F-8868-40CF-AF20-FF1830FBDC4B New VaultGUID=2440EB7F-8868-40CF-AF20-FF1830FBDC4B Old ItemGUID=416C7EDE-7E17-412F-AEDB-5280BFA79989 New ItemGUID=416C7EDE-7E17-412F-AEDB-5280BFA79989 Old RevisionGUID=F3574966-8ABC-4506-A370-E9FD08FDBF39 New RevisionGUID=F8B6E657-A8C5-4F9E-ACBF-2C6F1BD0F410
Change Managed Component Library Link : Designator=C138.1 Old VaultGUID=2440EB7F-8868-40CF-AF20-FF1830FBDC4B New VaultGUID=2440EB7F-8868-40CF-AF20-FF1830FBDC4B Old ItemGUID=416C7EDE-7E17-412F-AEDB-5280BFA79989 New ItemGUID=416C7EDE-7E17-412F-AEDB-5280BFA79989 Old RevisionGUID=F3574966-8ABC-4506-A370-E9FD08FDBF39 New RevisionGUID=F8B6E657-A8C5-4F9E-ACBF-2C6F1BD0F410
Change Managed Component Library Link : Designator=C138.2 Old VaultGUID=2440EB7F-8868-40CF-AF20-FF1830FBDC4B New VaultGUID=2440EB7F-8868-40CF-AF20-FF1830FBDC4B Old ItemGUID=416C7EDE-7E17-412F-AEDB-5280BFA79989 New ItemGUID=416C7EDE-7E17-412F-AEDB-5280BFA79989 Old RevisionGUID=F3574966-8ABC-4506-A370-E9FD08FDBF39 New RevisionGUID=F8B6E657-A8C5-4F9E-ACBF-2C6F1BD0F410
Change Managed Component Library Link : Designator=C155.1 Old VaultGUID=2440EB7F-8868-40CF-AF20-FF1830FBDC4B New VaultGUID=2440EB7F-8868-40CF-AF20-FF1830FBDC4B Old ItemGUID=416C7EDE-7E17-412F-AEDB-5280BFA79989 New ItemGUID=416C7EDE-7E17-412F-AEDB-5280BFA79989 Old RevisionGUID=F3574966-8ABC-4506-A370-E9FD08FDBF39 New RevisionGUID=F8B6E657-A8C5-4F9E-ACBF-2C6F1BD0F410
Change Managed Component Library Link : Designator=C155.2 Old VaultGUID=2440EB7F-8868-40CF-AF20-FF1830FBDC4B New VaultGUID=2440EB7F-8868-40CF-AF20-FF1830FBDC4B Old ItemGUID=416C7EDE-7E17-412F-AEDB-5280BFA79989 New ItemGUID=416C7EDE-7E17-412F-AEDB-5280BFA79989 Old RevisionGUID=F3574966-8ABC-4506-A370-E9FD08FDBF39 New RevisionGUID=F8B6E657-A8C5-4F9E-ACBF-2C6F1BD0F410
Change Managed Component Library Link : Designator=C183 Old VaultGUID=2440EB7F-8868-40CF-AF20-FF1830FBDC4B New VaultGUID=2440EB7F-8868-40CF-AF20-FF1830FBDC4B Old ItemGUID=AEA68EDF-07A4-4344-8EDE-B7196D058B2C New ItemGUID=AEA68EDF-07A4-4344-8EDE-B7196D058B2C Old RevisionGUID=E10FAE49-0C69-4B0D-8371-4090A8E9FECB New RevisionGUID=75FADA0F-E3EE-4134-B710-9C5914433E4E
Change Managed Component Library Link : Designator=C184 Old VaultGUID=2440EB7F-8868-40CF-AF20-FF1830FBDC4B New VaultGUID=2440EB7F-8868-40CF-AF20-FF1830FBDC4B Old ItemGUID=7119ADB3-FB24-46B0-BDC9-147147F04AA5 New ItemGUID=7119ADB3-FB24-46B0-BDC9-147147F04AA5 Old RevisionGUID=BD955E03-CFC0-45A0-952A-0FACF2222AAE New RevisionGUID=2BD88747-2138-48FB-BBC9-547A40A623C7
Change Managed Component Library Link : Designator=C193.1 Old VaultGUID=2440EB7F-8868-40CF-AF20-FF1830FBDC4B New VaultGUID=2440EB7F-8868-40CF-AF20-FF1830FBDC4B Old ItemGUID=7119ADB3-FB24-46B0-BDC9-147147F04AA5 New ItemGUID=7119ADB3-FB24-46B0-BDC9-147147F04AA5 Old RevisionGUID=BD955E03-CFC0-45A0-952A-0FACF2222AAE New RevisionGUID=2BD88747-2138-48FB-BBC9-547A40A623C7
Change Managed Component Library Link : Designator=C193.2 Old VaultGUID=2440EB7F-8868-40CF-AF20-FF1830FBDC4B New VaultGUID=2440EB7F-8868-40CF-AF20-FF1830FBDC4B Old ItemGUID=7119ADB3-FB24-46B0-BDC9-147147F04AA5 New ItemGUID=7119ADB3-FB24-46B0-BDC9-147147F04AA5 Old RevisionGUID=BD955E03-CFC0-45A0-952A-0FACF2222AAE New RevisionGUID=2BD88747-2138-48FB-BBC9-547A40A623C7
Change Managed Component Library Link : Designator=C193.3 Old VaultGUID=2440EB7F-8868-40CF-AF20-FF1830FBDC4B New VaultGUID=2440EB7F-8868-40CF-AF20-FF1830FBDC4B Old ItemGUID=7119ADB3-FB24-46B0-BDC9-147147F04AA5 New ItemGUID=7119ADB3-FB24-46B0-BDC9-147147F04AA5 Old RevisionGUID=BD955E03-CFC0-45A0-952A-0FACF2222AAE New RevisionGUID=2BD88747-2138-48FB-BBC9-547A40A623C7
Change Managed Component Library Link : Designator=C193.4 Old VaultGUID=2440EB7F-8868-40CF-AF20-FF1830FBDC4B New VaultGUID=2440EB7F-8868-40CF-AF20-FF1830FBDC4B Old ItemGUID=7119ADB3-FB24-46B0-BDC9-147147F04AA5 New ItemGUID=7119ADB3-FB24-46B0-BDC9-147147F04AA5 Old RevisionGUID=BD955E03-CFC0-45A0-952A-0FACF2222AAE New RevisionGUID=2BD88747-2138-48FB-BBC9-547A40A623C7
Change Managed Component Library Link : Designator=C194 Old VaultGUID=2440EB7F-8868-40CF-AF20-FF1830FBDC4B New VaultGUID=2440EB7F-8868-40CF-AF20-FF1830FBDC4B Old ItemGUID=AEA68EDF-07A4-4344-8EDE-B7196D058B2C New ItemGUID=AEA68EDF-07A4-4344-8EDE-B7196D058B2C Old RevisionGUID=E10FAE49-0C69-4B0D-8371-4090A8E9FECB New RevisionGUID=75FADA0F-E3EE-4134-B710-9C5914433E4E
Change Managed Component Library Link : Designator=R30 Old VaultGUID=2440EB7F-8868-40CF-AF20-FF1830FBDC4B New VaultGUID=2440EB7F-8868-40CF-AF20-FF1830FBDC4B Old ItemGUID=AF5F8C85-2EDB-4DD0-B2BF-344E9F8C89B2 New ItemGUID=AF5F8C85-2EDB-4DD0-B2BF-344E9F8C89B2 Old RevisionGUID=978AFE3B-F2F6-484F-BB47-C3782121D009 New RevisionGUID=0C348002-3006-4C7F-8A21-48C2AD27C043
Change Managed Component Library Link : Designator=R37 Old VaultGUID=2440EB7F-8868-40CF-AF20-FF1830FBDC4B New VaultGUID=2440EB7F-8868-40CF-AF20-FF1830FBDC4B Old ItemGUID=AF5F8C85-2EDB-4DD0-B2BF-344E9F8C89B2 New ItemGUID=AF5F8C85-2EDB-4DD0-B2BF-344E9F8C89B2 Old RevisionGUID=978AFE3B-F2F6-484F-BB47-C3782121D009 New RevisionGUID=0C348002-3006-4C7F-8A21-48C2AD27C043
Change Managed Component Library Link : Designator=R49 Old VaultGUID=2440EB7F-8868-40CF-AF20-FF1830FBDC4B New VaultGUID=2440EB7F-8868-40CF-AF20-FF1830FBDC4B Old ItemGUID=D3765622-8C2E-41E4-88F2-3A838EB816C8 New ItemGUID=D3765622-8C2E-41E4-88F2-3A838EB816C8 Old RevisionGUID=0748454B-6437-4C6A-BD44-5EE6C87A305D New RevisionGUID=91C57973-0D31-49CE-9F4A-42144D47B0C4
Change Managed Component Library Link : Designator=R50 Old VaultGUID=2440EB7F-8868-40CF-AF20-FF1830FBDC4B New VaultGUID=2440EB7F-8868-40CF-AF20-FF1830FBDC4B Old ItemGUID=D3765622-8C2E-41E4-88F2-3A838EB816C8 New ItemGUID=D3765622-8C2E-41E4-88F2-3A838EB816C8 Old RevisionGUID=0748454B-6437-4C6A-BD44-5EE6C87A305D New RevisionGUID=91C57973-0D31-49CE-9F4A-42144D47B0C4
Change Managed Component Library Link : Designator=R52 Old VaultGUID=2440EB7F-8868-40CF-AF20-FF1830FBDC4B New VaultGUID=2440EB7F-8868-40CF-AF20-FF1830FBDC4B Old ItemGUID=D3765622-8C2E-41E4-88F2-3A838EB816C8 New ItemGUID=D3765622-8C2E-41E4-88F2-3A838EB816C8 Old RevisionGUID=0748454B-6437-4C6A-BD44-5EE6C87A305D New RevisionGUID=91C57973-0D31-49CE-9F4A-42144D47B0C4
Change Managed Component Library Link : Designator=R128 Old VaultGUID=2440EB7F-8868-40CF-AF20-FF1830FBDC4B New VaultGUID=2440EB7F-8868-40CF-AF20-FF1830FBDC4B Old ItemGUID=A8B278F2-D247-48FA-97D8-E46983E9CE94 New ItemGUID=A8B278F2-D247-48FA-97D8-E46983E9CE94 Old RevisionGUID=7C71F998-9C01-4C5C-B04A-796C25F31AB2 New RevisionGUID=EBF4F43C-17D4-49FE-9183-7F1E8C5C2981
Change Managed Component Library Link : Designator=R129 Old VaultGUID=2440EB7F-8868-40CF-AF20-FF1830FBDC4B New VaultGUID=2440EB7F-8868-40CF-AF20-FF1830FBDC4B Old ItemGUID=A8B278F2-D247-48FA-97D8-E46983E9CE94 New ItemGUID=A8B278F2-D247-48FA-97D8-E46983E9CE94 Old RevisionGUID=7C71F998-9C01-4C5C-B04A-796C25F31AB2 New RevisionGUID=EBF4F43C-17D4-49FE-9183-7F1E8C5C2981
Change Managed Component Library Link : Designator=R142 Old VaultGUID=2440EB7F-8868-40CF-AF20-FF1830FBDC4B New VaultGUID=2440EB7F-8868-40CF-AF20-FF1830FBDC4B Old ItemGUID=A8B278F2-D247-48FA-97D8-E46983E9CE94 New ItemGUID=A8B278F2-D247-48FA-97D8-E46983E9CE94 Old RevisionGUID=7C71F998-9C01-4C5C-B04A-796C25F31AB2 New RevisionGUID=EBF4F43C-17D4-49FE-9183-7F1E8C5C2981
Change Managed Component Library Link : Designator=R143 Old VaultGUID=2440EB7F-8868-40CF-AF20-FF1830FBDC4B New VaultGUID=2440EB7F-8868-40CF-AF20-FF1830FBDC4B Old ItemGUID=A8B278F2-D247-48FA-97D8-E46983E9CE94 New ItemGUID=A8B278F2-D247-48FA-97D8-E46983E9CE94 Old RevisionGUID=7C71F998-9C01-4C5C-B04A-796C25F31AB2 New RevisionGUID=EBF4F43C-17D4-49FE-9183-7F1E8C5C2981
Change Managed Component Library Link : Designator=C41 Old VaultGUID=2440EB7F-8868-40CF-AF20-FF1830FBDC4B New VaultGUID=2440EB7F-8868-40CF-AF20-FF1830FBDC4B Old ItemGUID=7E5060BD-D8A9-4035-ACA9-F6C4899652BA New ItemGUID=F9CC8CB9-772B-4984-B74B-4DF2D2EFC0C0 Old RevisionGUID=7CE3BB13-5638-46FE-8EFF-6EED54958E6E New RevisionGUID=A24A40E9-9C24-4BBF-8F13-E545F126E55F
Change Managed Component Library Link : Designator=C45 Old VaultGUID=2440EB7F-8868-40CF-AF20-FF1830FBDC4B New VaultGUID=2440EB7F-8868-40CF-AF20-FF1830FBDC4B Old ItemGUID=7E5060BD-D8A9-4035-ACA9-F6C4899652BA New ItemGUID=F9CC8CB9-772B-4984-B74B-4DF2D2EFC0C0 Old RevisionGUID=7CE3BB13-5638-46FE-8EFF-6EED54958E6E New RevisionGUID=A24A40E9-9C24-4BBF-8F13-E545F126E55F
Change Managed Component Library Link : Designator=C46 Old VaultGUID=2440EB7F-8868-40CF-AF20-FF1830FBDC4B New VaultGUID=2440EB7F-8868-40CF-AF20-FF1830FBDC4B Old ItemGUID=7E5060BD-D8A9-4035-ACA9-F6C4899652BA New ItemGUID=F9CC8CB9-772B-4984-B74B-4DF2D2EFC0C0 Old RevisionGUID=7CE3BB13-5638-46FE-8EFF-6EED54958E6E New RevisionGUID=A24A40E9-9C24-4BBF-8F13-E545F126E55F
Change Managed Component Library Link : Designator=C48 Old VaultGUID=2440EB7F-8868-40CF-AF20-FF1830FBDC4B New VaultGUID=2440EB7F-8868-40CF-AF20-FF1830FBDC4B Old ItemGUID=7E5060BD-D8A9-4035-ACA9-F6C4899652BA New ItemGUID=F9CC8CB9-772B-4984-B74B-4DF2D2EFC0C0 Old RevisionGUID=7CE3BB13-5638-46FE-8EFF-6EED54958E6E New RevisionGUID=A24A40E9-9C24-4BBF-8F13-E545F126E55F
Change Managed Component Library Link : Designator=C54 Old VaultGUID=2440EB7F-8868-40CF-AF20-FF1830FBDC4B New VaultGUID=2440EB7F-8868-40CF-AF20-FF1830FBDC4B Old ItemGUID=B345FF1E-B481-4428-B513-BF724062557A New ItemGUID=7119ADB3-FB24-46B0-BDC9-147147F04AA5 Old RevisionGUID=34EEE8AF-6E03-499E-8BD8-6FDBDCB3FA02 New RevisionGUID=2BD88747-2138-48FB-BBC9-547A40A623C7
Change Managed Component Library Link : Designator=C58 Old VaultGUID=2440EB7F-8868-40CF-AF20-FF1830FBDC4B New VaultGUID=2440EB7F-8868-40CF-AF20-FF1830FBDC4B Old ItemGUID=723CE9B1-6E91-4799-8D98-A035F7C93435 New ItemGUID=4FE17050-D447-4E46-B03D-C9D91D3FDA32 Old RevisionGUID=29947C54-7498-4578-B157-BEAF1C9A7930 New RevisionGUID=810AB783-1F62-4B6A-9D56-76CE5CEA838B
Change Managed Component Library Link : Designator=C63 Old VaultGUID=2440EB7F-8868-40CF-AF20-FF1830FBDC4B New VaultGUID=2440EB7F-8868-40CF-AF20-FF1830FBDC4B Old ItemGUID=B345FF1E-B481-4428-B513-BF724062557A New ItemGUID=7119ADB3-FB24-46B0-BDC9-147147F04AA5 Old RevisionGUID=34EEE8AF-6E03-499E-8BD8-6FDBDCB3FA02 New RevisionGUID=2BD88747-2138-48FB-BBC9-547A40A623C7
Change Managed Component Library Link : Designator=C66 Old VaultGUID=2440EB7F-8868-40CF-AF20-FF1830FBDC4B New VaultGUID=2440EB7F-8868-40CF-AF20-FF1830FBDC4B Old ItemGUID=723CE9B1-6E91-4799-8D98-A035F7C93435 New ItemGUID=4FE17050-D447-4E46-B03D-C9D91D3FDA32 Old RevisionGUID=29947C54-7498-4578-B157-BEAF1C9A7930 New RevisionGUID=810AB783-1F62-4B6A-9D56-76CE5CEA838B
Change Managed Component Library Link : Designator=C68 Old VaultGUID=2440EB7F-8868-40CF-AF20-FF1830FBDC4B New VaultGUID=2440EB7F-8868-40CF-AF20-FF1830FBDC4B Old ItemGUID=B345FF1E-B481-4428-B513-BF724062557A New ItemGUID=7119ADB3-FB24-46B0-BDC9-147147F04AA5 Old RevisionGUID=34EEE8AF-6E03-499E-8BD8-6FDBDCB3FA02 New RevisionGUID=2BD88747-2138-48FB-BBC9-547A40A623C7
Change Managed Component Library Link : Designator=C71 Old VaultGUID=2440EB7F-8868-40CF-AF20-FF1830FBDC4B New VaultGUID=2440EB7F-8868-40CF-AF20-FF1830FBDC4B Old ItemGUID=723CE9B1-6E91-4799-8D98-A035F7C93435 New ItemGUID=4FE17050-D447-4E46-B03D-C9D91D3FDA32 Old RevisionGUID=29947C54-7498-4578-B157-BEAF1C9A7930 New RevisionGUID=810AB783-1F62-4B6A-9D56-76CE5CEA838B
Change Managed Component Library Link : Designator=C72 Old VaultGUID=2440EB7F-8868-40CF-AF20-FF1830FBDC4B New VaultGUID=2440EB7F-8868-40CF-AF20-FF1830FBDC4B Old ItemGUID=7E5060BD-D8A9-4035-ACA9-F6C4899652BA New ItemGUID=F9CC8CB9-772B-4984-B74B-4DF2D2EFC0C0 Old RevisionGUID=7CE3BB13-5638-46FE-8EFF-6EED54958E6E New RevisionGUID=A24A40E9-9C24-4BBF-8F13-E545F126E55F
Change Managed Component Library Link : Designator=C74 Old VaultGUID=2440EB7F-8868-40CF-AF20-FF1830FBDC4B New VaultGUID=2440EB7F-8868-40CF-AF20-FF1830FBDC4B Old ItemGUID=7E5060BD-D8A9-4035-ACA9-F6C4899652BA New ItemGUID=F9CC8CB9-772B-4984-B74B-4DF2D2EFC0C0 Old RevisionGUID=7CE3BB13-5638-46FE-8EFF-6EED54958E6E New RevisionGUID=A24A40E9-9C24-4BBF-8F13-E545F126E55F
Change Managed Component Library Link : Designator=C169 Old VaultGUID=2440EB7F-8868-40CF-AF20-FF1830FBDC4B New VaultGUID=2440EB7F-8868-40CF-AF20-FF1830FBDC4B Old ItemGUID=16EA9844-0E17-4D72-B671-69F66BF787BA New ItemGUID=7119ADB3-FB24-46B0-BDC9-147147F04AA5 Old RevisionGUID=82452C54-DDA3-4AC1-BCB9-441306329271 New RevisionGUID=2BD88747-2138-48FB-BBC9-547A40A623C7
Change Managed Component Library Link : Designator=C170 Old VaultGUID=2440EB7F-8868-40CF-AF20-FF1830FBDC4B New VaultGUID=2440EB7F-8868-40CF-AF20-FF1830FBDC4B Old ItemGUID=16EA9844-0E17-4D72-B671-69F66BF787BA New ItemGUID=7119ADB3-FB24-46B0-BDC9-147147F04AA5 Old RevisionGUID=82452C54-DDA3-4AC1-BCB9-441306329271 New RevisionGUID=2BD88747-2138-48FB-BBC9-547A40A623C7
Change Managed Component Library Link : Designator=C171 Old VaultGUID=2440EB7F-8868-40CF-AF20-FF1830FBDC4B New VaultGUID=2440EB7F-8868-40CF-AF20-FF1830FBDC4B Old ItemGUID=16EA9844-0E17-4D72-B671-69F66BF787BA New ItemGUID=7119ADB3-FB24-46B0-BDC9-147147F04AA5 Old RevisionGUID=82452C54-DDA3-4AC1-BCB9-441306329271 New RevisionGUID=2BD88747-2138-48FB-BBC9-547A40A623C7
Change Managed Component Library Link : Designator=C172 Old VaultGUID=2440EB7F-8868-40CF-AF20-FF1830FBDC4B New VaultGUID=2440EB7F-8868-40CF-AF20-FF1830FBDC4B Old ItemGUID=16EA9844-0E17-4D72-B671-69F66BF787BA New ItemGUID=7119ADB3-FB24-46B0-BDC9-147147F04AA5 Old RevisionGUID=82452C54-DDA3-4AC1-BCB9-441306329271 New RevisionGUID=2BD88747-2138-48FB-BBC9-547A40A623C7
Change Managed Component Library Link : Designator=C173 Old VaultGUID=2440EB7F-8868-40CF-AF20-FF1830FBDC4B New VaultGUID=2440EB7F-8868-40CF-AF20-FF1830FBDC4B Old ItemGUID=16EA9844-0E17-4D72-B671-69F66BF787BA New ItemGUID=7119ADB3-FB24-46B0-BDC9-147147F04AA5 Old RevisionGUID=82452C54-DDA3-4AC1-BCB9-441306329271 New RevisionGUID=2BD88747-2138-48FB-BBC9-547A40A623C7
Change Managed Component Library Link : Designator=R101 Old VaultGUID=2440EB7F-8868-40CF-AF20-FF1830FBDC4B New VaultGUID=2440EB7F-8868-40CF-AF20-FF1830FBDC4B Old ItemGUID=CC29FD85-3B87-4C64-BA72-35E45DC8C1C6 New ItemGUID=889F54B0-7E0D-45B8-8C56-24F5DB4CFF62 Old RevisionGUID=AF4DD9E7-8F68-406E-ABBA-48C5A0C55449 New RevisionGUID=DB55AF47-1CD7-4B04-8F50-4E51B3348BDB
Change Managed Component Library Link : Designator=R102 Old VaultGUID=2440EB7F-8868-40CF-AF20-FF1830FBDC4B New VaultGUID=2440EB7F-8868-40CF-AF20-FF1830FBDC4B Old ItemGUID=00CB33D1-ABC3-4778-BCBD-BF1DBB65FEE7 New ItemGUID=7B7A7900-EFEC-4241-8C8C-03D8ED291A65 Old RevisionGUID=E9870596-1150-4644-8F5E-E9971D703EEF New RevisionGUID=3E469BE6-AC70-4B14-9DD4-3BB6A75F5D43
Change Managed Component Library Link : Designator=R135 Old VaultGUID=2440EB7F-8868-40CF-AF20-FF1830FBDC4B New VaultGUID=2440EB7F-8868-40CF-AF20-FF1830FBDC4B Old ItemGUID=86C5AC50-124F-4F73-9CBD-EAFBC8DB1DE5 New ItemGUID=973C12B1-9D40-4220-AC52-D663E57CBD68 Old RevisionGUID=374A3DE5-2A19-4946-ADB3-CADF4AB70FAE New RevisionGUID=22B1266F-9F0C-498D-8F9E-F792EC752847
Change component parameters: Designator = "C41" ("C41"); Footprint = "CAPC2012X145N"; UniqueID = "\HFNXYQCY\PBTDWZJR" ("\HFNXYQCY\PBTDWZJR")
Change component parameters (AddParameter): Name = "Capacitance"; Value = "4.7µF"; VariantName = "[No Variations]"
Change component parameters (AddParameter): Name = "Package"; Value = "2012/0805"; VariantName = "[No Variations]"
Change component parameters (AddParameter): Name = "Rated Voltage"; Value = "10V"; VariantName = "[No Variations]"
Change component parameters (AddParameter): Name = "Temperature Charateristics"; Value = "X7R"; VariantName = "[No Variations]"
Change component parameters (AddParameter): Name = "Thickness"; Value = "1.4mm"; VariantName = "[No Variations]"
Change component parameters (AddParameter): Name = "Tolerance"; Value = "10%"; VariantName = "[No Variations]"
Change component parameters (AddParameter): Name = "Weight"; Value = ""; VariantName = "[No Variations]"
Change component parameters: Designator = "C45" ("C45"); Footprint = "CAPC2012X145N"; UniqueID = "\HFNXYQCY\KXUPMNRU" ("\HFNXYQCY\KXUPMNRU")
Change component parameters (AddParameter): Name = "Capacitance"; Value = "4.7µF"; VariantName = "[No Variations]"
Change component parameters (AddParameter): Name = "Package"; Value = "2012/0805"; VariantName = "[No Variations]"
Change component parameters (AddParameter): Name = "Rated Voltage"; Value = "10V"; VariantName = "[No Variations]"
Change component parameters (AddParameter): Name = "Temperature Charateristics"; Value = "X7R"; VariantName = "[No Variations]"
Change component parameters (AddParameter): Name = "Thickness"; Value = "1.4mm"; VariantName = "[No Variations]"
Change component parameters (AddParameter): Name = "Tolerance"; Value = "10%"; VariantName = "[No Variations]"
Change component parameters (AddParameter): Name = "Weight"; Value = ""; VariantName = "[No Variations]"
Change component parameters: Designator = "C46" ("C46"); Footprint = "CAPC2012X145N"; UniqueID = "\HFNXYQCY\CTMXIVVP" ("\HFNXYQCY\CTMXIVVP")
Change component parameters (AddParameter): Name = "Capacitance"; Value = "4.7µF"; VariantName = "[No Variations]"
Change component parameters (AddParameter): Name = "Package"; Value = "2012/0805"; VariantName = "[No Variations]"
Change component parameters (AddParameter): Name = "Rated Voltage"; Value = "10V"; VariantName = "[No Variations]"
Change component parameters (AddParameter): Name = "Temperature Charateristics"; Value = "X7R"; VariantName = "[No Variations]"
Change component parameters (AddParameter): Name = "Thickness"; Value = "1.4mm"; VariantName = "[No Variations]"
Change component parameters (AddParameter): Name = "Tolerance"; Value = "10%"; VariantName = "[No Variations]"
Change component parameters (AddParameter): Name = "Weight"; Value = ""; VariantName = "[No Variations]"
Change component parameters: Designator = "C48" ("C48"); Footprint = "CAPC2012X145N"; UniqueID = "\HFNXYQCY\LZYHEWLO" ("\HFNXYQCY\LZYHEWLO")
Change component parameters (AddParameter): Name = "Capacitance"; Value = "4.7µF"; VariantName = "[No Variations]"
Change component parameters (AddParameter): Name = "Package"; Value = "2012/0805"; VariantName = "[No Variations]"
Change component parameters (AddParameter): Name = "Rated Voltage"; Value = "10V"; VariantName = "[No Variations]"
Change component parameters (AddParameter): Name = "Temperature Charateristics"; Value = "X7R"; VariantName = "[No Variations]"
Change component parameters (AddParameter): Name = "Thickness"; Value = "1.4mm"; VariantName = "[No Variations]"
Change component parameters (AddParameter): Name = "Tolerance"; Value = "10%"; VariantName = "[No Variations]"
Change component parameters (AddParameter): Name = "Weight"; Value = ""; VariantName = "[No Variations]"
Change component parameters: Designator = "C72" ("C72"); Footprint = "CAPC2012X145N"; UniqueID = "\ZNLHZSSX\JXDJVFFB" ("\ZNLHZSSX\JXDJVFFB")
Change component parameters (AddParameter): Name = "Capacitance"; Value = "4.7µF"; VariantName = "[No Variations]"
Change component parameters (AddParameter): Name = "Package"; Value = "2012/0805"; VariantName = "[No Variations]"
Change component parameters (AddParameter): Name = "Rated Voltage"; Value = "10V"; VariantName = "[No Variations]"
Change component parameters (AddParameter): Name = "Temperature Charateristics"; Value = "X7R"; VariantName = "[No Variations]"
Change component parameters (AddParameter): Name = "Thickness"; Value = "1.4mm"; VariantName = "[No Variations]"
Change component parameters (AddParameter): Name = "Tolerance"; Value = "10%"; VariantName = "[No Variations]"
Change component parameters (AddParameter): Name = "Weight"; Value = ""; VariantName = "[No Variations]"
Change component parameters: Designator = "C74" ("C74"); Footprint = "CAPC2012X145N"; UniqueID = "\ZNLHZSSX\CANEECJA" ("\ZNLHZSSX\CANEECJA")
Change component parameters (AddParameter): Name = "Capacitance"; Value = "4.7µF"; VariantName = "[No Variations]"
Change component parameters (AddParameter): Name = "Package"; Value = "2012/0805"; VariantName = "[No Variations]"
Change component parameters (AddParameter): Name = "Rated Voltage"; Value = "10V"; VariantName = "[No Variations]"
Change component parameters (AddParameter): Name = "Temperature Charateristics"; Value = "X7R"; VariantName = "[No Variations]"
Change component parameters (AddParameter): Name = "Thickness"; Value = "1.4mm"; VariantName = "[No Variations]"
Change component parameters (AddParameter): Name = "Tolerance"; Value = "10%"; VariantName = "[No Variations]"
Change component parameters (AddParameter): Name = "Weight"; Value = ""; VariantName = "[No Variations]"
Change component parameters: Designator = "R101" ("R101"); Footprint = "RESC1608N"; UniqueID = "\OCXTZITR\DYTJVKXR\EWWKPYMG" ("\OCXTZITR\DYTJVKXR\EWWKPYMG")
Change component parameters (AddParameter): Name = "Case/Package"; Value = "0603/1608"; VariantName = "[No Variations]"
Change component parameters (AddParameter): Name = "Composition"; Value = "Thick film"; VariantName = "[No Variations]"
Change component parameters (AddParameter): Name = "Maximum working voltage"; Value = "75V"; VariantName = "[No Variations]"
Change component parameters (AddParameter): Name = "Power"; Value = "100mW"; VariantName = "[No Variations]"
Change component parameters (AddParameter): Name = "Temp. Coefficent"; Value = "0.01%"; VariantName = "[No Variations]"
Change component parameters (AddParameter): Name = "Tolerance"; Value = "1%"; VariantName = "[No Variations]"
Change component parameters (AddParameter): Name = "Value"; Value = "150"; VariantName = "[No Variations]"
Change component parameters (AddParameter): Name = "Weight"; Value = ""; VariantName = "[No Variations]"
Change component parameters: Designator = "R102" ("R102"); Footprint = "RESC1608N"; UniqueID = "\OCXTZITR\DYTJVKXR\PYDPDBDQ" ("\OCXTZITR\DYTJVKXR\PYDPDBDQ")
Change component parameters (AddParameter): Name = "Case/Package"; Value = "0603/1608"; VariantName = "[No Variations]"
Change component parameters (AddParameter): Name = "Composition"; Value = "Thick film"; VariantName = "[No Variations]"
Change component parameters (AddParameter): Name = "Maximum working voltage"; Value = "75V"; VariantName = "[No Variations]"
Change component parameters (AddParameter): Name = "Power"; Value = "100mW"; VariantName = "[No Variations]"
Change component parameters (AddParameter): Name = "Temp. Coefficent"; Value = "0.01%"; VariantName = "[No Variations]"
Change component parameters (AddParameter): Name = "Tolerance"; Value = "1%"; VariantName = "[No Variations]"
Change component parameters (AddParameter): Name = "Value"; Value = "470"; VariantName = "[No Variations]"
Change component parameters (AddParameter): Name = "Weight"; Value = ""; VariantName = "[No Variations]"
Change component parameters: Designator = "R135" ("R135"); Footprint = "RESC1608N"; UniqueID = "\LSFQQERN\GWGPKQEM" ("\LSFQQERN\GWGPKQEM")
Change component parameters (AddParameter): Name = "Case/Package"; Value = "0603/1608"; VariantName = "[No Variations]"
Change component parameters (AddParameter): Name = "Composition"; Value = "Thick film"; VariantName = "[No Variations]"
Change component parameters (AddParameter): Name = "Maximum working voltage"; Value = "75V"; VariantName = "[No Variations]"
Change component parameters (AddParameter): Name = "Power"; Value = "100mW"; VariantName = "[No Variations]"
Change component parameters (AddParameter): Name = "Temp. Coefficent"; Value = "0.01%"; VariantName = "[No Variations]"
Change component parameters (AddParameter): Name = "Tolerance"; Value = "1%"; VariantName = "[No Variations]"
Change component parameters (AddParameter): Name = "Value"; Value = "1k"; VariantName = "[No Variations]"
Change component parameters (AddParameter): Name = "Weight"; Value = ""; VariantName = "[No Variations]"
Change component parameters (AddParameter): Name = "Case/Package"; Value = "0603/1608"; VariantName = "Design Variant"
Change component parameters (AddParameter): Name = "Composition"; Value = "Thick film"; VariantName = "Design Variant"
Change component parameters (AddParameter): Name = "Maximum working voltage"; Value = "75V"; VariantName = "Design Variant"
Change component parameters (AddParameter): Name = "Power"; Value = "100mW"; VariantName = "Design Variant"
Change component parameters (AddParameter): Name = "Temp. Coefficent"; Value = "0.01%"; VariantName = "Design Variant"
Change component parameters (AddParameter): Name = "Tolerance"; Value = "1%"; VariantName = "Design Variant"
Change component parameters (AddParameter): Name = "Value"; Value = "1k"; VariantName = "Design Variant"
Change component parameters (AddParameter): Name = "Weight"; Value = ""; VariantName = "Design Variant"
Change component parameters: Designator = "C53" ("C53"); Footprint = "CAPMP7343X43N"; UniqueID = "\LSFQQERN\BIANJXPY" ("\LSFQQERN\BIANJXPY")
Change component parameters (AddParameter): Name = "Capacitance"; Value = "330µF"; VariantName = "[No Variations]"
Change component parameters (AddParameter): Name = "Case/Package"; Value = "7343"; VariantName = "[No Variations]"
Change component parameters (AddParameter): Name = "DCL"; Value = "52.8A"; VariantName = "[No Variations]"
Change component parameters (AddParameter): Name = "DF"; Value = "30%"; VariantName = "[No Variations]"
Change component parameters (AddParameter): Name = "ESR"; Value = "0.4"; VariantName = "[No Variations]"
Change component parameters (AddParameter): Name = "Height"; Value = ""; VariantName = "[No Variations]"
Change component parameters (AddParameter): Name = "Rated Voltage"; Value = "16V"; VariantName = "[No Variations]"
Change component parameters (AddParameter): Name = "Tolerance"; Value = "20%"; VariantName = "[No Variations]"
Change component parameters (AddParameter): Name = "Weight"; Value = ""; VariantName = "[No Variations]"
Change component parameters: Designator = "C60" ("C60"); Footprint = "CAPMP7343X43N"; UniqueID = "\LSFQQERN\UNRHCEJW" ("\LSFQQERN\UNRHCEJW")
Change component parameters (AddParameter): Name = "Capacitance"; Value = "330µF"; VariantName = "[No Variations]"
Change component parameters (AddParameter): Name = "Case/Package"; Value = "7343"; VariantName = "[No Variations]"
Change component parameters (AddParameter): Name = "DCL"; Value = "52.8A"; VariantName = "[No Variations]"
Change component parameters (AddParameter): Name = "DF"; Value = "30%"; VariantName = "[No Variations]"
Change component parameters (AddParameter): Name = "ESR"; Value = "0.4"; VariantName = "[No Variations]"
Change component parameters (AddParameter): Name = "Height"; Value = ""; VariantName = "[No Variations]"
Change component parameters (AddParameter): Name = "Rated Voltage"; Value = "16V"; VariantName = "[No Variations]"
Change component parameters (AddParameter): Name = "Tolerance"; Value = "20%"; VariantName = "[No Variations]"
Change component parameters (AddParameter): Name = "Weight"; Value = ""; VariantName = "[No Variations]"
Change component parameters: Designator = "C183" ("C183"); Footprint = "CAPMP7343X43N"; UniqueID = "\LSFQQERN\LWMRLPNY" ("\LSFQQERN\LWMRLPNY")
Change component parameters (AddParameter): Name = "Capacitance"; Value = "150µF"; VariantName = "[No Variations]"
Change component parameters (AddParameter): Name = "Case/Package"; Value = "7343"; VariantName = "[No Variations]"
Change component parameters (AddParameter): Name = "DCL"; Value = "23A"; VariantName = "[No Variations]"
Change component parameters (AddParameter): Name = "DF"; Value = "8%"; VariantName = "[No Variations]"
Change component parameters (AddParameter): Name = "ESR"; Value = "0.3"; VariantName = "[No Variations]"
Change component parameters (AddParameter): Name = "Height"; Value = ""; VariantName = "[No Variations]"
Change component parameters (AddParameter): Name = "Rated Voltage"; Value = "16V"; VariantName = "[No Variations]"
Change component parameters (AddParameter): Name = "Tolerance"; Value = "20%"; VariantName = "[No Variations]"
Change component parameters (AddParameter): Name = "Weight"; Value = ""; VariantName = "[No Variations]"
Change component parameters: Designator = "C184" ("C184"); Footprint = "CAPMP7343X43N"; UniqueID = "\LSFQQERN\JAZDPSHG" ("\LSFQQERN\JAZDPSHG")
Change component parameters (AddParameter): Name = "Capacitance"; Value = "330µF"; VariantName = "[No Variations]"
Change component parameters (AddParameter): Name = "Case/Package"; Value = "7343"; VariantName = "[No Variations]"
Change component parameters (AddParameter): Name = "DCL"; Value = "52.8A"; VariantName = "[No Variations]"
Change component parameters (AddParameter): Name = "DF"; Value = "30%"; VariantName = "[No Variations]"
Change component parameters (AddParameter): Name = "ESR"; Value = "0.4"; VariantName = "[No Variations]"
Change component parameters (AddParameter): Name = "Height"; Value = ""; VariantName = "[No Variations]"
Change component parameters (AddParameter): Name = "Rated Voltage"; Value = "16V"; VariantName = "[No Variations]"
Change component parameters (AddParameter): Name = "Tolerance"; Value = "20%"; VariantName = "[No Variations]"
Change component parameters (AddParameter): Name = "Weight"; Value = ""; VariantName = "[No Variations]"
Change component parameters: Designator = "C193.1" ("C193"); Footprint = "CAPMP7343X43N"; UniqueID = "\LSFQQERN\FGGLTWQK\BBUMWRPD" ("\LSFQQERN\FGGLTWQK\BBUMWRPD")
Change component parameters (AddParameter): Name = "Capacitance"; Value = "330µF"; VariantName = "[No Variations]"
Change component parameters (AddParameter): Name = "Case/Package"; Value = "7343"; VariantName = "[No Variations]"
Change component parameters (AddParameter): Name = "DCL"; Value = "52.8A"; VariantName = "[No Variations]"
Change component parameters (AddParameter): Name = "DF"; Value = "30%"; VariantName = "[No Variations]"
Change component parameters (AddParameter): Name = "ESR"; Value = "0.4"; VariantName = "[No Variations]"
Change component parameters (AddParameter): Name = "Height"; Value = ""; VariantName = "[No Variations]"
Change component parameters (AddParameter): Name = "Rated Voltage"; Value = "16V"; VariantName = "[No Variations]"
Change component parameters (AddParameter): Name = "Tolerance"; Value = "20%"; VariantName = "[No Variations]"
Change component parameters (AddParameter): Name = "Weight"; Value = ""; VariantName = "[No Variations]"
Change component parameters: Designator = "C193.2" ("C193"); Footprint = "CAPMP7343X43N"; UniqueID = "\LSFQQERN\LJNKNUYR\BBUMWRPD" ("\LSFQQERN\LJNKNUYR\BBUMWRPD")
Change component parameters (AddParameter): Name = "Capacitance"; Value = "330µF"; VariantName = "[No Variations]"
Change component parameters (AddParameter): Name = "Case/Package"; Value = "7343"; VariantName = "[No Variations]"
Change component parameters (AddParameter): Name = "DCL"; Value = "52.8A"; VariantName = "[No Variations]"
Change component parameters (AddParameter): Name = "DF"; Value = "30%"; VariantName = "[No Variations]"
Change component parameters (AddParameter): Name = "ESR"; Value = "0.4"; VariantName = "[No Variations]"
Change component parameters (AddParameter): Name = "Height"; Value = ""; VariantName = "[No Variations]"
Change component parameters (AddParameter): Name = "Rated Voltage"; Value = "16V"; VariantName = "[No Variations]"
Change component parameters (AddParameter): Name = "Tolerance"; Value = "20%"; VariantName = "[No Variations]"
Change component parameters (AddParameter): Name = "Weight"; Value = ""; VariantName = "[No Variations]"
Change component parameters: Designator = "C193.3" ("C193"); Footprint = "CAPMP7343X43N"; UniqueID = "\LSFQQERN\KDCZMNRZ\BBUMWRPD" ("\LSFQQERN\KDCZMNRZ\BBUMWRPD")
Change component parameters (AddParameter): Name = "Capacitance"; Value = "330µF"; VariantName = "[No Variations]"
Change component parameters (AddParameter): Name = "Case/Package"; Value = "7343"; VariantName = "[No Variations]"
Change component parameters (AddParameter): Name = "DCL"; Value = "52.8A"; VariantName = "[No Variations]"
Change component parameters (AddParameter): Name = "DF"; Value = "30%"; VariantName = "[No Variations]"
Change component parameters (AddParameter): Name = "ESR"; Value = "0.4"; VariantName = "[No Variations]"
Change component parameters (AddParameter): Name = "Height"; Value = ""; VariantName = "[No Variations]"
Change component parameters (AddParameter): Name = "Rated Voltage"; Value = "16V"; VariantName = "[No Variations]"
Change component parameters (AddParameter): Name = "Tolerance"; Value = "20%"; VariantName = "[No Variations]"
Change component parameters (AddParameter): Name = "Weight"; Value = ""; VariantName = "[No Variations]"
Change component parameters: Designator = "C193.4" ("C193"); Footprint = "CAPMP7343X43N"; UniqueID = "\LSFQQERN\HOLPUNGC\BBUMWRPD" ("\LSFQQERN\HOLPUNGC\BBUMWRPD")
Change component parameters (AddParameter): Name = "Capacitance"; Value = "330µF"; VariantName = "[No Variations]"
Change component parameters (AddParameter): Name = "Case/Package"; Value = "7343"; VariantName = "[No Variations]"
Change component parameters (AddParameter): Name = "DCL"; Value = "52.8A"; VariantName = "[No Variations]"
Change component parameters (AddParameter): Name = "DF"; Value = "30%"; VariantName = "[No Variations]"
Change component parameters (AddParameter): Name = "ESR"; Value = "0.4"; VariantName = "[No Variations]"
Change component parameters (AddParameter): Name = "Height"; Value = ""; VariantName = "[No Variations]"
Change component parameters (AddParameter): Name = "Rated Voltage"; Value = "16V"; VariantName = "[No Variations]"
Change component parameters (AddParameter): Name = "Tolerance"; Value = "20%"; VariantName = "[No Variations]"
Change component parameters (AddParameter): Name = "Weight"; Value = ""; VariantName = "[No Variations]"
Change component parameters: Designator = "C194" ("C194"); Footprint = "CAPMP7343X43N"; UniqueID = "\LSFQQERN\CIOMLSJI" ("\LSFQQERN\CIOMLSJI")
Change component parameters (AddParameter): Name = "Capacitance"; Value = "150µF"; VariantName = "[No Variations]"
Change component parameters (AddParameter): Name = "Case/Package"; Value = "7343"; VariantName = "[No Variations]"
Change component parameters (AddParameter): Name = "DCL"; Value = "23A"; VariantName = "[No Variations]"
Change component parameters (AddParameter): Name = "DF"; Value = "8%"; VariantName = "[No Variations]"
Change component parameters (AddParameter): Name = "ESR"; Value = "0.3"; VariantName = "[No Variations]"
Change component parameters (AddParameter): Name = "Height"; Value = ""; VariantName = "[No Variations]"
Change component parameters (AddParameter): Name = "Rated Voltage"; Value = "16V"; VariantName = "[No Variations]"
Change component parameters (AddParameter): Name = "Tolerance"; Value = "20%"; VariantName = "[No Variations]"
Change component parameters (AddParameter): Name = "Weight"; Value = ""; VariantName = "[No Variations]"
Change component parameters: Designator = "C89.1" ("C89"); Footprint = "CAPMP3528X21N"; UniqueID = "\CTQURWWQ\PZQYTTHD\ZCCPBCTN" ("\CTQURWWQ\PZQYTTHD\ZCCPBCTN")
Change component parameters (AddParameter): Name = "Capacitance"; Value = "10µF"; VariantName = "[No Variations]"
Change component parameters (AddParameter): Name = "Case/Package"; Value = "3528"; VariantName = "[No Variations]"
Change component parameters (AddParameter): Name = "DCL"; Value = "2.5A"; VariantName = "[No Variations]"
Change component parameters (AddParameter): Name = "DF"; Value = "6%"; VariantName = "[No Variations]"
Change component parameters (AddParameter): Name = "ESR"; Value = "2.5"; VariantName = "[No Variations]"
Change component parameters (AddParameter): Name = "Height"; Value = ""; VariantName = "[No Variations]"
Change component parameters (AddParameter): Name = "Rated Voltage"; Value = "25V"; VariantName = "[No Variations]"
Change component parameters (AddParameter): Name = "Tolerance"; Value = "20%"; VariantName = "[No Variations]"
Change component parameters (AddParameter): Name = "Weight"; Value = ""; VariantName = "[No Variations]"
Change component parameters: Designator = "C89.2" ("C89"); Footprint = "CAPMP3528X21N"; UniqueID = "\MWZJRLAF\PZQYTTHD\ZCCPBCTN" ("\MWZJRLAF\PZQYTTHD\ZCCPBCTN")
Change component parameters (AddParameter): Name = "Capacitance"; Value = "10µF"; VariantName = "[No Variations]"
Change component parameters (AddParameter): Name = "Case/Package"; Value = "3528"; VariantName = "[No Variations]"
Change component parameters (AddParameter): Name = "DCL"; Value = "2.5A"; VariantName = "[No Variations]"
Change component parameters (AddParameter): Name = "DF"; Value = "6%"; VariantName = "[No Variations]"
Change component parameters (AddParameter): Name = "ESR"; Value = "2.5"; VariantName = "[No Variations]"
Change component parameters (AddParameter): Name = "Height"; Value = ""; VariantName = "[No Variations]"
Change component parameters (AddParameter): Name = "Rated Voltage"; Value = "25V"; VariantName = "[No Variations]"
Change component parameters (AddParameter): Name = "Tolerance"; Value = "20%"; VariantName = "[No Variations]"
Change component parameters (AddParameter): Name = "Weight"; Value = ""; VariantName = "[No Variations]"
Change component parameters: Designator = "C138.1" ("C138"); Footprint = "CAPMP3528X21N"; UniqueID = "\CTQURWWQ\PZQYTTHD\AJXUVTBP" ("\CTQURWWQ\PZQYTTHD\AJXUVTBP")
Change component parameters (AddParameter): Name = "Capacitance"; Value = "10µF"; VariantName = "[No Variations]"
Change component parameters (AddParameter): Name = "Case/Package"; Value = "3528"; VariantName = "[No Variations]"
Change component parameters (AddParameter): Name = "DCL"; Value = "2.5A"; VariantName = "[No Variations]"
Change component parameters (AddParameter): Name = "DF"; Value = "6%"; VariantName = "[No Variations]"
Change component parameters (AddParameter): Name = "ESR"; Value = "2.5"; VariantName = "[No Variations]"
Change component parameters (AddParameter): Name = "Height"; Value = ""; VariantName = "[No Variations]"
Change component parameters (AddParameter): Name = "Rated Voltage"; Value = "25V"; VariantName = "[No Variations]"
Change component parameters (AddParameter): Name = "Tolerance"; Value = "20%"; VariantName = "[No Variations]"
Change component parameters (AddParameter): Name = "Weight"; Value = ""; VariantName = "[No Variations]"
Change component parameters: Designator = "C138.2" ("C138"); Footprint = "CAPMP3528X21N"; UniqueID = "\MWZJRLAF\PZQYTTHD\AJXUVTBP" ("\MWZJRLAF\PZQYTTHD\AJXUVTBP")
Change component parameters (AddParameter): Name = "Capacitance"; Value = "10µF"; VariantName = "[No Variations]"
Change component parameters (AddParameter): Name = "Case/Package"; Value = "3528"; VariantName = "[No Variations]"
Change component parameters (AddParameter): Name = "DCL"; Value = "2.5A"; VariantName = "[No Variations]"
Change component parameters (AddParameter): Name = "DF"; Value = "6%"; VariantName = "[No Variations]"
Change component parameters (AddParameter): Name = "ESR"; Value = "2.5"; VariantName = "[No Variations]"
Change component parameters (AddParameter): Name = "Height"; Value = ""; VariantName = "[No Variations]"
Change component parameters (AddParameter): Name = "Rated Voltage"; Value = "25V"; VariantName = "[No Variations]"
Change component parameters (AddParameter): Name = "Tolerance"; Value = "20%"; VariantName = "[No Variations]"
Change component parameters (AddParameter): Name = "Weight"; Value = ""; VariantName = "[No Variations]"
Change component parameters: Designator = "C155.1" ("C155"); Footprint = "CAPMP3528X21N"; UniqueID = "\CTQURWWQ\PZQYTTHD\HBSRWLGS" ("\CTQURWWQ\PZQYTTHD\HBSRWLGS")
Change component parameters (AddParameter): Name = "Capacitance"; Value = "10µF"; VariantName = "[No Variations]"
Change component parameters (AddParameter): Name = "Case/Package"; Value = "3528"; VariantName = "[No Variations]"
Change component parameters (AddParameter): Name = "DCL"; Value = "2.5A"; VariantName = "[No Variations]"
Change component parameters (AddParameter): Name = "DF"; Value = "6%"; VariantName = "[No Variations]"
Change component parameters (AddParameter): Name = "ESR"; Value = "2.5"; VariantName = "[No Variations]"
Change component parameters (AddParameter): Name = "Height"; Value = ""; VariantName = "[No Variations]"
Change component parameters (AddParameter): Name = "Rated Voltage"; Value = "25V"; VariantName = "[No Variations]"
Change component parameters (AddParameter): Name = "Tolerance"; Value = "20%"; VariantName = "[No Variations]"
Change component parameters (AddParameter): Name = "Weight"; Value = ""; VariantName = "[No Variations]"
Change component parameters: Designator = "C155.2" ("C155"); Footprint = "CAPMP3528X21N"; UniqueID = "\MWZJRLAF\PZQYTTHD\HBSRWLGS" ("\MWZJRLAF\PZQYTTHD\HBSRWLGS")
Change component parameters (AddParameter): Name = "Capacitance"; Value = "10µF"; VariantName = "[No Variations]"
Change component parameters (AddParameter): Name = "Case/Package"; Value = "3528"; VariantName = "[No Variations]"
Change component parameters (AddParameter): Name = "DCL"; Value = "2.5A"; VariantName = "[No Variations]"
Change component parameters (AddParameter): Name = "DF"; Value = "6%"; VariantName = "[No Variations]"
Change component parameters (AddParameter): Name = "ESR"; Value = "2.5"; VariantName = "[No Variations]"
Change component parameters (AddParameter): Name = "Height"; Value = ""; VariantName = "[No Variations]"
Change component parameters (AddParameter): Name = "Rated Voltage"; Value = "25V"; VariantName = "[No Variations]"
Change component parameters (AddParameter): Name = "Tolerance"; Value = "20%"; VariantName = "[No Variations]"
Change component parameters (AddParameter): Name = "Weight"; Value = ""; VariantName = "[No Variations]"
Change component parameters: Designator = "C58" ("C58"); Footprint = "CAPC2012X145N"; UniqueID = "\LSFQQERN\BOYEHSAW\XGIRQZDR" ("\LSFQQERN\BOYEHSAW\XGIRQZDR")
Change component parameters (AddParameter): Name = "Capacitance"; Value = "10µF"; VariantName = "[No Variations]"
Change component parameters (AddParameter): Name = "Package"; Value = "2012/0805"; VariantName = "[No Variations]"
Change component parameters (AddParameter): Name = "Rated Voltage"; Value = "6.3V"; VariantName = "[No Variations]"
Change component parameters (AddParameter): Name = "Temperature Charateristics"; Value = "X7R"; VariantName = "[No Variations]"
Change component parameters (AddParameter): Name = "Thickness"; Value = "1.4mm"; VariantName = "[No Variations]"
Change component parameters (AddParameter): Name = "Tolerance"; Value = "10%"; VariantName = "[No Variations]"
Change component parameters (AddParameter): Name = "Weight"; Value = ""; VariantName = "[No Variations]"
Change component parameters: Designator = "C66" ("C66"); Footprint = "CAPC2012X145N"; UniqueID = "\LSFQQERN\BOYEHSAW\KZSVKTQT" ("\LSFQQERN\BOYEHSAW\KZSVKTQT")
Change component parameters (AddParameter): Name = "Capacitance"; Value = "10µF"; VariantName = "[No Variations]"
Change component parameters (AddParameter): Name = "Package"; Value = "2012/0805"; VariantName = "[No Variations]"
Change component parameters (AddParameter): Name = "Rated Voltage"; Value = "6.3V"; VariantName = "[No Variations]"
Change component parameters (AddParameter): Name = "Temperature Charateristics"; Value = "X7R"; VariantName = "[No Variations]"
Change component parameters (AddParameter): Name = "Thickness"; Value = "1.4mm"; VariantName = "[No Variations]"
Change component parameters (AddParameter): Name = "Tolerance"; Value = "10%"; VariantName = "[No Variations]"
Change component parameters (AddParameter): Name = "Weight"; Value = ""; VariantName = "[No Variations]"
Change component parameters: Designator = "C71" ("C71"); Footprint = "CAPC2012X145N"; UniqueID = "\LSFQQERN\BOYEHSAW\XHFVNMMX" ("\LSFQQERN\BOYEHSAW\XHFVNMMX")
Change component parameters (AddParameter): Name = "Capacitance"; Value = "10µF"; VariantName = "[No Variations]"
Change component parameters (AddParameter): Name = "Package"; Value = "2012/0805"; VariantName = "[No Variations]"
Change component parameters (AddParameter): Name = "Rated Voltage"; Value = "6.3V"; VariantName = "[No Variations]"
Change component parameters (AddParameter): Name = "Temperature Charateristics"; Value = "X7R"; VariantName = "[No Variations]"
Change component parameters (AddParameter): Name = "Thickness"; Value = "1.4mm"; VariantName = "[No Variations]"
Change component parameters (AddParameter): Name = "Tolerance"; Value = "10%"; VariantName = "[No Variations]"
Change component parameters (AddParameter): Name = "Weight"; Value = ""; VariantName = "[No Variations]"
Change component parameters: Designator = "C54" ("C54"); Footprint = "CAPMP7343X43N"; UniqueID = "\LSFQQERN\BOYEHSAW\QNFFYCHA" ("\LSFQQERN\BOYEHSAW\QNFFYCHA")
Change component parameters (AddParameter): Name = "Capacitance"; Value = "330µF"; VariantName = "[No Variations]"
Change component parameters (AddParameter): Name = "Case/Package"; Value = "7343"; VariantName = "[No Variations]"
Change component parameters (AddParameter): Name = "DCL"; Value = "52.8A"; VariantName = "[No Variations]"
Change component parameters (AddParameter): Name = "DF"; Value = "30%"; VariantName = "[No Variations]"
Change component parameters (AddParameter): Name = "ESR"; Value = "0.4"; VariantName = "[No Variations]"
Change component parameters (AddParameter): Name = "Height"; Value = ""; VariantName = "[No Variations]"
Change component parameters (AddParameter): Name = "Rated Voltage"; Value = "16V"; VariantName = "[No Variations]"
Change component parameters (AddParameter): Name = "Tolerance"; Value = "20%"; VariantName = "[No Variations]"
Change component parameters (AddParameter): Name = "Weight"; Value = ""; VariantName = "[No Variations]"
Change component parameters: Designator = "C63" ("C63"); Footprint = "CAPMP7343X43N"; UniqueID = "\LSFQQERN\BOYEHSAW\CXRIHKYV" ("\LSFQQERN\BOYEHSAW\CXRIHKYV")
Change component parameters (AddParameter): Name = "Capacitance"; Value = "330µF"; VariantName = "[No Variations]"
Change component parameters (AddParameter): Name = "Case/Package"; Value = "7343"; VariantName = "[No Variations]"
Change component parameters (AddParameter): Name = "DCL"; Value = "52.8A"; VariantName = "[No Variations]"
Change component parameters (AddParameter): Name = "DF"; Value = "30%"; VariantName = "[No Variations]"
Change component parameters (AddParameter): Name = "ESR"; Value = "0.4"; VariantName = "[No Variations]"
Change component parameters (AddParameter): Name = "Height"; Value = ""; VariantName = "[No Variations]"
Change component parameters (AddParameter): Name = "Rated Voltage"; Value = "16V"; VariantName = "[No Variations]"
Change component parameters (AddParameter): Name = "Tolerance"; Value = "20%"; VariantName = "[No Variations]"
Change component parameters (AddParameter): Name = "Weight"; Value = ""; VariantName = "[No Variations]"
Change component parameters: Designator = "C68" ("C68"); Footprint = "CAPMP7343X43N"; UniqueID = "\LSFQQERN\BOYEHSAW\MVEBVECL" ("\LSFQQERN\BOYEHSAW\MVEBVECL")
Change component parameters (AddParameter): Name = "Capacitance"; Value = "330µF"; VariantName = "[No Variations]"
Change component parameters (AddParameter): Name = "Case/Package"; Value = "7343"; VariantName = "[No Variations]"
Change component parameters (AddParameter): Name = "DCL"; Value = "52.8A"; VariantName = "[No Variations]"
Change component parameters (AddParameter): Name = "DF"; Value = "30%"; VariantName = "[No Variations]"
Change component parameters (AddParameter): Name = "ESR"; Value = "0.4"; VariantName = "[No Variations]"
Change component parameters (AddParameter): Name = "Height"; Value = ""; VariantName = "[No Variations]"
Change component parameters (AddParameter): Name = "Rated Voltage"; Value = "16V"; VariantName = "[No Variations]"
Change component parameters (AddParameter): Name = "Tolerance"; Value = "20%"; VariantName = "[No Variations]"
Change component parameters (AddParameter): Name = "Weight"; Value = ""; VariantName = "[No Variations]"
Change component parameters: Designator = "R128" ("R128"); Footprint = "RESC3216N"; UniqueID = "\LSFQQERN\XRAJZJLL" ("\LSFQQERN\XRAJZJLL")
Change component parameters (AddParameter): Name = "Case/Package"; Value = "1206/3216"; VariantName = "[No Variations]"
Change component parameters (AddParameter): Name = "Composition"; Value = "Thick film"; VariantName = "[No Variations]"
Change component parameters (AddParameter): Name = "Maximum working voltage"; Value = "200V"; VariantName = "[No Variations]"
Change component parameters (AddParameter): Name = "Power"; Value = "250mW"; VariantName = "[No Variations]"
Change component parameters (AddParameter): Name = "Temp. Coefficent"; Value = "0.01%"; VariantName = "[No Variations]"
Change component parameters (AddParameter): Name = "Tolerance"; Value = "1%"; VariantName = "[No Variations]"
Change component parameters (AddParameter): Name = "Value"; Value = "0.5"; VariantName = "[No Variations]"
Change component parameters (AddParameter): Name = "Weight"; Value = ""; VariantName = "[No Variations]"
Change component parameters: Designator = "R129" ("R129"); Footprint = "RESC3216N"; UniqueID = "\LSFQQERN\JSRYOJNM" ("\LSFQQERN\JSRYOJNM")
Change component parameters (AddParameter): Name = "Case/Package"; Value = "1206/3216"; VariantName = "[No Variations]"
Change component parameters (AddParameter): Name = "Composition"; Value = "Thick film"; VariantName = "[No Variations]"
Change component parameters (AddParameter): Name = "Maximum working voltage"; Value = "200V"; VariantName = "[No Variations]"
Change component parameters (AddParameter): Name = "Power"; Value = "250mW"; VariantName = "[No Variations]"
Change component parameters (AddParameter): Name = "Temp. Coefficent"; Value = "0.01%"; VariantName = "[No Variations]"
Change component parameters (AddParameter): Name = "Tolerance"; Value = "1%"; VariantName = "[No Variations]"
Change component parameters (AddParameter): Name = "Value"; Value = "0.5"; VariantName = "[No Variations]"
Change component parameters (AddParameter): Name = "Weight"; Value = ""; VariantName = "[No Variations]"
Change component parameters: Designator = "R142" ("R142"); Footprint = "RESC3216N"; UniqueID = "\LSFQQERN\VYFMRFVE" ("\LSFQQERN\VYFMRFVE")
Change component parameters (AddParameter): Name = "Case/Package"; Value = "1206/3216"; VariantName = "[No Variations]"
Change component parameters (AddParameter): Name = "Composition"; Value = "Thick film"; VariantName = "[No Variations]"
Change component parameters (AddParameter): Name = "Maximum working voltage"; Value = "200V"; VariantName = "[No Variations]"
Change component parameters (AddParameter): Name = "Power"; Value = "250mW"; VariantName = "[No Variations]"
Change component parameters (AddParameter): Name = "Temp. Coefficent"; Value = "0.01%"; VariantName = "[No Variations]"
Change component parameters (AddParameter): Name = "Tolerance"; Value = "1%"; VariantName = "[No Variations]"
Change component parameters (AddParameter): Name = "Value"; Value = "0.5"; VariantName = "[No Variations]"
Change component parameters (AddParameter): Name = "Weight"; Value = ""; VariantName = "[No Variations]"
Change component parameters: Designator = "R143" ("R143"); Footprint = "RESC3216N"; UniqueID = "\LSFQQERN\IKPMDRTY" ("\LSFQQERN\IKPMDRTY")
Change component parameters (AddParameter): Name = "Case/Package"; Value = "1206/3216"; VariantName = "[No Variations]"
Change component parameters (AddParameter): Name = "Composition"; Value = "Thick film"; VariantName = "[No Variations]"
Change component parameters (AddParameter): Name = "Maximum working voltage"; Value = "200V"; VariantName = "[No Variations]"
Change component parameters (AddParameter): Name = "Power"; Value = "250mW"; VariantName = "[No Variations]"
Change component parameters (AddParameter): Name = "Temp. Coefficent"; Value = "0.01%"; VariantName = "[No Variations]"
Change component parameters (AddParameter): Name = "Tolerance"; Value = "1%"; VariantName = "[No Variations]"
Change component parameters (AddParameter): Name = "Value"; Value = "0.5"; VariantName = "[No Variations]"
Change component parameters (AddParameter): Name = "Weight"; Value = ""; VariantName = "[No Variations]"
Change component parameters: Designator = "C169" ("C169"); Footprint = "CAPMP7343X43N"; UniqueID = "\OCXTZITR\REAQTCAG\EOCYLYZE" ("\OCXTZITR\REAQTCAG\EOCYLYZE")
Change component parameters (AddParameter): Name = "Capacitance"; Value = "330µF"; VariantName = "[No Variations]"
Change component parameters (AddParameter): Name = "Case/Package"; Value = "7343"; VariantName = "[No Variations]"
Change component parameters (AddParameter): Name = "DCL"; Value = "52.8A"; VariantName = "[No Variations]"
Change component parameters (AddParameter): Name = "DF"; Value = "30%"; VariantName = "[No Variations]"
Change component parameters (AddParameter): Name = "ESR"; Value = "0.4"; VariantName = "[No Variations]"
Change component parameters (AddParameter): Name = "Height"; Value = ""; VariantName = "[No Variations]"
Change component parameters (AddParameter): Name = "Rated Voltage"; Value = "16V"; VariantName = "[No Variations]"
Change component parameters (AddParameter): Name = "Tolerance"; Value = "20%"; VariantName = "[No Variations]"
Change component parameters (AddParameter): Name = "Weight"; Value = ""; VariantName = "[No Variations]"
Change component parameters: Designator = "C170" ("C170"); Footprint = "CAPMP7343X43N"; UniqueID = "\OCXTZITR\REAQTCAG\DXRFTIMB" ("\OCXTZITR\REAQTCAG\DXRFTIMB")
Change component parameters (AddParameter): Name = "Capacitance"; Value = "330µF"; VariantName = "[No Variations]"
Change component parameters (AddParameter): Name = "Case/Package"; Value = "7343"; VariantName = "[No Variations]"
Change component parameters (AddParameter): Name = "DCL"; Value = "52.8A"; VariantName = "[No Variations]"
Change component parameters (AddParameter): Name = "DF"; Value = "30%"; VariantName = "[No Variations]"
Change component parameters (AddParameter): Name = "ESR"; Value = "0.4"; VariantName = "[No Variations]"
Change component parameters (AddParameter): Name = "Height"; Value = ""; VariantName = "[No Variations]"
Change component parameters (AddParameter): Name = "Rated Voltage"; Value = "16V"; VariantName = "[No Variations]"
Change component parameters (AddParameter): Name = "Tolerance"; Value = "20%"; VariantName = "[No Variations]"
Change component parameters (AddParameter): Name = "Weight"; Value = ""; VariantName = "[No Variations]"
Change component parameters: Designator = "C171" ("C171"); Footprint = "CAPMP7343X43N"; UniqueID = "\OCXTZITR\REAQTCAG\KHECGAOS" ("\OCXTZITR\REAQTCAG\KHECGAOS")
Change component parameters (AddParameter): Name = "Capacitance"; Value = "330µF"; VariantName = "[No Variations]"
Change component parameters (AddParameter): Name = "Case/Package"; Value = "7343"; VariantName = "[No Variations]"
Change component parameters (AddParameter): Name = "DCL"; Value = "52.8A"; VariantName = "[No Variations]"
Change component parameters (AddParameter): Name = "DF"; Value = "30%"; VariantName = "[No Variations]"
Change component parameters (AddParameter): Name = "ESR"; Value = "0.4"; VariantName = "[No Variations]"
Change component parameters (AddParameter): Name = "Height"; Value = ""; VariantName = "[No Variations]"
Change component parameters (AddParameter): Name = "Rated Voltage"; Value = "16V"; VariantName = "[No Variations]"
Change component parameters (AddParameter): Name = "Tolerance"; Value = "20%"; VariantName = "[No Variations]"
Change component parameters (AddParameter): Name = "Weight"; Value = ""; VariantName = "[No Variations]"
Change component parameters: Designator = "C172" ("C172"); Footprint = "CAPMP7343X43N"; UniqueID = "\OCXTZITR\REAQTCAG\XCWGKWKO" ("\OCXTZITR\REAQTCAG\XCWGKWKO")
Change component parameters (AddParameter): Name = "Capacitance"; Value = "330µF"; VariantName = "[No Variations]"
Change component parameters (AddParameter): Name = "Case/Package"; Value = "7343"; VariantName = "[No Variations]"
Change component parameters (AddParameter): Name = "DCL"; Value = "52.8A"; VariantName = "[No Variations]"
Change component parameters (AddParameter): Name = "DF"; Value = "30%"; VariantName = "[No Variations]"
Change component parameters (AddParameter): Name = "ESR"; Value = "0.4"; VariantName = "[No Variations]"
Change component parameters (AddParameter): Name = "Height"; Value = ""; VariantName = "[No Variations]"
Change component parameters (AddParameter): Name = "Rated Voltage"; Value = "16V"; VariantName = "[No Variations]"
Change component parameters (AddParameter): Name = "Tolerance"; Value = "20%"; VariantName = "[No Variations]"
Change component parameters (AddParameter): Name = "Weight"; Value = ""; VariantName = "[No Variations]"
Change component parameters: Designator = "C173" ("C173"); Footprint = "CAPMP7343X43N"; UniqueID = "\OCXTZITR\REAQTCAG\VGDGSDFE" ("\OCXTZITR\REAQTCAG\VGDGSDFE")
Change component parameters (AddParameter): Name = "Capacitance"; Value = "330µF"; VariantName = "[No Variations]"
Change component parameters (AddParameter): Name = "Case/Package"; Value = "7343"; VariantName = "[No Variations]"
Change component parameters (AddParameter): Name = "DCL"; Value = "52.8A"; VariantName = "[No Variations]"
Change component parameters (AddParameter): Name = "DF"; Value = "30%"; VariantName = "[No Variations]"
Change component parameters (AddParameter): Name = "ESR"; Value = "0.4"; VariantName = "[No Variations]"
Change component parameters (AddParameter): Name = "Height"; Value = ""; VariantName = "[No Variations]"
Change component parameters (AddParameter): Name = "Rated Voltage"; Value = "16V"; VariantName = "[No Variations]"
Change component parameters (AddParameter): Name = "Tolerance"; Value = "20%"; VariantName = "[No Variations]"
Change component parameters (AddParameter): Name = "Weight"; Value = ""; VariantName = "[No Variations]"
Change component parameters (AddParameter): Name = "Capacitance"; Value = "330µF"; VariantName = "Design Variant"
Change component parameters (AddParameter): Name = "Case/Package"; Value = "7343"; VariantName = "Design Variant"
Change component parameters (AddParameter): Name = "DCL"; Value = "52.8A"; VariantName = "Design Variant"
Change component parameters (AddParameter): Name = "DF"; Value = "30%"; VariantName = "Design Variant"
Change component parameters (AddParameter): Name = "ESR"; Value = "0.4"; VariantName = "Design Variant"
Change component parameters (AddParameter): Name = "Height"; Value = ""; VariantName = "Design Variant"
Change component parameters (AddParameter): Name = "Rated Voltage"; Value = "16V"; VariantName = "Design Variant"
Change component parameters (AddParameter): Name = "Tolerance"; Value = "20%"; VariantName = "Design Variant"
Change component parameters (AddParameter): Name = "Weight"; Value = ""; VariantName = "Design Variant"
Change component parameters: Designator = "R30" ("R30"); Footprint = "RESC3216N"; UniqueID = "\LSFQQERN\BOYEHSAW\IDHVNSGN" ("\LSFQQERN\BOYEHSAW\IDHVNSGN")
Change component parameters (AddParameter): Name = "Case/Package"; Value = "1206/3216"; VariantName = "[No Variations]"
Change component parameters (AddParameter): Name = "Composition"; Value = "Thick film"; VariantName = "[No Variations]"
Change component parameters (AddParameter): Name = "Maximum working voltage"; Value = "200V"; VariantName = "[No Variations]"
Change component parameters (AddParameter): Name = "Power"; Value = "250mW"; VariantName = "[No Variations]"
Change component parameters (AddParameter): Name = "Temp. Coefficent"; Value = "0.01%"; VariantName = "[No Variations]"
Change component parameters (AddParameter): Name = "Tolerance"; Value = "1%"; VariantName = "[No Variations]"
Change component parameters (AddParameter): Name = "Value"; Value = "10m"; VariantName = "[No Variations]"
Change component parameters (AddParameter): Name = "Weight"; Value = ""; VariantName = "[No Variations]"
Change component parameters: Designator = "R37" ("R37"); Footprint = "RESC3216N"; UniqueID = "\LSFQQERN\BOYEHSAW\IGJUNQYC" ("\LSFQQERN\BOYEHSAW\IGJUNQYC")
Change component parameters (AddParameter): Name = "Case/Package"; Value = "1206/3216"; VariantName = "[No Variations]"
Change component parameters (AddParameter): Name = "Composition"; Value = "Thick film"; VariantName = "[No Variations]"
Change component parameters (AddParameter): Name = "Maximum working voltage"; Value = "200V"; VariantName = "[No Variations]"
Change component parameters (AddParameter): Name = "Power"; Value = "250mW"; VariantName = "[No Variations]"
Change component parameters (AddParameter): Name = "Temp. Coefficent"; Value = "0.01%"; VariantName = "[No Variations]"
Change component parameters (AddParameter): Name = "Tolerance"; Value = "1%"; VariantName = "[No Variations]"
Change component parameters (AddParameter): Name = "Value"; Value = "10m"; VariantName = "[No Variations]"
Change component parameters (AddParameter): Name = "Weight"; Value = ""; VariantName = "[No Variations]"
Change component parameters: Designator = "R49" ("R49"); Footprint = "RESCAXS50P100X200X45-8N"; UniqueID = "\ZNLHZSSX\NOBEATVM" ("\ZNLHZSSX\NOBEATVM")
Change component parameters (AddParameter): Name = "Case/Package"; Value = "0804/2010"; VariantName = "[No Variations]"
Change component parameters (AddParameter): Name = "Composition"; Value = "Thick film"; VariantName = "[No Variations]"
Change component parameters (AddParameter): Name = "Maximum working voltage"; Value = "50V"; VariantName = "[No Variations]"
Change component parameters (AddParameter): Name = "Power"; Value = "62.5mW"; VariantName = "[No Variations]"
Change component parameters (AddParameter): Name = "Temp. Coefficent"; Value = "0.02%"; VariantName = "[No Variations]"
Change component parameters (AddParameter): Name = "Tolerance"; Value = "5%"; VariantName = "[No Variations]"
Change component parameters (AddParameter): Name = "Value"; Value = "39"; VariantName = "[No Variations]"
Change component parameters (AddParameter): Name = "Weight"; Value = ""; VariantName = "[No Variations]"
Change component parameters: Designator = "R50" ("R50"); Footprint = "RESCAXS50P100X200X45-8N"; UniqueID = "\ZNLHZSSX\LOFTRACD" ("\ZNLHZSSX\LOFTRACD")
Change component parameters (AddParameter): Name = "Case/Package"; Value = "0804/2010"; VariantName = "[No Variations]"
Change component parameters (AddParameter): Name = "Composition"; Value = "Thick film"; VariantName = "[No Variations]"
Change component parameters (AddParameter): Name = "Maximum working voltage"; Value = "50V"; VariantName = "[No Variations]"
Change component parameters (AddParameter): Name = "Power"; Value = "62.5mW"; VariantName = "[No Variations]"
Change component parameters (AddParameter): Name = "Temp. Coefficent"; Value = "0.02%"; VariantName = "[No Variations]"
Change component parameters (AddParameter): Name = "Tolerance"; Value = "5%"; VariantName = "[No Variations]"
Change component parameters (AddParameter): Name = "Value"; Value = "39"; VariantName = "[No Variations]"
Change component parameters (AddParameter): Name = "Weight"; Value = ""; VariantName = "[No Variations]"
Change component parameters: Designator = "R52" ("R52"); Footprint = "RESCAXS50P100X200X45-8N"; UniqueID = "\ZNLHZSSX\NXXMIASN" ("\ZNLHZSSX\NXXMIASN")
Change component parameters (AddParameter): Name = "Case/Package"; Value = "0804/2010"; VariantName = "[No Variations]"
Change component parameters (AddParameter): Name = "Composition"; Value = "Thick film"; VariantName = "[No Variations]"
Change component parameters (AddParameter): Name = "Maximum working voltage"; Value = "50V"; VariantName = "[No Variations]"
Change component parameters (AddParameter): Name = "Power"; Value = "62.5mW"; VariantName = "[No Variations]"
Change component parameters (AddParameter): Name = "Temp. Coefficent"; Value = "0.02%"; VariantName = "[No Variations]"
Change component parameters (AddParameter): Name = "Tolerance"; Value = "5%"; VariantName = "[No Variations]"
Change component parameters (AddParameter): Name = "Value"; Value = "39"; VariantName = "[No Variations]"
Change component parameters (AddParameter): Name = "Weight"; Value = ""; VariantName = "[No Variations]"
