Removed Pin From Net: NetName=EXT_GND Pin=C186.4-1
Removed Pin From Net: NetName=EXT_GND Pin=C220-1
Removed Pin From Net: NetName=EXT_GND Pin=C221-1
Removed Pin From Net: NetName=EXT_GND Pin=C225-1
Removed Pin From Net: NetName=EXT_GND Pin=C228-2
Removed Pin From Net: NetName=EXT_GND Pin=F7-3
Removed Pin From Net: NetName=EXT_GND Pin=F8-3
Removed Pin From Net: NetName=EXT_GND Pin=F9-3
Removed Pin From Net: NetName=+1.0V Pin=F10-1
Removed Pin From Net: NetName=+1V0 Pin=F10-2
Removed Pin From Net: NetName=EXT_GND Pin=F10-3
Removed Pin From Net: NetName=GND Pin=F10-4
Removed Pin From Net: NetName=+S_2.5V Pin=F11-1
Removed Pin From Net: NetName=+2V5 Pin=F11-2
Removed Pin From Net: NetName=EXT_GND Pin=F11-3
Removed Pin From Net: NetName=GND Pin=F11-4
Removed Pin From Net: NetName=EXT_GND Pin=L6-2
Removed Pin From Net: NetName=EXT_GND Pin=R133.4-2
Removed Pin From Net: NetName=EXT_GND Pin=R134.4-2
Removed Pin From Net: NetName=EXT_GND Pin=R138.3-1
Removed Pin From Net: NetName=EXT_GND Pin=R140.3-2
Removed Pin From Net: NetName=EXT_GND Pin=U34-3
Removed Member From Class: ClassName=Power-Filter-LDO Member=F10
Removed Member From Class: ClassName=Power-Filter-LDO Member=F11
Added Pin To Net: NetName=EXT_GND Pin=C186.4-1
Added Pin To Net: NetName=EXT_GND Pin=C220-1
Added Pin To Net: NetName=EXT_GND Pin=C221-1
Added Pin To Net: NetName=EXT_GND Pin=C225-1
Added Pin To Net: NetName=EXT_GND Pin=C228-2
Added Pin To Net: NetName=EXT_GND Pin=F7-3
Added Pin To Net: NetName=EXT_GND Pin=F8-3
Added Pin To Net: NetName=EXT_GND Pin=F9-3
Added Pin To Net: NetName=EXT_GND Pin=L6-2
Added Pin To Net: NetName=EXT_GND Pin=R133.4-2
Added Pin To Net: NetName=EXT_GND Pin=R134.4-2
Added Pin To Net: NetName=EXT_GND Pin=R138.3-1
Added Pin To Net: NetName=EXT_GND Pin=R140.3-2
Added Pin To Net: NetName=EXT_GND Pin=U34-3
