Change Net Name : Old Net Name=NetC197.1_1 New Net Name=VOSNS+.1
Change Net Name : Old Net Name=NetC197.1_2 New Net Name=FB.1
Change Net Name : Old Net Name=NetC197.2_1 New Net Name=VOSNS+.2
Change Net Name : Old Net Name=NetC197.2_2 New Net Name=FB.2
Change Net Name : Old Net Name=NetC197.3_1 New Net Name=VOSNS+.3
Change Net Name : Old Net Name=NetC197.3_2 New Net Name=FB.3
Change Net Name : Old Net Name=NetC197.4_1 New Net Name=VOSNS+.4
Change Net Name : Old Net Name=NetC197.4_2 New Net Name=FB.4
Change Net Name : Old Net Name=NetC198.1_2 New Net Name=VOSNS-.1
Change Net Name : Old Net Name=NetC198.2_2 New Net Name=VOSNS-.2
Change Net Name : Old Net Name=NetC198.3_2 New Net Name=VOSNS-.3
Change Net Name : Old Net Name=NetC198.4_2 New Net Name=VOSNS-.4
Change Net Name : Old Net Name=NetC199.1_1 New Net Name=TRACK/SS.1
Change Net Name : Old Net Name=NetC199.2_1 New Net Name=TRACK/SS.2
Change Net Name : Old Net Name=NetC199.3_1 New Net Name=TRACK/SS.3
Change Net Name : Old Net Name=NetC199.4_1 New Net Name=TRACK/SS.4
Change Net Name : Old Net Name=NetC200.1_1 New Net Name=COMPa.1
Change Net Name : Old Net Name=NetC200.2_1 New Net Name=COMPa.2
Change Net Name : Old Net Name=NetC200.3_1 New Net Name=COMPa.3
Change Net Name : Old Net Name=NetC200.4_1 New Net Name=COMPa.4
Change Net Name : Old Net Name=NetJ16.1_1 New Net Name=SW.1
Change Net Name : Old Net Name=NetJ16.2_1 New Net Name=SW.2
Change Net Name : Old Net Name=NetJ16.3_1 New Net Name=SW.3
Change Net Name : Old Net Name=NetJ16.4_1 New Net Name=SW.4
