Change Physical Footprint: Designator=C13 Old Footprint=CAPC1005X55N New Footprint=CAPC1005X55N
Change Physical Footprint: Designator=C14 Old Footprint=CAPC1005X55N New Footprint=CAPC1005X55N
Change Physical Footprint: Designator=C15 Old Footprint=CAPC1005X55N New Footprint=CAPC1005X55N
Change Physical Footprint: Designator=C16 Old Footprint=CAPC1005X55N New Footprint=CAPC1005X55N
Change Physical Footprint: Designator=C17 Old Footprint=CAPC1005X55N New Footprint=CAPC1005X55N
Change Physical Footprint: Designator=C18 Old Footprint=CAPC1005X55N New Footprint=CAPC1005X55N
Change Physical Footprint: Designator=C55 Old Footprint=CAPC2012X145N New Footprint=CAPC2012X145N
Change Physical Footprint: Designator=C58 Old Footprint=CAPC2012X145N New Footprint=CAPC2012X145N
Change Physical Footprint: Designator=C64 Old Footprint=CAPC2012X145N New Footprint=CAPC2012X145N
Change Physical Footprint: Designator=C66 Old Footprint=CAPC2012X145N New Footprint=CAPC2012X145N
Change Physical Footprint: Designator=C69 Old Footprint=CAPC2012X145N New Footprint=CAPC2012X145N
Change Physical Footprint: Designator=C71 Old Footprint=CAPC2012X145N New Footprint=CAPC2012X145N
Change Physical Footprint: Designator=C73 Old Footprint=CAPC1005X55N New Footprint=CAPC1005X55N
Change Physical Footprint: Designator=C75 Old Footprint=CAPC1005X55N New Footprint=CAPC1005X55N
Change Physical Footprint: Designator=C76 Old Footprint=CAPC1005X55N New Footprint=CAPC1005X55N
Change Physical Footprint: Designator=C77 Old Footprint=CAPC1005X55N New Footprint=CAPC1005X55N
Change Physical Footprint: Designator=C78 Old Footprint=CAPC1005X55N New Footprint=CAPC1005X55N
Change Physical Footprint: Designator=C79 Old Footprint=CAPC1005X55N New Footprint=CAPC1005X55N
Change Physical Footprint: Designator=C80 Old Footprint=CAPC1005X55N New Footprint=CAPC1005X55N
Change Physical Footprint: Designator=C90.1 Old Footprint=CAPC1005X55L New Footprint=CAPC1005X55L
Change Physical Footprint: Designator=C90.2 Old Footprint=CAPC1005X55L New Footprint=CAPC1005X55L
Change Physical Footprint: Designator=C91.1 Old Footprint=CAPC1005X55L New Footprint=CAPC1005X55L
Change Physical Footprint: Designator=C91.2 Old Footprint=CAPC1005X55L New Footprint=CAPC1005X55L
Change Physical Footprint: Designator=C92.1 Old Footprint=CAPC1005X55L New Footprint=CAPC1005X55L
Change Physical Footprint: Designator=C92.2 Old Footprint=CAPC1005X55L New Footprint=CAPC1005X55L
Change Physical Footprint: Designator=C93.1 Old Footprint=CAPC1005X55L New Footprint=CAPC1005X55L
Change Physical Footprint: Designator=C93.2 Old Footprint=CAPC1005X55L New Footprint=CAPC1005X55L
Change Physical Footprint: Designator=C94.1 Old Footprint=CAPC1005X55L New Footprint=CAPC1005X55L
Change Physical Footprint: Designator=C94.2 Old Footprint=CAPC1005X55L New Footprint=CAPC1005X55L
Change Physical Footprint: Designator=C95.1 Old Footprint=CAPC1005X55L New Footprint=CAPC1005X55L
Change Physical Footprint: Designator=C95.2 Old Footprint=CAPC1005X55L New Footprint=CAPC1005X55L
Change Physical Footprint: Designator=C96.1 Old Footprint=CAPC1005X55L New Footprint=CAPC1005X55L
Change Physical Footprint: Designator=C96.2 Old Footprint=CAPC1005X55L New Footprint=CAPC1005X55L
Change Physical Footprint: Designator=C97.1 Old Footprint=CAPC1005X55L New Footprint=CAPC1005X55L
Change Physical Footprint: Designator=C97.2 Old Footprint=CAPC1005X55L New Footprint=CAPC1005X55L
Change Physical Footprint: Designator=C98.1 Old Footprint=CAPC1005X55L New Footprint=CAPC1005X55L
Change Physical Footprint: Designator=C98.2 Old Footprint=CAPC1005X55L New Footprint=CAPC1005X55L
Change Physical Footprint: Designator=C99.1 Old Footprint=CAPC1005X55L New Footprint=CAPC1005X55L
Change Physical Footprint: Designator=C99.2 Old Footprint=CAPC1005X55L New Footprint=CAPC1005X55L
Change Physical Footprint: Designator=C100.1 Old Footprint=CAPC1005X55L New Footprint=CAPC1005X55L
Change Physical Footprint: Designator=C100.2 Old Footprint=CAPC1005X55L New Footprint=CAPC1005X55L
Change Physical Footprint: Designator=C101.1 Old Footprint=CAPC1005X55L New Footprint=CAPC1005X55L
Change Physical Footprint: Designator=C101.2 Old Footprint=CAPC1005X55L New Footprint=CAPC1005X55L
Change Physical Footprint: Designator=C102.1 Old Footprint=CAPC1005X55L New Footprint=CAPC1005X55L
Change Physical Footprint: Designator=C102.2 Old Footprint=CAPC1005X55L New Footprint=CAPC1005X55L
Change Physical Footprint: Designator=C103.1 Old Footprint=CAPC1005X55L New Footprint=CAPC1005X55L
Change Physical Footprint: Designator=C103.2 Old Footprint=CAPC1005X55L New Footprint=CAPC1005X55L
Change Physical Footprint: Designator=C104.1 Old Footprint=CAPC1005X55L New Footprint=CAPC1005X55L
Change Physical Footprint: Designator=C104.2 Old Footprint=CAPC1005X55L New Footprint=CAPC1005X55L
Change Physical Footprint: Designator=C105.1 Old Footprint=CAPC1005X55L New Footprint=CAPC1005X55L
Change Physical Footprint: Designator=C105.2 Old Footprint=CAPC1005X55L New Footprint=CAPC1005X55L
Change Physical Footprint: Designator=C106.1 Old Footprint=CAPC1005X55L New Footprint=CAPC1005X55L
Change Physical Footprint: Designator=C106.2 Old Footprint=CAPC1005X55L New Footprint=CAPC1005X55L
Change Physical Footprint: Designator=C107.1 Old Footprint=CAPC1005X55L New Footprint=CAPC1005X55L
Change Physical Footprint: Designator=C107.2 Old Footprint=CAPC1005X55L New Footprint=CAPC1005X55L
Change Physical Footprint: Designator=C108.1 Old Footprint=CAPC1005X55L New Footprint=CAPC1005X55L
Change Physical Footprint: Designator=C108.2 Old Footprint=CAPC1005X55L New Footprint=CAPC1005X55L
Change Physical Footprint: Designator=C109.1 Old Footprint=CAPC1005X55L New Footprint=CAPC1005X55L
Change Physical Footprint: Designator=C109.2 Old Footprint=CAPC1005X55L New Footprint=CAPC1005X55L
Change Physical Footprint: Designator=C110.1 Old Footprint=CAPC1005X55L New Footprint=CAPC1005X55L
Change Physical Footprint: Designator=C110.2 Old Footprint=CAPC1005X55L New Footprint=CAPC1005X55L
Change Physical Footprint: Designator=C111.1 Old Footprint=CAPC1005X55L New Footprint=CAPC1005X55L
Change Physical Footprint: Designator=C111.2 Old Footprint=CAPC1005X55L New Footprint=CAPC1005X55L
Change Physical Footprint: Designator=C112.1 Old Footprint=CAPC1005X55L New Footprint=CAPC1005X55L
Change Physical Footprint: Designator=C112.2 Old Footprint=CAPC1005X55L New Footprint=CAPC1005X55L
Change Physical Footprint: Designator=C113.1 Old Footprint=CAPC1005X55L New Footprint=CAPC1005X55L
Change Physical Footprint: Designator=C113.2 Old Footprint=CAPC1005X55L New Footprint=CAPC1005X55L
Change Physical Footprint: Designator=C114.1 Old Footprint=CAPC1005X55L New Footprint=CAPC1005X55L
Change Physical Footprint: Designator=C114.2 Old Footprint=CAPC1005X55L New Footprint=CAPC1005X55L
Change Physical Footprint: Designator=C115.1 Old Footprint=CAPC1005X55L New Footprint=CAPC1005X55L
Change Physical Footprint: Designator=C115.2 Old Footprint=CAPC1005X55L New Footprint=CAPC1005X55L
Change Physical Footprint: Designator=C116.1 Old Footprint=CAPC1005X55L New Footprint=CAPC1005X55L
Change Physical Footprint: Designator=C116.2 Old Footprint=CAPC1005X55L New Footprint=CAPC1005X55L
Change Physical Footprint: Designator=C117.1 Old Footprint=CAPC1005X55L New Footprint=CAPC1005X55L
Change Physical Footprint: Designator=C117.2 Old Footprint=CAPC1005X55L New Footprint=CAPC1005X55L
Change Physical Footprint: Designator=C118.1 Old Footprint=CAPC1005X55L New Footprint=CAPC1005X55L
Change Physical Footprint: Designator=C118.2 Old Footprint=CAPC1005X55L New Footprint=CAPC1005X55L
Change Physical Footprint: Designator=C119.1 Old Footprint=CAPC1005X55L New Footprint=CAPC1005X55L
Change Physical Footprint: Designator=C119.2 Old Footprint=CAPC1005X55L New Footprint=CAPC1005X55L
Change Physical Footprint: Designator=C120.1 Old Footprint=CAPC1005X55L New Footprint=CAPC1005X55L
Change Physical Footprint: Designator=C120.2 Old Footprint=CAPC1005X55L New Footprint=CAPC1005X55L
Change Physical Footprint: Designator=C121.1 Old Footprint=CAPC1005X55L New Footprint=CAPC1005X55L
Change Physical Footprint: Designator=C121.2 Old Footprint=CAPC1005X55L New Footprint=CAPC1005X55L
Change Physical Footprint: Designator=C122.1 Old Footprint=CAPC1005X55L New Footprint=CAPC1005X55L
Change Physical Footprint: Designator=C122.2 Old Footprint=CAPC1005X55L New Footprint=CAPC1005X55L
Change Physical Footprint: Designator=C123.1 Old Footprint=CAPC1005X55L New Footprint=CAPC1005X55L
Change Physical Footprint: Designator=C123.2 Old Footprint=CAPC1005X55L New Footprint=CAPC1005X55L
Change Physical Footprint: Designator=C124.1 Old Footprint=CAPC1005X55L New Footprint=CAPC1005X55L
Change Physical Footprint: Designator=C124.2 Old Footprint=CAPC1005X55L New Footprint=CAPC1005X55L
Change Physical Footprint: Designator=C125.1 Old Footprint=CAPC1005X55L New Footprint=CAPC1005X55L
Change Physical Footprint: Designator=C125.2 Old Footprint=CAPC1005X55L New Footprint=CAPC1005X55L
Change Physical Footprint: Designator=C126.1 Old Footprint=CAPC1005X55L New Footprint=CAPC1005X55L
Change Physical Footprint: Designator=C126.2 Old Footprint=CAPC1005X55L New Footprint=CAPC1005X55L
Change Physical Footprint: Designator=C127.1 Old Footprint=CAPC1005X55L New Footprint=CAPC1005X55L
Change Physical Footprint: Designator=C127.2 Old Footprint=CAPC1005X55L New Footprint=CAPC1005X55L
Change Physical Footprint: Designator=C128.1 Old Footprint=CAPC1005X55L New Footprint=CAPC1005X55L
Change Physical Footprint: Designator=C128.2 Old Footprint=CAPC1005X55L New Footprint=CAPC1005X55L
Change Physical Footprint: Designator=C129.1 Old Footprint=CAPC1005X55L New Footprint=CAPC1005X55L
Change Physical Footprint: Designator=C129.2 Old Footprint=CAPC1005X55L New Footprint=CAPC1005X55L
Change Physical Footprint: Designator=C130.1 Old Footprint=CAPC1005X55L New Footprint=CAPC1005X55L
Change Physical Footprint: Designator=C130.2 Old Footprint=CAPC1005X55L New Footprint=CAPC1005X55L
Change Physical Footprint: Designator=C131.1 Old Footprint=CAPC1005X55L New Footprint=CAPC1005X55L
Change Physical Footprint: Designator=C131.2 Old Footprint=CAPC1005X55L New Footprint=CAPC1005X55L
Change Physical Footprint: Designator=C132.1 Old Footprint=CAPC1005X55L New Footprint=CAPC1005X55L
Change Physical Footprint: Designator=C132.2 Old Footprint=CAPC1005X55L New Footprint=CAPC1005X55L
Change Physical Footprint: Designator=C133.1 Old Footprint=CAPC1005X55L New Footprint=CAPC1005X55L
Change Physical Footprint: Designator=C133.2 Old Footprint=CAPC1005X55L New Footprint=CAPC1005X55L
Change Physical Footprint: Designator=C134.1 Old Footprint=CAPC1005X55L New Footprint=CAPC1005X55L
Change Physical Footprint: Designator=C134.2 Old Footprint=CAPC1005X55L New Footprint=CAPC1005X55L
Change Physical Footprint: Designator=C135.1 Old Footprint=CAPC1005X55L New Footprint=CAPC1005X55L
Change Physical Footprint: Designator=C135.2 Old Footprint=CAPC1005X55L New Footprint=CAPC1005X55L
Change Physical Footprint: Designator=C136.1 Old Footprint=CAPC1005X55L New Footprint=CAPC1005X55L
Change Physical Footprint: Designator=C136.2 Old Footprint=CAPC1005X55L New Footprint=CAPC1005X55L
Change Physical Footprint: Designator=C137.1 Old Footprint=CAPC1005X55L New Footprint=CAPC1005X55L
Change Physical Footprint: Designator=C137.2 Old Footprint=CAPC1005X55L New Footprint=CAPC1005X55L
Change Physical Footprint: Designator=C139.1 Old Footprint=CAPC1005X55N New Footprint=CAPC1005X55N
Change Physical Footprint: Designator=C139.2 Old Footprint=CAPC1005X55N New Footprint=CAPC1005X55N
Change Physical Footprint: Designator=C140.1 Old Footprint=CAPC1005X55N New Footprint=CAPC1005X55N
Change Physical Footprint: Designator=C140.2 Old Footprint=CAPC1005X55N New Footprint=CAPC1005X55N
Change Physical Footprint: Designator=C141.1 Old Footprint=CAPC1005X55N New Footprint=CAPC1005X55N
Change Physical Footprint: Designator=C141.2 Old Footprint=CAPC1005X55N New Footprint=CAPC1005X55N
Change Physical Footprint: Designator=C142.1 Old Footprint=CAPC1005X55N New Footprint=CAPC1005X55N
Change Physical Footprint: Designator=C142.2 Old Footprint=CAPC1005X55N New Footprint=CAPC1005X55N
Change Physical Footprint: Designator=C143.1 Old Footprint=CAPC1005X55N New Footprint=CAPC1005X55N
Change Physical Footprint: Designator=C143.2 Old Footprint=CAPC1005X55N New Footprint=CAPC1005X55N
Change Physical Footprint: Designator=C144.1 Old Footprint=CAPC1005X55N New Footprint=CAPC1005X55N
Change Physical Footprint: Designator=C144.2 Old Footprint=CAPC1005X55N New Footprint=CAPC1005X55N
Change Physical Footprint: Designator=C145.1 Old Footprint=CAPC1005X55N New Footprint=CAPC1005X55N
Change Physical Footprint: Designator=C145.2 Old Footprint=CAPC1005X55N New Footprint=CAPC1005X55N
Change Physical Footprint: Designator=C146.1 Old Footprint=CAPC1005X55N New Footprint=CAPC1005X55N
Change Physical Footprint: Designator=C146.2 Old Footprint=CAPC1005X55N New Footprint=CAPC1005X55N
Change Physical Footprint: Designator=C147.1 Old Footprint=CAPC1005X55N New Footprint=CAPC1005X55N
Change Physical Footprint: Designator=C147.2 Old Footprint=CAPC1005X55N New Footprint=CAPC1005X55N
Change Physical Footprint: Designator=C148.1 Old Footprint=CAPC1005X55N New Footprint=CAPC1005X55N
Change Physical Footprint: Designator=C148.2 Old Footprint=CAPC1005X55N New Footprint=CAPC1005X55N
Change Physical Footprint: Designator=C149.1 Old Footprint=CAPC1005X55N New Footprint=CAPC1005X55N
Change Physical Footprint: Designator=C149.2 Old Footprint=CAPC1005X55N New Footprint=CAPC1005X55N
Change Physical Footprint: Designator=C150.1 Old Footprint=CAPC1005X55N New Footprint=CAPC1005X55N
Change Physical Footprint: Designator=C150.2 Old Footprint=CAPC1005X55N New Footprint=CAPC1005X55N
Change Physical Footprint: Designator=C151.1 Old Footprint=CAPC1005X55N New Footprint=CAPC1005X55N
Change Physical Footprint: Designator=C151.2 Old Footprint=CAPC1005X55N New Footprint=CAPC1005X55N
Change Physical Footprint: Designator=C152.1 Old Footprint=CAPC1005X55N New Footprint=CAPC1005X55N
Change Physical Footprint: Designator=C152.2 Old Footprint=CAPC1005X55N New Footprint=CAPC1005X55N
Change Physical Footprint: Designator=C153.1 Old Footprint=CAPC1005X55N New Footprint=CAPC1005X55N
Change Physical Footprint: Designator=C153.2 Old Footprint=CAPC1005X55N New Footprint=CAPC1005X55N
Change Physical Footprint: Designator=C154.1 Old Footprint=CAPC1005X55N New Footprint=CAPC1005X55N
Change Physical Footprint: Designator=C154.2 Old Footprint=CAPC1005X55N New Footprint=CAPC1005X55N
Change Physical Footprint: Designator=C156.1 Old Footprint=CAPC1005X55N New Footprint=CAPC1005X55N
Change Physical Footprint: Designator=C156.2 Old Footprint=CAPC1005X55N New Footprint=CAPC1005X55N
Change Physical Footprint: Designator=C157.1 Old Footprint=CAPC1005X55N New Footprint=CAPC1005X55N
Change Physical Footprint: Designator=C157.2 Old Footprint=CAPC1005X55N New Footprint=CAPC1005X55N
Change Physical Footprint: Designator=C159.5 Old Footprint=CAPC1005X06L New Footprint=CAPC1005X06L
Change Physical Footprint: Designator=F1 Old Footprint=INDC2012X11L New Footprint=INDC2012X11L
Change Physical Footprint: Designator=F2 Old Footprint=INDC2012X11L New Footprint=INDC2012X11L
Change Physical Footprint: Designator=F3 Old Footprint=INDC2012X11N New Footprint=INDC2012X11N
Change Physical Footprint: Designator=F5 Old Footprint=INDC2012X11N New Footprint=INDC2012X11N
Change Physical Footprint: Designator=F6 Old Footprint=INDC2012X11N New Footprint=INDC2012X11N
Change Physical Footprint: Designator=F12 Old Footprint=INDC2012X11L New Footprint=INDC2012X11L
Change Physical Footprint: Designator=F13 Old Footprint=INDC2012X11L New Footprint=INDC2012X11L
Change Physical Footprint: Designator=J11 Old Footprint=G125-MH11005L5P-Footprint-1 New Footprint=G125-MH11005L5P-Footprint-1
Change Physical Footprint: Designator=R5 Old Footprint=RESC1005L New Footprint=RESC1005L
Change Physical Footprint: Designator=R6 Old Footprint=RESC1005L New Footprint=RESC1005L
Change Physical Footprint: Designator=R7 Old Footprint=RESC1005L New Footprint=RESC1005L
Change Physical Footprint: Designator=R8 Old Footprint=RESC1005L New Footprint=RESC1005L
Change Physical Footprint: Designator=R9 Old Footprint=RESC1005L New Footprint=RESC1005L
Change Physical Footprint: Designator=R10 Old Footprint=RESC1005L New Footprint=RESC1005L
Change Physical Footprint: Designator=R11 Old Footprint=RESC1608N New Footprint=RESC1608N
Change Physical Footprint: Designator=R12 Old Footprint=RESC1608N New Footprint=RESC1608N
Change Physical Footprint: Designator=R15 Old Footprint=RESC1608N New Footprint=RESC1608N
Change Physical Footprint: Designator=R20 Old Footprint=RESC1608N New Footprint=RESC1608N
Change Physical Footprint: Designator=R21 Old Footprint=RESC1608N New Footprint=RESC1608N
Change Physical Footprint: Designator=R22 Old Footprint=RESC1608N New Footprint=RESC1608N
Change Physical Footprint: Designator=R23 Old Footprint=RESC1608N New Footprint=RESC1608N
Change Physical Footprint: Designator=R25 Old Footprint=RESC1608N New Footprint=RESC1608N
Change Physical Footprint: Designator=R26 Old Footprint=RESC1608N New Footprint=RESC1608N
Change Physical Footprint: Designator=R27 Old Footprint=RESC1608N New Footprint=RESC1608N
Change Physical Footprint: Designator=R28 Old Footprint=RESC1608N New Footprint=RESC1608N
Change Physical Footprint: Designator=R29 Old Footprint=RESC1608N New Footprint=RESC1608N
Change Physical Footprint: Designator=R51 Old Footprint=RESC1608N New Footprint=RESC1608N
Change Physical Footprint: Designator=R53 Old Footprint=RESC1608N New Footprint=RESC1608N
Change Physical Footprint: Designator=R54 Old Footprint=RESC1608N New Footprint=RESC1608N
Change Physical Footprint: Designator=R55 Old Footprint=RESC1608N New Footprint=RESC1608N
Change Physical Footprint: Designator=R56 Old Footprint=RESC1608N New Footprint=RESC1608N
Change Physical Footprint: Designator=R57 Old Footprint=RESC1608N New Footprint=RESC1608N
Change Physical Footprint: Designator=R58.1 Old Footprint=RESC1608N New Footprint=RESC1608N
Change Physical Footprint: Designator=R58.2 Old Footprint=RESC1608N New Footprint=RESC1608N
Change Physical Footprint: Designator=R59.1 Old Footprint=RESC1608N New Footprint=RESC1608N
Change Physical Footprint: Designator=R59.2 Old Footprint=RESC1608N New Footprint=RESC1608N
Change Physical Footprint: Designator=R60.1 Old Footprint=RESC1608N New Footprint=RESC1608N
Change Physical Footprint: Designator=R60.2 Old Footprint=RESC1608N New Footprint=RESC1608N
Change Physical Footprint: Designator=R61.1 Old Footprint=RESC1608N New Footprint=RESC1608N
Change Physical Footprint: Designator=R61.2 Old Footprint=RESC1608N New Footprint=RESC1608N
Change Physical Footprint: Designator=R62.1 Old Footprint=RESC1608N New Footprint=RESC1608N
Change Physical Footprint: Designator=R62.2 Old Footprint=RESC1608N New Footprint=RESC1608N
Change Physical Footprint: Designator=R63.1 Old Footprint=RESC2012N New Footprint=RESC2012N
Change Physical Footprint: Designator=R63.2 Old Footprint=RESC2012N New Footprint=RESC2012N
Change Physical Footprint: Designator=R64.1 Old Footprint=RESC1608N New Footprint=RESC1608N
Change Physical Footprint: Designator=R64.2 Old Footprint=RESC1608N New Footprint=RESC1608N
Change Physical Footprint: Designator=R65 Old Footprint=RESC1608N New Footprint=RESC1608N
Change Physical Footprint: Designator=R65.1 Old Footprint=RESC1608N New Footprint=RESC1608N
Change Physical Footprint: Designator=R65.2 Old Footprint=RESC1608N New Footprint=RESC1608N
Change Physical Footprint: Designator=R66.1 Old Footprint=RESC1608N New Footprint=RESC1608N
Change Physical Footprint: Designator=R66.2 Old Footprint=RESC1608N New Footprint=RESC1608N
Change Physical Footprint: Designator=R67.1 Old Footprint=RESC1608N New Footprint=RESC1608N
Change Physical Footprint: Designator=R67.2 Old Footprint=RESC1608N New Footprint=RESC1608N
Change Physical Footprint: Designator=R68.1 Old Footprint=RESC1608N New Footprint=RESC1608N
Change Physical Footprint: Designator=R68.2 Old Footprint=RESC1608N New Footprint=RESC1608N
Change Physical Footprint: Designator=R69 Old Footprint=RESC1608N New Footprint=RESC1608N
Change Physical Footprint: Designator=R69.1 Old Footprint=RESC1608N New Footprint=RESC1608N
Change Physical Footprint: Designator=R69.2 Old Footprint=RESC1608N New Footprint=RESC1608N
Change Physical Footprint: Designator=R84 Old Footprint=RESC1608N New Footprint=RESC1608N
Change Physical Footprint: Designator=R85 Old Footprint=RESC1608N New Footprint=RESC1608N
Change Physical Footprint: Designator=R86 Old Footprint=RESC1608N New Footprint=RESC1608N
Change Physical Footprint: Designator=R87 Old Footprint=RESC1608N New Footprint=RESC1608N
Change Physical Footprint: Designator=R88 Old Footprint=RESC1608N New Footprint=RESC1608N
Change Physical Footprint: Designator=R89 Old Footprint=RESC1608N New Footprint=RESC1608N
Change Physical Footprint: Designator=R90 Old Footprint=RESC1608N New Footprint=RESC1608N
Change Physical Footprint: Designator=R91 Old Footprint=RESC1608N New Footprint=RESC1608N
Change Physical Footprint: Designator=R92 Old Footprint=RESC1608N New Footprint=RESC1608N
Change Physical Footprint: Designator=R93 Old Footprint=RESC1608N New Footprint=RESC1608N
Change Physical Footprint: Designator=R94 Old Footprint=RESC1608N New Footprint=RESC1608N
Change Physical Footprint: Designator=R95 Old Footprint=RESC1608N New Footprint=RESC1608N
Change Physical Footprint: Designator=R96 Old Footprint=RESC1608N New Footprint=RESC1608N
Change Physical Footprint: Designator=R97 Old Footprint=RESC1608N New Footprint=RESC1608N
Change Physical Footprint: Designator=R98 Old Footprint=RESC1608N New Footprint=RESC1608N
Change Physical Footprint: Designator=R99 Old Footprint=RESC1608N New Footprint=RESC1608N
Change Physical Footprint: Designator=R100 Old Footprint=RESC1608N New Footprint=RESC1608N
Change Physical Footprint: Designator=R103 Old Footprint=RESC1608N New Footprint=RESC1608N
Change Physical Footprint: Designator=R104 Old Footprint=RESC1608N New Footprint=RESC1608N
Change Physical Footprint: Designator=R105 Old Footprint=RESC1608N New Footprint=RESC1608N
Change Physical Footprint: Designator=R106 Old Footprint=RESC1608N New Footprint=RESC1608N
Change Physical Footprint: Designator=R107 Old Footprint=RESC1608N New Footprint=RESC1608N
Change Physical Footprint: Designator=R108 Old Footprint=RESC1608N New Footprint=RESC1608N
Change Physical Footprint: Designator=R109 Old Footprint=RESC1608N New Footprint=RESC1608N
Change Physical Footprint: Designator=R110 Old Footprint=RESC1608N New Footprint=RESC1608N
Change Physical Footprint: Designator=R111 Old Footprint=RESC1608N New Footprint=RESC1608N
Change Physical Footprint: Designator=R112 Old Footprint=RESC1608N New Footprint=RESC1608N
Change Physical Footprint: Designator=R113 Old Footprint=RESC1608N New Footprint=RESC1608N
Change Physical Footprint: Designator=R114 Old Footprint=RESC1608N New Footprint=RESC1608N
Change Physical Footprint: Designator=R115 Old Footprint=RESC1608N New Footprint=RESC1608N
Change Physical Footprint: Designator=R116 Old Footprint=RESC1608N New Footprint=RESC1608N
Change Physical Footprint: Designator=R117 Old Footprint=RESC1608N New Footprint=RESC1608N
Change Physical Footprint: Designator=R118 Old Footprint=RESC1608N New Footprint=RESC1608N
Change Physical Footprint: Designator=R119 Old Footprint=RESC1608N New Footprint=RESC1608N
Change Physical Footprint: Designator=R122 Old Footprint=RESC1608N New Footprint=RESC1608N
Change Physical Footprint: Designator=R123 Old Footprint=RESC1608N New Footprint=RESC1608N
Change Physical Footprint: Designator=R124 Old Footprint=RESC1608N New Footprint=RESC1608N
Change Physical Footprint: Designator=R125 Old Footprint=RESC1608N New Footprint=RESC1608N
Change Physical Footprint: Designator=R126 Old Footprint=RESC1608N New Footprint=RESC1608N
Change Physical Footprint: Designator=R127 Old Footprint=RESC1608N New Footprint=RESC1608N
Change Physical Footprint: Designator=R134 Old Footprint=RESC1608N New Footprint=RESC1608N
Change Physical Footprint: Designator=R135 Old Footprint=RESC1608N New Footprint=RESC1608N
Change Physical Footprint: Designator=R137 Old Footprint=RESC1608N New Footprint=RESC1608N
Change Physical Footprint: Designator=TP7 Old Footprint=S1751-46 New Footprint=S1751-46
Change Physical Footprint: Designator=TP8 Old Footprint=S1751-46 New Footprint=S1751-46
Change Physical Footprint: Designator=TP9 Old Footprint=S1751-46 New Footprint=S1751-46
Change Physical Footprint: Designator=TP10 Old Footprint=S1751-46 New Footprint=S1751-46
Change Physical Footprint: Designator=U9 Old Footprint=DBV0005A_L New Footprint=DBV0005A_L
Change Physical Footprint: Designator=U15.1 Old Footprint=SOT95P280X100-5N New Footprint=SOT95P280X100-5N
Change Physical Footprint: Designator=U15.2 Old Footprint=SOT95P280X100-5N New Footprint=SOT95P280X100-5N
Change Physical Footprint: Designator=U16 Old Footprint=SOT95P280X100-5N New Footprint=SOT95P280X100-5N
Change Physical Footprint: Designator=U16.1 Old Footprint=SOT95P280X100-5N New Footprint=SOT95P280X100-5N
Change Physical Footprint: Designator=U16.2 Old Footprint=SOT95P280X100-5N New Footprint=SOT95P280X100-5N
Change Physical Footprint: Designator=U21 Old Footprint=BGA64C100P8X8_900X900X140 New Footprint=BGA64C100P8X8_900X900X140
Change Physical Footprint: Designator=U22 Old Footprint=SOT95P280X100-5N New Footprint=SOT95P280X100-5N
Change Physical Footprint: Designator=U23 Old Footprint=SOT95P280X100-5N New Footprint=SOT95P280X100-5N
Change Physical Footprint: Designator=U24 Old Footprint=SOT95P280X100-5N New Footprint=SOT95P280X100-5N
