Removed Pin From Net: NetName=GND Pin=C1.1PWR-1
Removed Pin From Net: NetName=GND Pin=C1.2PWR-1
Removed Pin From Net: NetName=GND Pin=C4.1PWR-2
Removed Pin From Net: NetName=GND Pin=C4.2PWR-2
Removed Pin From Net: NetName=GND Pin=C6.1PWR-2
Removed Pin From Net: NetName=GND Pin=C6.2PWR-2
Removed Pin From Net: NetName=GND Pin=C7.1PWR-1
Removed Pin From Net: NetName=GND Pin=C7.2PWR-1
Removed Pin From Net: NetName=GND Pin=C11.2PWR-2
Removed Pin From Net: NetName=GND Pin=C13.1PWR-2
Removed Pin From Net: NetName=GND Pin=C13.2PWR-2
Removed Pin From Net: NetName=GND Pin=C14.1PWR-2
Removed Pin From Net: NetName=GND Pin=C14.2PWR-2
Removed Pin From Net: NetName=GND Pin=C15.1PWR-2
Removed Pin From Net: NetName=GND Pin=C25.1PWR-2
Removed Pin From Net: NetName=GND Pin=C25.2PWR-2
Removed Pin From Net: NetName=GND Pin=C26.1PWR-2
Removed Pin From Net: NetName=GND Pin=C26.2PWR-2
Removed Pin From Net: NetName=GND Pin=C33PWR-2
Removed Pin From Net: NetName=GND Pin=C34PWR-2
Removed Pin From Net: NetName=GND Pin=C35.1PWR-2
Removed Pin From Net: NetName=GND Pin=C35.2PWR-2
Removed Pin From Net: NetName=GND Pin=C36.1PWR-2
Removed Pin From Net: NetName=GND Pin=C36.2PWR-2
Removed Pin From Net: NetName=EXT_GND Pin=F7-3
Removed Pin From Net: NetName=EXT_GND Pin=F8-3
Removed Pin From Net: NetName=EXT_GND Pin=F9-3
Removed Pin From Net: NetName=EXT_GND Pin=F10-3
Removed Pin From Net: NetName=EXT_GND Pin=F11-3
Removed Pin From Net: NetName=EXT_GND Pin=J20-1
Removed Pin From Net: NetName=GND Pin=Q3.1PWR-S1
Removed Pin From Net: NetName=GND Pin=Q3.1PWR-S2
Removed Pin From Net: NetName=GND Pin=Q3.2PWR-S1
Removed Pin From Net: NetName=GND Pin=Q3.2PWR-S2
Removed Pin From Net: NetName=GND Pin=Q4.1PWR-S1
Removed Pin From Net: NetName=GND Pin=Q4.1PWR-S2
Removed Pin From Net: NetName=GND Pin=Q4.2PWR-S1
Removed Pin From Net: NetName=GND Pin=Q4.2PWR-S2
Removed Pin From Net: NetName=GND Pin=R15.1PWR-1
Removed Pin From Net: NetName=GND Pin=R15.2PWR-1
Removed Pin From Net: NetName=SYNC1 Pin=R21PWR-2
Removed Pin From Net: NetName=SYNC2 Pin=R22PWR-2
Removed Pin From Net: NetName=GND Pin=R28PWR.1-1
Removed Pin From Net: NetName=GND Pin=R28PWR.2-1
Removed Pin From Net: NetName=GND Pin=R28PWR.3-1
Removed Pin From Net: NetName=GND Pin=R28PWR.4-1
Removed Pin From Net: NetName=GND Pin=R29PWR-1
Removed Pin From Net: NetName=GND Pin=U1.1PWR-19
Removed Pin From Net: NetName=GND Pin=U1.2PWR-19
Removed Pin From Net: NetName=GND Pin=U3PWR-2
Removed Pin From Net: NetName=GND Pin=U3PWR-4
Removed Pin From Net: NetName=GND Pin=Z1.1PWR-2
Removed Pin From Net: NetName=GND Pin=Z1.2PWR-2
Removed Member From Class: ClassName=[1] 0020-03_FFT2G - Top Member=J16
Removed Member From Class: ClassName=[1] 0020-03_FFT2G - Top Member=J17
Removed Member From Class: ClassName=[1] 0020-03_FFT2G - Top Member=J18
Removed Member From Class: ClassName=[1] 0020-03_FFT2G - Top Member=J19
Removed Member From Class: ClassName=[1] 0020-03_FFT2G - Top Member=J20
Removed Member From Class: ClassName=Power Member=EXT_1V0
Removed Member From Class: ClassName=Power Member=EXT_2V3
Removed Member From Class: ClassName=Power Member=EXT_2V5
Removed Member From Class: ClassName=Power Member=EXT_3V8
Change Component Designator: OldDesignator=C158.1 NewDesignator=C158.2
Change Component Designator: OldDesignator=C158.2 NewDesignator=C158.3
Change Component Designator: OldDesignator=C158.3 NewDesignator=C158.4
Change Component Designator: OldDesignator=C158.4 NewDesignator=C158.1
Change Component Designator: OldDesignator=C158.5 NewDesignator=C158.6
Change Component Designator: OldDesignator=C158.6 NewDesignator=C158.7
Change Component Designator: OldDesignator=C158.7 NewDesignator=C158.8
Change Component Designator: OldDesignator=C158.8 NewDesignator=C158.5
Change Component Designator: OldDesignator=C159.1 NewDesignator=C159.2
Change Component Designator: OldDesignator=C159.2 NewDesignator=C159.3
Change Component Designator: OldDesignator=C159.3 NewDesignator=C159.4
Change Component Designator: OldDesignator=C159.4 NewDesignator=C159.1
Change Component Designator: OldDesignator=C159.5 NewDesignator=C159.6
Change Component Designator: OldDesignator=C159.6 NewDesignator=C159.7
Change Component Designator: OldDesignator=C159.7 NewDesignator=C159.8
Change Component Designator: OldDesignator=C159.8 NewDesignator=C159.5
Change Component Designator: OldDesignator=C160.1 NewDesignator=C160.2
Change Component Designator: OldDesignator=C160.2 NewDesignator=C160.3
Change Component Designator: OldDesignator=C160.3 NewDesignator=C160.4
Change Component Designator: OldDesignator=C160.4 NewDesignator=C160.1
Change Component Designator: OldDesignator=C160.5 NewDesignator=C160.6
Change Component Designator: OldDesignator=C160.6 NewDesignator=C160.7
Change Component Designator: OldDesignator=C160.7 NewDesignator=C160.8
Change Component Designator: OldDesignator=C160.8 NewDesignator=C160.5
Change Component Designator: OldDesignator=R81.1 NewDesignator=R81.2
Change Component Designator: OldDesignator=R81.2 NewDesignator=R81.3
Change Component Designator: OldDesignator=R81.3 NewDesignator=R81.4
Change Component Designator: OldDesignator=R81.4 NewDesignator=R81.1
Change Component Designator: OldDesignator=R81.5 NewDesignator=R81.6
Change Component Designator: OldDesignator=R81.6 NewDesignator=R81.7
Change Component Designator: OldDesignator=R81.7 NewDesignator=R81.8
Change Component Designator: OldDesignator=R81.8 NewDesignator=R81.5
Change Component Designator: OldDesignator=R82.1 NewDesignator=R82.2
Change Component Designator: OldDesignator=R82.2 NewDesignator=R82.3
Change Component Designator: OldDesignator=R82.3 NewDesignator=R82.4
Change Component Designator: OldDesignator=R82.4 NewDesignator=R82.1
Change Component Designator: OldDesignator=R82.5 NewDesignator=R82.6
Change Component Designator: OldDesignator=R82.6 NewDesignator=R82.7
Change Component Designator: OldDesignator=R82.7 NewDesignator=R82.8
Change Component Designator: OldDesignator=R82.8 NewDesignator=R82.5
Change Component Designator: OldDesignator=R83.1 NewDesignator=R83.2
Change Component Designator: OldDesignator=R83.2 NewDesignator=R83.3
Change Component Designator: OldDesignator=R83.3 NewDesignator=R83.4
Change Component Designator: OldDesignator=R83.4 NewDesignator=R83.1
Change Component Designator: OldDesignator=R83.5 NewDesignator=R83.6
Change Component Designator: OldDesignator=R83.6 NewDesignator=R83.7
Change Component Designator: OldDesignator=R83.7 NewDesignator=R83.8
Change Component Designator: OldDesignator=R83.8 NewDesignator=R83.5
Change Component Designator: OldDesignator=T2.1 NewDesignator=T2.2
Change Component Designator: OldDesignator=T2.2 NewDesignator=T2.3
Change Component Designator: OldDesignator=T2.3 NewDesignator=T2.4
Change Component Designator: OldDesignator=T2.4 NewDesignator=T2.1
Change Component Designator: OldDesignator=T2.5 NewDesignator=T2.6
Change Component Designator: OldDesignator=T2.6 NewDesignator=T2.7
Change Component Designator: OldDesignator=T2.7 NewDesignator=T2.8
Change Component Designator: OldDesignator=T2.8 NewDesignator=T2.5
Change component parameters: Designator = "R30"; Footprint = "RESC3216N"; UniqueID = "\LSFQQERN\BOYEHSAW\IDHVNSGN"
Change component parameters. Clean all parameters for all variants
Change component parameters (AddParameter): Name = "Case-EIA"; Value = "1206"; VariantName = "[No Variations]"
Change component parameters (AddParameter): Name = "Case-Metric"; Value = "3216"; VariantName = "[No Variations]"
Change component parameters (AddParameter): Name = "Maximum working voltage"; Value = "200V"; VariantName = "[No Variations]"
Change component parameters (AddParameter): Name = "Power"; Value = "0.25W"; VariantName = "[No Variations]"
Change component parameters (AddParameter): Name = "Technology"; Value = "SMT"; VariantName = "[No Variations]"
Change component parameters (AddParameter): Name = "Temp. Coefficent"; Value = "±100 ppm/°C"; VariantName = "[No Variations]"
Change component parameters (AddParameter): Name = "Tolerance"; Value = "1"; VariantName = "[No Variations]"
Change component parameters (AddParameter): Name = "Value"; Value = "0.01"; VariantName = "[No Variations]"
Change component parameters: Designator = "R37"; Footprint = "RESC3216N"; UniqueID = "\LSFQQERN\BOYEHSAW\IGJUNQYC"
Change component parameters. Clean all parameters for all variants
Change component parameters (AddParameter): Name = "Case-EIA"; Value = "1206"; VariantName = "[No Variations]"
Change component parameters (AddParameter): Name = "Case-Metric"; Value = "3216"; VariantName = "[No Variations]"
Change component parameters (AddParameter): Name = "Maximum working voltage"; Value = "200V"; VariantName = "[No Variations]"
Change component parameters (AddParameter): Name = "Power"; Value = "0.25W"; VariantName = "[No Variations]"
Change component parameters (AddParameter): Name = "Technology"; Value = "SMT"; VariantName = "[No Variations]"
Change component parameters (AddParameter): Name = "Temp. Coefficent"; Value = "±100 ppm/°C"; VariantName = "[No Variations]"
Change component parameters (AddParameter): Name = "Tolerance"; Value = "1"; VariantName = "[No Variations]"
Change component parameters (AddParameter): Name = "Value"; Value = "0.01"; VariantName = "[No Variations]"
Change component parameters: Designator = "R49"; Footprint = "RESCAXS50P100X200X45-8N"; UniqueID = "\ZNLHZSSX\NOBEATVM"
Change component parameters. Clean all parameters for all variants
Change component parameters (AddParameter): Name = "Case-EIA"; Value = "0804"; VariantName = "[No Variations]"
Change component parameters (AddParameter): Name = "Case-Metric"; Value = "2010"; VariantName = "[No Variations]"
Change component parameters (AddParameter): Name = "Maximum working voltage"; Value = "50V"; VariantName = "[No Variations]"
Change component parameters (AddParameter): Name = "PartId"; Value = "1"; VariantName = "[No Variations]"
Change component parameters (AddParameter): Name = "PartNumber"; Value = "EXB-28V390J"; VariantName = "[No Variations]"
Change component parameters (AddParameter): Name = "Technology"; Value = "SMT"; VariantName = "[No Variations]"
Change component parameters (AddParameter): Name = "Temp. Coefficent"; Value = "±200 ppm/°C"; VariantName = "[No Variations]"
Change component parameters (AddParameter): Name = "Tolerance"; Value = "±5%"; VariantName = "[No Variations]"
Change component parameters (AddParameter): Name = "Value"; Value = "39.00"; VariantName = "[No Variations]"
Change component parameters: Designator = "R50"; Footprint = "RESCAXS50P100X200X45-8N"; UniqueID = "\ZNLHZSSX\LOFTRACD"
Change component parameters. Clean all parameters for all variants
Change component parameters (AddParameter): Name = "Case-EIA"; Value = "0804"; VariantName = "[No Variations]"
Change component parameters (AddParameter): Name = "Case-Metric"; Value = "2010"; VariantName = "[No Variations]"
Change component parameters (AddParameter): Name = "Maximum working voltage"; Value = "50V"; VariantName = "[No Variations]"
Change component parameters (AddParameter): Name = "PartId"; Value = "1"; VariantName = "[No Variations]"
Change component parameters (AddParameter): Name = "PartNumber"; Value = "EXB-28V390J"; VariantName = "[No Variations]"
Change component parameters (AddParameter): Name = "Technology"; Value = "SMT"; VariantName = "[No Variations]"
Change component parameters (AddParameter): Name = "Temp. Coefficent"; Value = "±200 ppm/°C"; VariantName = "[No Variations]"
Change component parameters (AddParameter): Name = "Tolerance"; Value = "±5%"; VariantName = "[No Variations]"
Change component parameters (AddParameter): Name = "Value"; Value = "39.00"; VariantName = "[No Variations]"
Change component parameters: Designator = "R52"; Footprint = "RESCAXS50P100X200X45-8N"; UniqueID = "\ZNLHZSSX\NXXMIASN"
Change component parameters. Clean all parameters for all variants
Change component parameters (AddParameter): Name = "Case-EIA"; Value = "0804"; VariantName = "[No Variations]"
Change component parameters (AddParameter): Name = "Case-Metric"; Value = "2010"; VariantName = "[No Variations]"
Change component parameters (AddParameter): Name = "Maximum working voltage"; Value = "50V"; VariantName = "[No Variations]"
Change component parameters (AddParameter): Name = "PartId"; Value = "1"; VariantName = "[No Variations]"
Change component parameters (AddParameter): Name = "PartNumber"; Value = "EXB-28V390J"; VariantName = "[No Variations]"
Change component parameters (AddParameter): Name = "Technology"; Value = "SMT"; VariantName = "[No Variations]"
Change component parameters (AddParameter): Name = "Temp. Coefficent"; Value = "±200 ppm/°C"; VariantName = "[No Variations]"
Change component parameters (AddParameter): Name = "Tolerance"; Value = "±5%"; VariantName = "[No Variations]"
Change component parameters (AddParameter): Name = "Value"; Value = "39.00"; VariantName = "[No Variations]"
Change component parameters: Designator = "F1"; Footprint = "INDC2012X11L"; UniqueID = "\OCXTZITR\REAQTCAG\OBAUNHIQ"
Change component parameters. Clean all parameters for all variants
Change component parameters (AddParameter): Name = "IDC"; Value = "3.0 A"; VariantName = "[No Variations]"
Change component parameters (AddParameter): Name = "PartNumber"; Value = "74279206"; VariantName = "[No Variations]"
Change component parameters (AddParameter): Name = "RDC"; Value = "25.0 mO"; VariantName = "[No Variations]"
Change component parameters (AddParameter): Name = "Type"; Value = "High Current "; VariantName = "[No Variations]"
Change component parameters (AddParameter): Name = "Z@Freq"; Value = "30.0 O  @  100.0MHz"; VariantName = "[No Variations]"
Change component parameters (AddParameter): Name = "Zmax@Freq"; Value = "55.0 O  @      1.0 GHz"; VariantName = "[No Variations]"
Change component parameters: Designator = "F2"; Footprint = "INDC2012X11L"; UniqueID = "\OCXTZITR\REAQTCAG\JKCZWMMK"
Change component parameters. Clean all parameters for all variants
Change component parameters (AddParameter): Name = "IDC"; Value = "3.0 A"; VariantName = "[No Variations]"
Change component parameters (AddParameter): Name = "PartNumber"; Value = "74279206"; VariantName = "[No Variations]"
Change component parameters (AddParameter): Name = "RDC"; Value = "25.0 mO"; VariantName = "[No Variations]"
Change component parameters (AddParameter): Name = "Type"; Value = "High Current "; VariantName = "[No Variations]"
Change component parameters (AddParameter): Name = "Z@Freq"; Value = "30.0 O  @  100.0MHz"; VariantName = "[No Variations]"
Change component parameters (AddParameter): Name = "Zmax@Freq"; Value = "55.0 O  @      1.0 GHz"; VariantName = "[No Variations]"
Change component parameters: Designator = "F3"; Footprint = "INDC2012X11N"; UniqueID = "\TTUNSDTX"
Change component parameters. Clean all parameters for all variants
Change component parameters (AddParameter): Name = "IDC"; Value = "3.0 A"; VariantName = "[No Variations]"
Change component parameters (AddParameter): Name = "PartNumber"; Value = "74279206"; VariantName = "[No Variations]"
Change component parameters (AddParameter): Name = "RDC"; Value = "25.0 mO"; VariantName = "[No Variations]"
Change component parameters (AddParameter): Name = "Type"; Value = "High Current "; VariantName = "[No Variations]"
Change component parameters (AddParameter): Name = "Z@Freq"; Value = "30.0 O  @  100.0MHz"; VariantName = "[No Variations]"
Change component parameters (AddParameter): Name = "Zmax@Freq"; Value = "55.0 O  @      1.0 GHz"; VariantName = "[No Variations]"
Change component parameters: Designator = "F4"; Footprint = "INDC2012X11N"; UniqueID = "\MPRUFHDM"
Change component parameters. Clean all parameters for all variants
Change component parameters (AddParameter): Name = "IDC"; Value = "3.0 A"; VariantName = "[No Variations]"
Change component parameters (AddParameter): Name = "PartNumber"; Value = "74279206"; VariantName = "[No Variations]"
Change component parameters (AddParameter): Name = "RDC"; Value = "25.0 mO"; VariantName = "[No Variations]"
Change component parameters (AddParameter): Name = "Type"; Value = "High Current "; VariantName = "[No Variations]"
Change component parameters (AddParameter): Name = "Z@Freq"; Value = "30.0 O  @  100.0MHz"; VariantName = "[No Variations]"
Change component parameters (AddParameter): Name = "Zmax@Freq"; Value = "55.0 O  @      1.0 GHz"; VariantName = "[No Variations]"
Change component parameters: Designator = "F5"; Footprint = "INDC2012X11N"; UniqueID = "\HFNXYQCY\SXUOFUCP"
Change component parameters. Clean all parameters for all variants
Change component parameters (AddParameter): Name = "IDC"; Value = "3.0 A"; VariantName = "[No Variations]"
Change component parameters (AddParameter): Name = "PartNumber"; Value = "74279206"; VariantName = "[No Variations]"
Change component parameters (AddParameter): Name = "RDC"; Value = "25.0 mO"; VariantName = "[No Variations]"
Change component parameters (AddParameter): Name = "Type"; Value = "High Current "; VariantName = "[No Variations]"
Change component parameters (AddParameter): Name = "Z@Freq"; Value = "30.0 O  @  100.0MHz"; VariantName = "[No Variations]"
Change component parameters (AddParameter): Name = "Zmax@Freq"; Value = "55.0 O  @      1.0 GHz"; VariantName = "[No Variations]"
Change component parameters: Designator = "F6"; Footprint = "INDC2012X11N"; UniqueID = "\HFNXYQCY\QZTBHPJO"
Change component parameters. Clean all parameters for all variants
Change component parameters (AddParameter): Name = "IDC"; Value = "3.0 A"; VariantName = "[No Variations]"
Change component parameters (AddParameter): Name = "PartNumber"; Value = "74279206"; VariantName = "[No Variations]"
Change component parameters (AddParameter): Name = "RDC"; Value = "25.0 mO"; VariantName = "[No Variations]"
Change component parameters (AddParameter): Name = "Type"; Value = "High Current "; VariantName = "[No Variations]"
Change component parameters (AddParameter): Name = "Z@Freq"; Value = "30.0 O  @  100.0MHz"; VariantName = "[No Variations]"
Change component parameters (AddParameter): Name = "Zmax@Freq"; Value = "55.0 O  @      1.0 GHz"; VariantName = "[No Variations]"
Change component parameters: Designator = "F12"; Footprint = "INDC2012X11L"; UniqueID = "\ZNLHZSSX\TEZEOVEO"
Change component parameters. Clean all parameters for all variants
Change component parameters (AddParameter): Name = "IDC"; Value = "3.0 A"; VariantName = "[No Variations]"
Change component parameters (AddParameter): Name = "PartNumber"; Value = "74279206"; VariantName = "[No Variations]"
Change component parameters (AddParameter): Name = "RDC"; Value = "25.0 mO"; VariantName = "[No Variations]"
Change component parameters (AddParameter): Name = "Type"; Value = "High Current "; VariantName = "[No Variations]"
Change component parameters (AddParameter): Name = "Z@Freq"; Value = "30.0 O  @  100.0MHz"; VariantName = "[No Variations]"
Change component parameters (AddParameter): Name = "Zmax@Freq"; Value = "55.0 O  @      1.0 GHz"; VariantName = "[No Variations]"
Change component parameters: Designator = "F13"; Footprint = "INDC2012X11L"; UniqueID = "\ZNLHZSSX\CYPHMXII"
Change component parameters. Clean all parameters for all variants
Change component parameters (AddParameter): Name = "IDC"; Value = "3.0 A"; VariantName = "[No Variations]"
Change component parameters (AddParameter): Name = "PartNumber"; Value = "74279206"; VariantName = "[No Variations]"
Change component parameters (AddParameter): Name = "RDC"; Value = "25.0 mO"; VariantName = "[No Variations]"
Change component parameters (AddParameter): Name = "Type"; Value = "High Current "; VariantName = "[No Variations]"
Change component parameters (AddParameter): Name = "Z@Freq"; Value = "30.0 O  @  100.0MHz"; VariantName = "[No Variations]"
Change component parameters (AddParameter): Name = "Zmax@Freq"; Value = "55.0 O  @      1.0 GHz"; VariantName = "[No Variations]"
Added Component: Designator=P2PWR(MH5-2_7MM)
Add component. Clean all parameters for all variants
Added Component: Designator=P3PWR(MH5-2_7MM)
Add component. Clean all parameters for all variants
Added Component: Designator=P4PWR(MH5-2_7MM)
Add component. Clean all parameters for all variants
Added Component: Designator=P5PWR(MH5-2_7MM)
Add component. Clean all parameters for all variants
Added Component: Designator=P6PWR(MH5-2_7MM)
Add component. Clean all parameters for all variants
Added Component: Designator=P7PWR(MH5-2_7MM)
Add component. Clean all parameters for all variants
Added Component: Designator=P9PWR(MH5-2_7MM)
Add component. Clean all parameters for all variants
Added Component: Designator=P10PWR(MH5-2_7MM)
Add component. Clean all parameters for all variants
Added Component: Designator=P11PWR(MH5-2_7MM)
Add component. Clean all parameters for all variants
Added Pin To Net: NetName=GND Pin=C5PWR.2-1
Added Pin To Net: NetName=GND Pin=C13.1PWR-1
Added Pin To Net: NetName=GND Pin=C16.1PWR-2
Added Pin To Net: NetName=GND Pin=C26.1PWR-1
Added Pin To Net: NetName=+S_3.8V Pin=F7-1
Added Pin To Net: NetName=+3.8V Pin=F7-3
Added Pin To Net: NetName=+S_3.8V Pin=F8-1
Added Pin To Net: NetName=+3.8V Pin=F8-3
Added Pin To Net: NetName=+2.3V Pin=F9-1
Added Pin To Net: NetName=+3.8V Pin=F9-3
Added Pin To Net: NetName=+1.0V Pin=F10-1
Added Pin To Net: NetName=+3.8V Pin=F10-3
Added Pin To Net: NetName=+S_2.5V Pin=F11-1
Added Pin To Net: NetName=+3.8V Pin=F11-3
Added Pin To Net: NetName=GND Pin=L3.1PWR-2
Added Pin To Net: NetName=GND Pin=R23PWR.1-1
Added Pin To Net: NetName=GND Pin=R23PWR.2-2
Added Pin To Net: NetName=+2.3V Pin=R23PWR.3-1
Added Pin To Net: NetName=GND Pin=R24PWR.1-1
Added Pin To Net: NetName=+2.3V Pin=R24PWR.3-1
Added Pin To Net: NetName=+3.8V Pin=R26PWR.3-1
Added Pin To Net: NetName=+S_3.8V Pin=R26PWR.4-1
Added Pin To Net: NetName=+3.8V Pin=R28PWR.3-2
Added Pin To Net: NetName=+S_3.8V Pin=R28PWR.4-2
Added Pin To Net: NetName=GND Pin=R35PWR.2-2
Added Pin To Net: NetName=-S_1.0V Pin=R47-1
Added Pin To Net: NetName=-S_2.5V Pin=R48-2
Added Pin To Net: NetName=GND Pin=U1.1PWR-3
Added Pin To Net: NetName=SYNC1 Pin=U2PWR-4
Added Pin To Net: NetName=SYNC2 Pin=U2PWR-5
Change Net Name : Old Net Name=+3.8V New Net Name=EXT_GND
Change Net Name : Old Net Name=ADC_INP.1_N New Net Name=ADC_INP.2_N
Change Net Name : Old Net Name=ADC_INP.1_P New Net Name=ADC_INP.2_P
Change Net Name : Old Net Name=ADC_INP.2_N New Net Name=ADC_INP.3_N
Change Net Name : Old Net Name=ADC_INP.2_P New Net Name=ADC_INP.3_P
Change Net Name : Old Net Name=ADC_INP.3_N New Net Name=ADC_INP.4_N
Change Net Name : Old Net Name=ADC_INP.3_P New Net Name=ADC_INP.4_P
Change Net Name : Old Net Name=ADC_INP.4_N New Net Name=ADC_INP.1_N
Change Net Name : Old Net Name=ADC_INP.4_P New Net Name=ADC_INP.1_P
Change Net Name : Old Net Name=ADC_INP.5_N New Net Name=ADC_INP.6_N
Change Net Name : Old Net Name=ADC_INP.5_P New Net Name=ADC_INP.6_P
Change Net Name : Old Net Name=ADC_INP.6_N New Net Name=ADC_INP.7_N
Change Net Name : Old Net Name=ADC_INP.6_P New Net Name=ADC_INP.7_P
Change Net Name : Old Net Name=ADC_INP.7_N New Net Name=ADC_INP.8_N
Change Net Name : Old Net Name=ADC_INP.7_P New Net Name=ADC_INP.8_P
Change Net Name : Old Net Name=ADC_INP.8_N New Net Name=ADC_INP.5_N
Change Net Name : Old Net Name=ADC_INP.8_P New Net Name=ADC_INP.5_P
Change Net Name : Old Net Name=NetC159.1_1 New Net Name=NetC159.2_1
Change Net Name : Old Net Name=NetC159.2_1 New Net Name=NetC159.3_1
Change Net Name : Old Net Name=NetC159.3_1 New Net Name=NetC159.4_1
Change Net Name : Old Net Name=NetC159.4_1 New Net Name=NetC159.1_1
Change Net Name : Old Net Name=NetC159.5_1 New Net Name=NetC159.6_1
Change Net Name : Old Net Name=NetC159.6_1 New Net Name=NetC159.7_1
Change Net Name : Old Net Name=NetC159.7_1 New Net Name=NetC159.8_1
Change Net Name : Old Net Name=NetC159.8_1 New Net Name=NetC159.5_1
Added Pin To Net: NetName=struct1 Pin=P4PWR-MH
Added Net: Name=struct1
Added Pin To Net: NetName=struct2 Pin=P11PWR-MH
Added Net: Name=struct2
Added Pin To Net: NetName=struct3 Pin=P5PWR-MH
Added Net: Name=struct3
Added Pin To Net: NetName=struct4 Pin=P9PWR-MH
Added Net: Name=struct4
Added Pin To Net: NetName=struct5 Pin=P2PWR-MH
Added Net: Name=struct5
Added Pin To Net: NetName=struct6 Pin=P10PWR-MH
Added Net: Name=struct6
Added Pin To Net: NetName=struct7 Pin=P7PWR-MH
Added Net: Name=struct7
Added Pin To Net: NetName=struct8 Pin=P6PWR-MH
Added Net: Name=struct8
Added Pin To Net: NetName=struct9 Pin=P3PWR-MH
Added Net: Name=struct9
Change Class Name : Old Net Name=U_ADC_CURRENT_PUMP1 New Net Name=ADC_CURRENT_PUMP1
Change Class Name : Old Net Name=U_ADC_CURRENT_PUMP2 New Net Name=ADC_CURRENT_PUMP2
Change Class Name : Old Net Name=U_ADC_DECOUPLING1 New Net Name=ADC_DECOUPLING1
Change Class Name : Old Net Name=U_ADC_DECOUPLING2 New Net Name=ADC_DECOUPLING2
Change Class Name : Old Net Name=U_ADC_INPUT_BIAS4 New Net Name=ADC_INPUT_BIAS1
Change Class Name : Old Net Name=U_ADC_INPUT_BIAS5 New Net Name=U_ADC_INPUT_BIAS4
Change Class Name : Old Net Name=U_ADC_INPUT_BIAS6 New Net Name=U_ADC_INPUT_BIAS5
Change Class Name : Old Net Name=U_ADC_INPUT_BIAS7 New Net Name=U_ADC_INPUT_BIAS6
Change Class Name : Old Net Name=U_ADC_INPUT_BIAS8 New Net Name=ADC_INPUT_BIAS2
Change Class Name : Old Net Name=U_ADC_NORTH New Net Name=ADC_NORTH
Change Class Name : Old Net Name=U_ADC_SOUTH New Net Name=ADC_SOUTH
Change Class Name : Old Net Name=U_Clock New Net Name=Clock
Change Class Name : Old Net Name=U_ETH New Net Name=ETH
Change Class Name : Old Net Name=U_FPGA_ADC_N New Net Name=FPGA_ADC_N
Change Class Name : Old Net Name=U_FPGA_CONFIG New Net Name=FPGA_CONFIG
Change Class Name : Old Net Name=U_FPGA_MONITOR New Net Name=FPGA_MONITOR
Change Class Name : Old Net Name=U_FPGA_PWR New Net Name=FPGA_PWR
Change Class Name : Old Net Name=U_FPGA_SPI New Net Name=FPGA_SPI
Change Class Name : Old Net Name=U_Power New Net Name=Power-Filter-LDO
Change Class Name : Old Net Name=U_USB New Net Name=USB
Added Class: Name=Ch_A-B
Added Class: Name=Ch_C-D
Added Class: Name=POWER
Added Class: Name=RemoteSenseAmp_OUT11
Added Class: Name=RemoteSenseAmp_OUT12
Added Class: Name=RemoteSenseAmp_OUT21
Added Class: Name=RemoteSenseAmp_OUT22
Added Class: Name=[2] ADC
Added Class: Name=[3] ADC_INPUT_BIAS
Added Class: Name=[4] ADC_DECOUPLING
Added Class: Name=[5] ADC_CURRENT_PUMP
Added Class: Name=[18] RemoteSenseAmp
Added Member To Class: ClassName=[1] 0020-03_FFT2G - Top Member=Component R18PWR 10K 0805 1% NTC
Added Member To Class: ClassName=Power Member=Wire +1.0V
Added Member To Class: ClassName=Power Member=Wire +2.3V
Added Member To Class: ClassName=Power Member=Wire +S_2.5V
Added Member To Class: ClassName=Power Member=Wire +S_3.8V
Added Member To Class: ClassName=Power Member=Wire NetC2.1PWR_2
Added Member To Class: ClassName=Power Member=Wire NetC2.2PWR_2
Added Member To Class: ClassName=Power Member=Wire UIN-F.1
Added Member To Class: ClassName=Power Member=Wire UIN-F.2
Change Room Name: Old Name=U_ADC_NORTH New Name=Power-Filter-LDO
Change Room Scope: Old Scope=InComponentClass('U_ADC_NORTH') New Scope=InComponentClass('Power-Filter-LDO')
Change Room Name: Old Name=U_ADC_SOUTH New Name=FPGA_PWR
Change Room Scope: Old Scope=InComponentClass('U_ADC_SOUTH') New Scope=InComponentClass('FPGA_PWR')
Change Room Name: Old Name=U_Clock New Name=FPGA_SPI
Change Room Scope: Old Scope=InComponentClass('U_Clock') New Scope=InComponentClass('FPGA_SPI')
Added Room: Name=ADC_CURRENT_PUMP1
Added Room: Name=ADC_CURRENT_PUMP2
Added Room: Name=ADC_DECOUPLING1
Added Room: Name=ADC_DECOUPLING2
Added Room: Name=ADC_INPUT_BIAS1
Added Room: Name=ADC_INPUT_BIAS2
Added Room: Name=ADC_NORTH
Added Room: Name=ADC_SOUTH
Added Room: Name=Clock
Added Room: Name=ETH
Added Room: Name=FPGA_ADC_N
Added Room: Name=FPGA_CONFIG
Added Room: Name=FPGA_MONITOR
Added Room: Name=POWER
Added Room: Name=USB
Added Rule: Name=Schematic Routing Via Style
Added Rule: Name=Schematic Routing Via Style_1
Added Rule: Name=Schematic Routing Via Style_2
Added Rule: Name=Schematic Routing Via Style_3
Added Rule: Name=Schematic Routing Via Style_4
Added Rule: Name=Schematic Routing Via Style_5
Added Rule: Name=Schematic Routing Via Style_6
Added Rule: Name=Schematic Routing Via Style_7
Added Rule: Name=Schematic Routing Via Style_8
