Removed Pin From Net: NetName=NetC52_2 Pin=U6-3
Added Component: Designator=R140(RESC1608L)
Add component (AddParameter): Name = "Case-EIA"; Value = "0603"; VariantName = "[No Variations]"
Add component (AddParameter): Name = "Case-Metric"; Value = "1608"; VariantName = "[No Variations]"
Add component (AddParameter): Name = "Maximum working voltage"; Value = "75V"; VariantName = "[No Variations]"
Add component (AddParameter): Name = "PartNumber"; Value = ""; VariantName = "[No Variations]"
Add component (AddParameter): Name = "Power"; Value = "100mW"; VariantName = "[No Variations]"
Add component (AddParameter): Name = "Technology"; Value = "SMT"; VariantName = "[No Variations]"
Add component (AddParameter): Name = "Temp. Coefficent"; Value = "0.01%"; VariantName = "[No Variations]"
Add component (AddParameter): Name = "Tolerance"; Value = "1%"; VariantName = "[No Variations]"
Add component (AddParameter): Name = "Value"; Value = "1M"; VariantName = "[No Variations]"
Added Component: Designator=R141(RESC1608L)
Add component (AddParameter): Name = "Case-EIA"; Value = "0603"; VariantName = "[No Variations]"
Add component (AddParameter): Name = "Case-Metric"; Value = "1608"; VariantName = "[No Variations]"
Add component (AddParameter): Name = "Maximum working voltage"; Value = "75V"; VariantName = "[No Variations]"
Add component (AddParameter): Name = "PartNumber"; Value = ""; VariantName = "[No Variations]"
Add component (AddParameter): Name = "Power"; Value = "100mW"; VariantName = "[No Variations]"
Add component (AddParameter): Name = "Technology"; Value = "SMT"; VariantName = "[No Variations]"
Add component (AddParameter): Name = "Temp. Coefficent"; Value = "0.01%"; VariantName = "[No Variations]"
Add component (AddParameter): Name = "Tolerance"; Value = "1%"; VariantName = "[No Variations]"
Add component (AddParameter): Name = "Value"; Value = "39"; VariantName = "[No Variations]"
Added Pin To Net: NetName=NetC51_2 Pin=R140-1
Added Pin To Net: NetName=NetC52_2 Pin=R141-1
Added Pin To Net: NetName=NetR140_2 Pin=R140-2
Added Pin To Net: NetName=NetR140_2 Pin=R141-2
Added Pin To Net: NetName=NetR140_2 Pin=U6-3
Added Net: Name=NetR140_2
Added Member To Class: ClassName=USB Member=Component R140 1M0 ±1% 0603
Added Member To Class: ClassName=USB Member=Component R141 39R ±1% 0603
