Change Component DesignItemId : Designator=C33 Old DesignItemId=CMP-0300-000000-1 New DesignItemId=CMP-0300-000000-2
Change Component DesignItemId : Designator=C34 Old DesignItemId=CMP-0300-000000-1 New DesignItemId=CMP-0300-000000-2
Change Component DesignItemId : Designator=C35 Old DesignItemId=CMP-0300-000000-1 New DesignItemId=CMP-0300-000000-2
Change Component DesignItemId : Designator=C158.1 Old DesignItemId=CMP-0300-000000-1 New DesignItemId=CMP-0300-000000-2
Change Component DesignItemId : Designator=C158.2 Old DesignItemId=CMP-0300-000000-1 New DesignItemId=CMP-0300-000000-2
Change Component DesignItemId : Designator=C158.3 Old DesignItemId=CMP-0300-000000-1 New DesignItemId=CMP-0300-000000-2
Change Component DesignItemId : Designator=C158.4 Old DesignItemId=CMP-0300-000000-1 New DesignItemId=CMP-0300-000000-2
Change Component DesignItemId : Designator=C158.5 Old DesignItemId=CMP-0300-000000-1 New DesignItemId=CMP-0300-000000-2
Change Component DesignItemId : Designator=C158.6 Old DesignItemId=CMP-0300-000000-1 New DesignItemId=CMP-0300-000000-2
Change Component DesignItemId : Designator=C158.7 Old DesignItemId=CMP-0300-000000-1 New DesignItemId=CMP-0300-000000-2
Change Component DesignItemId : Designator=C158.8 Old DesignItemId=CMP-0300-000000-1 New DesignItemId=CMP-0300-000000-2
Change Component DesignItemId : Designator=C159.1 Old DesignItemId=CMP-0300-000000-1 New DesignItemId=CMP-0300-000000-2
Change Component DesignItemId : Designator=C159.2 Old DesignItemId=CMP-0300-000000-1 New DesignItemId=CMP-0300-000000-2
Change Component DesignItemId : Designator=C159.3 Old DesignItemId=CMP-0300-000000-1 New DesignItemId=CMP-0300-000000-2
Change Component DesignItemId : Designator=C159.4 Old DesignItemId=CMP-0300-000000-1 New DesignItemId=CMP-0300-000000-2
Change Component DesignItemId : Designator=C159.5 Old DesignItemId=CMP-0300-000000-1 New DesignItemId=CMP-0300-000000-2
Change Component DesignItemId : Designator=C159.6 Old DesignItemId=CMP-0300-000000-1 New DesignItemId=CMP-0300-000000-2
Change Component DesignItemId : Designator=C159.7 Old DesignItemId=CMP-0300-000000-1 New DesignItemId=CMP-0300-000000-2
Change Component DesignItemId : Designator=C159.8 Old DesignItemId=CMP-0300-000000-1 New DesignItemId=CMP-0300-000000-2
Change Component DesignItemId : Designator=C160.1 Old DesignItemId=CMP-0300-000000-1 New DesignItemId=CMP-0300-000000-2
Change Component DesignItemId : Designator=C160.2 Old DesignItemId=CMP-0300-000000-1 New DesignItemId=CMP-0300-000000-2
Change Component DesignItemId : Designator=C160.3 Old DesignItemId=CMP-0300-000000-1 New DesignItemId=CMP-0300-000000-2
Change Component DesignItemId : Designator=C160.4 Old DesignItemId=CMP-0300-000000-1 New DesignItemId=CMP-0300-000000-2
Change Component DesignItemId : Designator=C160.5 Old DesignItemId=CMP-0300-000000-1 New DesignItemId=CMP-0300-000000-2
Change Component DesignItemId : Designator=C160.6 Old DesignItemId=CMP-0300-000000-1 New DesignItemId=CMP-0300-000000-2
Change Component DesignItemId : Designator=C160.7 Old DesignItemId=CMP-0300-000000-1 New DesignItemId=CMP-0300-000000-2
Change Component DesignItemId : Designator=C160.8 Old DesignItemId=CMP-0300-000000-1 New DesignItemId=CMP-0300-000000-2
Change Component Footprint: Designator=C33 Old Footprint=CAPC1005X06L New Footprint=CAPC1005X06L
Change Component Footprint: Designator=C34 Old Footprint=CAPC1005X06L New Footprint=CAPC1005X06L
Change Component Footprint: Designator=C35 Old Footprint=CAPC1005X06L New Footprint=CAPC1005X06L
Change Component Footprint: Designator=C158.1 Old Footprint=CAPC1005X06L New Footprint=CAPC1005X06L
Change Component Footprint: Designator=C158.2 Old Footprint=CAPC1005X06L New Footprint=CAPC1005X06L
Change Component Footprint: Designator=C158.3 Old Footprint=CAPC1005X06L New Footprint=CAPC1005X06L
Change Component Footprint: Designator=C158.4 Old Footprint=CAPC1005X06L New Footprint=CAPC1005X06L
Change Component Footprint: Designator=C158.5 Old Footprint=CAPC1005X06L New Footprint=CAPC1005X06L
Change Component Footprint: Designator=C158.6 Old Footprint=CAPC1005X06L New Footprint=CAPC1005X06L
Change Component Footprint: Designator=C158.7 Old Footprint=CAPC1005X06L New Footprint=CAPC1005X06L
Change Component Footprint: Designator=C158.8 Old Footprint=CAPC1005X06L New Footprint=CAPC1005X06L
Change Component Footprint: Designator=C159.1 Old Footprint=CAPC1005X06L New Footprint=CAPC1005X06L
Change Component Footprint: Designator=C159.2 Old Footprint=CAPC1005X06L New Footprint=CAPC1005X06L
Change Component Footprint: Designator=C159.3 Old Footprint=CAPC1005X06L New Footprint=CAPC1005X06L
Change Component Footprint: Designator=C159.4 Old Footprint=CAPC1005X06L New Footprint=CAPC1005X06L
Change Component Footprint: Designator=C159.5 Old Footprint=CAPC1005X06L New Footprint=CAPC1005X06L
Change Component Footprint: Designator=C159.6 Old Footprint=CAPC1005X06L New Footprint=CAPC1005X06L
Change Component Footprint: Designator=C159.7 Old Footprint=CAPC1005X06L New Footprint=CAPC1005X06L
Change Component Footprint: Designator=C159.8 Old Footprint=CAPC1005X06L New Footprint=CAPC1005X06L
Change Component Footprint: Designator=C160.1 Old Footprint=CAPC1005X06L New Footprint=CAPC1005X06L
Change Component Footprint: Designator=C160.2 Old Footprint=CAPC1005X06L New Footprint=CAPC1005X06L
Change Component Footprint: Designator=C160.3 Old Footprint=CAPC1005X06L New Footprint=CAPC1005X06L
Change Component Footprint: Designator=C160.4 Old Footprint=CAPC1005X06L New Footprint=CAPC1005X06L
Change Component Footprint: Designator=C160.5 Old Footprint=CAPC1005X06L New Footprint=CAPC1005X06L
Change Component Footprint: Designator=C160.6 Old Footprint=CAPC1005X06L New Footprint=CAPC1005X06L
Change Component Footprint: Designator=C160.7 Old Footprint=CAPC1005X06L New Footprint=CAPC1005X06L
Change Component Footprint: Designator=C160.8 Old Footprint=CAPC1005X06L New Footprint=CAPC1005X06L
Change Managed Component Library Link : Designator=C33 Old VaultGUID=2440EB7F-8868-40CF-AF20-FF1830FBDC4B New VaultGUID=2440EB7F-8868-40CF-AF20-FF1830FBDC4B Old ItemGUID=B2402A18-49A8-4159-96BF-8ED35D36C93E New ItemGUID=B2402A18-49A8-4159-96BF-8ED35D36C93E Old RevisionGUID=01FEA831-912D-4ED7-9ACC-239832D933C6 New RevisionGUID=48a6701d-ca13-4bb8-b001-48945a09a0fa
Change Managed Component Library Link : Designator=C34 Old VaultGUID=2440EB7F-8868-40CF-AF20-FF1830FBDC4B New VaultGUID=2440EB7F-8868-40CF-AF20-FF1830FBDC4B Old ItemGUID=B2402A18-49A8-4159-96BF-8ED35D36C93E New ItemGUID=B2402A18-49A8-4159-96BF-8ED35D36C93E Old RevisionGUID=01FEA831-912D-4ED7-9ACC-239832D933C6 New RevisionGUID=48a6701d-ca13-4bb8-b001-48945a09a0fa
Change Managed Component Library Link : Designator=C35 Old VaultGUID=2440EB7F-8868-40CF-AF20-FF1830FBDC4B New VaultGUID=2440EB7F-8868-40CF-AF20-FF1830FBDC4B Old ItemGUID=B2402A18-49A8-4159-96BF-8ED35D36C93E New ItemGUID=B2402A18-49A8-4159-96BF-8ED35D36C93E Old RevisionGUID=01FEA831-912D-4ED7-9ACC-239832D933C6 New RevisionGUID=48a6701d-ca13-4bb8-b001-48945a09a0fa
Change Managed Component Library Link : Designator=C158.1 Old VaultGUID=2440EB7F-8868-40CF-AF20-FF1830FBDC4B New VaultGUID=2440EB7F-8868-40CF-AF20-FF1830FBDC4B Old ItemGUID=B2402A18-49A8-4159-96BF-8ED35D36C93E New ItemGUID=B2402A18-49A8-4159-96BF-8ED35D36C93E Old RevisionGUID=01FEA831-912D-4ED7-9ACC-239832D933C6 New RevisionGUID=48a6701d-ca13-4bb8-b001-48945a09a0fa
Change Managed Component Library Link : Designator=C158.2 Old VaultGUID=2440EB7F-8868-40CF-AF20-FF1830FBDC4B New VaultGUID=2440EB7F-8868-40CF-AF20-FF1830FBDC4B Old ItemGUID=B2402A18-49A8-4159-96BF-8ED35D36C93E New ItemGUID=B2402A18-49A8-4159-96BF-8ED35D36C93E Old RevisionGUID=01FEA831-912D-4ED7-9ACC-239832D933C6 New RevisionGUID=48a6701d-ca13-4bb8-b001-48945a09a0fa
Change Managed Component Library Link : Designator=C158.3 Old VaultGUID=2440EB7F-8868-40CF-AF20-FF1830FBDC4B New VaultGUID=2440EB7F-8868-40CF-AF20-FF1830FBDC4B Old ItemGUID=B2402A18-49A8-4159-96BF-8ED35D36C93E New ItemGUID=B2402A18-49A8-4159-96BF-8ED35D36C93E Old RevisionGUID=01FEA831-912D-4ED7-9ACC-239832D933C6 New RevisionGUID=48a6701d-ca13-4bb8-b001-48945a09a0fa
Change Managed Component Library Link : Designator=C158.4 Old VaultGUID=2440EB7F-8868-40CF-AF20-FF1830FBDC4B New VaultGUID=2440EB7F-8868-40CF-AF20-FF1830FBDC4B Old ItemGUID=B2402A18-49A8-4159-96BF-8ED35D36C93E New ItemGUID=B2402A18-49A8-4159-96BF-8ED35D36C93E Old RevisionGUID=01FEA831-912D-4ED7-9ACC-239832D933C6 New RevisionGUID=48a6701d-ca13-4bb8-b001-48945a09a0fa
Change Managed Component Library Link : Designator=C158.5 Old VaultGUID=2440EB7F-8868-40CF-AF20-FF1830FBDC4B New VaultGUID=2440EB7F-8868-40CF-AF20-FF1830FBDC4B Old ItemGUID=B2402A18-49A8-4159-96BF-8ED35D36C93E New ItemGUID=B2402A18-49A8-4159-96BF-8ED35D36C93E Old RevisionGUID=01FEA831-912D-4ED7-9ACC-239832D933C6 New RevisionGUID=48a6701d-ca13-4bb8-b001-48945a09a0fa
Change Managed Component Library Link : Designator=C158.6 Old VaultGUID=2440EB7F-8868-40CF-AF20-FF1830FBDC4B New VaultGUID=2440EB7F-8868-40CF-AF20-FF1830FBDC4B Old ItemGUID=B2402A18-49A8-4159-96BF-8ED35D36C93E New ItemGUID=B2402A18-49A8-4159-96BF-8ED35D36C93E Old RevisionGUID=01FEA831-912D-4ED7-9ACC-239832D933C6 New RevisionGUID=48a6701d-ca13-4bb8-b001-48945a09a0fa
Change Managed Component Library Link : Designator=C158.7 Old VaultGUID=2440EB7F-8868-40CF-AF20-FF1830FBDC4B New VaultGUID=2440EB7F-8868-40CF-AF20-FF1830FBDC4B Old ItemGUID=B2402A18-49A8-4159-96BF-8ED35D36C93E New ItemGUID=B2402A18-49A8-4159-96BF-8ED35D36C93E Old RevisionGUID=01FEA831-912D-4ED7-9ACC-239832D933C6 New RevisionGUID=48a6701d-ca13-4bb8-b001-48945a09a0fa
Change Managed Component Library Link : Designator=C158.8 Old VaultGUID=2440EB7F-8868-40CF-AF20-FF1830FBDC4B New VaultGUID=2440EB7F-8868-40CF-AF20-FF1830FBDC4B Old ItemGUID=B2402A18-49A8-4159-96BF-8ED35D36C93E New ItemGUID=B2402A18-49A8-4159-96BF-8ED35D36C93E Old RevisionGUID=01FEA831-912D-4ED7-9ACC-239832D933C6 New RevisionGUID=48a6701d-ca13-4bb8-b001-48945a09a0fa
Change Managed Component Library Link : Designator=C159.1 Old VaultGUID=2440EB7F-8868-40CF-AF20-FF1830FBDC4B New VaultGUID=2440EB7F-8868-40CF-AF20-FF1830FBDC4B Old ItemGUID=B2402A18-49A8-4159-96BF-8ED35D36C93E New ItemGUID=B2402A18-49A8-4159-96BF-8ED35D36C93E Old RevisionGUID=01FEA831-912D-4ED7-9ACC-239832D933C6 New RevisionGUID=48a6701d-ca13-4bb8-b001-48945a09a0fa
Change Managed Component Library Link : Designator=C159.2 Old VaultGUID=2440EB7F-8868-40CF-AF20-FF1830FBDC4B New VaultGUID=2440EB7F-8868-40CF-AF20-FF1830FBDC4B Old ItemGUID=B2402A18-49A8-4159-96BF-8ED35D36C93E New ItemGUID=B2402A18-49A8-4159-96BF-8ED35D36C93E Old RevisionGUID=01FEA831-912D-4ED7-9ACC-239832D933C6 New RevisionGUID=48a6701d-ca13-4bb8-b001-48945a09a0fa
Change Managed Component Library Link : Designator=C159.3 Old VaultGUID=2440EB7F-8868-40CF-AF20-FF1830FBDC4B New VaultGUID=2440EB7F-8868-40CF-AF20-FF1830FBDC4B Old ItemGUID=B2402A18-49A8-4159-96BF-8ED35D36C93E New ItemGUID=B2402A18-49A8-4159-96BF-8ED35D36C93E Old RevisionGUID=01FEA831-912D-4ED7-9ACC-239832D933C6 New RevisionGUID=48a6701d-ca13-4bb8-b001-48945a09a0fa
Change Managed Component Library Link : Designator=C159.4 Old VaultGUID=2440EB7F-8868-40CF-AF20-FF1830FBDC4B New VaultGUID=2440EB7F-8868-40CF-AF20-FF1830FBDC4B Old ItemGUID=B2402A18-49A8-4159-96BF-8ED35D36C93E New ItemGUID=B2402A18-49A8-4159-96BF-8ED35D36C93E Old RevisionGUID=01FEA831-912D-4ED7-9ACC-239832D933C6 New RevisionGUID=48a6701d-ca13-4bb8-b001-48945a09a0fa
Change Managed Component Library Link : Designator=C159.5 Old VaultGUID=2440EB7F-8868-40CF-AF20-FF1830FBDC4B New VaultGUID=2440EB7F-8868-40CF-AF20-FF1830FBDC4B Old ItemGUID=B2402A18-49A8-4159-96BF-8ED35D36C93E New ItemGUID=B2402A18-49A8-4159-96BF-8ED35D36C93E Old RevisionGUID=01FEA831-912D-4ED7-9ACC-239832D933C6 New RevisionGUID=48a6701d-ca13-4bb8-b001-48945a09a0fa
Change Managed Component Library Link : Designator=C159.6 Old VaultGUID=2440EB7F-8868-40CF-AF20-FF1830FBDC4B New VaultGUID=2440EB7F-8868-40CF-AF20-FF1830FBDC4B Old ItemGUID=B2402A18-49A8-4159-96BF-8ED35D36C93E New ItemGUID=B2402A18-49A8-4159-96BF-8ED35D36C93E Old RevisionGUID=01FEA831-912D-4ED7-9ACC-239832D933C6 New RevisionGUID=48a6701d-ca13-4bb8-b001-48945a09a0fa
Change Managed Component Library Link : Designator=C159.7 Old VaultGUID=2440EB7F-8868-40CF-AF20-FF1830FBDC4B New VaultGUID=2440EB7F-8868-40CF-AF20-FF1830FBDC4B Old ItemGUID=B2402A18-49A8-4159-96BF-8ED35D36C93E New ItemGUID=B2402A18-49A8-4159-96BF-8ED35D36C93E Old RevisionGUID=01FEA831-912D-4ED7-9ACC-239832D933C6 New RevisionGUID=48a6701d-ca13-4bb8-b001-48945a09a0fa
Change Managed Component Library Link : Designator=C159.8 Old VaultGUID=2440EB7F-8868-40CF-AF20-FF1830FBDC4B New VaultGUID=2440EB7F-8868-40CF-AF20-FF1830FBDC4B Old ItemGUID=B2402A18-49A8-4159-96BF-8ED35D36C93E New ItemGUID=B2402A18-49A8-4159-96BF-8ED35D36C93E Old RevisionGUID=01FEA831-912D-4ED7-9ACC-239832D933C6 New RevisionGUID=48a6701d-ca13-4bb8-b001-48945a09a0fa
Change Managed Component Library Link : Designator=C160.1 Old VaultGUID=2440EB7F-8868-40CF-AF20-FF1830FBDC4B New VaultGUID=2440EB7F-8868-40CF-AF20-FF1830FBDC4B Old ItemGUID=B2402A18-49A8-4159-96BF-8ED35D36C93E New ItemGUID=B2402A18-49A8-4159-96BF-8ED35D36C93E Old RevisionGUID=01FEA831-912D-4ED7-9ACC-239832D933C6 New RevisionGUID=48a6701d-ca13-4bb8-b001-48945a09a0fa
Change Managed Component Library Link : Designator=C160.2 Old VaultGUID=2440EB7F-8868-40CF-AF20-FF1830FBDC4B New VaultGUID=2440EB7F-8868-40CF-AF20-FF1830FBDC4B Old ItemGUID=B2402A18-49A8-4159-96BF-8ED35D36C93E New ItemGUID=B2402A18-49A8-4159-96BF-8ED35D36C93E Old RevisionGUID=01FEA831-912D-4ED7-9ACC-239832D933C6 New RevisionGUID=48a6701d-ca13-4bb8-b001-48945a09a0fa
Change Managed Component Library Link : Designator=C160.3 Old VaultGUID=2440EB7F-8868-40CF-AF20-FF1830FBDC4B New VaultGUID=2440EB7F-8868-40CF-AF20-FF1830FBDC4B Old ItemGUID=B2402A18-49A8-4159-96BF-8ED35D36C93E New ItemGUID=B2402A18-49A8-4159-96BF-8ED35D36C93E Old RevisionGUID=01FEA831-912D-4ED7-9ACC-239832D933C6 New RevisionGUID=48a6701d-ca13-4bb8-b001-48945a09a0fa
Change Managed Component Library Link : Designator=C160.4 Old VaultGUID=2440EB7F-8868-40CF-AF20-FF1830FBDC4B New VaultGUID=2440EB7F-8868-40CF-AF20-FF1830FBDC4B Old ItemGUID=B2402A18-49A8-4159-96BF-8ED35D36C93E New ItemGUID=B2402A18-49A8-4159-96BF-8ED35D36C93E Old RevisionGUID=01FEA831-912D-4ED7-9ACC-239832D933C6 New RevisionGUID=48a6701d-ca13-4bb8-b001-48945a09a0fa
Change Managed Component Library Link : Designator=C160.5 Old VaultGUID=2440EB7F-8868-40CF-AF20-FF1830FBDC4B New VaultGUID=2440EB7F-8868-40CF-AF20-FF1830FBDC4B Old ItemGUID=B2402A18-49A8-4159-96BF-8ED35D36C93E New ItemGUID=B2402A18-49A8-4159-96BF-8ED35D36C93E Old RevisionGUID=01FEA831-912D-4ED7-9ACC-239832D933C6 New RevisionGUID=48a6701d-ca13-4bb8-b001-48945a09a0fa
Change Managed Component Library Link : Designator=C160.6 Old VaultGUID=2440EB7F-8868-40CF-AF20-FF1830FBDC4B New VaultGUID=2440EB7F-8868-40CF-AF20-FF1830FBDC4B Old ItemGUID=B2402A18-49A8-4159-96BF-8ED35D36C93E New ItemGUID=B2402A18-49A8-4159-96BF-8ED35D36C93E Old RevisionGUID=01FEA831-912D-4ED7-9ACC-239832D933C6 New RevisionGUID=48a6701d-ca13-4bb8-b001-48945a09a0fa
Change Managed Component Library Link : Designator=C160.7 Old VaultGUID=2440EB7F-8868-40CF-AF20-FF1830FBDC4B New VaultGUID=2440EB7F-8868-40CF-AF20-FF1830FBDC4B Old ItemGUID=B2402A18-49A8-4159-96BF-8ED35D36C93E New ItemGUID=B2402A18-49A8-4159-96BF-8ED35D36C93E Old RevisionGUID=01FEA831-912D-4ED7-9ACC-239832D933C6 New RevisionGUID=48a6701d-ca13-4bb8-b001-48945a09a0fa
Change Managed Component Library Link : Designator=C160.8 Old VaultGUID=2440EB7F-8868-40CF-AF20-FF1830FBDC4B New VaultGUID=2440EB7F-8868-40CF-AF20-FF1830FBDC4B Old ItemGUID=B2402A18-49A8-4159-96BF-8ED35D36C93E New ItemGUID=B2402A18-49A8-4159-96BF-8ED35D36C93E Old RevisionGUID=01FEA831-912D-4ED7-9ACC-239832D933C6 New RevisionGUID=48a6701d-ca13-4bb8-b001-48945a09a0fa
