Change Component Designator: OldDesignator=C?.1 NewDesignator=C186.1
Change Component Designator: OldDesignator=C?.1 NewDesignator=C187.1
Change Component Designator: OldDesignator=C?.1 NewDesignator=C188.1
Change Component Designator: OldDesignator=C?.1 NewDesignator=C189.1
Change Component Designator: OldDesignator=C?.1 NewDesignator=C190.1
Change Component Designator: OldDesignator=C?.1 NewDesignator=C191.1
Change Component Designator: OldDesignator=C?.1 NewDesignator=C192.1
Change Component Designator: OldDesignator=C?.1 NewDesignator=C193.1
Change Component Designator: OldDesignator=C?.1 NewDesignator=C194.1
Change Component Designator: OldDesignator=C?.1 NewDesignator=C195.1
Change Component Designator: OldDesignator=C?.1 NewDesignator=C196.1
Change Component Designator: OldDesignator=C?.1 NewDesignator=C197.1
Change Component Designator: OldDesignator=C?.1 NewDesignator=C198.1
Change Component Designator: OldDesignator=C?.1 NewDesignator=C199.1
Change Component Designator: OldDesignator=C?.1 NewDesignator=C200.1
Change Component Designator: OldDesignator=C?.1 NewDesignator=C201.1
Change Component Designator: OldDesignator=C?.2 NewDesignator=C186.2
Change Component Designator: OldDesignator=C?.2 NewDesignator=C187.2
Change Component Designator: OldDesignator=C?.2 NewDesignator=C188.2
Change Component Designator: OldDesignator=C?.2 NewDesignator=C189.2
Change Component Designator: OldDesignator=C?.2 NewDesignator=C190.2
Change Component Designator: OldDesignator=C?.2 NewDesignator=C191.2
Change Component Designator: OldDesignator=C?.2 NewDesignator=C192.2
Change Component Designator: OldDesignator=C?.2 NewDesignator=C193.2
Change Component Designator: OldDesignator=C?.2 NewDesignator=C194.2
Change Component Designator: OldDesignator=C?.2 NewDesignator=C195.2
Change Component Designator: OldDesignator=C?.2 NewDesignator=C196.2
Change Component Designator: OldDesignator=C?.2 NewDesignator=C197.2
Change Component Designator: OldDesignator=C?.2 NewDesignator=C198.2
Change Component Designator: OldDesignator=C?.2 NewDesignator=C199.2
Change Component Designator: OldDesignator=C?.2 NewDesignator=C200.2
Change Component Designator: OldDesignator=C?.2 NewDesignator=C201.2
Change Component Designator: OldDesignator=C?.3 NewDesignator=C186.3
Change Component Designator: OldDesignator=C?.3 NewDesignator=C187.3
Change Component Designator: OldDesignator=C?.3 NewDesignator=C188.3
Change Component Designator: OldDesignator=C?.3 NewDesignator=C189.3
Change Component Designator: OldDesignator=C?.3 NewDesignator=C190.3
Change Component Designator: OldDesignator=C?.3 NewDesignator=C191.3
Change Component Designator: OldDesignator=C?.3 NewDesignator=C192.3
Change Component Designator: OldDesignator=C?.3 NewDesignator=C193.3
Change Component Designator: OldDesignator=C?.3 NewDesignator=C194.3
Change Component Designator: OldDesignator=C?.3 NewDesignator=C195.3
Change Component Designator: OldDesignator=C?.3 NewDesignator=C196.3
Change Component Designator: OldDesignator=C?.3 NewDesignator=C197.3
Change Component Designator: OldDesignator=C?.3 NewDesignator=C198.3
Change Component Designator: OldDesignator=C?.3 NewDesignator=C199.3
Change Component Designator: OldDesignator=C?.3 NewDesignator=C200.3
Change Component Designator: OldDesignator=C?.3 NewDesignator=C201.3
Change Component Designator: OldDesignator=C?.4 NewDesignator=C186.4
Change Component Designator: OldDesignator=C?.4 NewDesignator=C187.4
Change Component Designator: OldDesignator=C?.4 NewDesignator=C188.4
Change Component Designator: OldDesignator=C?.4 NewDesignator=C189.4
Change Component Designator: OldDesignator=C?.4 NewDesignator=C190.4
Change Component Designator: OldDesignator=C?.4 NewDesignator=C191.4
Change Component Designator: OldDesignator=C?.4 NewDesignator=C192.4
Change Component Designator: OldDesignator=C?.4 NewDesignator=C193.4
Change Component Designator: OldDesignator=C?.4 NewDesignator=C194.4
Change Component Designator: OldDesignator=C?.4 NewDesignator=C195.4
Change Component Designator: OldDesignator=C?.4 NewDesignator=C196.4
Change Component Designator: OldDesignator=C?.4 NewDesignator=C197.4
Change Component Designator: OldDesignator=C?.4 NewDesignator=C198.4
Change Component Designator: OldDesignator=C?.4 NewDesignator=C199.4
Change Component Designator: OldDesignator=C?.4 NewDesignator=C200.4
Change Component Designator: OldDesignator=C?.4 NewDesignator=C201.4
Change Component Designator: OldDesignator=F? NewDesignator=F7
Change Component Designator: OldDesignator=F? NewDesignator=F8
Change Component Designator: OldDesignator=F? NewDesignator=F9
Change Component Designator: OldDesignator=J?.1 NewDesignator=J12.1
Change Component Designator: OldDesignator=J?.1 NewDesignator=J13.1
Change Component Designator: OldDesignator=J?.1 NewDesignator=J14.1
Change Component Designator: OldDesignator=J?.1 NewDesignator=J16.1
Change Component Designator: OldDesignator=J?.1 NewDesignator=J20.1
Change Component Designator: OldDesignator=J?.1 NewDesignator=J21.1
Change Component Designator: OldDesignator=J?.2 NewDesignator=J12.2
Change Component Designator: OldDesignator=J?.2 NewDesignator=J13.2
Change Component Designator: OldDesignator=J?.2 NewDesignator=J14.2
Change Component Designator: OldDesignator=J?.2 NewDesignator=J16.2
Change Component Designator: OldDesignator=J?.2 NewDesignator=J20.2
Change Component Designator: OldDesignator=J?.2 NewDesignator=J21.2
Change Component Designator: OldDesignator=J?.3 NewDesignator=J12.3
Change Component Designator: OldDesignator=J?.3 NewDesignator=J13.3
Change Component Designator: OldDesignator=J?.3 NewDesignator=J14.3
Change Component Designator: OldDesignator=J?.3 NewDesignator=J16.3
Change Component Designator: OldDesignator=J?.3 NewDesignator=J20.3
Change Component Designator: OldDesignator=J?.3 NewDesignator=J21.3
Change Component Designator: OldDesignator=J?.4 NewDesignator=J12.4
Change Component Designator: OldDesignator=J?.4 NewDesignator=J13.4
Change Component Designator: OldDesignator=J?.4 NewDesignator=J14.4
Change Component Designator: OldDesignator=J?.4 NewDesignator=J16.4
Change Component Designator: OldDesignator=J?.4 NewDesignator=J20.4
Change Component Designator: OldDesignator=J?.4 NewDesignator=J21.4
Change Component Designator: OldDesignator=L?.1 NewDesignator=L1.1
Change Component Designator: OldDesignator=L?.2 NewDesignator=L1.2
Change Component Designator: OldDesignator=L?.3 NewDesignator=L1.3
Change Component Designator: OldDesignator=L?.4 NewDesignator=L1.4
Change Component Designator: OldDesignator=R?.1 NewDesignator=R47.1
Change Component Designator: OldDesignator=R?.1 NewDesignator=R48.1
Change Component Designator: OldDesignator=R?.1 NewDesignator=R130.1
Change Component Designator: OldDesignator=R?.1 NewDesignator=R131.1
Change Component Designator: OldDesignator=R?.1 NewDesignator=R132.1
Change Component Designator: OldDesignator=R?.2 NewDesignator=R47.2
Change Component Designator: OldDesignator=R?.2 NewDesignator=R48.2
Change Component Designator: OldDesignator=R?.2 NewDesignator=R130.2
Change Component Designator: OldDesignator=R?.2 NewDesignator=R131.2
Change Component Designator: OldDesignator=R?.2 NewDesignator=R132.2
Change Component Designator: OldDesignator=R?.3 NewDesignator=R47.3
Change Component Designator: OldDesignator=R?.3 NewDesignator=R48.3
Change Component Designator: OldDesignator=R?.3 NewDesignator=R130.3
Change Component Designator: OldDesignator=R?.3 NewDesignator=R131.3
Change Component Designator: OldDesignator=R?.3 NewDesignator=R132.3
Change Component Designator: OldDesignator=R?.4 NewDesignator=R47.4
Change Component Designator: OldDesignator=R?.4 NewDesignator=R48.4
Change Component Designator: OldDesignator=R?.4 NewDesignator=R130.4
Change Component Designator: OldDesignator=R?.4 NewDesignator=R131.4
Change Component Designator: OldDesignator=R?.4 NewDesignator=R132.4
Change Component Designator: OldDesignator=TP? NewDesignator=TP14
Change Component Designator: OldDesignator=TP? NewDesignator=TP15
Change Component Designator: OldDesignator=U?.1 NewDesignator=U30.1
Change Component Designator: OldDesignator=U?.2 NewDesignator=U30.2
Change Component Designator: OldDesignator=U?.3 NewDesignator=U30.3
Change Component Designator: OldDesignator=U?.4 NewDesignator=U30.4
Change Net Name : Old Net Name=NetC?.1_1 New Net Name=NetC199.1_1
Change Net Name : Old Net Name=NetC?.2_1 New Net Name=NetC200.2_1
Change Net Name : Old Net Name=NetC?.3_1 New Net Name=NetC200.3_1
Change Net Name : Old Net Name=NetC?.4_1 New Net Name=NetC187.4_1
Change Net Name : Old Net Name=NetJ?.1_1 New Net Name=NetJ13.1_1
Change Net Name : Old Net Name=NetJ?.2_1 New Net Name=NetJ21.2_1
Change Net Name : Old Net Name=NetJ?.3_1 New Net Name=NetJ16.3_1
Change Net Name : Old Net Name=NetJ?.4_1 New Net Name=NetJ14.4_1
Change Net Name : Old Net Name=NetR?.1_2 New Net Name=NetR47.1_2
Change Net Name : Old Net Name=NetR?.2_2 New Net Name=NetR47.2_2
Change Net Name : Old Net Name=NetR?.3_2 New Net Name=NetR47.3_2
Change Net Name : Old Net Name=NetR?.4_2 New Net Name=NetR47.4_2
Change Net Name : Old Net Name=NetU?.1_B5 New Net Name=NetU30.1_B5
Change Net Name : Old Net Name=NetU?.1_D2 New Net Name=NetU30.1_D2
Change Net Name : Old Net Name=NetU?.2_B5 New Net Name=NetU30.2_B5
Change Net Name : Old Net Name=NetU?.2_D2 New Net Name=NetU30.2_D2
Change Net Name : Old Net Name=NetU?.3_B5 New Net Name=NetU30.3_B5
Change Net Name : Old Net Name=NetU?.3_D2 New Net Name=NetU30.3_D2
Change Net Name : Old Net Name=NetU?.4_B5 New Net Name=NetU30.4_B5
Change Net Name : Old Net Name=NetU?.4_D2 New Net Name=NetU30.4_D2
Change Net Name : Old Net Name=NetU?.4_F2 New Net Name=NetU30.4_F2
Added Pin To Net: NetName=NetC187.1_1 Pin=C187.1-1
Added Pin To Net: NetName=NetC187.1_1 Pin=C188.1-1
Added Pin To Net: NetName=NetC187.1_1 Pin=C189.1-1
Added Pin To Net: NetName=NetC187.1_1 Pin=C190.1-1
Added Pin To Net: NetName=NetC187.1_1 Pin=C191.1-1
Added Pin To Net: NetName=NetC187.1_1 Pin=C192.1-1
Added Pin To Net: NetName=NetC187.1_1 Pin=C193.1-1
Added Pin To Net: NetName=NetC187.1_1 Pin=C197.1-1
Added Pin To Net: NetName=NetC187.1_1 Pin=L1.1-1
Added Pin To Net: NetName=NetC187.1_1 Pin=U30.1-A1
Added Pin To Net: NetName=NetC187.1_1 Pin=U30.1-A2
Added Pin To Net: NetName=NetC187.1_1 Pin=U30.1-A3
Added Pin To Net: NetName=NetC187.1_1 Pin=U30.1-A4
Added Pin To Net: NetName=NetC187.1_1 Pin=U30.1-A5
Added Pin To Net: NetName=NetC187.1_1 Pin=U30.1-B1
Added Pin To Net: NetName=NetC187.1_1 Pin=U30.1-F3
Added Pin To Net: NetName=NetC187.1_1 Pin=U30.1-G1
Added Pin To Net: NetName=NetC187.1_1 Pin=U30.1-G2
Added Pin To Net: NetName=NetC187.1_1 Pin=U30.1-G3
Added Net: Name=NetC187.1_1
Added Pin To Net: NetName=NetC187.2_1 Pin=C187.2-1
Added Pin To Net: NetName=NetC187.2_1 Pin=C188.2-1
Added Pin To Net: NetName=NetC187.2_1 Pin=C189.2-1
Added Pin To Net: NetName=NetC187.2_1 Pin=C190.2-1
Added Pin To Net: NetName=NetC187.2_1 Pin=C191.2-1
Added Pin To Net: NetName=NetC187.2_1 Pin=C192.2-1
Added Pin To Net: NetName=NetC187.2_1 Pin=C193.2-1
Added Pin To Net: NetName=NetC187.2_1 Pin=C197.2-1
Added Pin To Net: NetName=NetC187.2_1 Pin=L1.2-1
Added Pin To Net: NetName=NetC187.2_1 Pin=U30.2-A1
Added Pin To Net: NetName=NetC187.2_1 Pin=U30.2-A2
Added Pin To Net: NetName=NetC187.2_1 Pin=U30.2-A3
Added Pin To Net: NetName=NetC187.2_1 Pin=U30.2-A4
Added Pin To Net: NetName=NetC187.2_1 Pin=U30.2-A5
Added Pin To Net: NetName=NetC187.2_1 Pin=U30.2-B1
Added Pin To Net: NetName=NetC187.2_1 Pin=U30.2-F3
Added Pin To Net: NetName=NetC187.2_1 Pin=U30.2-G1
Added Pin To Net: NetName=NetC187.2_1 Pin=U30.2-G2
Added Pin To Net: NetName=NetC187.2_1 Pin=U30.2-G3
Added Net: Name=NetC187.2_1
Added Pin To Net: NetName=NetC187.3_1 Pin=C187.3-1
Added Pin To Net: NetName=NetC187.3_1 Pin=C188.3-1
Added Pin To Net: NetName=NetC187.3_1 Pin=C189.3-1
Added Pin To Net: NetName=NetC187.3_1 Pin=C190.3-1
Added Pin To Net: NetName=NetC187.3_1 Pin=C191.3-1
Added Pin To Net: NetName=NetC187.3_1 Pin=C192.3-1
Added Pin To Net: NetName=NetC187.3_1 Pin=C193.3-1
Added Pin To Net: NetName=NetC187.3_1 Pin=C197.3-1
Added Pin To Net: NetName=NetC187.3_1 Pin=L1.3-1
Added Pin To Net: NetName=NetC187.3_1 Pin=U30.3-A1
Added Pin To Net: NetName=NetC187.3_1 Pin=U30.3-A2
Added Pin To Net: NetName=NetC187.3_1 Pin=U30.3-A3
Added Pin To Net: NetName=NetC187.3_1 Pin=U30.3-A4
Added Pin To Net: NetName=NetC187.3_1 Pin=U30.3-A5
Added Pin To Net: NetName=NetC187.3_1 Pin=U30.3-B1
Added Pin To Net: NetName=NetC187.3_1 Pin=U30.3-F3
Added Pin To Net: NetName=NetC187.3_1 Pin=U30.3-G1
Added Pin To Net: NetName=NetC187.3_1 Pin=U30.3-G2
Added Pin To Net: NetName=NetC187.3_1 Pin=U30.3-G3
Added Net: Name=NetC187.3_1
Added Pin To Net: NetName=NetC197.1_2 Pin=C197.1-2
Added Pin To Net: NetName=NetC197.1_2 Pin=C198.1-1
Added Pin To Net: NetName=NetC197.1_2 Pin=R48.1-2
Added Pin To Net: NetName=NetC197.1_2 Pin=U30.1-C1
Added Net: Name=NetC197.1_2
Added Pin To Net: NetName=NetC197.2_2 Pin=C197.2-2
Added Pin To Net: NetName=NetC197.2_2 Pin=C198.2-1
Added Pin To Net: NetName=NetC197.2_2 Pin=R48.2-2
Added Pin To Net: NetName=NetC197.2_2 Pin=U30.2-C1
Added Net: Name=NetC197.2_2
Added Pin To Net: NetName=NetC197.3_2 Pin=C197.3-2
Added Pin To Net: NetName=NetC197.3_2 Pin=C198.3-1
Added Pin To Net: NetName=NetC197.3_2 Pin=R48.3-2
Added Pin To Net: NetName=NetC197.3_2 Pin=U30.3-C1
Added Net: Name=NetC197.3_2
Added Pin To Net: NetName=NetC197.4_2 Pin=C197.4-2
Added Pin To Net: NetName=NetC197.4_2 Pin=C198.4-1
Added Pin To Net: NetName=NetC197.4_2 Pin=R48.4-2
Added Pin To Net: NetName=NetC197.4_2 Pin=U30.4-C1
Added Net: Name=NetC197.4_2
Added Pin To Net: NetName=NetC199.2_1 Pin=C199.2-1
Added Pin To Net: NetName=NetC199.2_1 Pin=R130.2-1
Added Pin To Net: NetName=NetC199.2_1 Pin=R131.2-2
Added Pin To Net: NetName=NetC199.2_1 Pin=U30.2-E2
Added Net: Name=NetC199.2_1
Added Pin To Net: NetName=NetC199.3_1 Pin=C199.3-1
Added Pin To Net: NetName=NetC199.3_1 Pin=R130.3-1
Added Pin To Net: NetName=NetC199.3_1 Pin=R131.3-2
Added Pin To Net: NetName=NetC199.3_1 Pin=U30.3-E2
Added Net: Name=NetC199.3_1
Added Pin To Net: NetName=NetC199.4_1 Pin=C199.4-1
Added Pin To Net: NetName=NetC199.4_1 Pin=R130.4-1
Added Pin To Net: NetName=NetC199.4_1 Pin=R131.4-2
Added Pin To Net: NetName=NetC199.4_1 Pin=U30.4-E2
Added Net: Name=NetC199.4_1
Added Pin To Net: NetName=NetC200.1_1 Pin=C200.1-1
Added Pin To Net: NetName=NetC200.1_1 Pin=R132.1-2
Added Pin To Net: NetName=NetC200.1_1 Pin=U30.1-D1
Added Net: Name=NetC200.1_1
Added Pin To Net: NetName=NetC200.4_1 Pin=C200.4-1
Added Pin To Net: NetName=NetC200.4_1 Pin=R132.4-2
Added Pin To Net: NetName=NetC200.4_1 Pin=U30.4-D1
Added Net: Name=NetC200.4_1
Added Pin To Net: NetName=NetC201.1_1 Pin=C201.1-1
Added Pin To Net: NetName=NetC201.1_1 Pin=R132.1-1
Added Net: Name=NetC201.1_1
Added Pin To Net: NetName=NetC201.2_1 Pin=C201.2-1
Added Pin To Net: NetName=NetC201.2_1 Pin=R132.2-1
Added Net: Name=NetC201.2_1
Added Pin To Net: NetName=NetC201.3_1 Pin=C201.3-1
Added Pin To Net: NetName=NetC201.3_1 Pin=R132.3-1
Added Net: Name=NetC201.3_1
Added Pin To Net: NetName=NetC201.4_1 Pin=C201.4-1
Added Pin To Net: NetName=NetC201.4_1 Pin=R132.4-1
Added Net: Name=NetC201.4_1
Added Pin To Net: NetName=NetJ12.1_1 Pin=J12.1-1
Added Pin To Net: NetName=NetJ12.1_1 Pin=U30.1-B3
Added Net: Name=NetJ12.1_1
Added Pin To Net: NetName=NetJ12.2_1 Pin=J12.2-1
Added Pin To Net: NetName=NetJ12.2_1 Pin=U30.2-B3
Added Net: Name=NetJ12.2_1
Added Pin To Net: NetName=NetJ12.3_1 Pin=J12.3-1
Added Pin To Net: NetName=NetJ12.3_1 Pin=U30.3-B3
Added Net: Name=NetJ12.3_1
Added Pin To Net: NetName=NetJ12.4_1 Pin=J12.4-1
Added Pin To Net: NetName=NetJ12.4_1 Pin=U30.4-B3
Added Net: Name=NetJ12.4_1
Added Pin To Net: NetName=NetJ13.2_1 Pin=J13.2-1
Added Pin To Net: NetName=NetJ13.2_1 Pin=U30.2-G5
Added Net: Name=NetJ13.2_1
Added Pin To Net: NetName=NetJ13.3_1 Pin=J13.3-1
Added Pin To Net: NetName=NetJ13.3_1 Pin=U30.3-G5
Added Net: Name=NetJ13.3_1
Added Pin To Net: NetName=NetJ13.4_1 Pin=J13.4-1
Added Pin To Net: NetName=NetJ13.4_1 Pin=U30.4-G5
Added Net: Name=NetJ13.4_1
Added Pin To Net: NetName=NetJ14.1_1 Pin=J14.1-1
Added Pin To Net: NetName=NetJ14.1_1 Pin=U30.1-A6
Added Net: Name=NetJ14.1_1
Added Pin To Net: NetName=NetJ14.2_1 Pin=J14.2-1
Added Pin To Net: NetName=NetJ14.2_1 Pin=U30.2-A6
Added Net: Name=NetJ14.2_1
Added Pin To Net: NetName=NetJ14.3_1 Pin=J14.3-1
Added Pin To Net: NetName=NetJ14.3_1 Pin=U30.3-A6
Added Net: Name=NetJ14.3_1
Added Pin To Net: NetName=NetJ16.1_1 Pin=J16.1-1
Added Pin To Net: NetName=NetJ16.1_1 Pin=U30.1-B7
Added Net: Name=NetJ16.1_1
Added Pin To Net: NetName=NetJ16.2_1 Pin=J16.2-1
Added Pin To Net: NetName=NetJ16.2_1 Pin=U30.2-B7
Added Net: Name=NetJ16.2_1
Added Pin To Net: NetName=NetJ16.4_1 Pin=J16.4-1
Added Pin To Net: NetName=NetJ16.4_1 Pin=U30.4-B7
Added Net: Name=NetJ16.4_1
Added Pin To Net: NetName=NetJ20.1_1 Pin=J20.1-1
Added Pin To Net: NetName=NetJ20.1_1 Pin=U30.1-A7
Added Net: Name=NetJ20.1_1
Added Pin To Net: NetName=NetJ20.2_1 Pin=J20.2-1
Added Pin To Net: NetName=NetJ20.2_1 Pin=U30.2-A7
Added Net: Name=NetJ20.2_1
Added Pin To Net: NetName=NetJ20.3_1 Pin=J20.3-1
Added Pin To Net: NetName=NetJ20.3_1 Pin=U30.3-A7
Added Net: Name=NetJ20.3_1
Added Pin To Net: NetName=NetJ20.4_1 Pin=J20.4-1
Added Pin To Net: NetName=NetJ20.4_1 Pin=U30.4-A7
Added Net: Name=NetJ20.4_1
Added Pin To Net: NetName=NetJ21.1_1 Pin=J21.1-1
Added Pin To Net: NetName=NetJ21.1_1 Pin=U30.1-F1
Added Net: Name=NetJ21.1_1
Added Pin To Net: NetName=NetJ21.3_1 Pin=J21.3-1
Added Pin To Net: NetName=NetJ21.3_1 Pin=U30.3-F1
Added Net: Name=NetJ21.3_1
Added Pin To Net: NetName=NetJ21.4_1 Pin=J21.4-1
Added Pin To Net: NetName=NetJ21.4_1 Pin=U30.4-F1
Added Net: Name=NetJ21.4_1
Added Pin To Net: NetName=NetR130.1_2 Pin=R130.1-2
Added Net: Name=NetR130.1_2
Added Member To Class: ClassName=Ch_A 1.0V Member=Component C186.1 (C186) 1u0 50V 1210
Added Member To Class: ClassName=Ch_B 2.5V Member=Component C186.2 (C186) 1u0 50V 1210
Added Member To Class: ClassName=Ch_C 2.3V Member=Component C186.3 (C186) 1u0 50V 1210
Added Member To Class: ClassName=Ch_D 3.8VV Member=Component C186.4 (C186) 1u0 50V 1210
Added Member To Class: ClassName=Ch_A 1.0V Member=Component C187.1 (C187) 47u 10V 1210
Added Member To Class: ClassName=Ch_B 2.5V Member=Component C187.2 (C187) 47u 10V 1210
Added Member To Class: ClassName=Ch_C 2.3V Member=Component C187.3 (C187) 47u 10V 1210
Added Member To Class: ClassName=Ch_D 3.8VV Member=Component C187.4 (C187) 47u 10V 1210
Added Member To Class: ClassName=Ch_A 1.0V Member=Component C188.1 (C188) 47u 10V 1210
Added Member To Class: ClassName=Ch_B 2.5V Member=Component C188.2 (C188) 47u 10V 1210
Added Member To Class: ClassName=Ch_C 2.3V Member=Component C188.3 (C188) 47u 10V 1210
Added Member To Class: ClassName=Ch_D 3.8VV Member=Component C188.4 (C188) 47u 10V 1210
Added Member To Class: ClassName=Ch_A 1.0V Member=Component C189.1 (C189) 47u 10V 1210
Added Member To Class: ClassName=Ch_B 2.5V Member=Component C189.2 (C189) 47u 10V 1210
Added Member To Class: ClassName=Ch_C 2.3V Member=Component C189.3 (C189) 47u 10V 1210
Added Member To Class: ClassName=Ch_D 3.8VV Member=Component C189.4 (C189) 47u 10V 1210
Added Member To Class: ClassName=Ch_A 1.0V Member=Component C190.1 (C190) 47u 10V 1210
Added Member To Class: ClassName=Ch_B 2.5V Member=Component C190.2 (C190) 47u 10V 1210
Added Member To Class: ClassName=Ch_C 2.3V Member=Component C190.3 (C190) 47u 10V 1210
Added Member To Class: ClassName=Ch_D 3.8VV Member=Component C190.4 (C190) 47u 10V 1210
Added Member To Class: ClassName=Ch_A 1.0V Member=Component C191.1 (C191) 47u 10V 1210
Added Member To Class: ClassName=Ch_B 2.5V Member=Component C191.2 (C191) 47u 10V 1210
Added Member To Class: ClassName=Ch_C 2.3V Member=Component C191.3 (C191) 47u 10V 1210
Added Member To Class: ClassName=Ch_A 1.0V Member=Component C192.1 (C192) 47u 10V 1210
Added Member To Class: ClassName=Ch_B 2.5V Member=Component C192.2 (C192) 47u 10V 1210
Added Member To Class: ClassName=Ch_C 2.3V Member=Component C192.3 (C192) 47u 10V 1210
Added Member To Class: ClassName=Ch_D 3.8VV Member=Component C192.4 (C192) 47u 10V 1210
Added Member To Class: ClassName=Ch_A 1.0V Member=Component C193.1 (C193) 330u 16V 7343-43
Added Member To Class: ClassName=Ch_B 2.5V Member=Component C193.2 (C193) 330u 16V 7343-43
Added Member To Class: ClassName=Ch_C 2.3V Member=Component C193.3 (C193) 330u 16V 7343-43
Added Member To Class: ClassName=Ch_D 3.8VV Member=Component C193.4 (C193) 330u 16V 7343-43
Added Member To Class: ClassName=Ch_A 1.0V Member=Component C194.1 (C194) 150u 16V 7343-43
Added Member To Class: ClassName=Ch_B 2.5V Member=Component C194.2 (C194) 150u 16V 7343-43
Added Member To Class: ClassName=Ch_C 2.3V Member=Component C194.3 (C194) 150u 16V 7343-43
Added Member To Class: ClassName=Ch_D 3.8VV Member=Component C194.4 (C194) 150u 16V 7343-43
Added Member To Class: ClassName=Ch_A 1.0V Member=Component C195.1 (C195) 22u 25V 1210
Added Member To Class: ClassName=Ch_B 2.5V Member=Component C195.2 (C195) 22u 25V 1210
Added Member To Class: ClassName=Ch_C 2.3V Member=Component C195.3 (C195) 22u 25V 1210
Added Member To Class: ClassName=Ch_D 3.8VV Member=Component C195.4 (C195) 22u 25V 1210
Added Member To Class: ClassName=Ch_A 1.0V Member=Component C196.1 (C196) 22u 25V 1210
Added Member To Class: ClassName=Ch_B 2.5V Member=Component C196.2 (C196) 22u 25V 1210
Added Member To Class: ClassName=Ch_C 2.3V Member=Component C196.3 (C196) 22u 25V 1210
Added Member To Class: ClassName=Ch_D 3.8VV Member=Component C196.4 (C196) 22u 25V 1210
Added Member To Class: ClassName=Ch_A 1.0V Member=Component C197.1 (C197) 30p 50V 0603
Added Member To Class: ClassName=Ch_B 2.5V Member=Component C197.2 (C197) 30p 50V 0603
Added Member To Class: ClassName=Ch_C 2.3V Member=Component C197.3 (C197) 30p 50V 0603
Added Member To Class: ClassName=Ch_D 3.8VV Member=Component C197.4 (C197) 30p 50V 0603
Added Member To Class: ClassName=Ch_B 2.5V Member=Component C198.2 (C198) 6p8 50V 0603
Added Member To Class: ClassName=Ch_C 2.3V Member=Component C198.3 (C198) 6p8 50V 0603
Added Member To Class: ClassName=Ch_D 3.8VV Member=Component C198.4 (C198) 6p8 50V 0603
Added Member To Class: ClassName=Ch_A 1.0V Member=Component C199.1 (C199) 100n 50V 0603
Added Member To Class: ClassName=Ch_B 2.5V Member=Component C199.2 (C199) 100n 50V 0603
Added Member To Class: ClassName=Ch_C 2.3V Member=Component C199.3 (C199) 100n 50V 0603
Added Member To Class: ClassName=Ch_D 3.8VV Member=Component C199.4 (C199) 100n 50V 0603
Added Member To Class: ClassName=Ch_A 1.0V Member=Component C200.1 (C200) 100n 50V 0603
Added Member To Class: ClassName=Ch_B 2.5V Member=Component C200.2 (C200) 100n 50V 0603
Added Member To Class: ClassName=Ch_D 3.8VV Member=Component C200.4 (C200) 100n 50V 0603
Added Member To Class: ClassName=Ch_A 1.0V Member=Component C201.1 (C201) 100n 50V 0603
Added Member To Class: ClassName=Ch_C 2.3V Member=Component C201.3 (C201) 100n 50V 0603
Added Member To Class: ClassName=Ch_D 3.8VV Member=Component C201.4 (C201) 100n 50V 0603
Added Member To Class: ClassName=Power-Filter-LDO Member=Component F7 2n2 25V/6A
Added Member To Class: ClassName=Power-Filter-LDO Member=Component F8 2n2 25V/6A
Added Member To Class: ClassName=Ch_B 2.5V Member=Component J12.2 (J12) IOPAD
Added Member To Class: ClassName=Ch_C 2.3V Member=Component J12.3 (J12) IOPAD
Added Member To Class: ClassName=Ch_D 3.8VV Member=Component J12.4 (J12) IOPAD
Added Member To Class: ClassName=Ch_A 1.0V Member=Component J13.1 (J13) IOPAD
Added Member To Class: ClassName=Ch_B 2.5V Member=Component J13.2 (J13) IOPAD
Added Member To Class: ClassName=Ch_C 2.3V Member=Component J13.3 (J13) IOPAD
Added Member To Class: ClassName=Ch_D 3.8VV Member=Component J13.4 (J13) IOPAD
Added Member To Class: ClassName=Ch_A 1.0V Member=Component J14.1 (J14) IOPAD
Added Member To Class: ClassName=Ch_B 2.5V Member=Component J14.2 (J14) IOPAD
Added Member To Class: ClassName=Ch_C 2.3V Member=Component J14.3 (J14) IOPAD
Added Member To Class: ClassName=[1] 0020-03_FFT2G - Top Member=Component J15 IOPAD
Added Member To Class: ClassName=Ch_A 1.0V Member=Component J16.1 (J16) IOPAD
Added Member To Class: ClassName=Ch_D 3.8VV Member=Component J16.4 (J16) IOPAD
Added Member To Class: ClassName=[1] 0020-03_FFT2G - Top Member=Component J17 IOPAD
Added Member To Class: ClassName=Ch_A 1.0V Member=Component J20.1 (J20) IOPAD
Added Member To Class: ClassName=Ch_B 2.5V Member=Component J20.2 (J20) IOPAD
Added Member To Class: ClassName=Ch_C 2.3V Member=Component J20.3 (J20) IOPAD
Added Member To Class: ClassName=Ch_D 3.8VV Member=Component J20.4 (J20) IOPAD
Added Member To Class: ClassName=Ch_A 1.0V Member=Component J21.1 (J21) IOPAD
Added Member To Class: ClassName=Ch_B 2.5V Member=Component J21.2 (J21) IOPAD
Added Member To Class: ClassName=Ch_C 2.3V Member=Component J21.3 (J21) IOPAD
Added Member To Class: ClassName=Ch_D 3.8VV Member=Component J21.4 (J21) IOPAD
Added Member To Class: ClassName=Ch_A 1.0V Member=Component R47.1 (R47) R ±1% 0603
Added Member To Class: ClassName=Ch_B 2.5V Member=Component R47.2 (R47) R ±1% 0603
Added Member To Class: ClassName=Ch_C 2.3V Member=Component R47.3 (R47) R ±1% 0603
Added Member To Class: ClassName=Ch_A 1.0V Member=Component R48.1 (R48) 90K9 ±0.1% 0603
Added Member To Class: ClassName=Ch_B 2.5V Member=Component R48.2 (R48) 90K9 ±0.1% 0603
Added Member To Class: ClassName=Ch_C 2.3V Member=Component R48.3 (R48) 90K9 ±0.1% 0603
Added Member To Class: ClassName=Ch_D 3.8VV Member=Component R48.4 (R48) 90K9 ±0.1% 0603
Added Member To Class: ClassName=Ch_B 2.5V Member=Component R130.2 (R130) R ±1% 0603
Added Member To Class: ClassName=Ch_C 2.3V Member=Component R130.3 (R130) R ±1% 0603
Added Member To Class: ClassName=Ch_D 3.8VV Member=Component R130.4 (R130) R ±1% 0603
Added Member To Class: ClassName=Ch_A 1.0V Member=Component R131.1 (R131) R ±1% 0603
Added Member To Class: ClassName=Ch_D 3.8VV Member=Component R131.4 (R131) R ±1% 0603
Added Member To Class: ClassName=Ch_A 1.0V Member=Component R132.1 (R132) R ±1% 0603
Added Member To Class: ClassName=Ch_B 2.5V Member=Component R132.2 (R132) R ±1% 0603
Added Member To Class: ClassName=Ch_C 2.3V Member=Component R132.3 (R132) R ±1% 0603
Added Member To Class: ClassName=Ch_D 3.8VV Member=Component R132.4 (R132) R ±1% 0603
Added Member To Class: ClassName=POWER Member=Component TP14 S1751-46
Added Member To Class: ClassName=Power Member=Wire +3V8
