Removed Pin From Net: NetName=+1V0 Pin=C186.1-1
Removed Pin From Net: NetName=GND Pin=C186.1-2
Removed Pin From Net: NetName=+2V5 Pin=C186.2-1
Removed Pin From Net: NetName=GND Pin=C186.2-2
Removed Pin From Net: NetName=GND Pin=C186.3-2
Removed Pin From Net: NetName=GND Pin=C186.4-2
Removed Pin From Net: NetName=GND Pin=C189.1-2
Removed Pin From Net: NetName=GND Pin=C189.2-2
Removed Pin From Net: NetName=Vout.3 Pin=C189.3-1
Removed Pin From Net: NetName=GND Pin=C189.3-2
Removed Pin From Net: NetName=Vout.4 Pin=C189.4-1
Removed Pin From Net: NetName=GND Pin=C189.4-2
Removed Pin From Net: NetName=GND Pin=C190.1-2
Removed Pin From Net: NetName=GND Pin=C190.2-2
Removed Pin From Net: NetName=Vout.3 Pin=C190.3-1
Removed Pin From Net: NetName=GND Pin=C190.3-2
Removed Pin From Net: NetName=Vout.4 Pin=C190.4-1
Removed Pin From Net: NetName=GND Pin=C190.4-2
Removed Pin From Net: NetName=GND Pin=C191.1-2
Removed Pin From Net: NetName=GND Pin=C191.2-2
Removed Pin From Net: NetName=Vout.3 Pin=C191.3-1
Removed Pin From Net: NetName=GND Pin=C191.3-2
Removed Pin From Net: NetName=Vout.4 Pin=C191.4-1
Removed Pin From Net: NetName=GND Pin=C191.4-2
Removed Pin From Net: NetName=GND Pin=C192.1-2
Removed Pin From Net: NetName=GND Pin=C192.2-2
Removed Pin From Net: NetName=Vout.3 Pin=C192.3-1
Removed Pin From Net: NetName=GND Pin=C192.3-2
Removed Pin From Net: NetName=Vout.4 Pin=C192.4-1
Removed Pin From Net: NetName=GND Pin=C192.4-2
Removed Pin From Net: NetName=UIN_F Pin=C194.1-1
Removed Pin From Net: NetName=GND Pin=C194.1-2
Removed Pin From Net: NetName=UIN_F Pin=C194.2-1
Removed Pin From Net: NetName=GND Pin=C194.2-2
Removed Pin From Net: NetName=UIN_F Pin=C194.3-1
Removed Pin From Net: NetName=GND Pin=C194.3-2
Removed Pin From Net: NetName=UIN_F Pin=C194.4-1
Removed Pin From Net: NetName=GND Pin=C194.4-2
Removed Pin From Net: NetName=UIN_F Pin=C196.1-1
Removed Pin From Net: NetName=GND Pin=C196.1-2
Removed Pin From Net: NetName=UIN_F Pin=C196.2-1
Removed Pin From Net: NetName=GND Pin=C196.2-2
Removed Pin From Net: NetName=UIN_F Pin=C196.3-1
Removed Pin From Net: NetName=GND Pin=C196.3-2
Removed Pin From Net: NetName=UIN_F Pin=C196.4-1
Removed Pin From Net: NetName=GND Pin=C196.4-2
Removed Pin From Net: NetName=VOSNS+.1 Pin=C197.1-1
Removed Pin From Net: NetName=VOSNS+.2 Pin=C197.2-1
Removed Pin From Net: NetName=VOSNS+.3 Pin=C197.3-1
Removed Pin From Net: NetName=VOSNS+.4 Pin=C197.4-1
Removed Pin From Net: NetName=+1V0 Pin=L1.1-2
Removed Pin From Net: NetName=+2V5 Pin=L1.2-2
Removed Pin From Net: NetName=Vout.3 Pin=L1.3-1
Removed Pin From Net: NetName=Vout.4 Pin=L1.4-1
Removed Pin From Net: NetName=VOSNS+.1 Pin=P19.1-1
Removed Pin From Net: NetName=+1V0 Pin=P19.1-2
Removed Pin From Net: NetName=VOSNS+.2 Pin=P19.2-1
Removed Pin From Net: NetName=+2V5 Pin=P19.2-2
Removed Pin From Net: NetName=VOSNS+.3 Pin=P19.3-1
Removed Pin From Net: NetName=VOSNS+.4 Pin=P19.4-1
Removed Pin From Net: NetName=VOSNS-.1 Pin=P20.1-1
Removed Pin From Net: NetName=GND Pin=P20.1-2
Removed Pin From Net: NetName=VOSNS-.2 Pin=P20.2-1
Removed Pin From Net: NetName=GND Pin=P20.2-2
Removed Pin From Net: NetName=VOSNS-.3 Pin=P20.3-1
Removed Pin From Net: NetName=GND Pin=P20.3-2
Removed Pin From Net: NetName=VOSNS-.4 Pin=P20.4-1
Removed Pin From Net: NetName=GND Pin=P20.4-2
Removed Member From Class: ClassName=Ch_A 1.0V Member=C186.1
Removed Member From Class: ClassName=Ch_B 2.5V Member=C186.2
Removed Member From Class: ClassName=Ch_C 2.3V Member=C186.3
Removed Member From Class: ClassName=Ch_D 3.8V Member=C186.4
Removed Member From Class: ClassName=Ch_A 1.0V Member=C189.1
Removed Member From Class: ClassName=Ch_B 2.5V Member=C189.2
Removed Member From Class: ClassName=Ch_C 2.3V Member=C189.3
Removed Member From Class: ClassName=Ch_D 3.8V Member=C189.4
Removed Member From Class: ClassName=Ch_A 1.0V Member=C190.1
Removed Member From Class: ClassName=Ch_B 2.5V Member=C190.2
Removed Member From Class: ClassName=Ch_C 2.3V Member=C190.3
Removed Member From Class: ClassName=Ch_D 3.8V Member=C190.4
Removed Member From Class: ClassName=Ch_A 1.0V Member=C191.1
Removed Member From Class: ClassName=Ch_B 2.5V Member=C191.2
Removed Member From Class: ClassName=Ch_C 2.3V Member=C191.3
Removed Member From Class: ClassName=Ch_D 3.8V Member=C191.4
Removed Member From Class: ClassName=Ch_A 1.0V Member=C192.1
Removed Member From Class: ClassName=Ch_B 2.5V Member=C192.2
Removed Member From Class: ClassName=Ch_C 2.3V Member=C192.3
Removed Member From Class: ClassName=Ch_D 3.8V Member=C192.4
Removed Member From Class: ClassName=Ch_A 1.0V Member=C194.1
Removed Member From Class: ClassName=Ch_B 2.5V Member=C194.2
Removed Member From Class: ClassName=Ch_C 2.3V Member=C194.3
Removed Member From Class: ClassName=Ch_D 3.8V Member=C194.4
Removed Member From Class: ClassName=Ch_A 1.0V Member=C196.1
Removed Member From Class: ClassName=Ch_B 2.5V Member=C196.2
Removed Member From Class: ClassName=Ch_C 2.3V Member=C196.3
Removed Member From Class: ClassName=Ch_D 3.8V Member=C196.4
Removed Member From Class: ClassName=Ch_A 1.0V Member=L1.1
Removed Member From Class: ClassName=Ch_B 2.5V Member=L1.2
Removed Member From Class: ClassName=Ch_C 2.3V Member=L1.3
Removed Member From Class: ClassName=Ch_D 3.8V Member=L1.4
Removed Member From Class: ClassName=Ch_A 1.0V Member=P19.1
Removed Member From Class: ClassName=Ch_B 2.5V Member=P19.2
Removed Member From Class: ClassName=Ch_C 2.3V Member=P19.3
Removed Member From Class: ClassName=Ch_D 3.8V Member=P19.4
Removed Member From Class: ClassName=Ch_A 1.0V Member=P20.1
Removed Member From Class: ClassName=Ch_B 2.5V Member=P20.2
Removed Member From Class: ClassName=Ch_C 2.3V Member=P20.3
Removed Member From Class: ClassName=Ch_D 3.8V Member=P20.4
Change Component DesignItemId : Designator=R47.1 Old DesignItemId=CMP-1800-002089-3 New DesignItemId=CMP-1800-002089-3
Change Component DesignItemId : Designator=R47.2 Old DesignItemId=CMP-1800-002089-3 New DesignItemId=CMP-1800-002089-3
Change Component DesignItemId : Designator=R47.3 Old DesignItemId=CMP-1800-002089-3 New DesignItemId=CMP-1800-002089-3
Change Component DesignItemId : Designator=R47.4 Old DesignItemId=CMP-1800-002089-3 New DesignItemId=CMP-1800-002089-3
Change Component Comment : Designator=R47.1 Old Comment=R ±1% 0603 New Comment=680K ±1% 0603
Change Component Comment : Designator=R47.2 Old Comment=R ±1% 0603 New Comment=680K ±1% 0603
Change Component Comment : Designator=R47.3 Old Comment=R ±1% 0603 New Comment=680K ±1% 0603
Change Component Comment : Designator=R47.4 Old Comment=R ±1% 0603 New Comment=680K ±1% 0603
Change component parameters: Designator = "R30" ("R30"); Footprint = "RESC3216N"; UniqueID = "\LSFQQERN\BOYEHSAW\IDHVNSGN" ("\LSFQQERN\BOYEHSAW\IDHVNSGN")
Change component parameters (AddParameter): Name = "Case-EIA"; Value = "1206"; VariantName = "[No Variations]"
Change component parameters (AddParameter): Name = "Case-Metric"; Value = "3216"; VariantName = "[No Variations]"
Change component parameters (AddParameter): Name = "Maximum working voltage"; Value = "200V"; VariantName = "[No Variations]"
Change component parameters (AddParameter): Name = "Power"; Value = "0.25W"; VariantName = "[No Variations]"
Change component parameters (AddParameter): Name = "Technology"; Value = "SMT"; VariantName = "[No Variations]"
Change component parameters (AddParameter): Name = "Temp. Coefficent"; Value = "±100 ppm/°C"; VariantName = "[No Variations]"
Change component parameters (AddParameter): Name = "Tolerance"; Value = "1"; VariantName = "[No Variations]"
Change component parameters (AddParameter): Name = "Value"; Value = "0.01"; VariantName = "[No Variations]"
Change component parameters: Designator = "R37" ("R37"); Footprint = "RESC3216N"; UniqueID = "\LSFQQERN\BOYEHSAW\IGJUNQYC" ("\LSFQQERN\BOYEHSAW\IGJUNQYC")
Change component parameters (AddParameter): Name = "Case-EIA"; Value = "1206"; VariantName = "[No Variations]"
Change component parameters (AddParameter): Name = "Case-Metric"; Value = "3216"; VariantName = "[No Variations]"
Change component parameters (AddParameter): Name = "Maximum working voltage"; Value = "200V"; VariantName = "[No Variations]"
Change component parameters (AddParameter): Name = "Power"; Value = "0.25W"; VariantName = "[No Variations]"
Change component parameters (AddParameter): Name = "Technology"; Value = "SMT"; VariantName = "[No Variations]"
Change component parameters (AddParameter): Name = "Temp. Coefficent"; Value = "±100 ppm/°C"; VariantName = "[No Variations]"
Change component parameters (AddParameter): Name = "Tolerance"; Value = "1"; VariantName = "[No Variations]"
Change component parameters (AddParameter): Name = "Value"; Value = "0.01"; VariantName = "[No Variations]"
Change component parameters: Designator = "R49" ("R49"); Footprint = "RESCAXS50P100X200X45-8N"; UniqueID = "\ZNLHZSSX\NOBEATVM" ("\ZNLHZSSX\NOBEATVM")
Change component parameters (AddParameter): Name = "Case-EIA"; Value = "0804"; VariantName = "[No Variations]"
Change component parameters (AddParameter): Name = "Case-Metric"; Value = "2010"; VariantName = "[No Variations]"
Change component parameters (AddParameter): Name = "Maximum working voltage"; Value = "50V"; VariantName = "[No Variations]"
Change component parameters (AddParameter): Name = "PartId"; Value = "1"; VariantName = "[No Variations]"
Change component parameters (AddParameter): Name = "PartNumber"; Value = "EXB-28V390J"; VariantName = "[No Variations]"
Change component parameters (AddParameter): Name = "Technology"; Value = "SMT"; VariantName = "[No Variations]"
Change component parameters (AddParameter): Name = "Temp. Coefficent"; Value = "±200 ppm/°C"; VariantName = "[No Variations]"
Change component parameters (AddParameter): Name = "Tolerance"; Value = "±5%"; VariantName = "[No Variations]"
Change component parameters (AddParameter): Name = "Value"; Value = "39.00"; VariantName = "[No Variations]"
Change component parameters: Designator = "R50" ("R50"); Footprint = "RESCAXS50P100X200X45-8N"; UniqueID = "\ZNLHZSSX\LOFTRACD" ("\ZNLHZSSX\LOFTRACD")
Change component parameters (AddParameter): Name = "Case-EIA"; Value = "0804"; VariantName = "[No Variations]"
Change component parameters (AddParameter): Name = "Case-Metric"; Value = "2010"; VariantName = "[No Variations]"
Change component parameters (AddParameter): Name = "Maximum working voltage"; Value = "50V"; VariantName = "[No Variations]"
Change component parameters (AddParameter): Name = "PartId"; Value = "1"; VariantName = "[No Variations]"
Change component parameters (AddParameter): Name = "PartNumber"; Value = "EXB-28V390J"; VariantName = "[No Variations]"
Change component parameters (AddParameter): Name = "Technology"; Value = "SMT"; VariantName = "[No Variations]"
Change component parameters (AddParameter): Name = "Temp. Coefficent"; Value = "±200 ppm/°C"; VariantName = "[No Variations]"
Change component parameters (AddParameter): Name = "Tolerance"; Value = "±5%"; VariantName = "[No Variations]"
Change component parameters (AddParameter): Name = "Value"; Value = "39.00"; VariantName = "[No Variations]"
Change component parameters: Designator = "R52" ("R52"); Footprint = "RESCAXS50P100X200X45-8N"; UniqueID = "\ZNLHZSSX\NXXMIASN" ("\ZNLHZSSX\NXXMIASN")
Change component parameters (AddParameter): Name = "Case-EIA"; Value = "0804"; VariantName = "[No Variations]"
Change component parameters (AddParameter): Name = "Case-Metric"; Value = "2010"; VariantName = "[No Variations]"
Change component parameters (AddParameter): Name = "Maximum working voltage"; Value = "50V"; VariantName = "[No Variations]"
Change component parameters (AddParameter): Name = "PartId"; Value = "1"; VariantName = "[No Variations]"
Change component parameters (AddParameter): Name = "PartNumber"; Value = "EXB-28V390J"; VariantName = "[No Variations]"
Change component parameters (AddParameter): Name = "Technology"; Value = "SMT"; VariantName = "[No Variations]"
Change component parameters (AddParameter): Name = "Temp. Coefficent"; Value = "±200 ppm/°C"; VariantName = "[No Variations]"
Change component parameters (AddParameter): Name = "Tolerance"; Value = "±5%"; VariantName = "[No Variations]"
Change component parameters (AddParameter): Name = "Value"; Value = "39.00"; VariantName = "[No Variations]"
Change component parameters: Designator = "R128" ("R128"); Footprint = "RESC3216N"; UniqueID = "\LSFQQERN\XRAJZJLL" ("\LSFQQERN\XRAJZJLL")
Change component parameters (AddParameter): Name = "Case-EIA"; Value = "1206"; VariantName = "[No Variations]"
Change component parameters (AddParameter): Name = "Case-Metric"; Value = "3216"; VariantName = "[No Variations]"
Change component parameters (AddParameter): Name = "Maximum working voltage"; Value = "200V"; VariantName = "[No Variations]"
Change component parameters (AddParameter): Name = "Power"; Value = "0.25W"; VariantName = "[No Variations]"
Change component parameters (AddParameter): Name = "Technology"; Value = "SMT"; VariantName = "[No Variations]"
Change component parameters (AddParameter): Name = "Temp. Coefficent"; Value = "±100 ppm/°C"; VariantName = "[No Variations]"
Change component parameters (AddParameter): Name = "Tolerance"; Value = "1"; VariantName = "[No Variations]"
Change component parameters (AddParameter): Name = "Value"; Value = "0.5"; VariantName = "[No Variations]"
Change component parameters: Designator = "R129" ("R129"); Footprint = "RESC3216N"; UniqueID = "\LSFQQERN\JSRYOJNM" ("\LSFQQERN\JSRYOJNM")
Change component parameters (AddParameter): Name = "Case-EIA"; Value = "1206"; VariantName = "[No Variations]"
Change component parameters (AddParameter): Name = "Case-Metric"; Value = "3216"; VariantName = "[No Variations]"
Change component parameters (AddParameter): Name = "Maximum working voltage"; Value = "200V"; VariantName = "[No Variations]"
Change component parameters (AddParameter): Name = "Power"; Value = "0.25W"; VariantName = "[No Variations]"
Change component parameters (AddParameter): Name = "Technology"; Value = "SMT"; VariantName = "[No Variations]"
Change component parameters (AddParameter): Name = "Temp. Coefficent"; Value = "±100 ppm/°C"; VariantName = "[No Variations]"
Change component parameters (AddParameter): Name = "Tolerance"; Value = "1"; VariantName = "[No Variations]"
Change component parameters (AddParameter): Name = "Value"; Value = "0.5"; VariantName = "[No Variations]"
Change component parameters: Designator = "R47.1" ("R47"); Footprint = "RESC1608N"; UniqueID = "\LSFQQERN\FGGLTWQK\PJRHTEYU" ("\LSFQQERN\FGGLTWQK\PJRHTEYU")
Change component parameters (AddParameter): Name = "Case-EIA"; Value = "0603"; VariantName = "[No Variations]"
Change component parameters (AddParameter): Name = "Case-Metric"; Value = "1608"; VariantName = "[No Variations]"
Change component parameters (AddParameter): Name = "Maximum working voltage"; Value = "75V"; VariantName = "[No Variations]"
Change component parameters (AddParameter): Name = "PartNumber"; Value = ""; VariantName = "[No Variations]"
Change component parameters (AddParameter): Name = "Power"; Value = "100mW"; VariantName = "[No Variations]"
Change component parameters (AddParameter): Name = "Technology"; Value = "SMT"; VariantName = "[No Variations]"
Change component parameters (AddParameter): Name = "Temp. Coefficent"; Value = "0.01%"; VariantName = "[No Variations]"
Change component parameters (AddParameter): Name = "Tolerance"; Value = "1%"; VariantName = "[No Variations]"
Change component parameters (AddParameter): Name = "Value"; Value = "680k"; VariantName = "[No Variations]"
Change component parameters: Designator = "R47.2" ("R47"); Footprint = "RESC1608N"; UniqueID = "\LSFQQERN\LJNKNUYR\PJRHTEYU" ("\LSFQQERN\LJNKNUYR\PJRHTEYU")
Change component parameters (AddParameter): Name = "Case-EIA"; Value = "0603"; VariantName = "[No Variations]"
Change component parameters (AddParameter): Name = "Case-Metric"; Value = "1608"; VariantName = "[No Variations]"
Change component parameters (AddParameter): Name = "Maximum working voltage"; Value = "75V"; VariantName = "[No Variations]"
Change component parameters (AddParameter): Name = "PartNumber"; Value = ""; VariantName = "[No Variations]"
Change component parameters (AddParameter): Name = "Power"; Value = "100mW"; VariantName = "[No Variations]"
Change component parameters (AddParameter): Name = "Technology"; Value = "SMT"; VariantName = "[No Variations]"
Change component parameters (AddParameter): Name = "Temp. Coefficent"; Value = "0.01%"; VariantName = "[No Variations]"
Change component parameters (AddParameter): Name = "Tolerance"; Value = "1%"; VariantName = "[No Variations]"
Change component parameters (AddParameter): Name = "Value"; Value = "680k"; VariantName = "[No Variations]"
Change component parameters: Designator = "R47.3" ("R47"); Footprint = "RESC1608N"; UniqueID = "\LSFQQERN\KDCZMNRZ\PJRHTEYU" ("\LSFQQERN\KDCZMNRZ\PJRHTEYU")
Change component parameters (AddParameter): Name = "Case-EIA"; Value = "0603"; VariantName = "[No Variations]"
Change component parameters (AddParameter): Name = "Case-Metric"; Value = "1608"; VariantName = "[No Variations]"
Change component parameters (AddParameter): Name = "Maximum working voltage"; Value = "75V"; VariantName = "[No Variations]"
Change component parameters (AddParameter): Name = "PartNumber"; Value = ""; VariantName = "[No Variations]"
Change component parameters (AddParameter): Name = "Power"; Value = "100mW"; VariantName = "[No Variations]"
Change component parameters (AddParameter): Name = "Technology"; Value = "SMT"; VariantName = "[No Variations]"
Change component parameters (AddParameter): Name = "Temp. Coefficent"; Value = "0.01%"; VariantName = "[No Variations]"
Change component parameters (AddParameter): Name = "Tolerance"; Value = "1%"; VariantName = "[No Variations]"
Change component parameters (AddParameter): Name = "Value"; Value = "680k"; VariantName = "[No Variations]"
Change component parameters: Designator = "R47.4" ("R47"); Footprint = "RESC1608N"; UniqueID = "\LSFQQERN\HOLPUNGC\PJRHTEYU" ("\LSFQQERN\HOLPUNGC\PJRHTEYU")
Change component parameters (AddParameter): Name = "Case-EIA"; Value = "0603"; VariantName = "[No Variations]"
Change component parameters (AddParameter): Name = "Case-Metric"; Value = "1608"; VariantName = "[No Variations]"
Change component parameters (AddParameter): Name = "Maximum working voltage"; Value = "75V"; VariantName = "[No Variations]"
Change component parameters (AddParameter): Name = "PartNumber"; Value = ""; VariantName = "[No Variations]"
Change component parameters (AddParameter): Name = "Power"; Value = "100mW"; VariantName = "[No Variations]"
Change component parameters (AddParameter): Name = "Technology"; Value = "SMT"; VariantName = "[No Variations]"
Change component parameters (AddParameter): Name = "Temp. Coefficent"; Value = "0.01%"; VariantName = "[No Variations]"
Change component parameters (AddParameter): Name = "Tolerance"; Value = "1%"; VariantName = "[No Variations]"
Change component parameters (AddParameter): Name = "Value"; Value = "680k"; VariantName = "[No Variations]"
Change component parameters: Designator = "F1" ("F1"); Footprint = "INDC2012X11L"; UniqueID = "\OCXTZITR\REAQTCAG\OBAUNHIQ" ("\OCXTZITR\REAQTCAG\OBAUNHIQ")
Change component parameters (AddParameter): Name = "IDC"; Value = "3.0 A"; VariantName = "[No Variations]"
Change component parameters (AddParameter): Name = "PartNumber"; Value = "74279206"; VariantName = "[No Variations]"
Change component parameters (AddParameter): Name = "RDC"; Value = "25.0 mO"; VariantName = "[No Variations]"
Change component parameters (AddParameter): Name = "Type"; Value = "High Current "; VariantName = "[No Variations]"
Change component parameters (AddParameter): Name = "Z@Freq"; Value = "30.0 O  @  100.0MHz"; VariantName = "[No Variations]"
Change component parameters (AddParameter): Name = "Zmax@Freq"; Value = "55.0 O  @      1.0 GHz"; VariantName = "[No Variations]"
Change component parameters: Designator = "F2" ("F2"); Footprint = "INDC2012X11L"; UniqueID = "\OCXTZITR\REAQTCAG\JKCZWMMK" ("\OCXTZITR\REAQTCAG\JKCZWMMK")
Change component parameters (AddParameter): Name = "IDC"; Value = "3.0 A"; VariantName = "[No Variations]"
Change component parameters (AddParameter): Name = "PartNumber"; Value = "74279206"; VariantName = "[No Variations]"
Change component parameters (AddParameter): Name = "RDC"; Value = "25.0 mO"; VariantName = "[No Variations]"
Change component parameters (AddParameter): Name = "Type"; Value = "High Current "; VariantName = "[No Variations]"
Change component parameters (AddParameter): Name = "Z@Freq"; Value = "30.0 O  @  100.0MHz"; VariantName = "[No Variations]"
Change component parameters (AddParameter): Name = "Zmax@Freq"; Value = "55.0 O  @      1.0 GHz"; VariantName = "[No Variations]"
Change component parameters: Designator = "F3" ("F3"); Footprint = "INDC2012X11N"; UniqueID = "\JPZTXZYP" ("\JPZTXZYP")
Change component parameters (AddParameter): Name = "IDC"; Value = "3.0 A"; VariantName = "[No Variations]"
Change component parameters (AddParameter): Name = "PartNumber"; Value = "74279206"; VariantName = "[No Variations]"
Change component parameters (AddParameter): Name = "RDC"; Value = "25.0 mO"; VariantName = "[No Variations]"
Change component parameters (AddParameter): Name = "Type"; Value = "High Current "; VariantName = "[No Variations]"
Change component parameters (AddParameter): Name = "Z@Freq"; Value = "30.0 O  @  100.0MHz"; VariantName = "[No Variations]"
Change component parameters (AddParameter): Name = "Zmax@Freq"; Value = "55.0 O  @      1.0 GHz"; VariantName = "[No Variations]"
Change component parameters: Designator = "F4" ("F4"); Footprint = "INDC2012X11N"; UniqueID = "\MPRUFHDM" ("\MPRUFHDM")
Change component parameters (AddParameter): Name = "IDC"; Value = "3.0 A"; VariantName = "[No Variations]"
Change component parameters (AddParameter): Name = "PartNumber"; Value = "74279206"; VariantName = "[No Variations]"
Change component parameters (AddParameter): Name = "RDC"; Value = "25.0 mO"; VariantName = "[No Variations]"
Change component parameters (AddParameter): Name = "Type"; Value = "High Current "; VariantName = "[No Variations]"
Change component parameters (AddParameter): Name = "Z@Freq"; Value = "30.0 O  @  100.0MHz"; VariantName = "[No Variations]"
Change component parameters (AddParameter): Name = "Zmax@Freq"; Value = "55.0 O  @      1.0 GHz"; VariantName = "[No Variations]"
Change component parameters: Designator = "F5" ("F5"); Footprint = "INDC2012X11N"; UniqueID = "\HFNXYQCY\SXUOFUCP" ("\HFNXYQCY\SXUOFUCP")
Change component parameters (AddParameter): Name = "IDC"; Value = "3.0 A"; VariantName = "[No Variations]"
Change component parameters (AddParameter): Name = "PartNumber"; Value = "74279206"; VariantName = "[No Variations]"
Change component parameters (AddParameter): Name = "RDC"; Value = "25.0 mO"; VariantName = "[No Variations]"
Change component parameters (AddParameter): Name = "Type"; Value = "High Current "; VariantName = "[No Variations]"
Change component parameters (AddParameter): Name = "Z@Freq"; Value = "30.0 O  @  100.0MHz"; VariantName = "[No Variations]"
Change component parameters (AddParameter): Name = "Zmax@Freq"; Value = "55.0 O  @      1.0 GHz"; VariantName = "[No Variations]"
Change component parameters: Designator = "F6" ("F6"); Footprint = "INDC2012X11N"; UniqueID = "\HFNXYQCY\QZTBHPJO" ("\HFNXYQCY\QZTBHPJO")
Change component parameters (AddParameter): Name = "IDC"; Value = "3.0 A"; VariantName = "[No Variations]"
Change component parameters (AddParameter): Name = "PartNumber"; Value = "74279206"; VariantName = "[No Variations]"
Change component parameters (AddParameter): Name = "RDC"; Value = "25.0 mO"; VariantName = "[No Variations]"
Change component parameters (AddParameter): Name = "Type"; Value = "High Current "; VariantName = "[No Variations]"
Change component parameters (AddParameter): Name = "Z@Freq"; Value = "30.0 O  @  100.0MHz"; VariantName = "[No Variations]"
Change component parameters (AddParameter): Name = "Zmax@Freq"; Value = "55.0 O  @      1.0 GHz"; VariantName = "[No Variations]"
Change component parameters: Designator = "F12" ("F12"); Footprint = "INDC2012X11L"; UniqueID = "\ZNLHZSSX\TEZEOVEO" ("\ZNLHZSSX\TEZEOVEO")
Change component parameters (AddParameter): Name = "IDC"; Value = "3.0 A"; VariantName = "[No Variations]"
Change component parameters (AddParameter): Name = "PartNumber"; Value = "74279206"; VariantName = "[No Variations]"
Change component parameters (AddParameter): Name = "RDC"; Value = "25.0 mO"; VariantName = "[No Variations]"
Change component parameters (AddParameter): Name = "Type"; Value = "High Current "; VariantName = "[No Variations]"
Change component parameters (AddParameter): Name = "Z@Freq"; Value = "30.0 O  @  100.0MHz"; VariantName = "[No Variations]"
Change component parameters (AddParameter): Name = "Zmax@Freq"; Value = "55.0 O  @      1.0 GHz"; VariantName = "[No Variations]"
Change component parameters: Designator = "F13" ("F13"); Footprint = "INDC2012X11L"; UniqueID = "\ZNLHZSSX\CYPHMXII" ("\ZNLHZSSX\CYPHMXII")
Change component parameters (AddParameter): Name = "IDC"; Value = "3.0 A"; VariantName = "[No Variations]"
Change component parameters (AddParameter): Name = "PartNumber"; Value = "74279206"; VariantName = "[No Variations]"
Change component parameters (AddParameter): Name = "RDC"; Value = "25.0 mO"; VariantName = "[No Variations]"
Change component parameters (AddParameter): Name = "Type"; Value = "High Current "; VariantName = "[No Variations]"
Change component parameters (AddParameter): Name = "Z@Freq"; Value = "30.0 O  @  100.0MHz"; VariantName = "[No Variations]"
Change component parameters (AddParameter): Name = "Zmax@Freq"; Value = "55.0 O  @      1.0 GHz"; VariantName = "[No Variations]"
Added Component: Designator=C53(CAPMP7343X43N)
Add component (AddParameter): Name = "Capacitance"; Value = "330µF"; VariantName = "[No Variations]"
Add component (AddParameter): Name = "DCL"; Value = "52.8A"; VariantName = "[No Variations]"
Add component (AddParameter): Name = "DF"; Value = "30%"; VariantName = "[No Variations]"
Add component (AddParameter): Name = "ESR"; Value = "0.4"; VariantName = "[No Variations]"
Add component (AddParameter): Name = "Height"; Value = ""; VariantName = "[No Variations]"
Add component (AddParameter): Name = "Package"; Value = "7343-43"; VariantName = "[No Variations]"
Add component (AddParameter): Name = "Rated Voltage"; Value = "16V"; VariantName = "[No Variations]"
Add component (AddParameter): Name = "Tolerance"; Value = "20%"; VariantName = "[No Variations]"
Add component (AddParameter): Name = "Weight"; Value = ""; VariantName = "[No Variations]"
Added Component: Designator=C60(CAPMP7343X43N)
Add component (AddParameter): Name = "Capacitance"; Value = "330µF"; VariantName = "[No Variations]"
Add component (AddParameter): Name = "DCL"; Value = "52.8A"; VariantName = "[No Variations]"
Add component (AddParameter): Name = "DF"; Value = "30%"; VariantName = "[No Variations]"
Add component (AddParameter): Name = "ESR"; Value = "0.4"; VariantName = "[No Variations]"
Add component (AddParameter): Name = "Height"; Value = ""; VariantName = "[No Variations]"
Add component (AddParameter): Name = "Package"; Value = "7343-43"; VariantName = "[No Variations]"
Add component (AddParameter): Name = "Rated Voltage"; Value = "16V"; VariantName = "[No Variations]"
Add component (AddParameter): Name = "Tolerance"; Value = "20%"; VariantName = "[No Variations]"
Add component (AddParameter): Name = "Weight"; Value = ""; VariantName = "[No Variations]"
Added Component: Designator=C189(CAPC3225X270N)
Add component (AddParameter): Name = "Capacitance"; Value = "47µF"; VariantName = "[No Variations]"
Add component (AddParameter): Name = "Package"; Value = "3225/1210"; VariantName = "[No Variations]"
Add component (AddParameter): Name = "PartNumber"; Value = "GRM32ER71A476KE15"; VariantName = "[No Variations]"
Add component (AddParameter): Name = "Rated Voltgae"; Value = "10V"; VariantName = "[No Variations]"
Add component (AddParameter): Name = "Temperature Charateristics"; Value = "X7R"; VariantName = "[No Variations]"
Add component (AddParameter): Name = "Thickness"; Value = "2.7mm"; VariantName = "[No Variations]"
Add component (AddParameter): Name = "Tolerance"; Value = "10%"; VariantName = "[No Variations]"
Add component (AddParameter): Name = "Weight"; Value = ""; VariantName = "[No Variations]"
Added Component: Designator=C190(CAPC3225X270N)
Add component (AddParameter): Name = "Capacitance"; Value = "47µF"; VariantName = "[No Variations]"
Add component (AddParameter): Name = "Package"; Value = "3225/1210"; VariantName = "[No Variations]"
Add component (AddParameter): Name = "PartNumber"; Value = "GRM32ER71A476KE15"; VariantName = "[No Variations]"
Add component (AddParameter): Name = "Rated Voltgae"; Value = "10V"; VariantName = "[No Variations]"
Add component (AddParameter): Name = "Temperature Charateristics"; Value = "X7R"; VariantName = "[No Variations]"
Add component (AddParameter): Name = "Thickness"; Value = "2.7mm"; VariantName = "[No Variations]"
Add component (AddParameter): Name = "Tolerance"; Value = "10%"; VariantName = "[No Variations]"
Add component (AddParameter): Name = "Weight"; Value = ""; VariantName = "[No Variations]"
Added Component: Designator=C191(CAPC3225X270N)
Add component (AddParameter): Name = "Capacitance"; Value = "47µF"; VariantName = "[No Variations]"
Add component (AddParameter): Name = "Package"; Value = "3225/1210"; VariantName = "[No Variations]"
Add component (AddParameter): Name = "PartNumber"; Value = "GRM32ER71A476KE15"; VariantName = "[No Variations]"
Add component (AddParameter): Name = "Rated Voltgae"; Value = "10V"; VariantName = "[No Variations]"
Add component (AddParameter): Name = "Temperature Charateristics"; Value = "X7R"; VariantName = "[No Variations]"
Add component (AddParameter): Name = "Thickness"; Value = "2.7mm"; VariantName = "[No Variations]"
Add component (AddParameter): Name = "Tolerance"; Value = "10%"; VariantName = "[No Variations]"
Add component (AddParameter): Name = "Weight"; Value = ""; VariantName = "[No Variations]"
Added Component: Designator=C192(CAPC3225X270N)
Add component (AddParameter): Name = "Capacitance"; Value = "47µF"; VariantName = "[No Variations]"
Add component (AddParameter): Name = "Package"; Value = "3225/1210"; VariantName = "[No Variations]"
Add component (AddParameter): Name = "PartNumber"; Value = "GRM32ER71A476KE15"; VariantName = "[No Variations]"
Add component (AddParameter): Name = "Rated Voltgae"; Value = "10V"; VariantName = "[No Variations]"
Add component (AddParameter): Name = "Temperature Charateristics"; Value = "X7R"; VariantName = "[No Variations]"
Add component (AddParameter): Name = "Thickness"; Value = "2.7mm"; VariantName = "[No Variations]"
Add component (AddParameter): Name = "Tolerance"; Value = "10%"; VariantName = "[No Variations]"
Add component (AddParameter): Name = "Weight"; Value = ""; VariantName = "[No Variations]"
Added Component: Designator=C194(CAPMP7343X43N)
Add component (AddParameter): Name = "Capacitance"; Value = "150µF"; VariantName = "[No Variations]"
Add component (AddParameter): Name = "DCL"; Value = "23A"; VariantName = "[No Variations]"
Add component (AddParameter): Name = "DF"; Value = "8%"; VariantName = "[No Variations]"
Add component (AddParameter): Name = "ESR"; Value = "0.3"; VariantName = "[No Variations]"
Add component (AddParameter): Name = "Height"; Value = ""; VariantName = "[No Variations]"
Add component (AddParameter): Name = "Package"; Value = "7343-43"; VariantName = "[No Variations]"
Add component (AddParameter): Name = "Rated Voltage"; Value = "16V"; VariantName = "[No Variations]"
Add component (AddParameter): Name = "Tolerance"; Value = "20%"; VariantName = "[No Variations]"
Add component (AddParameter): Name = "Weight"; Value = ""; VariantName = "[No Variations]"
Added Component: Designator=C200.1()
Add component (AddParameter): Name = "Capacitance (F)"; Value = "18.0p"; VariantName = "[No Variations]"
Add component (AddParameter): Name = "Package"; Value = "1608/0603"; VariantName = "[No Variations]"
Add component (AddParameter): Name = "PartNumber"; Value = "GRM1885C1H180JA01"; VariantName = "[No Variations]"
Add component (AddParameter): Name = "Rated voltage (V)"; Value = "50"; VariantName = "[No Variations]"
Add component (AddParameter): Name = "Temperature Charateristics"; Value = "C0G"; VariantName = "[No Variations]"
Add component (AddParameter): Name = "Thickness (mm)"; Value = "0.90"; VariantName = "[No Variations]"
Add component (AddParameter): Name = "Tolerance"; Value = "?5%"; VariantName = "[No Variations]"
Added Component: Designator=R142(RESC3216N)
Add component (AddParameter): Name = "Case-EIA"; Value = "1206"; VariantName = "[No Variations]"
Add component (AddParameter): Name = "Case-Metric"; Value = "3216"; VariantName = "[No Variations]"
Add component (AddParameter): Name = "Maximum working voltage"; Value = "200V"; VariantName = "[No Variations]"
Add component (AddParameter): Name = "Power"; Value = "0.25W"; VariantName = "[No Variations]"
Add component (AddParameter): Name = "Technology"; Value = "SMT"; VariantName = "[No Variations]"
Add component (AddParameter): Name = "Temp. Coefficent"; Value = "±100 ppm/°C"; VariantName = "[No Variations]"
Add component (AddParameter): Name = "Tolerance"; Value = "1"; VariantName = "[No Variations]"
Add component (AddParameter): Name = "Value"; Value = "0.5"; VariantName = "[No Variations]"
Added Component: Designator=R143(RESC3216N)
Add component (AddParameter): Name = "Case-EIA"; Value = "1206"; VariantName = "[No Variations]"
Add component (AddParameter): Name = "Case-Metric"; Value = "3216"; VariantName = "[No Variations]"
Add component (AddParameter): Name = "Maximum working voltage"; Value = "200V"; VariantName = "[No Variations]"
Add component (AddParameter): Name = "Power"; Value = "0.25W"; VariantName = "[No Variations]"
Add component (AddParameter): Name = "Technology"; Value = "SMT"; VariantName = "[No Variations]"
Add component (AddParameter): Name = "Temp. Coefficent"; Value = "±100 ppm/°C"; VariantName = "[No Variations]"
Add component (AddParameter): Name = "Tolerance"; Value = "1"; VariantName = "[No Variations]"
Add component (AddParameter): Name = "Value"; Value = "0.5"; VariantName = "[No Variations]"
Added Component: Designator=R144.1(RESC1608N)
Add component (AddParameter): Name = "Case-EIA"; Value = "0603"; VariantName = "[No Variations]"
Add component (AddParameter): Name = "Case-Metric"; Value = "1608"; VariantName = "[No Variations]"
Add component (AddParameter): Name = "Maximum working voltage"; Value = "75V"; VariantName = "[No Variations]"
Add component (AddParameter): Name = "PartNumber"; Value = ""; VariantName = "[No Variations]"
Add component (AddParameter): Name = "Power"; Value = "100mW"; VariantName = "[No Variations]"
Add component (AddParameter): Name = "Technology"; Value = "SMT"; VariantName = "[No Variations]"
Add component (AddParameter): Name = "Temp. Coefficent"; Value = "0.01%"; VariantName = "[No Variations]"
Add component (AddParameter): Name = "Tolerance"; Value = "1%"; VariantName = "[No Variations]"
Add component (AddParameter): Name = "Value"; Value = "10"; VariantName = "[No Variations]"
Added Component: Designator=R144.2(RESC1608N)
Add component (AddParameter): Name = "Case-EIA"; Value = "0603"; VariantName = "[No Variations]"
Add component (AddParameter): Name = "Case-Metric"; Value = "1608"; VariantName = "[No Variations]"
Add component (AddParameter): Name = "Maximum working voltage"; Value = "75V"; VariantName = "[No Variations]"
Add component (AddParameter): Name = "PartNumber"; Value = ""; VariantName = "[No Variations]"
Add component (AddParameter): Name = "Power"; Value = "100mW"; VariantName = "[No Variations]"
Add component (AddParameter): Name = "Technology"; Value = "SMT"; VariantName = "[No Variations]"
Add component (AddParameter): Name = "Temp. Coefficent"; Value = "0.01%"; VariantName = "[No Variations]"
Add component (AddParameter): Name = "Tolerance"; Value = "1%"; VariantName = "[No Variations]"
Add component (AddParameter): Name = "Value"; Value = "10"; VariantName = "[No Variations]"
Added Component: Designator=R144.3(RESC1608N)
Add component (AddParameter): Name = "Case-EIA"; Value = "0603"; VariantName = "[No Variations]"
Add component (AddParameter): Name = "Case-Metric"; Value = "1608"; VariantName = "[No Variations]"
Add component (AddParameter): Name = "Maximum working voltage"; Value = "75V"; VariantName = "[No Variations]"
Add component (AddParameter): Name = "PartNumber"; Value = ""; VariantName = "[No Variations]"
Add component (AddParameter): Name = "Power"; Value = "100mW"; VariantName = "[No Variations]"
Add component (AddParameter): Name = "Technology"; Value = "SMT"; VariantName = "[No Variations]"
Add component (AddParameter): Name = "Temp. Coefficent"; Value = "0.01%"; VariantName = "[No Variations]"
Add component (AddParameter): Name = "Tolerance"; Value = "1%"; VariantName = "[No Variations]"
Add component (AddParameter): Name = "Value"; Value = "10"; VariantName = "[No Variations]"
Added Component: Designator=R144.4(RESC1608N)
Add component (AddParameter): Name = "Case-EIA"; Value = "0603"; VariantName = "[No Variations]"
Add component (AddParameter): Name = "Case-Metric"; Value = "1608"; VariantName = "[No Variations]"
Add component (AddParameter): Name = "Maximum working voltage"; Value = "75V"; VariantName = "[No Variations]"
Add component (AddParameter): Name = "PartNumber"; Value = ""; VariantName = "[No Variations]"
Add component (AddParameter): Name = "Power"; Value = "100mW"; VariantName = "[No Variations]"
Add component (AddParameter): Name = "Technology"; Value = "SMT"; VariantName = "[No Variations]"
Add component (AddParameter): Name = "Temp. Coefficent"; Value = "0.01%"; VariantName = "[No Variations]"
Add component (AddParameter): Name = "Tolerance"; Value = "1%"; VariantName = "[No Variations]"
Add component (AddParameter): Name = "Value"; Value = "10"; VariantName = "[No Variations]"
Added Component: Designator=R145.1(RESC1608N)
Add component (AddParameter): Name = "Case-EIA"; Value = "0603"; VariantName = "[No Variations]"
Add component (AddParameter): Name = "Case-Metric"; Value = "1608"; VariantName = "[No Variations]"
Add component (AddParameter): Name = "Maximum working voltage"; Value = "75V"; VariantName = "[No Variations]"
Add component (AddParameter): Name = "PartNumber"; Value = ""; VariantName = "[No Variations]"
Add component (AddParameter): Name = "Power"; Value = "100mW"; VariantName = "[No Variations]"
Add component (AddParameter): Name = "Technology"; Value = "SMT"; VariantName = "[No Variations]"
Add component (AddParameter): Name = "Temp. Coefficent"; Value = "0.01%"; VariantName = "[No Variations]"
Add component (AddParameter): Name = "Tolerance"; Value = "1%"; VariantName = "[No Variations]"
Add component (AddParameter): Name = "Value"; Value = "10"; VariantName = "[No Variations]"
Added Component: Designator=R145.2(RESC1608N)
Add component (AddParameter): Name = "Case-EIA"; Value = "0603"; VariantName = "[No Variations]"
Add component (AddParameter): Name = "Case-Metric"; Value = "1608"; VariantName = "[No Variations]"
Add component (AddParameter): Name = "Maximum working voltage"; Value = "75V"; VariantName = "[No Variations]"
Add component (AddParameter): Name = "PartNumber"; Value = ""; VariantName = "[No Variations]"
Add component (AddParameter): Name = "Power"; Value = "100mW"; VariantName = "[No Variations]"
Add component (AddParameter): Name = "Technology"; Value = "SMT"; VariantName = "[No Variations]"
Add component (AddParameter): Name = "Temp. Coefficent"; Value = "0.01%"; VariantName = "[No Variations]"
Add component (AddParameter): Name = "Tolerance"; Value = "1%"; VariantName = "[No Variations]"
Add component (AddParameter): Name = "Value"; Value = "10"; VariantName = "[No Variations]"
Added Component: Designator=R145.3(RESC1608N)
Add component (AddParameter): Name = "Case-EIA"; Value = "0603"; VariantName = "[No Variations]"
Add component (AddParameter): Name = "Case-Metric"; Value = "1608"; VariantName = "[No Variations]"
Add component (AddParameter): Name = "Maximum working voltage"; Value = "75V"; VariantName = "[No Variations]"
Add component (AddParameter): Name = "PartNumber"; Value = ""; VariantName = "[No Variations]"
Add component (AddParameter): Name = "Power"; Value = "100mW"; VariantName = "[No Variations]"
Add component (AddParameter): Name = "Technology"; Value = "SMT"; VariantName = "[No Variations]"
Add component (AddParameter): Name = "Temp. Coefficent"; Value = "0.01%"; VariantName = "[No Variations]"
Add component (AddParameter): Name = "Tolerance"; Value = "1%"; VariantName = "[No Variations]"
Add component (AddParameter): Name = "Value"; Value = "10"; VariantName = "[No Variations]"
Added Component: Designator=R145.4(RESC1608N)
Add component (AddParameter): Name = "Case-EIA"; Value = "0603"; VariantName = "[No Variations]"
Add component (AddParameter): Name = "Case-Metric"; Value = "1608"; VariantName = "[No Variations]"
Add component (AddParameter): Name = "Maximum working voltage"; Value = "75V"; VariantName = "[No Variations]"
Add component (AddParameter): Name = "PartNumber"; Value = ""; VariantName = "[No Variations]"
Add component (AddParameter): Name = "Power"; Value = "100mW"; VariantName = "[No Variations]"
Add component (AddParameter): Name = "Technology"; Value = "SMT"; VariantName = "[No Variations]"
Add component (AddParameter): Name = "Temp. Coefficent"; Value = "0.01%"; VariantName = "[No Variations]"
Add component (AddParameter): Name = "Tolerance"; Value = "1%"; VariantName = "[No Variations]"
Add component (AddParameter): Name = "Value"; Value = "10"; VariantName = "[No Variations]"
Added Pin To Net: NetName=UIN_F Pin=C53-1
Added Pin To Net: NetName=Vout.4 Pin=C54-1
Added Pin To Net: NetName=Vout.4 Pin=C55-1
Added Pin To Net: NetName=Vout.4 Pin=C59-1
Added Pin To Net: NetName=UIN_F Pin=C60-1
Added Pin To Net: NetName=Vout.4 Pin=C63-1
Added Pin To Net: NetName=Vout.4 Pin=C64-1
Added Pin To Net: NetName=Vout.3 Pin=C68-1
Added Pin To Net: NetName=Vout.3 Pin=C69-1
Added Pin To Net: NetName=+1V0 Pin=C187.1-1
Added Pin To Net: NetName=+2V5 Pin=C187.2-1
Added Pin To Net: NetName=+1V0 Pin=C188.1-1
Added Pin To Net: NetName=+2V5 Pin=C188.2-1
Added Pin To Net: NetName=+1V0 Pin=C189-1
Added Pin To Net: NetName=GND Pin=C189-2
Added Pin To Net: NetName=+1V0 Pin=C190-1
Added Pin To Net: NetName=GND Pin=C190-2
Added Pin To Net: NetName=+1V0 Pin=C191-1
Added Pin To Net: NetName=GND Pin=C191-2
Added Pin To Net: NetName=+1V0 Pin=C192-1
Added Pin To Net: NetName=GND Pin=C192-2
Added Pin To Net: NetName=+1V0 Pin=C193.1-1
Added Pin To Net: NetName=+2V5 Pin=C193.2-1
Added Pin To Net: NetName=UIN_F Pin=C194-1
Added Pin To Net: NetName=GND Pin=C194-2
Added Pin To Net: NetName=+1V0 Pin=C197.1-1
Added Pin To Net: NetName=+2V5 Pin=C197.2-1
Added Pin To Net: NetName=Vout.3 Pin=C197.3-1
Added Pin To Net: NetName=Vout.4 Pin=C197.4-1
Added Pin To Net: NetName=+1V0 Pin=P17.1-2
Added Pin To Net: NetName=+2V5 Pin=P17.2-2
Added Pin To Net: NetName=Vout.4 Pin=R30-1
Added Pin To Net: NetName=Vout.4 Pin=R37-1
Added Pin To Net: NetName=Vout.4 Pin=R41-1
Added Pin To Net: NetName=Vout.3 Pin=R44-1
Added Pin To Net: NetName=Vout.3 Pin=R130.4-2
Added Pin To Net: NetName=GND Pin=R142-2
Added Pin To Net: NetName=GND Pin=R143-2
Added Pin To Net: NetName=VOSNS+.1 Pin=R144.1-1
Added Pin To Net: NetName=+1V0 Pin=R144.1-2
Added Pin To Net: NetName=VOSNS+.2 Pin=R144.2-1
Added Pin To Net: NetName=+2V5 Pin=R144.2-2
Added Pin To Net: NetName=VOSNS+.3 Pin=R144.3-1
Added Pin To Net: NetName=Vout.3 Pin=R144.3-2
Added Pin To Net: NetName=VOSNS+.4 Pin=R144.4-1
Added Pin To Net: NetName=Vout.4 Pin=R144.4-2
Added Pin To Net: NetName=VOSNS-.1 Pin=R145.1-1
Added Pin To Net: NetName=GND Pin=R145.1-2
Added Pin To Net: NetName=VOSNS-.2 Pin=R145.2-1
Added Pin To Net: NetName=GND Pin=R145.2-2
Added Pin To Net: NetName=VOSNS-.3 Pin=R145.3-1
Added Pin To Net: NetName=GND Pin=R145.3-2
Added Pin To Net: NetName=VOSNS-.4 Pin=R145.4-1
Added Pin To Net: NetName=GND Pin=R145.4-2
Added Pin To Net: NetName=Vout.4 Pin=U9-2
Added Pin To Net: NetName=Vout.4 Pin=U11-2
Added Pin To Net: NetName=Vout.3 Pin=U12-2
Added Pin To Net: NetName=+1V0 Pin=U30.1-A1
Added Pin To Net: NetName=+1V0 Pin=U30.1-A2
Added Pin To Net: NetName=+1V0 Pin=U30.1-A3
Added Pin To Net: NetName=+1V0 Pin=U30.1-A4
Added Pin To Net: NetName=+1V0 Pin=U30.1-A5
Added Pin To Net: NetName=+1V0 Pin=U30.1-F3
Added Pin To Net: NetName=+1V0 Pin=U30.1-G1
Added Pin To Net: NetName=+1V0 Pin=U30.1-G2
Added Pin To Net: NetName=+1V0 Pin=U30.1-G3
Added Pin To Net: NetName=+2V5 Pin=U30.2-A1
Added Pin To Net: NetName=+2V5 Pin=U30.2-A2
Added Pin To Net: NetName=+2V5 Pin=U30.2-A3
Added Pin To Net: NetName=+2V5 Pin=U30.2-A4
Added Pin To Net: NetName=+2V5 Pin=U30.2-A5
Added Pin To Net: NetName=+2V5 Pin=U30.2-F3
Added Pin To Net: NetName=+2V5 Pin=U30.2-G1
Added Pin To Net: NetName=+2V5 Pin=U30.2-G2
Added Pin To Net: NetName=+2V5 Pin=U30.2-G3
Change Net Name : Old Net Name=Vout.3 New Net Name=+2V3
Change Net Name : Old Net Name=Vout.4 New Net Name=+3V8
Added Pin To Net: NetName=NetC53_2 Pin=C53-2
Added Pin To Net: NetName=NetC53_2 Pin=R142-1
Added Net: Name=NetC53_2
Added Pin To Net: NetName=NetC60_2 Pin=C60-2
Added Pin To Net: NetName=NetC60_2 Pin=R143-1
Added Net: Name=NetC60_2
Added Member To Class: ClassName=POWER Member=Component C53 330u 16V 7343-43
Added Member To Class: ClassName=POWER Member=Component C60 330u 16V 7343-43
Added Member To Class: ClassName=FPGA_PWR Member=Component C189 47u 10V 1210
Added Member To Class: ClassName=FPGA_PWR Member=Component C190 47u 10V 1210
Added Member To Class: ClassName=FPGA_PWR Member=Component C191 47u 10V 1210
Added Member To Class: ClassName=FPGA_PWR Member=Component C192 47u 10V 1210
Added Member To Class: ClassName=POWER Member=Component C194 150u 16V 7343-43
Added Member To Class: ClassName=POWER Member=Component R142 0R5 ±1% 1206
Added Member To Class: ClassName=POWER Member=Component R143 0R5 ±1% 1206
Added Member To Class: ClassName=Ch_A 1.0V Member=Component R144.1 (R144) 10R ±1% 0603
Added Member To Class: ClassName=Ch_B 2.5V Member=Component R144.2 (R144) 10R ±1% 0603
Added Member To Class: ClassName=Ch_C 2.3V Member=Component R144.3 (R144) 10R ±1% 0603
Added Member To Class: ClassName=Ch_D 3.8V Member=Component R144.4 (R144) 10R ±1% 0603
Added Member To Class: ClassName=Ch_A 1.0V Member=Component R145.1 (R145) 10R ±1% 0603
Added Member To Class: ClassName=Ch_B 2.5V Member=Component R145.2 (R145) 10R ±1% 0603
Added Member To Class: ClassName=Ch_C 2.3V Member=Component R145.3 (R145) 10R ±1% 0603
Added Member To Class: ClassName=Ch_D 3.8V Member=Component R145.4 (R145) 10R ±1% 0603
