Update Managed Component C161 From CMP-0300-002665-5[100n 50V 0603] To CMP-0300-002665-6[100n 10% 50V X7R] in [11] FPGA_CONFIG.SchDoc
Update Managed Component C162 From CMP-0300-002665-5[100n 50V 0603] To CMP-0300-002665-6[100n 10% 50V X7R] in [11] FPGA_CONFIG.SchDoc
Update Managed Component C163 From CMP-0300-002665-5[100n 50V 0603] To CMP-0300-002665-6[100n 10% 50V X7R] in [11] FPGA_CONFIG.SchDoc
Update Managed Component C164 From CMP-0300-002665-5[100n 50V 0603] To CMP-0300-002665-6[100n 10% 50V X7R] in [11] FPGA_CONFIG.SchDoc
Update Managed Component C165 From CMP-0300-002665-5[100n 50V 0603] To CMP-0300-002665-6[100n 10% 50V X7R] in [11] FPGA_CONFIG.SchDoc
Update Managed Component C166 From CMP-0300-002665-5[100n 50V 0603] To CMP-0300-002665-6[100n 10% 50V X7R] in [11] FPGA_CONFIG.SchDoc
Update Managed Component C167 From CMP-0300-002665-5[100n 50V 0603] To CMP-0300-002665-6[100n 10% 50V X7R] in [11] FPGA_CONFIG.SchDoc
Update Managed Component C168 From CMP-0300-002665-5[100n 50V 0603] To CMP-0300-002665-6[100n 10% 50V X7R] in [11] FPGA_CONFIG.SchDoc
Update Managed Component R100 From CMP-1800-002037-4[4K7 ±1% 0603] To CMP-1800-002037-5[4K7 1% 0603] in [11] FPGA_CONFIG.SchDoc
Update Managed Component R101 From CMP-1800-002049-4[15K ±1% 0603] To CMP-1800-002049-5[15K 1% 0603] in [11] FPGA_CONFIG.SchDoc
Update Managed Component R102 From CMP-1800-002061-4[47K ±1% 0603] To CMP-1800-002061-5[47K 1% 0603] in [11] FPGA_CONFIG.SchDoc
Update Managed Component R103 From CMP-1800-002037-4[4K7 ±1% 0603] To CMP-1800-002037-5[4K7 1% 0603] in [11] FPGA_CONFIG.SchDoc
Update Managed Component R104 From CMP-1800-002037-4[4K7 ±1% 0603] To CMP-1800-002037-5[4K7 1% 0603] in [11] FPGA_CONFIG.SchDoc
Update Managed Component R105 From CMP-1800-002037-4[4K7 ±1% 0603] To CMP-1800-002037-5[4K7 1% 0603] in [11] FPGA_CONFIG.SchDoc
Update Managed Component R106 From CMP-1800-002037-4[4K7 ±1% 0603] To CMP-1800-002037-5[4K7 1% 0603] in [11] FPGA_CONFIG.SchDoc
Update Managed Component R107 From CMP-1800-002037-4[4K7 ±1% 0603] To CMP-1800-002037-5[4K7 1% 0603] in [11] FPGA_CONFIG.SchDoc
Update Managed Component R108 From CMP-1800-002037-4[4K7 ±1% 0603] To CMP-1800-002037-5[4K7 1% 0603] in [11] FPGA_CONFIG.SchDoc
Update Managed Component R109 From CMP-1800-002005-4[200R ±1% 0603] To CMP-1800-002005-5[200R 1% 0603] in [11] FPGA_CONFIG.SchDoc
Update Managed Component R110 From CMP-1800-002010-4[330R ±1% 0603] To CMP-1800-002010-5[330R 1% 0603] in [11] FPGA_CONFIG.SchDoc
Update Managed Component R111 From CMP-1800-002037-4[4K7 ±1% 0603] To CMP-1800-002037-5[4K7 1% 0603] in [11] FPGA_CONFIG.SchDoc
Update Managed Component R112 From CMP-1800-002037-4[4K7 ±1% 0603] To CMP-1800-002037-5[4K7 1% 0603] in [11] FPGA_CONFIG.SchDoc
Update Managed Component R113 From CMP-1800-001949-4[0R0 Jumper 0603] To CMP-1800-001949-5[0R0 Jumper 0603] in [11] FPGA_CONFIG.SchDoc
Update Managed Component R114 From CMP-1800-001949-4[0R0 Jumper 0603] To CMP-1800-001949-5[0R0 Jumper 0603] in [11] FPGA_CONFIG.SchDoc
Update Managed Component R115 From CMP-1800-001949-4[0R0 Jumper 0603] To CMP-1800-001949-5[0R0 Jumper 0603] in [11] FPGA_CONFIG.SchDoc
Update Managed Component R116 From CMP-1800-002049-4[15K ±1% 0603] To CMP-1800-002049-5[15K 1% 0603] in [11] FPGA_CONFIG.SchDoc
Update Managed Component R117 From CMP-1800-001949-4[0R0 Jumper 0603] To CMP-1800-001949-5[0R0 Jumper 0603] in [11] FPGA_CONFIG.SchDoc
Update Managed Component R118 From CMP-1800-002061-4[47K ±1% 0603] To CMP-1800-002061-5[47K 1% 0603] in [11] FPGA_CONFIG.SchDoc
Update Managed Component R119 From CMP-1800-002005-4[200R ±1% 0603] To CMP-1800-002005-5[200R 1% 0603] in [11] FPGA_CONFIG.SchDoc
