Added Parameter Case/Package=SOT-23-5 to Part U32
Added Parameter Common Mode Rejection Ratio=120dB to Part U32
Added Parameter Gain Bandwidth Product=3MHz to Part U32
Added Parameter Height=0.9mm to Part U32
Added Parameter Input Bias Current=25pA to Part U32
Added Parameter Input Offset Voltage (Vos)=0.5uV to Part U32
Added Parameter Lead Free=Lead Free to Part U32
Added Parameter Length=2.9mm to Part U32
Added Parameter Max Dual Supply Voltage=5.5V to Part U32
Added Parameter Max Frequency=7.5kHz to Part U32
Added Parameter Max Operating Temperature=85°C to Part U32
Added Parameter Max Supply Voltage=11V to Part U32
Added Parameter Min Dual Supply Voltage=1.35V to Part U32
Added Parameter Min Operating Temperature=-40°C to Part U32
Added Parameter Min Supply Voltage=2.7V to Part U32
Added Parameter Nominal Gain Bandwidth Product=3MHz to Part U32
Added Parameter Number of Channels=1 to Part U32
Added Parameter Number of Circuits=1 to Part U32
Added Parameter Number of Elements=1 to Part U32
Added Parameter Number of Pins=5 to Part U32
Added Parameter Operating Supply Current=1mA to Part U32
Added Parameter Package Quantity=1 to Part U32
Added Parameter Packaging=Tape and Reel to Part U32
Added Parameter PartNumber= to Part U32
Added Parameter Power Supply Rejection Ratio (PSRR)=120dB to Part U32
Added Parameter Slew Rate=2V/µs to Part U32
Added Parameter Unity Gain Bandwidth Product=3MHz to Part U32
Added Parameter Voltage Gain=140dB to Part U32
Added Parameter Width=1.75mm to Part U32
Update Managed Component U32 From CMP-2100-000329-2[LTC2050HVCS5] To CMP-2100-000593-1[LTC2050HVIS5#TRMPBF] in [16] POWER.SchDoc
