Change Component Designator: Old Designator=C1.1PWR New Designator=C191
Change Component Designator: Old Designator=C2.1PWR New Designator=C190
Change Component Designator: Old Designator=C4.1PWR New Designator=C192
Change Component Designator: Old Designator=C6.1PWR New Designator=C193
Change Component Designator: Old Designator=C7.1PWR New Designator=C195
Change Component Designator: Old Designator=C8.1PWR New Designator=C199
Change Component Designator: Old Designator=C9.1PWR New Designator=C200
Change Component Designator: Old Designator=C13.1PWR New Designator=C201
Change Component Designator: Old Designator=C14.1PWR New Designator=C202
Change Component Designator: Old Designator=C15.1PWR New Designator=C203
Change Component Designator: Old Designator=C16.1PWR New Designator=C205
Change Component Designator: Old Designator=C17.1PWR New Designator=C204
Change Component Designator: Old Designator=C18.1PWR New Designator=C206
Change Component Designator: Old Designator=C19.1PWR New Designator=C207
Change Component Designator: Old Designator=C20.1PWR New Designator=C208
Change Component Designator: Old Designator=C21.1PWR New Designator=C210
Change Component Designator: Old Designator=C22.1PWR New Designator=C211
Change Component Designator: Old Designator=C23.1PWR New Designator=C212
Change Component Designator: Old Designator=C24.1PWR New Designator=C209
Change Component Designator: Old Designator=C25.1PWR New Designator=C198
Change Component Designator: Old Designator=C26.1PWR New Designator=C197
Change Component Designator: Old Designator=C35.1PWR New Designator=C194
Change Component Designator: Old Designator=C36.1PWR New Designator=C196
Change Component Designator: Old Designator=D1.1PWR New Designator=D9
Change Component Designator: Old Designator=D2.1PWR New Designator=D8
Change Component Designator: Old Designator=D3.1PWR New Designator=D10
Change Component Designator: Old Designator=L1.1PWR New Designator=L1
Change Component Designator: Old Designator=L2.1PWR New Designator=L3
Change Component Designator: Old Designator=L3.1PWR New Designator=L2
Change Component Designator: Old Designator=Q1.1PWR New Designator=Q7
Change Component Designator: Old Designator=Q2.1PWR New Designator=Q6
Change Component Designator: Old Designator=Q3.1PWR New Designator=Q8
Change Component Designator: Old Designator=Q4.1PWR New Designator=Q9
Change Component Designator: Old Designator=Q5.1PWR New Designator=Q10
Change Component Designator: Old Designator=R1.1PWR New Designator=R150
Change Component Designator: Old Designator=R2.1PWR New Designator=R152
Change Component Designator: Old Designator=R3.1PWR New Designator=R149
Change Component Designator: Old Designator=R4.1PWR New Designator=R151
Change Component Designator: Old Designator=R5.1PWR New Designator=R145
Change Component Designator: Old Designator=R6.1PWR New Designator=R146
Change Component Designator: Old Designator=R7.1PWR New Designator=R155
Change Component Designator: Old Designator=R8.1PWR New Designator=R156
Change Component Designator: Old Designator=R9.1PWR New Designator=R153
Change Component Designator: Old Designator=R10.1PWR New Designator=R154
Change Component Designator: Old Designator=R15.1PWR New Designator=R141
Change Component Designator: Old Designator=R17.1PWR New Designator=R157
Change Component Designator: Old Designator=R30.1PWR New Designator=R143
Change Component Designator: Old Designator=R31.1PWR New Designator=R144
Change Component Designator: Old Designator=R32.1PWR New Designator=R147
Change Component Designator: Old Designator=R33.1PWR New Designator=R148
Change Component Designator: Old Designator=R34.1PWR New Designator=R142
Change Component Designator: Old Designator=U1.1PWR New Designator=U33
Change Component Designator: Old Designator=Z1.1PWR New Designator=Z1
