Change Component Designator: Old Designator=C1.2PWR New Designator=C214
Change Component Designator: Old Designator=C2.2PWR New Designator=C213
Change Component Designator: Old Designator=C4.2PWR New Designator=C215
Change Component Designator: Old Designator=C6.2PWR New Designator=C216
Change Component Designator: Old Designator=C7.2PWR New Designator=C218
Change Component Designator: Old Designator=C8.2PWR New Designator=C223
Change Component Designator: Old Designator=C9.2PWR New Designator=C224
Change Component Designator: Old Designator=C11.2PWR New Designator=C220
Change Component Designator: Old Designator=C13.2PWR New Designator=C225
Change Component Designator: Old Designator=C14.2PWR New Designator=C226
Change Component Designator: Old Designator=C16.2PWR New Designator=C228
Change Component Designator: Old Designator=C17.2PWR New Designator=C227
Change Component Designator: Old Designator=C18.2PWR New Designator=C229
Change Component Designator: Old Designator=C19.2PWR New Designator=C230
Change Component Designator: Old Designator=C20.2PWR New Designator=C231
Change Component Designator: Old Designator=C21.2PWR New Designator=C233
Change Component Designator: Old Designator=C22.2PWR New Designator=C234
Change Component Designator: Old Designator=C23.2PWR New Designator=C235
Change Component Designator: Old Designator=C24.2PWR New Designator=C232
Change Component Designator: Old Designator=C25.2PWR New Designator=C222
Change Component Designator: Old Designator=C26.2PWR New Designator=C221
Change Component Designator: Old Designator=C35.2PWR New Designator=C217
Change Component Designator: Old Designator=C36.2PWR New Designator=C219
Change Component Designator: Old Designator=D1.2PWR New Designator=D12
Change Component Designator: Old Designator=D2.2PWR New Designator=D11
Change Component Designator: Old Designator=D3.2PWR New Designator=D13
Change Component Designator: Old Designator=L1.2PWR New Designator=L4
Change Component Designator: Old Designator=L2.2PWR New Designator=L5
Change Component Designator: Old Designator=L3.2PWR New Designator=L6
Change Component Designator: Old Designator=Q1.2PWR New Designator=Q12
Change Component Designator: Old Designator=Q2.2PWR New Designator=Q11
Change Component Designator: Old Designator=Q3.2PWR New Designator=Q13
Change Component Designator: Old Designator=Q4.2PWR New Designator=Q14
Change Component Designator: Old Designator=Q5.2PWR New Designator=Q15
Change Component Designator: Old Designator=R1.2PWR New Designator=R166
Change Component Designator: Old Designator=R2.2PWR New Designator=R167
Change Component Designator: Old Designator=R3.2PWR New Designator=R173
Change Component Designator: Old Designator=R4.2PWR New Designator=R172
Change Component Designator: Old Designator=R5.2PWR New Designator=R162
Change Component Designator: Old Designator=R6.2PWR New Designator=R163
Change Component Designator: Old Designator=R7.2PWR New Designator=R169
Change Component Designator: Old Designator=R8.2PWR New Designator=R171
Change Component Designator: Old Designator=R9.2PWR New Designator=R168
Change Component Designator: Old Designator=R10.2PWR New Designator=R170
Change Component Designator: Old Designator=R15.2PWR New Designator=R158
Change Component Designator: Old Designator=R17.2PWR New Designator=R174
Change Component Designator: Old Designator=R30.2PWR New Designator=R160
Change Component Designator: Old Designator=R31.2PWR New Designator=R161
Change Component Designator: Old Designator=R32.2PWR New Designator=R164
Change Component Designator: Old Designator=R33.2PWR New Designator=R165
Change Component Designator: Old Designator=R34.2PWR New Designator=R159
Change Component Designator: Old Designator=U1.2PWR New Designator=U34
Change Component Designator: Old Designator=Z1.2PWR New Designator=Z2
