Update Managed Component C37 From CMP-0300-002665-5[100n 50V 0603] To CMP-0300-002665-6[100n 10% 50V X7R] in [21] USB.SchDoc
Update Managed Component C38 From CMP-0300-002665-5[100n 50V 0603] To CMP-0300-002665-6[100n 10% 50V X7R] in [21] USB.SchDoc
Update Managed Component C39 From CMP-0300-002665-5[100n 50V 0603] To CMP-0300-002665-6[100n 10% 50V X7R] in [21] USB.SchDoc
Update Managed Component C40 From CMP-0300-002665-5[100n 50V 0603] To CMP-0300-002665-6[100n 10% 50V X7R] in [21] USB.SchDoc
Update Managed Component C42 From CMP-0300-002665-5[100n 50V 0603] To CMP-0300-002665-6[100n 10% 50V X7R] in [21] USB.SchDoc
Update Managed Component C43 From CMP-0300-002665-5[100n 50V 0603] To CMP-0300-002665-6[100n 10% 50V X7R] in [21] USB.SchDoc
Update Managed Component C44 From CMP-0300-002665-5[100n 50V 0603] To CMP-0300-002665-6[100n 10% 50V X7R] in [21] USB.SchDoc
Update Managed Component C47 From CMP-0300-002665-5[100n 50V 0603] To CMP-0300-002665-6[100n 10% 50V X7R] in [21] USB.SchDoc
Update Managed Component C49 From CMP-0300-002665-5[100n 50V 0603] To CMP-0300-002665-6[100n 10% 50V X7R] in [21] USB.SchDoc
Update Managed Component C50 From CMP-0300-002665-5[100n 50V 0603] To CMP-0300-002665-6[100n 10% 50V X7R] in [21] USB.SchDoc
Update Managed Component C51 From CMP-0300-002442-5[27p 50V 0603] To CMP-0300-002442-6[27p 10% 50V C0G] in [21] USB.SchDoc
Update Managed Component C52 From CMP-0300-002442-5[27p 50V 0603] To CMP-0300-002442-6[27p 10% 50V C0G] in [21] USB.SchDoc
Update Managed Component F5 From CMP-0600-000010-1[30.0 O  @  100.0MHz] To CMP-0600-000010-2[30.0 O  @  100.0MHz] in [21] USB.SchDoc
Update Managed Component F6 From CMP-0600-000010-1[30.0 O  @  100.0MHz] To CMP-0600-000010-2[30.0 O  @  100.0MHz] in [21] USB.SchDoc
Update Managed Component R20 From CMP-1800-002045-4[10K ±1% 0603] To CMP-1800-002045-5[10K 1% 0603] in [21] USB.SchDoc
Update Managed Component R21 From CMP-1800-002045-4[10K ±1% 0603] To CMP-1800-002045-5[10K 1% 0603] in [21] USB.SchDoc
Update Managed Component R22 From CMP-1800-002045-4[10K ±1% 0603] To CMP-1800-002045-5[10K 1% 0603] in [21] USB.SchDoc
Update Managed Component R23 From CMP-1800-002029-4[2K2 ±1% 0603] To CMP-1800-002029-5[2K2 1% 0603] in [21] USB.SchDoc
Update Managed Component R24 From CMP-1800-002045-4[10K ±1% 0603] To CMP-1800-002045-5[10K 1% 0603] in [21] USB.SchDoc
Update Managed Component R25 From CMP-1800-002047-4[12K ±1% 0603] To CMP-1800-002047-5[12K 1% 0603] in [21] USB.SchDoc
Update Managed Component R26 From CMP-1800-002045-4[10K ±1% 0603] To CMP-1800-002045-5[10K 1% 0603] in [21] USB.SchDoc
Update Managed Component R27 From CMP-1800-002045-4[10K ±1% 0603] To CMP-1800-002045-5[10K 1% 0603] in [21] USB.SchDoc
Update Managed Component R28 From CMP-1800-002010-4[330R ±1% 0603] To CMP-1800-002010-5[330R 1% 0603] in [21] USB.SchDoc
Update Managed Component R29 From CMP-1800-002010-4[330R ±1% 0603] To CMP-1800-002010-5[330R 1% 0603] in [21] USB.SchDoc
