Removed Parameter PartNumber:GRM155R71H221KA01 from Part C113
Removed Parameter PartNumber:GRM155R71H221KA01 from Part C114
Removed Parameter PartNumber:GRM155R71H221KA01 from Part C115
Removed Parameter PartNumber:GRM155R71H221KA01 from Part C116
Removed Parameter PartNumber:GRM155R71H221KA01 from Part C117
Removed Parameter PartNumber:GRM155R71H221KA01 from Part C118
Removed Parameter PartNumber:GRM155R71H221KA01 from Part C119
Removed Parameter PartNumber:GRM155R71H221KA01 from Part C120
Removed Parameter PartNumber:GRM155R71H221KA01 from Part C121
Removed Parameter PartNumber:GRM155R71H221KA01 from Part C122
Removed Parameter PartNumber:GRM155R71H221KA01 from Part C123
Removed Parameter PartNumber:GRM155R71H221KA01 from Part C124
Removed Parameter PartNumber:GRM155R71H221KA01 from Part C125
Removed Parameter PartNumber:GRM155R71H221KA01 from Part C126
Removed Parameter PartNumber:GRM155R71H221KA01 from Part C127
Removed Parameter PartNumber:GRM155R71H221KA01 from Part C128
Removed Parameter PartNumber:GRM155R71H221KA01 from Part C129
Removed Parameter PartNumber:GRM155R71H221KA01 from Part C130
Removed Parameter PartNumber:GRM155R71H221KA01 from Part C131
Removed Parameter PartNumber:GRM155R71H221KA01 from Part C132
Removed Parameter PartNumber:GRM155R71H221KA01 from Part C133
Removed Parameter PartNumber:GRM155R71H221KA01 from Part C134
Removed Parameter PartNumber:GRM155R71H221KA01 from Part C135
Removed Parameter PartNumber:GRM155R71H221KA01 from Part C136
Removed Parameter PartNumber:GRM155R71H221KA01 from Part C137
Removed Parameter PartNumber:GRM155R71H221KA01 from Part C147
Removed Parameter PartNumber:GRM155R71H221KA01 from Part C148
Removed Parameter PartNumber:GRM155R71H221KA01 from Part C149
Removed Parameter PartNumber:GRM155R71H221KA01 from Part C150
Removed Parameter PartNumber:GRM155R71H221KA01 from Part C151
Removed Parameter PartNumber:GRM155R71H221KA01 from Part C152
Removed Parameter PartNumber:GRM155R71H221KA01 from Part C153
Removed Parameter PartNumber:GRM155R71H221KA01 from Part C154
Removed Parameter PartNumber:GRM155R71H221KA01 from Part C157
Removed Parameter PartNumber:GRM155R71H333KE14 from Part C90
Removed Parameter PartNumber:GRM155R71H333KE14 from Part C91
Removed Parameter PartNumber:GRM155R71H333KE14 from Part C92
Removed Parameter PartNumber:GRM155R71H333KE14 from Part C93
Removed Parameter PartNumber:GRM155R71H333KE14 from Part C94
Removed Parameter PartNumber:GRM155R71H333KE14 from Part C95
Removed Parameter PartNumber:GRM155R71H333KE14 from Part C96
Removed Parameter PartNumber:GRM155R71H333KE14 from Part C97
Removed Parameter PartNumber:GRM155R71H333KE14 from Part C98
Removed Parameter PartNumber:GRM155R71H333KE14 from Part C99
Removed Parameter PartNumber:GRM155R71H333KE14 from Part C100
Removed Parameter PartNumber:GRM155R71H333KE14 from Part C101
Removed Parameter PartNumber:GRM155R71H333KE14 from Part C102
Removed Parameter PartNumber:GRM155R71H333KE14 from Part C103
Removed Parameter PartNumber:GRM155R71H333KE14 from Part C104
Removed Parameter PartNumber:GRM155R71H333KE14 from Part C105
Removed Parameter PartNumber:GRM155R71H333KE14 from Part C106
Removed Parameter PartNumber:GRM155R71H333KE14 from Part C107
Removed Parameter PartNumber:GRM155R71H333KE14 from Part C108
Removed Parameter PartNumber:GRM155R71H333KE14 from Part C109
Removed Parameter PartNumber:GRM155R71H333KE14 from Part C110
Removed Parameter PartNumber:GRM155R71H333KE14 from Part C111
Removed Parameter PartNumber:GRM155R71H333KE14 from Part C112
Removed Parameter PartNumber:GRM155R71H333KE14 from Part C139
Removed Parameter PartNumber:GRM155R71H333KE14 from Part C140
Removed Parameter PartNumber:GRM155R71H333KE14 from Part C141
Removed Parameter PartNumber:GRM155R71H333KE14 from Part C142
Removed Parameter PartNumber:GRM155R71H333KE14 from Part C143
Removed Parameter PartNumber:GRM155R71H333KE14 from Part C144
Removed Parameter PartNumber:GRM155R71H333KE14 from Part C145
Removed Parameter PartNumber:GRM155R71H333KE14 from Part C146
Removed Parameter PartNumber:GRM155R71H333KE14 from Part C156
Removed Parameter Rated Voltgae:50V from Part C90
Removed Parameter Rated Voltgae:50V from Part C91
Removed Parameter Rated Voltgae:50V from Part C92
Removed Parameter Rated Voltgae:50V from Part C93
Removed Parameter Rated Voltgae:50V from Part C94
Removed Parameter Rated Voltgae:50V from Part C95
Removed Parameter Rated Voltgae:50V from Part C96
Removed Parameter Rated Voltgae:50V from Part C97
Removed Parameter Rated Voltgae:50V from Part C98
Removed Parameter Rated Voltgae:50V from Part C99
Removed Parameter Rated Voltgae:50V from Part C100
Removed Parameter Rated Voltgae:50V from Part C101
Removed Parameter Rated Voltgae:50V from Part C102
Removed Parameter Rated Voltgae:50V from Part C103
Removed Parameter Rated Voltgae:50V from Part C104
Removed Parameter Rated Voltgae:50V from Part C105
Removed Parameter Rated Voltgae:50V from Part C106
Removed Parameter Rated Voltgae:50V from Part C107
Removed Parameter Rated Voltgae:50V from Part C108
Removed Parameter Rated Voltgae:50V from Part C109
Removed Parameter Rated Voltgae:50V from Part C110
Removed Parameter Rated Voltgae:50V from Part C111
Removed Parameter Rated Voltgae:50V from Part C112
Removed Parameter Rated Voltgae:50V from Part C113
Removed Parameter Rated Voltgae:50V from Part C114
Removed Parameter Rated Voltgae:50V from Part C115
Removed Parameter Rated Voltgae:50V from Part C116
Removed Parameter Rated Voltgae:50V from Part C117
Removed Parameter Rated Voltgae:50V from Part C118
Removed Parameter Rated Voltgae:50V from Part C119
Removed Parameter Rated Voltgae:50V from Part C120
Removed Parameter Rated Voltgae:50V from Part C121
Removed Parameter Rated Voltgae:50V from Part C122
Removed Parameter Rated Voltgae:50V from Part C123
Removed Parameter Rated Voltgae:50V from Part C124
Removed Parameter Rated Voltgae:50V from Part C125
Removed Parameter Rated Voltgae:50V from Part C126
Removed Parameter Rated Voltgae:50V from Part C127
Removed Parameter Rated Voltgae:50V from Part C128
Removed Parameter Rated Voltgae:50V from Part C129
Removed Parameter Rated Voltgae:50V from Part C130
Removed Parameter Rated Voltgae:50V from Part C131
Removed Parameter Rated Voltgae:50V from Part C132
Removed Parameter Rated Voltgae:50V from Part C133
Removed Parameter Rated Voltgae:50V from Part C134
Removed Parameter Rated Voltgae:50V from Part C135
Removed Parameter Rated Voltgae:50V from Part C136
Removed Parameter Rated Voltgae:50V from Part C137
Removed Parameter Rated Voltgae:50V from Part C139
Removed Parameter Rated Voltgae:50V from Part C140
Removed Parameter Rated Voltgae:50V from Part C141
Removed Parameter Rated Voltgae:50V from Part C142
Removed Parameter Rated Voltgae:50V from Part C143
Removed Parameter Rated Voltgae:50V from Part C144
Removed Parameter Rated Voltgae:50V from Part C145
Removed Parameter Rated Voltgae:50V from Part C146
Removed Parameter Rated Voltgae:50V from Part C147
Removed Parameter Rated Voltgae:50V from Part C148
Removed Parameter Rated Voltgae:50V from Part C149
Removed Parameter Rated Voltgae:50V from Part C150
Removed Parameter Rated Voltgae:50V from Part C151
Removed Parameter Rated Voltgae:50V from Part C152
Removed Parameter Rated Voltgae:50V from Part C153
Removed Parameter Rated Voltgae:50V from Part C154
Removed Parameter Rated Voltgae:50V from Part C156
Removed Parameter Rated Voltgae:50V from Part C157
Added Parameter Rated Voltage=50V to Part C90
Added Parameter Rated Voltage=50V to Part C91
Added Parameter Rated Voltage=50V to Part C92
Added Parameter Rated Voltage=50V to Part C93
Added Parameter Rated Voltage=50V to Part C94
Added Parameter Rated Voltage=50V to Part C95
Added Parameter Rated Voltage=50V to Part C96
Added Parameter Rated Voltage=50V to Part C97
Added Parameter Rated Voltage=50V to Part C98
Added Parameter Rated Voltage=50V to Part C99
Added Parameter Rated Voltage=50V to Part C100
Added Parameter Rated Voltage=50V to Part C101
Added Parameter Rated Voltage=50V to Part C102
Added Parameter Rated Voltage=50V to Part C103
Added Parameter Rated Voltage=50V to Part C104
Added Parameter Rated Voltage=50V to Part C105
Added Parameter Rated Voltage=50V to Part C106
Added Parameter Rated Voltage=50V to Part C107
Added Parameter Rated Voltage=50V to Part C108
Added Parameter Rated Voltage=50V to Part C109
Added Parameter Rated Voltage=50V to Part C110
Added Parameter Rated Voltage=50V to Part C111
Added Parameter Rated Voltage=50V to Part C112
Added Parameter Rated Voltage=50V to Part C113
Added Parameter Rated Voltage=50V to Part C114
Added Parameter Rated Voltage=50V to Part C115
Added Parameter Rated Voltage=50V to Part C116
Added Parameter Rated Voltage=50V to Part C117
Added Parameter Rated Voltage=50V to Part C118
Added Parameter Rated Voltage=50V to Part C119
Added Parameter Rated Voltage=50V to Part C120
Added Parameter Rated Voltage=50V to Part C121
Added Parameter Rated Voltage=50V to Part C122
Added Parameter Rated Voltage=50V to Part C123
Added Parameter Rated Voltage=50V to Part C124
Added Parameter Rated Voltage=50V to Part C125
Added Parameter Rated Voltage=50V to Part C126
Added Parameter Rated Voltage=50V to Part C127
Added Parameter Rated Voltage=50V to Part C128
Added Parameter Rated Voltage=50V to Part C129
Added Parameter Rated Voltage=50V to Part C130
Added Parameter Rated Voltage=50V to Part C131
Added Parameter Rated Voltage=50V to Part C132
Added Parameter Rated Voltage=50V to Part C133
Added Parameter Rated Voltage=50V to Part C134
Added Parameter Rated Voltage=50V to Part C135
Added Parameter Rated Voltage=50V to Part C136
Added Parameter Rated Voltage=50V to Part C137
Added Parameter Rated Voltage=50V to Part C139
Added Parameter Rated Voltage=50V to Part C140
Added Parameter Rated Voltage=50V to Part C141
Added Parameter Rated Voltage=50V to Part C142
Added Parameter Rated Voltage=50V to Part C143
Added Parameter Rated Voltage=50V to Part C144
Added Parameter Rated Voltage=50V to Part C145
Added Parameter Rated Voltage=50V to Part C146
Added Parameter Rated Voltage=50V to Part C147
Added Parameter Rated Voltage=50V to Part C148
Added Parameter Rated Voltage=50V to Part C149
Added Parameter Rated Voltage=50V to Part C150
Added Parameter Rated Voltage=50V to Part C151
Added Parameter Rated Voltage=50V to Part C152
Added Parameter Rated Voltage=50V to Part C153
Added Parameter Rated Voltage=50V to Part C154
Added Parameter Rated Voltage=50V to Part C156
Added Parameter Rated Voltage=50V to Part C157
Update Managed Component C90 From CMP-0300-002959-3[33n 50V 0402] To CMP-0300-002959-4[33n 50V 0402] in [4] ADC_DECOUPLING.SchDoc
Update Managed Component C91 From CMP-0300-002959-3[33n 50V 0402] To CMP-0300-002959-4[33n 50V 0402] in [4] ADC_DECOUPLING.SchDoc
Update Managed Component C92 From CMP-0300-002959-3[33n 50V 0402] To CMP-0300-002959-4[33n 50V 0402] in [4] ADC_DECOUPLING.SchDoc
Update Managed Component C93 From CMP-0300-002959-3[33n 50V 0402] To CMP-0300-002959-4[33n 50V 0402] in [4] ADC_DECOUPLING.SchDoc
Update Managed Component C94 From CMP-0300-002959-3[33n 50V 0402] To CMP-0300-002959-4[33n 50V 0402] in [4] ADC_DECOUPLING.SchDoc
Update Managed Component C95 From CMP-0300-002959-3[33n 50V 0402] To CMP-0300-002959-4[33n 50V 0402] in [4] ADC_DECOUPLING.SchDoc
Update Managed Component C96 From CMP-0300-002959-3[33n 50V 0402] To CMP-0300-002959-4[33n 50V 0402] in [4] ADC_DECOUPLING.SchDoc
Update Managed Component C97 From CMP-0300-002959-3[33n 50V 0402] To CMP-0300-002959-4[33n 50V 0402] in [4] ADC_DECOUPLING.SchDoc
Update Managed Component C98 From CMP-0300-002959-3[33n 50V 0402] To CMP-0300-002959-4[33n 50V 0402] in [4] ADC_DECOUPLING.SchDoc
Update Managed Component C99 From CMP-0300-002959-3[33n 50V 0402] To CMP-0300-002959-4[33n 50V 0402] in [4] ADC_DECOUPLING.SchDoc
Update Managed Component C100 From CMP-0300-002959-3[33n 50V 0402] To CMP-0300-002959-4[33n 50V 0402] in [4] ADC_DECOUPLING.SchDoc
Update Managed Component C101 From CMP-0300-002959-3[33n 50V 0402] To CMP-0300-002959-4[33n 50V 0402] in [4] ADC_DECOUPLING.SchDoc
Update Managed Component C102 From CMP-0300-002959-3[33n 50V 0402] To CMP-0300-002959-4[33n 50V 0402] in [4] ADC_DECOUPLING.SchDoc
Update Managed Component C103 From CMP-0300-002959-3[33n 50V 0402] To CMP-0300-002959-4[33n 50V 0402] in [4] ADC_DECOUPLING.SchDoc
Update Managed Component C104 From CMP-0300-002959-3[33n 50V 0402] To CMP-0300-002959-4[33n 50V 0402] in [4] ADC_DECOUPLING.SchDoc
Update Managed Component C105 From CMP-0300-002959-3[33n 50V 0402] To CMP-0300-002959-4[33n 50V 0402] in [4] ADC_DECOUPLING.SchDoc
Update Managed Component C106 From CMP-0300-002959-3[33n 50V 0402] To CMP-0300-002959-4[33n 50V 0402] in [4] ADC_DECOUPLING.SchDoc
Update Managed Component C107 From CMP-0300-002959-3[33n 50V 0402] To CMP-0300-002959-4[33n 50V 0402] in [4] ADC_DECOUPLING.SchDoc
Update Managed Component C108 From CMP-0300-002959-3[33n 50V 0402] To CMP-0300-002959-4[33n 50V 0402] in [4] ADC_DECOUPLING.SchDoc
Update Managed Component C109 From CMP-0300-002959-3[33n 50V 0402] To CMP-0300-002959-4[33n 50V 0402] in [4] ADC_DECOUPLING.SchDoc
Update Managed Component C110 From CMP-0300-002959-3[33n 50V 0402] To CMP-0300-002959-4[33n 50V 0402] in [4] ADC_DECOUPLING.SchDoc
Update Managed Component C111 From CMP-0300-002959-3[33n 50V 0402] To CMP-0300-002959-4[33n 50V 0402] in [4] ADC_DECOUPLING.SchDoc
Update Managed Component C112 From CMP-0300-002959-3[33n 50V 0402] To CMP-0300-002959-4[33n 50V 0402] in [4] ADC_DECOUPLING.SchDoc
Update Managed Component C113 From CMP-0300-002931-3[220p 50V 0402] To CMP-0300-002931-4[220p 50V 0402] in [4] ADC_DECOUPLING.SchDoc
Update Managed Component C114 From CMP-0300-002931-3[220p 50V 0402] To CMP-0300-002931-4[220p 50V 0402] in [4] ADC_DECOUPLING.SchDoc
Update Managed Component C115 From CMP-0300-002931-3[220p 50V 0402] To CMP-0300-002931-4[220p 50V 0402] in [4] ADC_DECOUPLING.SchDoc
Update Managed Component C116 From CMP-0300-002931-3[220p 50V 0402] To CMP-0300-002931-4[220p 50V 0402] in [4] ADC_DECOUPLING.SchDoc
Update Managed Component C117 From CMP-0300-002931-3[220p 50V 0402] To CMP-0300-002931-4[220p 50V 0402] in [4] ADC_DECOUPLING.SchDoc
Update Managed Component C118 From CMP-0300-002931-3[220p 50V 0402] To CMP-0300-002931-4[220p 50V 0402] in [4] ADC_DECOUPLING.SchDoc
Update Managed Component C119 From CMP-0300-002931-3[220p 50V 0402] To CMP-0300-002931-4[220p 50V 0402] in [4] ADC_DECOUPLING.SchDoc
Update Managed Component C120 From CMP-0300-002931-3[220p 50V 0402] To CMP-0300-002931-4[220p 50V 0402] in [4] ADC_DECOUPLING.SchDoc
Update Managed Component C121 From CMP-0300-002931-3[220p 50V 0402] To CMP-0300-002931-4[220p 50V 0402] in [4] ADC_DECOUPLING.SchDoc
Update Managed Component C122 From CMP-0300-002931-3[220p 50V 0402] To CMP-0300-002931-4[220p 50V 0402] in [4] ADC_DECOUPLING.SchDoc
Update Managed Component C123 From CMP-0300-002931-3[220p 50V 0402] To CMP-0300-002931-4[220p 50V 0402] in [4] ADC_DECOUPLING.SchDoc
Update Managed Component C124 From CMP-0300-002931-3[220p 50V 0402] To CMP-0300-002931-4[220p 50V 0402] in [4] ADC_DECOUPLING.SchDoc
Update Managed Component C125 From CMP-0300-002931-3[220p 50V 0402] To CMP-0300-002931-4[220p 50V 0402] in [4] ADC_DECOUPLING.SchDoc
Update Managed Component C126 From CMP-0300-002931-3[220p 50V 0402] To CMP-0300-002931-4[220p 50V 0402] in [4] ADC_DECOUPLING.SchDoc
Update Managed Component C127 From CMP-0300-002931-3[220p 50V 0402] To CMP-0300-002931-4[220p 50V 0402] in [4] ADC_DECOUPLING.SchDoc
Update Managed Component C128 From CMP-0300-002931-3[220p 50V 0402] To CMP-0300-002931-4[220p 50V 0402] in [4] ADC_DECOUPLING.SchDoc
Update Managed Component C129 From CMP-0300-002931-3[220p 50V 0402] To CMP-0300-002931-4[220p 50V 0402] in [4] ADC_DECOUPLING.SchDoc
Update Managed Component C130 From CMP-0300-002931-3[220p 50V 0402] To CMP-0300-002931-4[220p 50V 0402] in [4] ADC_DECOUPLING.SchDoc
Update Managed Component C131 From CMP-0300-002931-3[220p 50V 0402] To CMP-0300-002931-4[220p 50V 0402] in [4] ADC_DECOUPLING.SchDoc
Update Managed Component C132 From CMP-0300-002931-3[220p 50V 0402] To CMP-0300-002931-4[220p 50V 0402] in [4] ADC_DECOUPLING.SchDoc
Update Managed Component C133 From CMP-0300-002931-3[220p 50V 0402] To CMP-0300-002931-4[220p 50V 0402] in [4] ADC_DECOUPLING.SchDoc
Update Managed Component C134 From CMP-0300-002931-3[220p 50V 0402] To CMP-0300-002931-4[220p 50V 0402] in [4] ADC_DECOUPLING.SchDoc
Update Managed Component C135 From CMP-0300-002931-3[220p 50V 0402] To CMP-0300-002931-4[220p 50V 0402] in [4] ADC_DECOUPLING.SchDoc
Update Managed Component C136 From CMP-0300-002931-3[220p 50V 0402] To CMP-0300-002931-4[220p 50V 0402] in [4] ADC_DECOUPLING.SchDoc
Update Managed Component C137 From CMP-0300-002931-3[220p 50V 0402] To CMP-0300-002931-4[220p 50V 0402] in [4] ADC_DECOUPLING.SchDoc
Update Managed Component C139 From CMP-0300-002959-3[33n 50V 0402] To CMP-0300-002959-4[33n 50V 0402] in [4] ADC_DECOUPLING.SchDoc
Update Managed Component C140 From CMP-0300-002959-3[33n 50V 0402] To CMP-0300-002959-4[33n 50V 0402] in [4] ADC_DECOUPLING.SchDoc
Update Managed Component C141 From CMP-0300-002959-3[33n 50V 0402] To CMP-0300-002959-4[33n 50V 0402] in [4] ADC_DECOUPLING.SchDoc
Update Managed Component C142 From CMP-0300-002959-3[33n 50V 0402] To CMP-0300-002959-4[33n 50V 0402] in [4] ADC_DECOUPLING.SchDoc
Update Managed Component C143 From CMP-0300-002959-3[33n 50V 0402] To CMP-0300-002959-4[33n 50V 0402] in [4] ADC_DECOUPLING.SchDoc
Update Managed Component C144 From CMP-0300-002959-3[33n 50V 0402] To CMP-0300-002959-4[33n 50V 0402] in [4] ADC_DECOUPLING.SchDoc
Update Managed Component C145 From CMP-0300-002959-3[33n 50V 0402] To CMP-0300-002959-4[33n 50V 0402] in [4] ADC_DECOUPLING.SchDoc
Update Managed Component C146 From CMP-0300-002959-3[33n 50V 0402] To CMP-0300-002959-4[33n 50V 0402] in [4] ADC_DECOUPLING.SchDoc
Update Managed Component C147 From CMP-0300-002931-3[220p 50V 0402] To CMP-0300-002931-4[220p 50V 0402] in [4] ADC_DECOUPLING.SchDoc
Update Managed Component C148 From CMP-0300-002931-3[220p 50V 0402] To CMP-0300-002931-4[220p 50V 0402] in [4] ADC_DECOUPLING.SchDoc
Update Managed Component C149 From CMP-0300-002931-3[220p 50V 0402] To CMP-0300-002931-4[220p 50V 0402] in [4] ADC_DECOUPLING.SchDoc
Update Managed Component C150 From CMP-0300-002931-3[220p 50V 0402] To CMP-0300-002931-4[220p 50V 0402] in [4] ADC_DECOUPLING.SchDoc
Update Managed Component C151 From CMP-0300-002931-3[220p 50V 0402] To CMP-0300-002931-4[220p 50V 0402] in [4] ADC_DECOUPLING.SchDoc
Update Managed Component C152 From CMP-0300-002931-3[220p 50V 0402] To CMP-0300-002931-4[220p 50V 0402] in [4] ADC_DECOUPLING.SchDoc
Update Managed Component C153 From CMP-0300-002931-3[220p 50V 0402] To CMP-0300-002931-4[220p 50V 0402] in [4] ADC_DECOUPLING.SchDoc
Update Managed Component C154 From CMP-0300-002931-3[220p 50V 0402] To CMP-0300-002931-4[220p 50V 0402] in [4] ADC_DECOUPLING.SchDoc
Update Managed Component C156 From CMP-0300-002959-3[33n 50V 0402] To CMP-0300-002959-4[33n 50V 0402] in [4] ADC_DECOUPLING.SchDoc
Update Managed Component C157 From CMP-0300-002931-3[220p 50V 0402] To CMP-0300-002931-4[220p 50V 0402] in [4] ADC_DECOUPLING.SchDoc
